0001   0000             .include "kernel.exp"
0001+  0000             PROC_TEXT_ORG    .EQU  $0400
0002+  0000             sys_bkpt         .EQU  $0000
0003+  0000             sys_rtc          .EQU  $0001
0004+  0000             sys_IDE          .EQU  $0002
0005+  0000             sys_io           .EQU  $0003
0006+  0000             sys_fileio       .EQU  $0004
0007+  0000             sys_fork         .EQU  $0005
0008+  0000             sys_list         .EQU  $0006
0009+  0000             sys_datetime     .EQU  $0007
0010+  0000             sys_reboot       .EQU  $0008
0011+  0000             sys_pauseproc    .EQU  $0009
0012+  0000             sys_resumeproc   .EQU  $000a
0013+  0000             sys_terminate_proc .EQU  $000b
0014+  0000             sys_system       .EQU  $000c
0015+  0000             sys_boot_install .EQU  $000d
0002   0000             
0003   0400             .org PROC_TEXT_ORG			; origin at 1024
0004   0400             ;;;;;;;;;;;;;;;;;;;;;;;;;;;;;;;;;;;;;;;;;;;;;;;;;;;;;;;;;;;;;;;;;;;;;;;;;;;;;;;;;;
0005   0400             ;; CHMOD - change file permissions
0006   0400             ;; ex: chmod 7 <filename>
0007   0400             ;; 1 = exec, 2 = write, 4 = read
0008   0400             ;; we only have one digit in Sol-1 for now since we don't have users or groups
0009   0400             ;;;;;;;;;;;;;;;;;;;;;;;;;;;;;;;;;;;;;;;;;;;;;;;;;;;;;;;;;;;;;;;;;;;;;;;;;;;;;;;;;;
0010   0400             ; filename passed to the kernel in D
0011   0400             ; permission value in A
0012   0400             cmd_chmod:
0013   0400 10 00 00    	mov a, 0
0014   0403 42 45 06    	mov [prog], a			; move tokennizer pointer to the beginning of the arguments area (address 0)
0015   0406 07 A6 04    	call get_token				; read permission value
0016   0409 3B 49 06    	mov d, tokstr				; pointer to permission token string
0017   040C 07 65 09    	call strtoint				; integer in A
0018   040F 87 07       	and al, %00000111			; mask out garbage
0019   0411 2F          	mov bl, al					; save permission in bl
0020   0412 07 A6 04    	call get_token				; get filename. D already points to tokstr
0021   0415 19 0E       	mov al, 14
0022   0417 05 04       	syscall sys_fileio			; call kernel to set permission
0023   0419             
0024   0419 05 0B       	syscall sys_terminate_proc
0025   041B             
0026   041B             
0027   041B             .include "token.asm"
0001+  041B             TOKTYP_IDENTIFIER	.equ 0
0002+  041B             TOKTYP_KEYWORD		.equ 1
0003+  041B             TOKTYP_DELIMITER	.equ 2
0004+  041B             TOKTYP_STRING		.equ 3
0005+  041B             TOKTYP_CHAR			.equ 4
0006+  041B             TOKTYP_NUMERIC		.equ 5
0007+  041B             TOKTYP_END			.equ 6
0008+  041B             
0009+  041B             TOK_NULL			.equ 0
0010+  041B             TOK_FSLASH			.equ 1
0011+  041B             TOK_TIMES 			.equ 2
0012+  041B             TOK_PLUS 			.equ 3
0013+  041B             TOK_MINUS 			.equ 4
0014+  041B             TOK_DOT				.equ 5
0015+  041B             TOK_SEMI			.equ 6
0016+  041B             TOK_ANGLE			.equ 7
0017+  041B             TOK_TILDE			.equ 8
0018+  041B             TOK_EQUAL			.equ 9
0019+  041B             TOK_COLON			.equ 10
0020+  041B             TOK_COMMA			.equ 11
0021+  041B             
0022+  041B             TOK_END				.equ 20
0023+  041B             
0024+  041B             
0025+  041B             ;;;;;;;;;;;;;;;;;;;;;;;;;;;;;;;;;;;;;;;;;;;;;;;;;;;;;;;;;;;;;;;;;;;;;;;;;;;;;;;;;;
0026+  041B             ;; read a full command argment from shell input buffer
0027+  041B             ;; argument is written into tokstr
0028+  041B             ;;;;;;;;;;;;;;;;;;;;;;;;;;;;;;;;;;;;;;;;;;;;;;;;;;;;;;;;;;;;;;;;;;;;;;;;;;;;;;;;;;
0029+  041B             get_arg:
0030+  041B D7          	push a
0031+  041C E2          	push si
0032+  041D E3          	push di
0033+  041E 19 00       	mov al, 0
0034+  0420 3D 49 06    	mov [tokstr], al			; nullify tokstr string
0035+  0423 14 45 06    	mov a, [prog]
0036+  0426 4D          	mov si, a
0037+  0427 FD 4F 49 06 	mov di, tokstr
0038+  042B             get_arg_skip_spaces:
0039+  042B F6          	lodsb
0040+  042C 07 43 0B    	call isspace
0041+  042F C6 2B 04    	je get_arg_skip_spaces
0042+  0432             get_arg_L0:
0043+  0432 B9 3B       	cmp al, $3B				; check if is ';'
0044+  0434 C6 41 04    	je get_arg_end
0045+  0437 B9 00       	cmp al, 0
0046+  0439 C6 41 04    	je get_arg_end			; check if end of input
0047+  043C F7          	stosb
0048+  043D F6          	lodsb
0049+  043E 0A 32 04    	jmp get_arg_L0
0050+  0441             get_arg_end:
0051+  0441 19 00       	mov al, 0
0052+  0443 F7          	stosb
0053+  0444 D5 01 00    	sub si, 1
0054+  0447 4E          	mov a, si
0055+  0448 42 45 06    	mov [prog], a		; update pointer
0056+  044B F0          	pop di
0057+  044C EF          	pop si
0058+  044D E4          	pop a
0059+  044E 09          	ret
0060+  044F             
0061+  044F             ;;;;;;;;;;;;;;;;;;;;;;;;;;;;;;;;;;;;;;;;;;;;;;;;;;;;;;;;;;;;;;;;;;;;;;;;;;;;;;;;;;
0062+  044F             ;; read a path formation from shell input buffer
0063+  044F             ;; path is written into tokstr
0064+  044F             ;; /usr/bin
0065+  044F             ;;;;;;;;;;;;;;;;;;;;;;;;;;;;;;;;;;;;;;;;;;;;;;;;;;;;;;;;;;;;;;;;;;;;;;;;;;;;;;;;;;
0066+  044F             get_path:
0067+  044F D7          	push a
0068+  0450 E2          	push si
0069+  0451 E3          	push di
0070+  0452 19 00       	mov al, 0
0071+  0454 3D 49 06    	mov [tokstr], al			; nullify tokstr string
0072+  0457 14 45 06    	mov a, [prog]
0073+  045A 4D          	mov si, a
0074+  045B FD 4F 49 06 	mov di, tokstr
0075+  045F             get_path_skip_spaces:
0076+  045F F6          	lodsb
0077+  0460 07 43 0B    	call isspace
0078+  0463 C6 5F 04    	je get_path_skip_spaces
0079+  0466             get_path_is_pathchar:
0080+  0466 F7          	stosb
0081+  0467 F6          	lodsb
0082+  0468 07 CD 0A    	call isalnum			;check if is alphanumeric
0083+  046B C6 66 04    	je get_path_is_pathchar
0084+  046E B9 2F       	cmp al, '/'				; check if is '/'
0085+  0470 C6 66 04    	je get_path_is_pathchar
0086+  0473 19 00       	mov al, 0
0087+  0475 F7          	stosb
0088+  0476 D5 01 00    	sub si, 1
0089+  0479 4E          	mov a, si
0090+  047A 42 45 06    	mov [prog], a		; update pointer
0091+  047D             get_path_end:
0092+  047D F0          	pop di
0093+  047E EF          	pop si
0094+  047F E4          	pop a
0095+  0480 09          	ret
0096+  0481             
0097+  0481             ;;;;;;;;;;;;;;;;;;;;;;;;;;;;;;;;;;;;;;;;;;;;;;;;;;;;;;;;;;;;;;;;;;;;;;;;;;;;;;;;;;
0098+  0481             ;; read a line
0099+  0481             ;; line is written into tokstr
0100+  0481             ;;;;;;;;;;;;;;;;;;;;;;;;;;;;;;;;;;;;;;;;;;;;;;;;;;;;;;;;;;;;;;;;;;;;;;;;;;;;;;;;;;
0101+  0481             get_line:
0102+  0481 D7          	push a
0103+  0482 E2          	push si
0104+  0483 E3          	push di
0105+  0484 19 00       	mov al, 0
0106+  0486 3D 49 06    	mov [tokstr], al			; nullify tokstr string
0107+  0489 14 45 06    	mov a, [prog]
0108+  048C 4D          	mov si, a
0109+  048D FD 4F 49 06 	mov di, tokstr
0110+  0491             get_line_L0:
0111+  0491 F6          	lodsb
0112+  0492 B9 0A       	cmp al, $0A		; check for new line
0113+  0494 C6 9B 04    	je get_line_exit
0114+  0497 F7          	stosb
0115+  0498 0A 91 04    	jmp get_line_L0
0116+  049B             get_line_exit:
0117+  049B 19 00       	mov al, 0
0118+  049D F7          	stosb
0119+  049E 4E          	mov a, si
0120+  049F 42 45 06    	mov [prog], a		; update pointer
0121+  04A2 F0          	pop di
0122+  04A3 EF          	pop si
0123+  04A4 E4          	pop a
0124+  04A5 09          	ret
0125+  04A6             
0126+  04A6             ;;;;;;;;;;;;;;;;;;;;;;;;;;;;;;;;;;;;;;;;;;;;;;;;;;;;;;;;;;;;;;;;;;;;;;;;;;;;;;;;;;
0127+  04A6             ;; token parser
0128+  04A6             ;;;;;;;;;;;;;;;;;;;;;;;;;;;;;;;;;;;;;;;;;;;;;;;;;;;;;;;;;;;;;;;;;;;;;;;;;;;;;;;;;;
0129+  04A6             get_token:
0130+  04A6 D7          	push a
0131+  04A7 DA          	push d
0132+  04A8 E2          	push si
0133+  04A9 E3          	push di
0134+  04AA 19 00       	mov al, 0
0135+  04AC 3D 49 06    	mov [tokstr], al			; nullify tokstr string
0136+  04AF 19 00       	mov al, TOK_NULL
0137+  04B1 3D 48 06    	mov [tok], al				; nullify token
0138+  04B4 14 45 06    	mov a, [prog]
0139+  04B7 4D          	mov si, a
0140+  04B8 FD 4F 49 06 	mov di, tokstr
0141+  04BC             get_tok_skip_spaces:
0142+  04BC F6          	lodsb
0143+  04BD 07 43 0B    	call isspace
0144+  04C0 C6 BC 04    	je get_tok_skip_spaces
0145+  04C3 B9 00       	cmp al, 0			; check for end of input (NULL)
0146+  04C5 C6 AA 05    	je get_token_end
0147+  04C8 B9 23       	cmp al, '#'			; comments!
0148+  04CA C6 D8 05    	je get_tok_comment
0149+  04CD 07 CD 0A    	call isalnum
0150+  04D0 C6 B7 05    	jz is_alphanumeric
0151+  04D3             ; other token types
0152+  04D3             get_token_slash:
0153+  04D3 B9 2F       	cmp al, '/'				; check if '/'
0154+  04D5 C7 ED 04    	jne get_token_minus
0155+  04D8 F7          	stosb					; store '/' into token string
0156+  04D9 19 00       	mov al, 0
0157+  04DB F7          	stosb					; terminate token string
0158+  04DC 19 01       	mov al, TOK_FSLASH
0159+  04DE 3D 48 06    	mov [tok], al			
0160+  04E1 19 02       	mov al, TOKTYP_DELIMITER
0161+  04E3 3D 47 06    	mov [toktyp], al
0162+  04E6 4E          	mov a, si
0163+  04E7 42 45 06    	mov [prog], a		; update pointer
0164+  04EA 0A D3 05    	jmp get_token_return
0165+  04ED             get_token_minus:
0166+  04ED B9 2D       	cmp al, '-'				; check if '-'
0167+  04EF C7 07 05    	jne get_token_comma
0168+  04F2 F7          	stosb					; store '-' into token string
0169+  04F3 19 00       	mov al, 0
0170+  04F5 F7          	stosb					; terminate token string
0171+  04F6 19 04       	mov al, TOK_MINUS
0172+  04F8 3D 48 06    	mov [tok], al			
0173+  04FB 19 02       	mov al, TOKTYP_DELIMITER
0174+  04FD 3D 47 06    	mov [toktyp], al
0175+  0500 4E          	mov a, si
0176+  0501 42 45 06    	mov [prog], a		; update pointer
0177+  0504 0A D3 05    	jmp get_token_return
0178+  0507             get_token_comma:
0179+  0507 B9 2C       	cmp al, ','				; check if ','
0180+  0509 C7 21 05    	jne get_token_semi
0181+  050C F7          	stosb					; store ',' into token string
0182+  050D 19 00       	mov al, 0
0183+  050F F7          	stosb					; terminate token string
0184+  0510 19 0B       	mov al, TOK_COMMA
0185+  0512 3D 48 06    	mov [tok], al			
0186+  0515 19 02       	mov al, TOKTYP_DELIMITER
0187+  0517 3D 47 06    	mov [toktyp], al
0188+  051A 4E          	mov a, si
0189+  051B 42 45 06    	mov [prog], a		; update pointer
0190+  051E 0A D3 05    	jmp get_token_return
0191+  0521             get_token_semi:
0192+  0521 B9 3B       	cmp al, $3B				; check if ';'
0193+  0523 C7 3B 05    	jne get_token_colon
0194+  0526 F7          	stosb					; store ';' into token string
0195+  0527 19 00       	mov al, 0
0196+  0529 F7          	stosb					; terminate token string
0197+  052A 19 06       	mov al, TOK_SEMI
0198+  052C 3D 48 06    	mov [tok], al			
0199+  052F 19 02       	mov al, TOKTYP_DELIMITER
0200+  0531 3D 47 06    	mov [toktyp], al
0201+  0534 4E          	mov a, si
0202+  0535 42 45 06    	mov [prog], a		; update pointer
0203+  0538 0A D3 05    	jmp get_token_return
0204+  053B             get_token_colon:
0205+  053B B9 3A       	cmp al, $3A				; check if ':'
0206+  053D C7 55 05    	jne get_token_angle
0207+  0540 F7          	stosb					; store ':' into token string
0208+  0541 19 00       	mov al, 0
0209+  0543 F7          	stosb					; terminate token string
0210+  0544 19 0A       	mov al, TOK_COLON
0211+  0546 3D 48 06    	mov [tok], al			
0212+  0549 19 02       	mov al, TOKTYP_DELIMITER
0213+  054B 3D 47 06    	mov [toktyp], al
0214+  054E 4E          	mov a, si
0215+  054F 42 45 06    	mov [prog], a		; update pointer
0216+  0552 0A D3 05    	jmp get_token_return
0217+  0555             get_token_angle:
0218+  0555 B9 3E       	cmp al, $3E				; check if '>'
0219+  0557 C7 6F 05    	jne get_token_tilde
0220+  055A F7          	stosb					; store '>' into token string
0221+  055B 19 00       	mov al, 0
0222+  055D F7          	stosb					; terminate token string
0223+  055E 19 07       	mov al, TOK_ANGLE
0224+  0560 3D 48 06    	mov [tok], al			
0225+  0563 19 02       	mov al, TOKTYP_DELIMITER
0226+  0565 3D 47 06    	mov [toktyp], al
0227+  0568 4E          	mov a, si
0228+  0569 42 45 06    	mov [prog], a		; update pointer
0229+  056C 0A D3 05    	jmp get_token_return
0230+  056F             get_token_tilde:
0231+  056F B9 7E       	cmp al, '~'				; check if '~'
0232+  0571 C7 89 05    	jne get_token_equal
0233+  0574 F7          	stosb					; store '~' into token string
0234+  0575 19 00       	mov al, 0
0235+  0577 F7          	stosb					; terminate token string
0236+  0578 19 08       	mov al, TOK_TILDE
0237+  057A 3D 48 06    	mov [tok], al			
0238+  057D 19 02       	mov al, TOKTYP_DELIMITER
0239+  057F 3D 47 06    	mov [toktyp], al
0240+  0582 4E          	mov a, si
0241+  0583 42 45 06    	mov [prog], a		; update pointer
0242+  0586 0A D3 05    	jmp get_token_return
0243+  0589             get_token_equal:
0244+  0589 B9 3D       	cmp al, '='				; check if '='
0245+  058B C7 A3 05    	jne get_token_skip
0246+  058E F7          	stosb					; store '=' into token string
0247+  058F 19 00       	mov al, 0
0248+  0591 F7          	stosb					; terminate token string
0249+  0592 19 09       	mov al, TOK_EQUAL
0250+  0594 3D 48 06    	mov [tok], al			
0251+  0597 19 02       	mov al, TOKTYP_DELIMITER
0252+  0599 3D 47 06    	mov [toktyp], al
0253+  059C 4E          	mov a, si
0254+  059D 42 45 06    	mov [prog], a		; update pointer
0255+  05A0 0A D3 05    	jmp get_token_return
0256+  05A3             get_token_skip:
0257+  05A3 4E          	mov a, si
0258+  05A4 42 45 06    	mov [prog], a		; update pointer
0259+  05A7 0A D3 05    	jmp get_token_return
0260+  05AA             get_token_end:				; end of file token
0261+  05AA 19 14       	mov al, TOK_END
0262+  05AC 3D 48 06    	mov [tok], al
0263+  05AF 19 06       	mov al, TOKTYP_END
0264+  05B1 3D 47 06    	mov [toktyp], al
0265+  05B4 0A D3 05    	jmp get_token_return
0266+  05B7             is_alphanumeric:
0267+  05B7 F7          	stosb
0268+  05B8 F6          	lodsb
0269+  05B9 07 CD 0A    	call isalnum			;check if is alphanumeric
0270+  05BC C6 B7 05    	jz is_alphanumeric
0271+  05BF B9 2E       	cmp al, $2E				; check if is '.'
0272+  05C1 C6 B7 05    	je is_alphanumeric
0273+  05C4 19 00       	mov al, 0
0274+  05C6 F7          	stosb
0275+  05C7 19 00       	mov al, TOKTYP_IDENTIFIER
0276+  05C9 3D 47 06    	mov [toktyp], al
0277+  05CC D5 01 00    	sub si, 1
0278+  05CF 4E          	mov a, si
0279+  05D0 42 45 06    	mov [prog], a		; update pointer
0280+  05D3             get_token_return:
0281+  05D3 F0          	pop di
0282+  05D4 EF          	pop si
0283+  05D5 E7          	pop d
0284+  05D6 E4          	pop a
0285+  05D7 09          	ret
0286+  05D8             get_tok_comment:
0287+  05D8 F6          	lodsb
0288+  05D9 B9 0A       	cmp al, $0A			; new line
0289+  05DB C7 D8 05    	jne get_tok_comment
0290+  05DE 0A BC 04    	jmp get_tok_skip_spaces
0291+  05E1             
0292+  05E1             
0293+  05E1             get_number:
0294+  05E1 D7          	push a
0295+  05E2 DA          	push d
0296+  05E3 E2          	push si
0297+  05E4 E3          	push di
0298+  05E5 19 00       	mov al, 0
0299+  05E7 3D 49 06    	mov [tokstr], al			; nullify tokstr string
0300+  05EA 19 00       	mov al, TOK_NULL
0301+  05EC 3D 48 06    	mov [tok], al				; nullify token
0302+  05EF 14 45 06    	mov a, [prog]
0303+  05F2 4D          	mov si, a
0304+  05F3 FD 4F 49 06 	mov di, tokstr
0305+  05F7             get_number_skip_spaces:
0306+  05F7 F6          	lodsb
0307+  05F8 07 43 0B    	call isspace
0308+  05FB C6 F7 05    	je get_number_skip_spaces
0309+  05FE B9 00       	cmp al, 0			; check for end of input (NULL)
0310+  0600 C7 10 06    	jne get_number_L0
0311+  0603 19 14       	mov al, TOK_END
0312+  0605 3D 48 06    	mov [tok], al
0313+  0608 19 06       	mov al, TOKTYP_END
0314+  060A 3D 47 06    	mov [toktyp], al
0315+  060D 0A 27 06    	jmp get_number_return
0316+  0610             get_number_L0:
0317+  0610 F7          	stosb
0318+  0611 F6          	lodsb
0319+  0612 07 D7 0A    	call isdigit			;check if is numeric
0320+  0615 C6 10 06    	jz get_number_L0
0321+  0618 19 00       	mov al, 0
0322+  061A F7          	stosb
0323+  061B 19 05       	mov al, TOKTYP_NUMERIC
0324+  061D 3D 47 06    	mov [toktyp], al
0325+  0620 D5 01 00    	sub si, 1
0326+  0623 4E          	mov a, si
0327+  0624 42 45 06    	mov [prog], a		; update pointer
0328+  0627             get_number_return:
0329+  0627 F0          	pop di
0330+  0628 EF          	pop si
0331+  0629 E7          	pop d
0332+  062A E4          	pop a
0333+  062B 09          	ret
0334+  062C             
0335+  062C             ;;;;;;;;;;;;;;;;;;;;;;;;;;;;;;;;;;;;;;;;;;;;;;;;;;;;;;;;;;;;;;;;;;;;;;;;;;;;;;;;;;
0336+  062C             ;; PUT BACK TOKEN
0337+  062C             ;;;;;;;;;;;;;;;;;;;;;;;;;;;;;;;;;;;;;;;;;;;;;;;;;;;;;;;;;;;;;;;;;;;;;;;;;;;;;;;;;;	
0338+  062C             putback:
0339+  062C D7          	push a
0340+  062D E2          	push si
0341+  062E FD 4D 49 06 	mov si, tokstr	
0342+  0632             putback_loop:
0343+  0632 F6          	lodsb
0344+  0633 B9 00       	cmp al, 0
0345+  0635 C6 42 06    	je putback_end
0346+  0638 14 45 06    	mov a, [prog]
0347+  063B 7D          	dec a
0348+  063C 42 45 06    	mov [prog], a			; update pointer
0349+  063F 0A 32 06    	jmp putback_loop
0350+  0642             putback_end:
0351+  0642 EF          	pop si
0352+  0643 E4          	pop a
0353+  0644 09          	ret
0354+  0645             
0355+  0645             
0356+  0645             
0357+  0645             
0358+  0645 00 00       prog:		.dw 0			; pointer to current position in buffer
0359+  0647             
0360+  0647 00          toktyp: 	.db 0			; token type symbol
0361+  0648 00          tok:		.db 0			; current token symbol
0362+  0649 00 00 00 00 tokstr:		.fill 256, 0	; token as a string
0362+  064D 00 00 00 00 
0362+  0651 00 00 00 00 
0362+  0655 00 00 00 00 
0362+  0659 00 00 00 00 
0362+  065D 00 00 00 00 
0362+  0661 00 00 00 00 
0362+  0665 00 00 00 00 
0362+  0669 00 00 00 00 
0362+  066D 00 00 00 00 
0362+  0671 00 00 00 00 
0362+  0675 00 00 00 00 
0362+  0679 00 00 00 00 
0362+  067D 00 00 00 00 
0362+  0681 00 00 00 00 
0362+  0685 00 00 00 00 
0362+  0689 00 00 00 00 
0362+  068D 00 00 00 00 
0362+  0691 00 00 00 00 
0362+  0695 00 00 00 00 
0362+  0699 00 00 00 00 
0362+  069D 00 00 00 00 
0362+  06A1 00 00 00 00 
0362+  06A5 00 00 00 00 
0362+  06A9 00 00 00 00 
0362+  06AD 00 00 00 00 
0362+  06B1 00 00 00 00 
0362+  06B5 00 00 00 00 
0362+  06B9 00 00 00 00 
0362+  06BD 00 00 00 00 
0362+  06C1 00 00 00 00 
0362+  06C5 00 00 00 00 
0362+  06C9 00 00 00 00 
0362+  06CD 00 00 00 00 
0362+  06D1 00 00 00 00 
0362+  06D5 00 00 00 00 
0362+  06D9 00 00 00 00 
0362+  06DD 00 00 00 00 
0362+  06E1 00 00 00 00 
0362+  06E5 00 00 00 00 
0362+  06E9 00 00 00 00 
0362+  06ED 00 00 00 00 
0362+  06F1 00 00 00 00 
0362+  06F5 00 00 00 00 
0362+  06F9 00 00 00 00 
0362+  06FD 00 00 00 00 
0362+  0701 00 00 00 00 
0362+  0705 00 00 00 00 
0362+  0709 00 00 00 00 
0362+  070D 00 00 00 00 
0362+  0711 00 00 00 00 
0362+  0715 00 00 00 00 
0362+  0719 00 00 00 00 
0362+  071D 00 00 00 00 
0362+  0721 00 00 00 00 
0362+  0725 00 00 00 00 
0362+  0729 00 00 00 00 
0362+  072D 00 00 00 00 
0362+  0731 00 00 00 00 
0362+  0735 00 00 00 00 
0362+  0739 00 00 00 00 
0362+  073D 00 00 00 00 
0362+  0741 00 00 00 00 
0362+  0745 00 00 00 00 
0028   0749             .include "stdio.asm"
0001+  0749             ;;;;;;;;;;;;;;;;;;;;;;;;;;;;;;;;;;;;;;;;;;;;;;;;;;;;;;;;;;;;;;;;;;;;;;;;;;;;;;;;;;;;;;;;;;;;;;;;;;;;;;;;;;;;;;;;;;
0002+  0749             ; stdio.s
0003+  0749             ;;;;;;;;;;;;;;;;;;;;;;;;;;;;;;;;;;;;;;;;;;;;;;;;;;;;;;;;;;;;;;;;;;;;;;;;;;;;;;;;;;;;;;;;;;;;;;;;;;;;;;;;;;;;;;;;;;
0004+  0749             .include "string.asm"
0001++ 0749             ;;;;;;;;;;;;;;;;;;;;;;;;;;;;;;;;;;;;;;;;;;;;;;;;;;;;;;;;;;;;;;;;;;;;;;;;;;;;;;;;;;;;;;;;;;;;;;;;;;;;;;;;;;;;;;;;;;
0002++ 0749             ; string.s
0003++ 0749             ;;;;;;;;;;;;;;;;;;;;;;;;;;;;;;;;;;;;;;;;;;;;;;;;;;;;;;;;;;;;;;;;;;;;;;;;;;;;;;;;;;;;;;;;;;;;;;;;;;;;;;;;;;;;;;;;;;
0004++ 0749             
0005++ 0749             
0006++ 0749             ;;;;;;;;;;;;;;;;;;;;;;;;;;;;;;;;;;;;;;;;;;;;;;;;;;;;;;;;;;;;;;;;;;;;;;;;;;;;;;;;;;;;;;;;;;;;;;;;;;;;;;;;;;;;;;;;;;
0007++ 0749             ; strrev
0008++ 0749             ; reverse a string
0009++ 0749             ; D = string address
0010++ 0749             ;;;;;;;;;;;;;;;;;;;;;;;;;;;;;;;;;;;;;;;;;;;;;;;;;;;;;;;;;;;;;;;;;;;;;;;;;;;;;;;;;;;;;;;;;;;;;;;;;;;;;;;;;;;;;;;;;;
0011++ 0749             ; 01234
0012++ 0749             strrev:
0013++ 0749 4B          	pusha
0014++ 074A 07 90 07    	call strlen	; length in C
0015++ 074D 12          	mov a, c
0016++ 074E AF 01 00    	cmp a, 1
0017++ 0751 D0 6B 07    	jleu strrev_end	; check string length. string len must be > 1
0018++ 0754 7D          	dec a
0019++ 0755 FD 4E       	mov si, d	; beginning of string
0020++ 0757 FD 50       	mov di, d	; beginning of string (for destinations)
0021++ 0759 59          	add d, a	; end of string
0022++ 075A 12          	mov a, c
0023++ 075B FD 9B       	shr a		; divide by 2
0024++ 075D 39          	mov c, a	; C now counts the steps
0025++ 075E             strrev_L0:
0026++ 075E 32          	mov bl, [d]	; save load right-side char into BL
0027++ 075F F6          	lodsb		; load left-side char into AL; increase SI
0028++ 0760 3E          	mov [d], al	; store left char into right side
0029++ 0761 1B          	mov al, bl
0030++ 0762 F7          	stosb		; store right-side char into left-side; increase DI
0031++ 0763 7E          	dec c
0032++ 0764 7F          	dec d
0033++ 0765 C2 00 00    	cmp c, 0
0034++ 0768 C7 5E 07    	jne strrev_L0
0035++ 076B             strrev_end:
0036++ 076B 4C          	popa
0037++ 076C 09          	ret
0038++ 076D             	
0039++ 076D             ;;;;;;;;;;;;;;;;;;;;;;;;;;;;;;;;;;;;;;;;;;;;;;;;;;;;;;;;;;;;;;;;;;;;;;;;;;;;;;;;;;;;;;;;;;;;;;;;;;;;;;;;;;;;;;;;;;
0040++ 076D             ; strchr
0041++ 076D             ; search string in D for char in AL
0042++ 076D             ;;;;;;;;;;;;;;;;;;;;;;;;;;;;;;;;;;;;;;;;;;;;;;;;;;;;;;;;;;;;;;;;;;;;;;;;;;;;;;;;;;;;;;;;;;;;;;;;;;;;;;;;;;;;;;;;;;
0043++ 076D             strchr:
0044++ 076D             strchr_L0:
0045++ 076D 32          	mov bl, [d]
0046++ 076E C1 00       	cmp bl, 0
0047++ 0770 C6 7B 07    	je strchr_end
0048++ 0773 BA          	cmp al, bl
0049++ 0774 C6 7B 07    	je strchr_end
0050++ 0777 79          	inc d
0051++ 0778 0A 6D 07    	jmp strchr_L0
0052++ 077B             strchr_end:
0053++ 077B 1B          	mov al, bl
0054++ 077C 09          	ret
0055++ 077D             
0056++ 077D             ;;;;;;;;;;;;;;;;;;;;;;;;;;;;;;;;;;;;;;;;;;;;;;;;;;;;;;;;;;;;;;;;;;;;;;;;;;;;;;;;;;;;;;;;;;;;;;;;;;;;;;;;;;;;;;;;;;
0057++ 077D             ; strstr
0058++ 077D             ; find sub-string
0059++ 077D             ; str1 in SI
0060++ 077D             ; str2 in DI
0061++ 077D             ; SI points to end of source string
0062++ 077D             ;;;;;;;;;;;;;;;;;;;;;;;;;;;;;;;;;;;;;;;;;;;;;;;;;;;;;;;;;;;;;;;;;;;;;;;;;;;;;;;;;;;;;;;;;;;;;;;;;;;;;;;;;;;;;;;;;;
0063++ 077D             strstr:
0064++ 077D DB          	push al
0065++ 077E DA          	push d
0066++ 077F E3          	push di
0067++ 0780             strstr_loop:
0068++ 0780 F3          	cmpsb					; compare a byte of the strings
0069++ 0781 C7 8C 07    	jne strstr_ret
0070++ 0784 FC 00 00    	lea d, [di + 0]
0071++ 0787 BD 00       	cmp byte[d], 0				; check if at end of string (null)
0072++ 0789 C7 80 07    	jne strstr_loop				; equal chars but not at end
0073++ 078C             strstr_ret:
0074++ 078C F0          	pop di
0075++ 078D E7          	pop d
0076++ 078E E8          	pop al
0077++ 078F 09          	ret
0078++ 0790             ;;;;;;;;;;;;;;;;;;;;;;;;;;;;;;;;;;;;;;;;;;;;;;;;;;;;;;;;;;;;;;;;;;;;;;;;;;;;;;;;;;;;;;;
0079++ 0790             ; length of null terminated string
0080++ 0790             ; result in C
0081++ 0790             ; pointer in D
0082++ 0790             ;;;;;;;;;;;;;;;;;;;;;;;;;;;;;;;;;;;;;;;;;;;;;;;;;;;;;;;;;;;;;;;;;;;;;;;;;;;;;;;;;;;;;;;
0083++ 0790             strlen:
0084++ 0790 DA          	push d
0085++ 0791 38 00 00    	mov c, 0
0086++ 0794             strlen_L1:
0087++ 0794 BD 00       	cmp byte [d], 0
0088++ 0796 C6 9E 07    	je strlen_ret
0089++ 0799 79          	inc d
0090++ 079A 78          	inc c
0091++ 079B 0A 94 07    	jmp strlen_L1
0092++ 079E             strlen_ret:
0093++ 079E E7          	pop d
0094++ 079F 09          	ret
0095++ 07A0             
0096++ 07A0             ;;;;;;;;;;;;;;;;;;;;;;;;;;;;;;;;;;;;;;;;;;;;;;;;;;;;;;;;;;;;;;;;;;;;;;;;;;;;;;;;;;;;;;;;;;;;;;;;;;;;;;;;;;;;;;;;;;
0097++ 07A0             ; STRCMP
0098++ 07A0             ; compare two strings
0099++ 07A0             ; str1 in SI
0100++ 07A0             ; str2 in DI
0101++ 07A0             ; CREATE A STRING COMPAIRON INSTRUCION ?????
0102++ 07A0             ;;;;;;;;;;;;;;;;;;;;;;;;;;;;;;;;;;;;;;;;;;;;;;;;;;;;;;;;;;;;;;;;;;;;;;;;;;;;;;;;;;;;;;;;;;;;;;;;;;;;;;;;;;;;;;;;;;
0103++ 07A0             strcmp:
0104++ 07A0 DB          	push al
0105++ 07A1 DA          	push d
0106++ 07A2 E3          	push di
0107++ 07A3 E2          	push si
0108++ 07A4             strcmp_loop:
0109++ 07A4 F3          	cmpsb					; compare a byte of the strings
0110++ 07A5 C7 B0 07    	jne strcmp_ret
0111++ 07A8 FB FF FF    	lea d, [si +- 1]
0112++ 07AB BD 00       	cmp byte[d], 0				; check if at end of string (null)
0113++ 07AD C7 A4 07    	jne strcmp_loop				; equal chars but not at end
0114++ 07B0             strcmp_ret:
0115++ 07B0 EF          	pop si
0116++ 07B1 F0          	pop di
0117++ 07B2 E7          	pop d
0118++ 07B3 E8          	pop al
0119++ 07B4 09          	ret
0120++ 07B5             
0121++ 07B5             
0122++ 07B5             ; STRCPY
0123++ 07B5             ; copy null terminated string from SI to DI
0124++ 07B5             ; source in SI
0125++ 07B5             ; destination in DI
0126++ 07B5             strcpy:
0127++ 07B5 E2          	push si
0128++ 07B6 E3          	push di
0129++ 07B7 DB          	push al
0130++ 07B8             strcpy_L1:
0131++ 07B8 F6          	lodsb
0132++ 07B9 F7          	stosb
0133++ 07BA B9 00       	cmp al, 0
0134++ 07BC C7 B8 07    	jne strcpy_L1
0135++ 07BF             strcpy_end:
0136++ 07BF E8          	pop al
0137++ 07C0 F0          	pop di
0138++ 07C1 EF          	pop si
0139++ 07C2 09          	ret
0140++ 07C3             
0141++ 07C3             ; STRCAT
0142++ 07C3             ; concatenate a NULL terminated string into string at DI, from string at SI
0143++ 07C3             ; source in SI
0144++ 07C3             ; destination in DI
0145++ 07C3             strcat:
0146++ 07C3 E2          	push si
0147++ 07C4 E3          	push di
0148++ 07C5 D7          	push a
0149++ 07C6 DA          	push d
0150++ 07C7 50          	mov a, di
0151++ 07C8 3C          	mov d, a
0152++ 07C9             strcat_goto_end_L1:
0153++ 07C9 BD 00       	cmp byte[d], 0
0154++ 07CB C6 D2 07    	je strcat_start
0155++ 07CE 79          	inc d
0156++ 07CF 0A C9 07    	jmp strcat_goto_end_L1
0157++ 07D2             strcat_start:
0158++ 07D2 FD 50       	mov di, d
0159++ 07D4             strcat_L1:
0160++ 07D4 F6          	lodsb
0161++ 07D5 F7          	stosb
0162++ 07D6 B9 00       	cmp al, 0
0163++ 07D8 C7 D4 07    	jne strcat_L1
0164++ 07DB             strcat_end:
0165++ 07DB E7          	pop d
0166++ 07DC E4          	pop a
0167++ 07DD F0          	pop di
0168++ 07DE EF          	pop si
0169++ 07DF 09          	ret
0005+  07E0             
0006+  07E0 30 31 32 33 s_hex_digits:	.db "0123456789ABCDEF"	
0006+  07E4 34 35 36 37 
0006+  07E8 38 39 41 42 
0006+  07EC 43 44 45 46 
0007+  07F0 1B 5B 32 4A s_telnet_clear:	.db 27, "[2J", 27, "[H", 0
0007+  07F4 1B 5B 48 00 
0008+  07F8             
0009+  07F8 01 00       table_power:.dw 1
0010+  07FA 0A 00       			.dw 10
0011+  07FC 64 00       			.dw 100
0012+  07FE E8 03       			.dw 1000
0013+  0800 10 27       			.dw 10000
0014+  0802             
0015+  0802             ;;;;;;;;;;;;;;;;;;;;;;;;;;;;;;;;;;;;;;;;;;;;;;;;;;;;;;;;;;;;;;;;;;;;;;;;;;;;;;;;;;;;;;;;;;;;;;;;;;;;;;;;;;;;;;;;;;
0016+  0802             ; CONVERT ASCII 'O'..'F' TO INTEGER 0..15
0017+  0802             ; ASCII in BL
0018+  0802             ; result in AL
0019+  0802             ; ascii for F = 0100 0110
0020+  0802             ; ascii for 9 = 0011 1001
0021+  0802             ;;;;;;;;;;;;;;;;;;;;;;;;;;;;;;;;;;;;;;;;;;;;;;;;;;;;;;;;;;;;;;;;;;;;;;;;;;;;;;;;;;;;;;;;;;;;;;;;;;;;;;;;;;;;;;;;;;
0022+  0802             hex_ascii_encode:
0023+  0802 1B          	mov al, bl
0024+  0803 93 40       	test al, $40				; test if letter or number
0025+  0805 C7 0B 08    	jnz hex_letter
0026+  0808 87 0F       	and al, $0F				; get number
0027+  080A 09          	ret
0028+  080B             hex_letter:
0029+  080B 87 0F       	and al, $0F				; get letter
0030+  080D 6A 09       	add al, 9
0031+  080F 09          	ret
0032+  0810             
0033+  0810             ;;;;;;;;;;;;;;;;;;;;;;;;;;;;;;;;;;;;;;;;;;;;;;;;;;;;;;;;;;;;;;;;;;;;;;;;;;;;;;;;;;;;;;;;;;;;;;;;;;;;;;;;;;;;;;;;;;
0034+  0810             ; ATOI
0035+  0810             ; 2 letter hex string in B
0036+  0810             ; 8bit integer returned in AL
0037+  0810             ;;;;;;;;;;;;;;;;;;;;;;;;;;;;;;;;;;;;;;;;;;;;;;;;;;;;;;;;;;;;;;;;;;;;;;;;;;;;;;;;;;;;;;;;;;;;;;;;;;;;;;;;;;;;;;;;;;
0038+  0810             atoi:
0039+  0810 D8          	push b
0040+  0811 07 02 08    	call hex_ascii_encode			; convert BL to 4bit code in AL
0041+  0814 30          	mov bl, bh
0042+  0815 DB          	push al					; save a
0043+  0816 07 02 08    	call hex_ascii_encode
0044+  0819 EA          	pop bl	
0045+  081A FD 9E 04    	shl al, 4
0046+  081D 8C          	or al, bl
0047+  081E E5          	pop b
0048+  081F 09          	ret	
0049+  0820             
0050+  0820             
0051+  0820             ;;;;;;;;;;;;;;;;;;;;;;;;;;;;;;;;;;;;;;;;;;;;;;;;;;;;;;;;;;;;;;;;;;;;;;;;;;;;;;;;;;;;;;;;;;;;;;;;;;;;;;;;;;;;;;;;;;
0052+  0820             ; printf
0053+  0820             ; no need for explanations!
0054+  0820             ;;;;;;;;;;;;;;;;;;;;;;;;;;;;;;;;;;;;;;;;;;;;;;;;;;;;;;;;;;;;;;;;;;;;;;;;;;;;;;;;;;;;;;;;;;;;;;;;;;;;;;;;;;;;;;;;;;
0055+  0820             printf:
0056+  0820 09          	ret
0057+  0821             
0058+  0821             
0059+  0821             ;;;;;;;;;;;;;;;;;;;;;;;;;;;;;;;;;;;;;;;;;;;;;;;;;;;;;;;;;;;;;;;;;;;;;;;;;;;;;;;;;;;;;;;;;;;;;;;;;;;;;;;;;;;;;;;;;;
0060+  0821             ; scanf
0061+  0821             ; no need for explanations!
0062+  0821             ;;;;;;;;;;;;;;;;;;;;;;;;;;;;;;;;;;;;;;;;;;;;;;;;;;;;;;;;;;;;;;;;;;;;;;;;;;;;;;;;;;;;;;;;;;;;;;;;;;;;;;;;;;;;;;;;;;
0063+  0821             scanf:
0064+  0821 09          	ret
0065+  0822             
0066+  0822             ;;;;;;;;;;;;;;;;;;;;;;;;;;;;;;;;;;;;;;;;;;;;;;;;;;;;;;;;;;;;;;;;;;;;;;;;;;;;;;;;;;;;;;;;;;;;;;;;;;;;;;;;;;;;;;;;;;
0067+  0822             ; ITOA
0068+  0822             ; 8bit value in BL
0069+  0822             ; 2 byte ASCII result in A
0070+  0822             ;;;;;;;;;;;;;;;;;;;;;;;;;;;;;;;;;;;;;;;;;;;;;;;;;;;;;;;;;;;;;;;;;;;;;;;;;;;;;;;;;;;;;;;;;;;;;;;;;;;;;;;;;;;;;;;;;;
0071+  0822             itoa:
0072+  0822 DA          	push d
0073+  0823 D8          	push b
0074+  0824 A7 00       	mov bh, 0
0075+  0826 FD A4 04    	shr bl, 4	
0076+  0829 74          	mov d, b
0077+  082A 1F E0 07    	mov al, [d + s_hex_digits]
0078+  082D 23          	mov ah, al
0079+  082E             	
0080+  082E E5          	pop b
0081+  082F D8          	push b
0082+  0830 A7 00       	mov bh, 0
0083+  0832 FD 87 0F    	and bl, $0F
0084+  0835 74          	mov d, b
0085+  0836 1F E0 07    	mov al, [d + s_hex_digits]
0086+  0839 E5          	pop b
0087+  083A E7          	pop d
0088+  083B 09          	ret
0089+  083C             
0090+  083C             ;;;;;;;;;;;;;;;;;;;;;;;;;;;;;;;;;;;;;;;;;;;;;;;;;;;;;;;;;;;;;;;;;;;;;;;;;;;;;;;;;;;;;;;;;;;;;;;;;;;;;;;;;;;;;;;;;;
0091+  083C             ; HEX STRING TO BINARY
0092+  083C             ; di = destination address
0093+  083C             ; si = source
0094+  083C             ;;;;;;;;;;;;;;;;;;;;;;;;;;;;;;;;;;;;;;;;;;;;;;;;;;;;;;;;;;;;;;;;;;;;;;;;;;;;;;;;;;;;;;;;;;;;;;;;;;;;;;;;;;;;;;;;;;
0095+  083C             hex_to_int:
0096+  083C             hex_to_int_L1:
0097+  083C F6          	lodsb					; load from [SI] to AL
0098+  083D B9 00       	cmp al, 0				; check if ASCII 0
0099+  083F C6 4C 08    	jz hex_to_int_ret
0100+  0842 36          	mov bh, al
0101+  0843 F6          	lodsb
0102+  0844 2F          	mov bl, al
0103+  0845 07 10 08    	call atoi				; convert ASCII byte in B to int (to AL)
0104+  0848 F7          	stosb					; store AL to [DI]
0105+  0849 0A 3C 08    	jmp hex_to_int_L1
0106+  084C             hex_to_int_ret:
0107+  084C 09          	ret		
0108+  084D             
0109+  084D             
0110+  084D             
0111+  084D             ;;;;;;;;;;;;;;;;;;;;;;;;;;;;;;;;;;;;;;;;;;;;;;;;;;;;;;;;;;;;;;;;;;;;;;;;;;;;;;;;;;;;;;;;;;;;;;;;;;;;;;;;;;;;;;;;;;
0112+  084D             ; GETCHAR
0113+  084D             ; char in ah
0114+  084D             ;;;;;;;;;;;;;;;;;;;;;;;;;;;;;;;;;;;;;;;;;;;;;;;;;;;;;;;;;;;;;;;;;;;;;;;;;;;;;;;;;;;;;;;;;;;;;;;;;;;;;;;;;;;;;;;;;;
0115+  084D             getchar:
0116+  084D DB          	push al
0117+  084E             getchar_retry:
0118+  084E FD 0C       	sti
0119+  0850 19 01       	mov al, 1
0120+  0852 05 03       	syscall sys_io			; receive in AH
0121+  0854 B9 00       	cmp al, 0			; check if any char was receive
0122+  0856 C6 4E 08    	je getchar_retry
0123+  0859 E8          	pop al
0124+  085A 09          	ret
0125+  085B             
0126+  085B             ;;;;;;;;;;;;;;;;;;;;;;;;;;;;;;;;;;;;;;;;;;;;;;;;;;;;;;;;;;;;;;;;;;;;;;;;;;;;;;;;;;;;;;;;;;;;;;;;;;;;;;;;;;;;;;;;;;
0127+  085B             ; PUTCHAR
0128+  085B             ; char in ah
0129+  085B             ;;;;;;;;;;;;;;;;;;;;;;;;;;;;;;;;;;;;;;;;;;;;;;;;;;;;;;;;;;;;;;;;;;;;;;;;;;;;;;;;;;;;;;;;;;;;;;;;;;;;;;;;;;;;;;;;;;
0130+  085B             putchar:
0131+  085B D7          	push a
0132+  085C 19 00       	mov al, 0
0133+  085E 05 03       	syscall sys_io			; char in AH
0134+  0860 E4          	pop a
0135+  0861 09          	ret
0136+  0862             
0137+  0862             ;;;;;;;;;;;;;;;;;;;;;;;;;;;;;;;;;;;;;;;;;;;;;;;;;;;;;;;;;;;;;;;;;;;;;;;;;;;;;;;;;;;;;;;;;;;;;;;;;;;;;;;;;;;;;;;;;;
0138+  0862             ;; INPUT A STRING
0139+  0862             ;; terminates with null
0140+  0862             ;; pointer in D
0141+  0862             ;;;;;;;;;;;;;;;;;;;;;;;;;;;;;;;;;;;;;;;;;;;;;;;;;;;;;;;;;;;;;;;;;;;;;;;;;;;;;;;;;;;;;;;;;;;;;;;;;;;;;;;;;;;;;;;;;;
0142+  0862             gets:
0143+  0862 D7          	push a
0144+  0863 DA          	push d
0145+  0864             gets_loop:
0146+  0864 FD 0C       	sti
0147+  0866 19 01       	mov al, 1
0148+  0868 05 03       	syscall sys_io			; receive in AH
0149+  086A B9 00       	cmp al, 0				; check error code (AL)
0150+  086C C6 64 08    	je gets_loop			; if no char received, retry
0151+  086F             
0152+  086F 76 1B       	cmp ah, 27
0153+  0871 C6 92 08    	je gets_telnet_escape
0154+  0874 76 0A       	cmp ah, $0A				; LF
0155+  0876 C6 EB 08    	je gets_end
0156+  0879 76 0D       	cmp ah, $0D				; CR
0157+  087B C6 EB 08    	je gets_end
0158+  087E 76 5C       	cmp ah, $5C				; '\\'
0159+  0880 C6 C2 08    	je gets_escape
0160+  0883             	
0161+  0883 76 08       	cmp ah, $08			; check for backspace
0162+  0885 C6 8E 08    	je gets_backspace
0163+  0888             
0164+  0888 1A          	mov al, ah
0165+  0889 3E          	mov [d], al
0166+  088A 79          	inc d
0167+  088B 0A 64 08    	jmp gets_loop
0168+  088E             gets_backspace:
0169+  088E 7F          	dec d
0170+  088F 0A 64 08    	jmp gets_loop
0171+  0892             gets_telnet_escape:
0172+  0892 FD 0C       	sti
0173+  0894 19 01       	mov al, 1
0174+  0896 05 03       	syscall sys_io				; receive in AH without echo
0175+  0898 B9 00       	cmp al, 0					; check error code (AL)
0176+  089A C6 92 08    	je gets_telnet_escape		; if no char received, retry
0177+  089D 76 5B       	cmp ah, '['
0178+  089F C7 64 08    	jne gets_loop
0179+  08A2             gets_telnet_escape_phase2:
0180+  08A2 FD 0C       	sti
0181+  08A4 19 01       	mov al, 1
0182+  08A6 05 03       	syscall sys_io					; receive in AH without echo
0183+  08A8 B9 00       	cmp al, 0						; check error code (AL)
0184+  08AA C6 A2 08    	je gets_telnet_escape_phase2	; if no char received, retry
0185+  08AD 76 44       	cmp ah, 'D'
0186+  08AF C6 BA 08    	je gets_left_arrow
0187+  08B2 76 43       	cmp ah, 'C'
0188+  08B4 C6 BE 08    	je gets_right_arrow
0189+  08B7 0A 64 08    	jmp gets_loop
0190+  08BA             gets_left_arrow:
0191+  08BA 7F          	dec d
0192+  08BB 0A 64 08    	jmp gets_loop
0193+  08BE             gets_right_arrow:
0194+  08BE 79          	inc d
0195+  08BF 0A 64 08    	jmp gets_loop
0196+  08C2             gets_escape:
0197+  08C2 FD 0C       	sti
0198+  08C4 19 01       	mov al, 1
0199+  08C6 05 03       	syscall sys_io			; receive in AH
0200+  08C8 B9 00       	cmp al, 0				; check error code (AL)
0201+  08CA C6 C2 08    	je gets_escape			; if no char received, retry
0202+  08CD 76 6E       	cmp ah, 'n'
0203+  08CF C6 DD 08    	je gets_LF
0204+  08D2 76 72       	cmp ah, 'r'
0205+  08D4 C6 E4 08    	je gets_CR
0206+  08D7 1A          	mov al, ah				; if not a known escape, it is just a normal letter
0207+  08D8 3E          	mov [d], al
0208+  08D9 79          	inc d
0209+  08DA 0A 64 08    	jmp gets_loop
0210+  08DD             gets_LF:
0211+  08DD 19 0A       	mov al, $0A
0212+  08DF 3E          	mov [d], al
0213+  08E0 79          	inc d
0214+  08E1 0A 64 08    	jmp gets_loop
0215+  08E4             gets_CR:
0216+  08E4 19 0D       	mov al, $0D
0217+  08E6 3E          	mov [d], al
0218+  08E7 79          	inc d
0219+  08E8 0A 64 08    	jmp gets_loop
0220+  08EB             gets_end:
0221+  08EB 19 00       	mov al, 0
0222+  08ED 3E          	mov [d], al				; terminate string
0223+  08EE E7          	pop d
0224+  08EF E4          	pop a
0225+  08F0 09          	ret
0226+  08F1             
0227+  08F1             
0228+  08F1             
0229+  08F1             
0230+  08F1             ;;;;;;;;;;;;;;;;;;;;;;;;;;;;;;;;;;;;;;;;;;;;;;;;;;;;;;;;;;;;;;;;;;;;;;;;;;;;;;;;;;;;;;;;;;;;;;;;;;;;;;;;;;;;;;;;;;
0231+  08F1             ;; INPUT TEXT
0232+  08F1             ;; terminated with CTRL+D
0233+  08F1             ;; pointer in D
0234+  08F1             ;;;;;;;;;;;;;;;;;;;;;;;;;;;;;;;;;;;;;;;;;;;;;;;;;;;;;;;;;;;;;;;;;;;;;;;;;;;;;;;;;;;;;;;;;;;;;;;;;;;;;;;;;;;;;;;;;;
0235+  08F1             gettxt:
0236+  08F1 D7          	push a
0237+  08F2 DA          	push d
0238+  08F3             gettxt_loop:
0239+  08F3 19 01       	mov al, 1
0240+  08F5 05 03       	syscall sys_io			; receive in AH
0241+  08F7 B9 00       	cmp al, 0				; check error code (AL)
0242+  08F9 C6 F3 08    	je gettxt_loop		; if no char received, retry
0243+  08FC 76 04       	cmp ah, 4			; EOT
0244+  08FE C6 3C 09    	je gettxt_end
0245+  0901 76 08       	cmp ah, $08			; check for backspace
0246+  0903 C6 38 09    	je gettxt_backspace
0247+  0906 76 5C       	cmp ah, $5C				; '\\'
0248+  0908 C6 11 09    	je gettxt_escape
0249+  090B 1A          	mov al, ah
0250+  090C 3E          	mov [d], al
0251+  090D 79          	inc d
0252+  090E 0A F3 08    	jmp gettxt_loop
0253+  0911             gettxt_escape:
0254+  0911 19 01       	mov al, 1
0255+  0913 05 03       	syscall sys_io			; receive in AH
0256+  0915 B9 00       	cmp al, 0				; check error code (AL)
0257+  0917 C6 11 09    	je gettxt_escape		; if no char received, retry
0258+  091A 76 6E       	cmp ah, 'n'
0259+  091C C6 2A 09    	je gettxt_LF
0260+  091F 76 72       	cmp ah, 'r'
0261+  0921 C6 31 09    	je gettxt_CR
0262+  0924 1A          	mov al, ah				; if not a known escape, it is just a normal letter
0263+  0925 3E          	mov [d], al
0264+  0926 79          	inc d
0265+  0927 0A F3 08    	jmp gettxt_loop
0266+  092A             gettxt_LF:
0267+  092A 19 0A       	mov al, $0A
0268+  092C 3E          	mov [d], al
0269+  092D 79          	inc d
0270+  092E 0A F3 08    	jmp gettxt_loop
0271+  0931             gettxt_CR:
0272+  0931 19 0D       	mov al, $0D
0273+  0933 3E          	mov [d], al
0274+  0934 79          	inc d
0275+  0935 0A F3 08    	jmp gettxt_loop
0276+  0938             gettxt_backspace:
0277+  0938 7F          	dec d
0278+  0939 0A F3 08    	jmp gettxt_loop
0279+  093C             gettxt_end:
0280+  093C 19 00       	mov al, 0
0281+  093E 3E          	mov [d], al				; terminate string
0282+  093F E7          	pop d
0283+  0940 E4          	pop a
0284+  0941 09          	ret
0285+  0942             
0286+  0942             ;;;;;;;;;;;;;;;;;;;;;;;;;;;;;;;;;;;;;;;;;;;;;;;;;;;;;;;;;;;;;;;;;;;;;;;;;;;;;;;;;;;;;;;;;;;;;;;;;;;;;;;;;;;;;;;;;;
0287+  0942             ; PRINT NEW LINE
0288+  0942             ;;;;;;;;;;;;;;;;;;;;;;;;;;;;;;;;;;;;;;;;;;;;;;;;;;;;;;;;;;;;;;;;;;;;;;;;;;;;;;;;;;;;;;;;;;;;;;;;;;;;;;;;;;;;;;;;;;
0289+  0942             printnl:
0290+  0942 D7          	push a
0291+  0943 10 00 0A    	mov a, $0A00
0292+  0946 05 03       	syscall sys_io
0293+  0948 10 00 0D    	mov a, $0D00
0294+  094B 05 03       	syscall sys_io
0295+  094D E4          	pop a
0296+  094E 09          	ret
0297+  094F             
0298+  094F             ;;;;;;;;;;;;;;;;;;;;;;;;;;;;;;;;;;;;;;;;;;;;;;;;;;;;;;;;;;;;;;;;;;;;;;;;;;;;;;;;;;;;;;;;;;;;;;;;;;;;;;;;;;;;;;;;;;
0299+  094F             ; strtoint
0300+  094F             ; 4 digit hex string number in d
0301+  094F             ; integer returned in A
0302+  094F             ;;;;;;;;;;;;;;;;;;;;;;;;;;;;;;;;;;;;;;;;;;;;;;;;;;;;;;;;;;;;;;;;;;;;;;;;;;;;;;;;;;;;;;;;;;;;;;;;;;;;;;;;;;;;;;;;;;
0303+  094F             strtointx:
0304+  094F D8          	push b
0305+  0950 32          	mov bl, [d]
0306+  0951 37          	mov bh, bl
0307+  0952 33 01 00    	mov bl, [d + 1]
0308+  0955 07 10 08    	call atoi				; convert to int in AL
0309+  0958 23          	mov ah, al				; move to AH
0310+  0959 33 02 00    	mov bl, [d + 2]
0311+  095C 37          	mov bh, bl
0312+  095D 33 03 00    	mov bl, [d + 3]
0313+  0960 07 10 08    	call atoi				; convert to int in AL
0314+  0963 E5          	pop b
0315+  0964 09          	ret
0316+  0965             
0317+  0965             ;;;;;;;;;;;;;;;;;;;;;;;;;;;;;;;;;;;;;;;;;;;;;;;;;;;;;;;;;;;;;;;;;;;;;;;;;;;;;;;;;;;;;;;;;;;;;;;;;;;;;;;;;;;;;;;;;;
0318+  0965             ; strtoint
0319+  0965             ; 5 digit base10 string number in d
0320+  0965             ; integer returned in A
0321+  0965             ;;;;;;;;;;;;;;;;;;;;;;;;;;;;;;;;;;;;;;;;;;;;;;;;;;;;;;;;;;;;;;;;;;;;;;;;;;;;;;;;;;;;;;;;;;;;;;;;;;;;;;;;;;;;;;;;;;
0322+  0965             strtoint:
0323+  0965 E2          	push si
0324+  0966 D8          	push b
0325+  0967 D9          	push c
0326+  0968 DA          	push d
0327+  0969 07 90 07    	call strlen			; get string length in C
0328+  096C 7E          	dec c
0329+  096D FD 4E       	mov si, d
0330+  096F 12          	mov a, c
0331+  0970 FD 99       	shl a
0332+  0972 3B F8 07    	mov d, table_power
0333+  0975 59          	add d, a
0334+  0976 38 00 00    	mov c, 0
0335+  0979             strtoint_L0:
0336+  0979 F6          	lodsb			; load ASCII to al
0337+  097A B9 00       	cmp al, 0
0338+  097C C6 8F 09    	je strtoint_end
0339+  097F 6F 30       	sub al, $30		; make into integer
0340+  0981 22 00       	mov ah, 0
0341+  0983 2A          	mov b, [d]
0342+  0984 AC          	mul a, b			; result in B since it fits in 16bits
0343+  0985 11          	mov a, b
0344+  0986 28          	mov b, c
0345+  0987 54          	add a, b
0346+  0988 39          	mov c, a
0347+  0989 63 02 00    	sub d, 2
0348+  098C 0A 79 09    	jmp strtoint_L0
0349+  098F             strtoint_end:
0350+  098F 12          	mov a, c
0351+  0990 E7          	pop d
0352+  0991 E6          	pop c
0353+  0992 E5          	pop b
0354+  0993 EF          	pop si
0355+  0994 09          	ret
0356+  0995             
0357+  0995             
0358+  0995             ;;;;;;;;;;;;;;;;;;;;;;;;;;;;;;;;;;;;;;;;;;;;;;;;;;;;;;;;;;;;;;;;;;;;;;;;;;;;;;;;;;;;;;;;;;;;;;;;;;;;;;;;;;;;;;;;;;
0359+  0995             ; PRINT NULL TERMINATED STRING
0360+  0995             ; pointer in D
0361+  0995             ;;;;;;;;;;;;;;;;;;;;;;;;;;;;;;;;;;;;;;;;;;;;;;;;;;;;;;;;;;;;;;;;;;;;;;;;;;;;;;;;;;;;;;;;;;;;;;;;;;;;;;;;;;;;;;;;;;
0362+  0995             puts:
0363+  0995 D7          	push a
0364+  0996 DA          	push d
0365+  0997             puts_L1:
0366+  0997 1E          	mov al, [d]
0367+  0998 B9 00       	cmp al, 0
0368+  099A C6 A6 09    	jz puts_END
0369+  099D 23          	mov ah, al
0370+  099E 19 00       	mov al, 0
0371+  09A0 05 03       	syscall sys_io
0372+  09A2 79          	inc d
0373+  09A3 0A 97 09    	jmp puts_L1
0374+  09A6             puts_END:
0375+  09A6 E7          	pop d
0376+  09A7 E4          	pop a
0377+  09A8 09          	ret
0378+  09A9             
0379+  09A9             ;;;;;;;;;;;;;;;;;;;;;;;;;;;;;;;;;;;;;;;;;;;;;;;;;;;;;;;;;;;;;;;;;;;;;;;;;;;;;;;;;;;;;;;;;;;;;;;;;;;;;;;;;;;;;;;;;;
0380+  09A9             ; PRINT N SIZE STRING
0381+  09A9             ; pointer in D
0382+  09A9             ; size in C
0383+  09A9             ;;;;;;;;;;;;;;;;;;;;;;;;;;;;;;;;;;;;;;;;;;;;;;;;;;;;;;;;;;;;;;;;;;;;;;;;;;;;;;;;;;;;;;;;;;;;;;;;;;;;;;;;;;;;;;;;;;
0384+  09A9             putsn:
0385+  09A9 DB          	push al
0386+  09AA DA          	push d
0387+  09AB D9          	push c
0388+  09AC             putsn_L0:
0389+  09AC 1E          	mov al, [d]
0390+  09AD 23          	mov ah, al
0391+  09AE 19 00       	mov al, 0
0392+  09B0 05 03       	syscall sys_io
0393+  09B2 79          	inc d
0394+  09B3 7E          	dec c	
0395+  09B4 C2 00 00    	cmp c, 0
0396+  09B7 C7 AC 09    	jne putsn_L0
0397+  09BA             putsn_end:
0398+  09BA E6          	pop c
0399+  09BB E7          	pop d
0400+  09BC E8          	pop al
0401+  09BD 09          	ret
0402+  09BE             
0403+  09BE             ;;;;;;;;;;;;;;;;;;;;;;;;;;;;;;;;;;;;;;;;;;;;;;;;;;;;;;;;;;;;;;;;;;;;;;;;;;;;;;;;;;;;;;;
0404+  09BE             ; print 16bit decimal number
0405+  09BE             ; input number in A
0406+  09BE             ;;;;;;;;;;;;;;;;;;;;;;;;;;;;;;;;;;;;;;;;;;;;;;;;;;;;;;;;;;;;;;;;;;;;;;;;;;;;;;;;;;;;;;;
0407+  09BE             print_u16d:
0408+  09BE D7          	push a
0409+  09BF D8          	push b
0410+  09C0 26 10 27    	mov b, 10000
0411+  09C3 AE          	div a, b			; get 10000 coeff.
0412+  09C4 07 EA 09    	call print_number
0413+  09C7 11          	mov a, b
0414+  09C8 26 E8 03    	mov b, 1000
0415+  09CB AE          	div a, b			; get 10000 coeff.
0416+  09CC 07 EA 09    	call print_number
0417+  09CF 11          	mov a, b
0418+  09D0 26 64 00    	mov b, 100
0419+  09D3 AE          	div a, b
0420+  09D4 07 EA 09    	call print_number
0421+  09D7 11          	mov a, b
0422+  09D8 26 0A 00    	mov b, 10
0423+  09DB AE          	div a, b
0424+  09DC 07 EA 09    	call print_number
0425+  09DF 11          	mov a, b
0426+  09E0 6A 30       	add al, $30
0427+  09E2 23          	mov ah, al
0428+  09E3 19 00       	mov al, 0
0429+  09E5 05 03       	syscall sys_io	; print coeff
0430+  09E7 E5          	pop b
0431+  09E8 E4          	pop a
0432+  09E9 09          	ret
0433+  09EA             
0434+  09EA             
0435+  09EA             ;;;;;;;;;;;;;;;;;;;;;;;;;;;;;;;;;;;;;;;;;;;;;;;;;;;;;;;;;;;;;;;;;;;;;;;;;;;;;;;;;;;;;;;
0436+  09EA             ; if A == 0, print space
0437+  09EA             ; else print A
0438+  09EA             ;;;;;;;;;;;;;;;;;;;;;;;;;;;;;;;;;;;;;;;;;;;;;;;;;;;;;;;;;;;;;;;;;;;;;;;;;;;;;;;;;;;;;;;
0439+  09EA             print_number:
0440+  09EA 6A 30       	add al, $30
0441+  09EC 23          	mov ah, al
0442+  09ED 07 5B 08    	call putchar
0443+  09F0 09          	ret
0444+  09F1             
0445+  09F1             ;;;;;;;;;;;;;;;;;;;;;;;;;;;;;;;;;;;;;;;;;;;;;;;;;;;;;;;;;;;;;;;;;;;;;;;;;;;;;;;;;;;;;;;;;;;;;;;;;;;;;;;;;;;;;;;;;;
0446+  09F1             ; PRINT 16BIT HEX INTEGER
0447+  09F1             ; integer value in reg B
0448+  09F1             ;;;;;;;;;;;;;;;;;;;;;;;;;;;;;;;;;;;;;;;;;;;;;;;;;;;;;;;;;;;;;;;;;;;;;;;;;;;;;;;;;;;;;;;;;;;;;;;;;;;;;;;;;;;;;;;;;;
0449+  09F1             print_u16x:
0450+  09F1 D7          	push a
0451+  09F2 D8          	push b
0452+  09F3 DD          	push bl
0453+  09F4 30          	mov bl, bh
0454+  09F5 07 22 08    	call itoa				; convert bh to char in A
0455+  09F8 2F          	mov bl, al				; save al
0456+  09F9 19 00       	mov al, 0
0457+  09FB 05 03       	syscall sys_io				; display AH
0458+  09FD 24          	mov ah, bl				; retrieve al
0459+  09FE 19 00       	mov al, 0
0460+  0A00 05 03       	syscall sys_io				; display AL
0461+  0A02             
0462+  0A02 EA          	pop bl
0463+  0A03 07 22 08    	call itoa				; convert bh to char in A
0464+  0A06 2F          	mov bl, al				; save al
0465+  0A07 19 00       	mov al, 0
0466+  0A09 05 03       	syscall sys_io				; display AH
0467+  0A0B 24          	mov ah, bl				; retrieve al
0468+  0A0C 19 00       	mov al, 0
0469+  0A0E 05 03       	syscall sys_io				; display AL
0470+  0A10             
0471+  0A10 E5          	pop b
0472+  0A11 E4          	pop a
0473+  0A12 09          	ret
0474+  0A13             
0475+  0A13             ;;;;;;;;;;;;;;;;;;;;;;;;;;;;;;;;;;;;;;;;;;;;;;;;;;;;;;;;;;;;;;;;;;;;;;;;;;;;;;;;;;;;;;;;;;;;;;;;;;;;;;;;;;;;;;;;;;
0476+  0A13             ; INPUT 16BIT HEX INTEGER
0477+  0A13             ; read 16bit integer into A
0478+  0A13             ;;;;;;;;;;;;;;;;;;;;;;;;;;;;;;;;;;;;;;;;;;;;;;;;;;;;;;;;;;;;;;;;;;;;;;;;;;;;;;;;;;;;;;;;;;;;;;;;;;;;;;;;;;;;;;;;;;
0479+  0A13             scan_u16x:
0480+  0A13 F8 10 00    	enter 16
0481+  0A16 D8          	push b
0482+  0A17 DA          	push d
0483+  0A18             
0484+  0A18 FA F1 FF    	lea d, [bp + -15]
0485+  0A1B 07 62 08    	call gets				; get number
0486+  0A1E             
0487+  0A1E 32          	mov bl, [d]
0488+  0A1F 37          	mov bh, bl
0489+  0A20 33 01 00    	mov bl, [d + 1]
0490+  0A23 07 10 08    	call atoi				; convert to int in AL
0491+  0A26 23          	mov ah, al				; move to AH
0492+  0A27             
0493+  0A27 33 02 00    	mov bl, [d + 2]
0494+  0A2A 37          	mov bh, bl
0495+  0A2B 33 03 00    	mov bl, [d + 3]
0496+  0A2E 07 10 08    	call atoi				; convert to int in AL
0497+  0A31             
0498+  0A31 E7          	pop d
0499+  0A32 E5          	pop b
0500+  0A33 F9          	leave
0501+  0A34 09          	ret
0502+  0A35             
0503+  0A35             ;;;;;;;;;;;;;;;;;;;;;;;;;;;;;;;;;;;;;;;;;;;;;;;;;;;;;;;;;;;;;;;;;;;;;;;;;;;;;;;;;;;;;;;;;;;;;;;;;;;;;;;;;;;;;;;;;;
0504+  0A35             ; PRINT 8bit HEX INTEGER
0505+  0A35             ; integer value in reg bl
0506+  0A35             ;;;;;;;;;;;;;;;;;;;;;;;;;;;;;;;;;;;;;;;;;;;;;;;;;;;;;;;;;;;;;;;;;;;;;;;;;;;;;;;;;;;;;;;;;;;;;;;;;;;;;;;;;;;;;;;;;;
0507+  0A35             print_u8x:
0508+  0A35 D7          	push a
0509+  0A36 DD          	push bl
0510+  0A37             
0511+  0A37 07 22 08    	call itoa				; convert bl to char in A
0512+  0A3A 2F          	mov bl, al				; save al
0513+  0A3B 19 00       	mov al, 0
0514+  0A3D 05 03       	syscall sys_io				; display AH
0515+  0A3F 24          	mov ah, bl				; retrieve al
0516+  0A40 19 00       	mov al, 0
0517+  0A42 05 03       	syscall sys_io				; display AL
0518+  0A44             
0519+  0A44 EA          	pop bl
0520+  0A45 E4          	pop a
0521+  0A46 09          	ret
0522+  0A47             
0523+  0A47             ;;;;;;;;;;;;;;;;;;;;;;;;;;;;;;;;;;;;;;;;;;;;;;;;;;;;;;;;;;;;;;;;;;;;;;;;;;;;;;;;;;;;;;;
0524+  0A47             ; print 8bit decimal unsigned number
0525+  0A47             ; input number in AL
0526+  0A47             ;;;;;;;;;;;;;;;;;;;;;;;;;;;;;;;;;;;;;;;;;;;;;;;;;;;;;;;;;;;;;;;;;;;;;;;;;;;;;;;;;;;;;;;
0527+  0A47             print_u8d:
0528+  0A47 D7          	push a
0529+  0A48 D8          	push b
0530+  0A49             
0531+  0A49 22 00       	mov ah, 0
0532+  0A4B 26 64 00    	mov b, 100
0533+  0A4E AE          	div a, b
0534+  0A4F D8          	push b			; save remainder
0535+  0A50 B9 00       	cmp al, 0
0536+  0A52 C6 5C 0A    	je skip100
0537+  0A55 6A 30       	add al, $30
0538+  0A57 23          	mov ah, al
0539+  0A58 19 00       	mov al, 0
0540+  0A5A 05 03       	syscall sys_io	; print coeff
0541+  0A5C             skip100:
0542+  0A5C E4          	pop a
0543+  0A5D 22 00       	mov ah, 0
0544+  0A5F 26 0A 00    	mov b, 10
0545+  0A62 AE          	div a, b
0546+  0A63 D8          	push b			; save remainder
0547+  0A64 B9 00       	cmp al, 0
0548+  0A66 C6 70 0A    	je skip10
0549+  0A69 6A 30       	add al, $30
0550+  0A6B 23          	mov ah, al
0551+  0A6C 19 00       	mov al, 0
0552+  0A6E 05 03       	syscall sys_io	; print coeff
0553+  0A70             skip10:
0554+  0A70 E4          	pop a
0555+  0A71 1B          	mov al, bl
0556+  0A72 6A 30       	add al, $30
0557+  0A74 23          	mov ah, al
0558+  0A75 19 00       	mov al, 0
0559+  0A77 05 03       	syscall sys_io	; print coeff
0560+  0A79 E5          	pop b
0561+  0A7A E4          	pop a
0562+  0A7B 09          	ret
0563+  0A7C             
0564+  0A7C             ;;;;;;;;;;;;;;;;;;;;;;;;;;;;;;;;;;;;;;;;;;;;;;;;;;;;;;;;;;;;;;;;;;;;;;;;;;;;;;;;;;;;;;;;;;;;;;;;;;;;;;;;;;;;;;;;;;
0565+  0A7C             ; INPUT 8BIT HEX INTEGER
0566+  0A7C             ; read 8bit integer into AL
0567+  0A7C             ;;;;;;;;;;;;;;;;;;;;;;;;;;;;;;;;;;;;;;;;;;;;;;;;;;;;;;;;;;;;;;;;;;;;;;;;;;;;;;;;;;;;;;;;;;;;;;;;;;;;;;;;;;;;;;;;;;
0568+  0A7C             scan_u8x:
0569+  0A7C F8 04 00    	enter 4
0570+  0A7F D8          	push b
0571+  0A80 DA          	push d
0572+  0A81             
0573+  0A81 FA FD FF    	lea d, [bp + -3]
0574+  0A84 07 62 08    	call gets				; get number
0575+  0A87             
0576+  0A87 32          	mov bl, [d]
0577+  0A88 37          	mov bh, bl
0578+  0A89 33 01 00    	mov bl, [d + 1]
0579+  0A8C 07 10 08    	call atoi				; convert to int in AL
0580+  0A8F             
0581+  0A8F E7          	pop d
0582+  0A90 E5          	pop b
0583+  0A91 F9          	leave
0584+  0A92 09          	ret
0585+  0A93             
0586+  0A93             ;;;;;;;;;;;;;;;;;;;;;;;;;;;;;;;;;;;;;;;;;;;;;;;;;;;;;;;;;;;;;;;;;;;;;;;;;;;;;;;;;;;;;;;
0587+  0A93             ; input decimal number
0588+  0A93             ; result in A
0589+  0A93             ; 655'\0'
0590+  0A93             ; low--------high
0591+  0A93             ;;;;;;;;;;;;;;;;;;;;;;;;;;;;;;;;;;;;;;;;;;;;;;;;;;;;;;;;;;;;;;;;;;;;;;;;;;;;;;;;;;;;;;;
0592+  0A93             scan_u16d:
0593+  0A93 F8 08 00    	enter 8
0594+  0A96 E2          	push si
0595+  0A97 D8          	push b
0596+  0A98 D9          	push c
0597+  0A99 DA          	push d
0598+  0A9A FA F9 FF    	lea d, [bp +- 7]
0599+  0A9D 07 62 08    	call gets
0600+  0AA0 07 90 07    	call strlen			; get string length in C
0601+  0AA3 7E          	dec c
0602+  0AA4 FD 4E       	mov si, d
0603+  0AA6 12          	mov a, c
0604+  0AA7 FD 99       	shl a
0605+  0AA9 3B F8 07    	mov d, table_power
0606+  0AAC 59          	add d, a
0607+  0AAD 38 00 00    	mov c, 0
0608+  0AB0             mul_loop:
0609+  0AB0 F6          	lodsb			; load ASCII to al
0610+  0AB1 B9 00       	cmp al, 0
0611+  0AB3 C6 C6 0A    	je mul_exit
0612+  0AB6 6F 30       	sub al, $30		; make into integer
0613+  0AB8 22 00       	mov ah, 0
0614+  0ABA 2A          	mov b, [d]
0615+  0ABB AC          	mul a, b			; result in B since it fits in 16bits
0616+  0ABC 11          	mov a, b
0617+  0ABD 28          	mov b, c
0618+  0ABE 54          	add a, b
0619+  0ABF 39          	mov c, a
0620+  0AC0 63 02 00    	sub d, 2
0621+  0AC3 0A B0 0A    	jmp mul_loop
0622+  0AC6             mul_exit:
0623+  0AC6 12          	mov a, c
0624+  0AC7 E7          	pop d
0625+  0AC8 E6          	pop c
0626+  0AC9 E5          	pop b
0627+  0ACA EF          	pop si
0628+  0ACB F9          	leave
0629+  0ACC 09          	ret
0029   0ACD             .include "ctype.asm"
0001+  0ACD             ;;;;;;;;;;;;;;;;;;;;;;;;;;;;;;;;;;;;;;;;;;;;;;;;;;;;;;;;;;;;;;;;;;;;;;;;;;;;;;;;;;;;;;;;;;;;;;;;;;;;;;;;;;;;;;;;;;
0002+  0ACD             ; ctype.s
0003+  0ACD             ;;;;;;;;;;;;;;;;;;;;;;;;;;;;;;;;;;;;;;;;;;;;;;;;;;;;;;;;;;;;;;;;;;;;;;;;;;;;;;;;;;;;;;;;;;;;;;;;;;;;;;;;;;;;;;;;;;
0004+  0ACD             
0005+  0ACD             ;;;;;;;;;;;;;;;;;;;;;;;;;;;;;;;;;;;;;;;;;;;;;;;;;;;;;;;;;;;;;;;;;;;;;;;;;;;;;;;;;;;;;;;;;;;;;;;;;;;;;;;;;;;;;;;;;;
0006+  0ACD             ;; C character classification is an operation provided by a group of functions in the ANSI C Standard Library
0007+  0ACD             ;; for the C programming language. These functions are used to test characters for membership in a particular
0008+  0ACD             ;; class of characters, such as alphabetic characters, control characters, etc. Both single-byte, and wide
0009+  0ACD             ;; characters are supported.
0010+  0ACD             ;;;;;;;;;;;;;;;;;;;;;;;;;;;;;;;;;;;;;;;;;;;;;;;;;;;;;;;;;;;;;;;;;;;;;;;;;;;;;;;;;;;;;;;;;;;;;;;;;;;;;;;;;;;;;;;;;;
0011+  0ACD             ;; isalnum 
0012+  0ACD             ;; isalpha 
0013+  0ACD             ;; islower 
0014+  0ACD             ;; isupper 
0015+  0ACD             ;; isdigit 
0016+  0ACD             ;; isxdigit
0017+  0ACD             ;; iscntrl 
0018+  0ACD             ;; isgraph 
0019+  0ACD             ;; isspace 
0020+  0ACD             ;; isblank 
0021+  0ACD             ;; isprint 
0022+  0ACD             ;; ispunct 
0023+  0ACD             ;; tolower 
0024+  0ACD             ;; toupper
0025+  0ACD             
0026+  0ACD             
0027+  0ACD             ;;;;;;;;;;;;;;;;;;;;;;;;;;;;;;;;;;;;;;;;;;;;;;;;;;;;;;;;;;;;;;;;;;;;;;;;;;;;;;;;;;
0028+  0ACD             ;; IS ALPHANUMERIC
0029+  0ACD             ;; sets ZF according with result
0030+  0ACD             ;;;;;;;;;;;;;;;;;;;;;;;;;;;;;;;;;;;;;;;;;;;;;;;;;;;;;;;;;;;;;;;;;;;;;;;;;;;;;;;;;;
0031+  0ACD             isalnum:
0032+  0ACD 07 EA 0A    	call isalpha
0033+  0AD0 C6 D6 0A    	je isalnum_exit
0034+  0AD3 07 D7 0A    	call isdigit
0035+  0AD6             isalnum_exit:
0036+  0AD6 09          	ret	
0037+  0AD7             ;;;;;;;;;;;;;;;;;;;;;;;;;;;;;;;;;;;;;;;;;;;;;;;;;;;;;;;;;;;;;;;;;;;;;;;;;;;;;;;;;;
0038+  0AD7             ;; IS DIGIT
0039+  0AD7             ;; sets ZF according with result
0040+  0AD7             ;;;;;;;;;;;;;;;;;;;;;;;;;;;;;;;;;;;;;;;;;;;;;;;;;;;;;;;;;;;;;;;;;;;;;;;;;;;;;;;;;;
0041+  0AD7             isdigit:
0042+  0AD7 DB          	push al
0043+  0AD8 B9 30       	cmp al, '0'
0044+  0ADA C8 E6 0A    	jlu isdigit_false
0045+  0ADD B9 39       	cmp al, '9'
0046+  0ADF D1 E6 0A    	jgu isdigit_false
0047+  0AE2 87 00       	and al, 0	; set ZF
0048+  0AE4 E8          	pop al
0049+  0AE5 09          	ret
0050+  0AE6             isdigit_false:
0051+  0AE6 8B 01       	or al, 1	; clear ZF
0052+  0AE8 E8          	pop al
0053+  0AE9 09          	ret	
0054+  0AEA             	
0055+  0AEA             ;;;;;;;;;;;;;;;;;;;;;;;;;;;;;;;;;;;;;;;;;;;;;;;;;;;;;;;;;;;;;;;;;;;;;;;;;;;;;;;;;;
0056+  0AEA             ;; IS ALPHA
0057+  0AEA             ;; sets ZF according with result
0058+  0AEA             ;;;;;;;;;;;;;;;;;;;;;;;;;;;;;;;;;;;;;;;;;;;;;;;;;;;;;;;;;;;;;;;;;;;;;;;;;;;;;;;;;;
0059+  0AEA             isalpha:
0060+  0AEA DB          	push al
0061+  0AEB B9 5F       	cmp al, '_'
0062+  0AED C6 0D 0B    	je isalpha_true
0063+  0AF0 B9 2E       	cmp al, '.'
0064+  0AF2 C6 0D 0B    	je isalpha_true
0065+  0AF5 B9 41       	cmp al, 'A'
0066+  0AF7 C8 09 0B    	jlu isalpha_false
0067+  0AFA B9 7A       	cmp al, 'z'
0068+  0AFC D1 09 0B    	jgu isalpha_false
0069+  0AFF B9 5A       	cmp al, 'Z'
0070+  0B01 D0 0D 0B    	jleu isalpha_true
0071+  0B04 B9 61       	cmp al, 'a'
0072+  0B06 C9 0D 0B    	jgeu isalpha_true
0073+  0B09             isalpha_false:
0074+  0B09 8B 01       	or al, 1	; clear ZF
0075+  0B0B E8          	pop al
0076+  0B0C 09          	ret
0077+  0B0D             isalpha_true:
0078+  0B0D 87 00       	and al, 0	; set ZF
0079+  0B0F E8          	pop al
0080+  0B10 09          	ret
0081+  0B11             
0082+  0B11             ;;;;;;;;;;;;;;;;;;;;;;;;;;;;;;;;;;;;;;;;;;;;;;;;;;;;;;;;;;;;;;;;;;;;;;;;;;;;;;;;;;
0083+  0B11             ;; IS PATH-ALPHA
0084+  0B11             ;; sets ZF according with result
0085+  0B11             ;;;;;;;;;;;;;;;;;;;;;;;;;;;;;;;;;;;;;;;;;;;;;;;;;;;;;;;;;;;;;;;;;;;;;;;;;;;;;;;;;;
0086+  0B11             ispath:
0087+  0B11 DB          	push al
0088+  0B12 07 D7 0A    	call isdigit
0089+  0B15 C6 3F 0B    	je ispath_true
0090+  0B18 B9 5F       	cmp al, '_'
0091+  0B1A C6 3F 0B    	je ispath_true
0092+  0B1D B9 2F       	cmp al, '/'
0093+  0B1F C6 3F 0B    	je ispath_true
0094+  0B22 B9 2E       	cmp al, '.'
0095+  0B24 C6 3F 0B    	je ispath_true
0096+  0B27 B9 41       	cmp al, 'A'
0097+  0B29 C8 3B 0B    	jlu ispath_false
0098+  0B2C B9 7A       	cmp al, 'z'
0099+  0B2E D1 3B 0B    	jgu ispath_false
0100+  0B31 B9 5A       	cmp al, 'Z'
0101+  0B33 D0 3F 0B    	jleu ispath_true
0102+  0B36 B9 61       	cmp al, 'a'
0103+  0B38 C9 3F 0B    	jgeu ispath_true
0104+  0B3B             ispath_false:
0105+  0B3B 8B 01       	or al, 1	; clear ZF
0106+  0B3D E8          	pop al
0107+  0B3E 09          	ret
0108+  0B3F             ispath_true:
0109+  0B3F 87 00       	and al, 0	; set ZF
0110+  0B41 E8          	pop al
0111+  0B42 09          	ret
0112+  0B43             ;;;;;;;;;;;;;;;;;;;;;;;;;;;;;;;;;;;;;;;;;;;;;;;;;;;;;;;;;;;;;;;;;;;;;;;;;;;;;;;;;;
0113+  0B43             ;; IS SPACE
0114+  0B43             ;; sets ZF according with result
0115+  0B43             ;;;;;;;;;;;;;;;;;;;;;;;;;;;;;;;;;;;;;;;;;;;;;;;;;;;;;;;;;;;;;;;;;;;;;;;;;;;;;;;;;;
0116+  0B43             isspace:
0117+  0B43 B9 20       	cmp al, $20		; ' '
0118+  0B45 C6 59 0B    	je isspace_exit
0119+  0B48 B9 09       	cmp al, $09		; '\t'
0120+  0B4A C6 59 0B    	je isspace_exit
0121+  0B4D B9 0A       	cmp al, $0A		; '\n'
0122+  0B4F C6 59 0B    	je isspace_exit
0123+  0B52 B9 0D       	cmp al, $0D		; '\r'
0124+  0B54 C6 59 0B    	je isspace_exit
0125+  0B57 B9 0B       	cmp al, $0B		; '\v'
0126+  0B59             isspace_exit:
0127+  0B59 09          	ret	
0128+  0B5A             
0129+  0B5A             ;;;;;;;;;;;;;;;;;;;;;;;;;;;;;;;;;;;;;;;;;;;;;;;;;;;;;;;;;;;;;;;;;;;;;;;;;;;;;;;;;;;;;;;;;;;;;;;;;;;;;;;;;;;;;;;;;;
0130+  0B5A             ; TO LOWER
0131+  0B5A             ; input in AL
0132+  0B5A             ; output in AL
0133+  0B5A             ;;;;;;;;;;;;;;;;;;;;;;;;;;;;;;;;;;;;;;;;;;;;;;;;;;;;;;;;;;;;;;;;;;;;;;;;;;;;;;;;;;;;;;;;;;;;;;;;;;;;;;;;;;;;;;;;;;
0134+  0B5A             to_lower:
0135+  0B5A B9 5A       	cmp al, 'Z'
0136+  0B5C D1 61 0B    	jgu to_lower_ret
0137+  0B5F 6A 20       	add al, $20				; convert to lower case
0138+  0B61             to_lower_ret:
0139+  0B61 09          	ret
0140+  0B62             ;;;;;;;;;;;;;;;;;;;;;;;;;;;;;;;;;;;;;;;;;;;;;;;;;;;;;;;;;;;;;;;;;;;;;;;;;;;;;;;;;;;;;;;;;;;;;;;;;;;;;;;;;;;;;;;;;;
0141+  0B62             ; TO UPPER
0142+  0B62             ; input in AL
0143+  0B62             ; output in AL
0144+  0B62             ;;;;;;;;;;;;;;;;;;;;;;;;;;;;;;;;;;;;;;;;;;;;;;;;;;;;;;;;;;;;;;;;;;;;;;;;;;;;;;;;;;;;;;;;;;;;;;;;;;;;;;;;;;;;;;;;;;
0145+  0B62             to_upper:
0146+  0B62 B9 61       	cmp al, 'a'
0147+  0B64 C8 69 0B    	jlu to_upper_ret
0148+  0B67 6F 20       	sub al, $20			; convert to upper case
0149+  0B69             to_upper_ret:
0150+  0B69 09          	ret
0151+  0B6A             
0030   0B6A             
0031   0B6A             .end
0032   0B6A             
0033   0B6A             
tasm: Number of errors = 0
