0001   0000             .include "kernel.exp"
0001+  0000             PROC_TEXT_ORG    .EQU  $0400
0002+  0000             sys_bkpt         .EQU  $0000
0003+  0000             sys_rtc          .EQU  $0001
0004+  0000             sys_ide          .EQU  $0002
0005+  0000             sys_io           .EQU  $0003
0006+  0000             sys_filesystem   .EQU  $0004
0007+  0000             sys_fork         .EQU  $0005
0008+  0000             sys_list         .EQU  $0006
0009+  0000             sys_datetime     .EQU  $0007
0010+  0000             sys_reboot       .EQU  $0008
0011+  0000             sys_pauseproc    .EQU  $0009
0012+  0000             sys_resumeproc   .EQU  $000a
0013+  0000             sys_terminate_proc .EQU  $000b
0014+  0000             sys_system       .EQU  $000c
0015+  0000             sys_boot_install .EQU  $000d
0002   0000             
0003   0400             .org PROC_TEXT_ORG			; origin at 1024
0004   0400             
0005   0400             ;;;;;;;;;;;;;;;;;;;;;;;;;;;;;;;;;;;;;;;;;;;;;;;;;;;;;;;;;;;;;;;;;;;;;;;;;;;;;;;;;;
0006   0400             ;; PWD - PRINT WORKING DIRECTORY
0007   0400             ;;;;;;;;;;;;;;;;;;;;;;;;;;;;;;;;;;;;;;;;;;;;;;;;;;;;;;;;;;;;;;;;;;;;;;;;;;;;;;;;;;		
0008   0400             cmd_pwd:
0009   0400 19 07       	mov al, 7
0010   0402 05 04       	syscall sys_filesystem
0011   0404 05 0B       	syscall sys_terminate_proc
0012   0406             
0013   0406             
0014   0406             .include "token.asm"
0001+  0406             TOKTYP_IDENTIFIER	.equ 0
0002+  0406             TOKTYP_KEYWORD		.equ 1
0003+  0406             TOKTYP_DELIMITER	.equ 2
0004+  0406             TOKTYP_STRING		.equ 3
0005+  0406             TOKTYP_CHAR			.equ 4
0006+  0406             TOKTYP_NUMERIC		.equ 5
0007+  0406             TOKTYP_END			.equ 6
0008+  0406             
0009+  0406             TOK_NULL			.equ 0
0010+  0406             TOK_FSLASH			.equ 1
0011+  0406             TOK_TIMES 			.equ 2
0012+  0406             TOK_PLUS 			.equ 3
0013+  0406             TOK_MINUS 			.equ 4
0014+  0406             TOK_DOT				.equ 5
0015+  0406             TOK_SEMI			.equ 6
0016+  0406             TOK_ANGLE			.equ 7
0017+  0406             TOK_TILDE			.equ 8
0018+  0406             TOK_EQUAL			.equ 9
0019+  0406             TOK_COLON			.equ 10
0020+  0406             TOK_COMMA			.equ 11
0021+  0406             
0022+  0406             TOK_END				.equ 20
0023+  0406             
0024+  0406             
0025+  0406             ;;;;;;;;;;;;;;;;;;;;;;;;;;;;;;;;;;;;;;;;;;;;;;;;;;;;;;;;;;;;;;;;;;;;;;;;;;;;;;;;;;
0026+  0406             ;; read a full command argment from shell input buffer
0027+  0406             ;; argument is written into tokstr
0028+  0406             ;;;;;;;;;;;;;;;;;;;;;;;;;;;;;;;;;;;;;;;;;;;;;;;;;;;;;;;;;;;;;;;;;;;;;;;;;;;;;;;;;;
0029+  0406             get_arg:
0030+  0406 D7          	push a
0031+  0407 E2          	push si
0032+  0408 E3          	push di
0033+  0409 19 00       	mov al, 0
0034+  040B 3D 34 06    	mov [tokstr], al			; nullify tokstr string
0035+  040E 14 30 06    	mov a, [prog]
0036+  0411 4D          	mov si, a
0037+  0412 FD 4F 34 06 	mov di, tokstr
0038+  0416             get_arg_skip_spaces:
0039+  0416 F6          	lodsb
0040+  0417 07 2A 0B    	call isspace
0041+  041A C6 16 04    	je get_arg_skip_spaces
0042+  041D             get_arg_L0:
0043+  041D B9 3B       	cmp al, $3B				; check if is ';'
0044+  041F C6 2C 04    	je get_arg_end
0045+  0422 B9 00       	cmp al, 0
0046+  0424 C6 2C 04    	je get_arg_end			; check if end of input
0047+  0427 F7          	stosb
0048+  0428 F6          	lodsb
0049+  0429 0A 1D 04    	jmp get_arg_L0
0050+  042C             get_arg_end:
0051+  042C 19 00       	mov al, 0
0052+  042E F7          	stosb
0053+  042F D5 01 00    	sub si, 1
0054+  0432 4E          	mov a, si
0055+  0433 42 30 06    	mov [prog], a		; update pointer
0056+  0436 F0          	pop di
0057+  0437 EF          	pop si
0058+  0438 E4          	pop a
0059+  0439 09          	ret
0060+  043A             
0061+  043A             ;;;;;;;;;;;;;;;;;;;;;;;;;;;;;;;;;;;;;;;;;;;;;;;;;;;;;;;;;;;;;;;;;;;;;;;;;;;;;;;;;;
0062+  043A             ;; read a path formation from shell input buffer
0063+  043A             ;; path is written into tokstr
0064+  043A             ;; /usr/bin
0065+  043A             ;;;;;;;;;;;;;;;;;;;;;;;;;;;;;;;;;;;;;;;;;;;;;;;;;;;;;;;;;;;;;;;;;;;;;;;;;;;;;;;;;;
0066+  043A             get_path:
0067+  043A D7          	push a
0068+  043B E2          	push si
0069+  043C E3          	push di
0070+  043D 19 00       	mov al, 0
0071+  043F 3D 34 06    	mov [tokstr], al			; nullify tokstr string
0072+  0442 14 30 06    	mov a, [prog]
0073+  0445 4D          	mov si, a
0074+  0446 FD 4F 34 06 	mov di, tokstr
0075+  044A             get_path_skip_spaces:
0076+  044A F6          	lodsb
0077+  044B 07 2A 0B    	call isspace
0078+  044E C6 4A 04    	je get_path_skip_spaces
0079+  0451             get_path_is_pathchar:
0080+  0451 F7          	stosb
0081+  0452 F6          	lodsb
0082+  0453 07 B4 0A    	call isalnum			;check if is alphanumeric
0083+  0456 C6 51 04    	je get_path_is_pathchar
0084+  0459 B9 2F       	cmp al, '/'				; check if is '/'
0085+  045B C6 51 04    	je get_path_is_pathchar
0086+  045E 19 00       	mov al, 0
0087+  0460 F7          	stosb
0088+  0461 D5 01 00    	sub si, 1
0089+  0464 4E          	mov a, si
0090+  0465 42 30 06    	mov [prog], a		; update pointer
0091+  0468             get_path_end:
0092+  0468 F0          	pop di
0093+  0469 EF          	pop si
0094+  046A E4          	pop a
0095+  046B 09          	ret
0096+  046C             
0097+  046C             ;;;;;;;;;;;;;;;;;;;;;;;;;;;;;;;;;;;;;;;;;;;;;;;;;;;;;;;;;;;;;;;;;;;;;;;;;;;;;;;;;;
0098+  046C             ;; read a line
0099+  046C             ;; line is written into tokstr
0100+  046C             ;;;;;;;;;;;;;;;;;;;;;;;;;;;;;;;;;;;;;;;;;;;;;;;;;;;;;;;;;;;;;;;;;;;;;;;;;;;;;;;;;;
0101+  046C             get_line:
0102+  046C D7          	push a
0103+  046D E2          	push si
0104+  046E E3          	push di
0105+  046F 19 00       	mov al, 0
0106+  0471 3D 34 06    	mov [tokstr], al			; nullify tokstr string
0107+  0474 14 30 06    	mov a, [prog]
0108+  0477 4D          	mov si, a
0109+  0478 FD 4F 34 06 	mov di, tokstr
0110+  047C             get_line_L0:
0111+  047C F6          	lodsb
0112+  047D B9 0A       	cmp al, $0A		; check for new line
0113+  047F C6 86 04    	je get_line_exit
0114+  0482 F7          	stosb
0115+  0483 0A 7C 04    	jmp get_line_L0
0116+  0486             get_line_exit:
0117+  0486 19 00       	mov al, 0
0118+  0488 F7          	stosb
0119+  0489 4E          	mov a, si
0120+  048A 42 30 06    	mov [prog], a		; update pointer
0121+  048D F0          	pop di
0122+  048E EF          	pop si
0123+  048F E4          	pop a
0124+  0490 09          	ret
0125+  0491             
0126+  0491             ;;;;;;;;;;;;;;;;;;;;;;;;;;;;;;;;;;;;;;;;;;;;;;;;;;;;;;;;;;;;;;;;;;;;;;;;;;;;;;;;;;
0127+  0491             ;; token parser
0128+  0491             ;;;;;;;;;;;;;;;;;;;;;;;;;;;;;;;;;;;;;;;;;;;;;;;;;;;;;;;;;;;;;;;;;;;;;;;;;;;;;;;;;;
0129+  0491             get_token:
0130+  0491 D7          	push a
0131+  0492 DA          	push d
0132+  0493 E2          	push si
0133+  0494 E3          	push di
0134+  0495 19 00       	mov al, 0
0135+  0497 3D 34 06    	mov [tokstr], al			; nullify tokstr string
0136+  049A 19 00       	mov al, TOK_NULL
0137+  049C 3D 33 06    	mov [tok], al				; nullify token
0138+  049F 14 30 06    	mov a, [prog]
0139+  04A2 4D          	mov si, a
0140+  04A3 FD 4F 34 06 	mov di, tokstr
0141+  04A7             get_tok_skip_spaces:
0142+  04A7 F6          	lodsb
0143+  04A8 07 2A 0B    	call isspace
0144+  04AB C6 A7 04    	je get_tok_skip_spaces
0145+  04AE B9 00       	cmp al, 0			; check for end of input (NULL)
0146+  04B0 C6 95 05    	je get_token_end
0147+  04B3 B9 23       	cmp al, '#'			; comments!
0148+  04B5 C6 C3 05    	je get_tok_comment
0149+  04B8 07 B4 0A    	call isalnum
0150+  04BB C6 A2 05    	jz is_alphanumeric
0151+  04BE             ; other token types
0152+  04BE             get_token_slash:
0153+  04BE B9 2F       	cmp al, '/'				; check if '/'
0154+  04C0 C7 D8 04    	jne get_token_minus
0155+  04C3 F7          	stosb					; store '/' into token string
0156+  04C4 19 00       	mov al, 0
0157+  04C6 F7          	stosb					; terminate token string
0158+  04C7 19 01       	mov al, TOK_FSLASH
0159+  04C9 3D 33 06    	mov [tok], al			
0160+  04CC 19 02       	mov al, TOKTYP_DELIMITER
0161+  04CE 3D 32 06    	mov [toktyp], al
0162+  04D1 4E          	mov a, si
0163+  04D2 42 30 06    	mov [prog], a		; update pointer
0164+  04D5 0A BE 05    	jmp get_token_return
0165+  04D8             get_token_minus:
0166+  04D8 B9 2D       	cmp al, '-'				; check if '-'
0167+  04DA C7 F2 04    	jne get_token_comma
0168+  04DD F7          	stosb					; store '-' into token string
0169+  04DE 19 00       	mov al, 0
0170+  04E0 F7          	stosb					; terminate token string
0171+  04E1 19 04       	mov al, TOK_MINUS
0172+  04E3 3D 33 06    	mov [tok], al			
0173+  04E6 19 02       	mov al, TOKTYP_DELIMITER
0174+  04E8 3D 32 06    	mov [toktyp], al
0175+  04EB 4E          	mov a, si
0176+  04EC 42 30 06    	mov [prog], a		; update pointer
0177+  04EF 0A BE 05    	jmp get_token_return
0178+  04F2             get_token_comma:
0179+  04F2 B9 2C       	cmp al, ','				; check if ','
0180+  04F4 C7 0C 05    	jne get_token_semi
0181+  04F7 F7          	stosb					; store ',' into token string
0182+  04F8 19 00       	mov al, 0
0183+  04FA F7          	stosb					; terminate token string
0184+  04FB 19 0B       	mov al, TOK_COMMA
0185+  04FD 3D 33 06    	mov [tok], al			
0186+  0500 19 02       	mov al, TOKTYP_DELIMITER
0187+  0502 3D 32 06    	mov [toktyp], al
0188+  0505 4E          	mov a, si
0189+  0506 42 30 06    	mov [prog], a		; update pointer
0190+  0509 0A BE 05    	jmp get_token_return
0191+  050C             get_token_semi:
0192+  050C B9 3B       	cmp al, $3B				; check if ';'
0193+  050E C7 26 05    	jne get_token_colon
0194+  0511 F7          	stosb					; store ';' into token string
0195+  0512 19 00       	mov al, 0
0196+  0514 F7          	stosb					; terminate token string
0197+  0515 19 06       	mov al, TOK_SEMI
0198+  0517 3D 33 06    	mov [tok], al			
0199+  051A 19 02       	mov al, TOKTYP_DELIMITER
0200+  051C 3D 32 06    	mov [toktyp], al
0201+  051F 4E          	mov a, si
0202+  0520 42 30 06    	mov [prog], a		; update pointer
0203+  0523 0A BE 05    	jmp get_token_return
0204+  0526             get_token_colon:
0205+  0526 B9 3A       	cmp al, $3A				; check if ':'
0206+  0528 C7 40 05    	jne get_token_angle
0207+  052B F7          	stosb					; store ':' into token string
0208+  052C 19 00       	mov al, 0
0209+  052E F7          	stosb					; terminate token string
0210+  052F 19 0A       	mov al, TOK_COLON
0211+  0531 3D 33 06    	mov [tok], al			
0212+  0534 19 02       	mov al, TOKTYP_DELIMITER
0213+  0536 3D 32 06    	mov [toktyp], al
0214+  0539 4E          	mov a, si
0215+  053A 42 30 06    	mov [prog], a		; update pointer
0216+  053D 0A BE 05    	jmp get_token_return
0217+  0540             get_token_angle:
0218+  0540 B9 3E       	cmp al, $3E				; check if '>'
0219+  0542 C7 5A 05    	jne get_token_tilde
0220+  0545 F7          	stosb					; store '>' into token string
0221+  0546 19 00       	mov al, 0
0222+  0548 F7          	stosb					; terminate token string
0223+  0549 19 07       	mov al, TOK_ANGLE
0224+  054B 3D 33 06    	mov [tok], al			
0225+  054E 19 02       	mov al, TOKTYP_DELIMITER
0226+  0550 3D 32 06    	mov [toktyp], al
0227+  0553 4E          	mov a, si
0228+  0554 42 30 06    	mov [prog], a		; update pointer
0229+  0557 0A BE 05    	jmp get_token_return
0230+  055A             get_token_tilde:
0231+  055A B9 7E       	cmp al, '~'				; check if '~'
0232+  055C C7 74 05    	jne get_token_equal
0233+  055F F7          	stosb					; store '~' into token string
0234+  0560 19 00       	mov al, 0
0235+  0562 F7          	stosb					; terminate token string
0236+  0563 19 08       	mov al, TOK_TILDE
0237+  0565 3D 33 06    	mov [tok], al			
0238+  0568 19 02       	mov al, TOKTYP_DELIMITER
0239+  056A 3D 32 06    	mov [toktyp], al
0240+  056D 4E          	mov a, si
0241+  056E 42 30 06    	mov [prog], a		; update pointer
0242+  0571 0A BE 05    	jmp get_token_return
0243+  0574             get_token_equal:
0244+  0574 B9 3D       	cmp al, '='				; check if '='
0245+  0576 C7 8E 05    	jne get_token_skip
0246+  0579 F7          	stosb					; store '=' into token string
0247+  057A 19 00       	mov al, 0
0248+  057C F7          	stosb					; terminate token string
0249+  057D 19 09       	mov al, TOK_EQUAL
0250+  057F 3D 33 06    	mov [tok], al			
0251+  0582 19 02       	mov al, TOKTYP_DELIMITER
0252+  0584 3D 32 06    	mov [toktyp], al
0253+  0587 4E          	mov a, si
0254+  0588 42 30 06    	mov [prog], a		; update pointer
0255+  058B 0A BE 05    	jmp get_token_return
0256+  058E             get_token_skip:
0257+  058E 4E          	mov a, si
0258+  058F 42 30 06    	mov [prog], a		; update pointer
0259+  0592 0A BE 05    	jmp get_token_return
0260+  0595             get_token_end:				; end of file token
0261+  0595 19 14       	mov al, TOK_END
0262+  0597 3D 33 06    	mov [tok], al
0263+  059A 19 06       	mov al, TOKTYP_END
0264+  059C 3D 32 06    	mov [toktyp], al
0265+  059F 0A BE 05    	jmp get_token_return
0266+  05A2             is_alphanumeric:
0267+  05A2 F7          	stosb
0268+  05A3 F6          	lodsb
0269+  05A4 07 B4 0A    	call isalnum			;check if is alphanumeric
0270+  05A7 C6 A2 05    	jz is_alphanumeric
0271+  05AA B9 2E       	cmp al, $2E				; check if is '.'
0272+  05AC C6 A2 05    	je is_alphanumeric
0273+  05AF 19 00       	mov al, 0
0274+  05B1 F7          	stosb
0275+  05B2 19 00       	mov al, TOKTYP_IDENTIFIER
0276+  05B4 3D 32 06    	mov [toktyp], al
0277+  05B7 D5 01 00    	sub si, 1
0278+  05BA 4E          	mov a, si
0279+  05BB 42 30 06    	mov [prog], a		; update pointer
0280+  05BE             get_token_return:
0281+  05BE F0          	pop di
0282+  05BF EF          	pop si
0283+  05C0 E7          	pop d
0284+  05C1 E4          	pop a
0285+  05C2 09          	ret
0286+  05C3             get_tok_comment:
0287+  05C3 F6          	lodsb
0288+  05C4 B9 0A       	cmp al, $0A			; new line
0289+  05C6 C7 C3 05    	jne get_tok_comment
0290+  05C9 0A A7 04    	jmp get_tok_skip_spaces
0291+  05CC             
0292+  05CC             
0293+  05CC             get_number:
0294+  05CC D7          	push a
0295+  05CD DA          	push d
0296+  05CE E2          	push si
0297+  05CF E3          	push di
0298+  05D0 19 00       	mov al, 0
0299+  05D2 3D 34 06    	mov [tokstr], al			; nullify tokstr string
0300+  05D5 19 00       	mov al, TOK_NULL
0301+  05D7 3D 33 06    	mov [tok], al				; nullify token
0302+  05DA 14 30 06    	mov a, [prog]
0303+  05DD 4D          	mov si, a
0304+  05DE FD 4F 34 06 	mov di, tokstr
0305+  05E2             get_number_skip_spaces:
0306+  05E2 F6          	lodsb
0307+  05E3 07 2A 0B    	call isspace
0308+  05E6 C6 E2 05    	je get_number_skip_spaces
0309+  05E9 B9 00       	cmp al, 0			; check for end of input (NULL)
0310+  05EB C7 FB 05    	jne get_number_L0
0311+  05EE 19 14       	mov al, TOK_END
0312+  05F0 3D 33 06    	mov [tok], al
0313+  05F3 19 06       	mov al, TOKTYP_END
0314+  05F5 3D 32 06    	mov [toktyp], al
0315+  05F8 0A 12 06    	jmp get_number_return
0316+  05FB             get_number_L0:
0317+  05FB F7          	stosb
0318+  05FC F6          	lodsb
0319+  05FD 07 BE 0A    	call isdigit			;check if is numeric
0320+  0600 C6 FB 05    	jz get_number_L0
0321+  0603 19 00       	mov al, 0
0322+  0605 F7          	stosb
0323+  0606 19 05       	mov al, TOKTYP_NUMERIC
0324+  0608 3D 32 06    	mov [toktyp], al
0325+  060B D5 01 00    	sub si, 1
0326+  060E 4E          	mov a, si
0327+  060F 42 30 06    	mov [prog], a		; update pointer
0328+  0612             get_number_return:
0329+  0612 F0          	pop di
0330+  0613 EF          	pop si
0331+  0614 E7          	pop d
0332+  0615 E4          	pop a
0333+  0616 09          	ret
0334+  0617             
0335+  0617             ;;;;;;;;;;;;;;;;;;;;;;;;;;;;;;;;;;;;;;;;;;;;;;;;;;;;;;;;;;;;;;;;;;;;;;;;;;;;;;;;;;
0336+  0617             ;; PUT BACK TOKEN
0337+  0617             ;;;;;;;;;;;;;;;;;;;;;;;;;;;;;;;;;;;;;;;;;;;;;;;;;;;;;;;;;;;;;;;;;;;;;;;;;;;;;;;;;;	
0338+  0617             putback:
0339+  0617 D7          	push a
0340+  0618 E2          	push si
0341+  0619 FD 4D 34 06 	mov si, tokstr	
0342+  061D             putback_loop:
0343+  061D F6          	lodsb
0344+  061E B9 00       	cmp al, 0
0345+  0620 C6 2D 06    	je putback_end
0346+  0623 14 30 06    	mov a, [prog]
0347+  0626 7D          	dec a
0348+  0627 42 30 06    	mov [prog], a			; update pointer
0349+  062A 0A 1D 06    	jmp putback_loop
0350+  062D             putback_end:
0351+  062D EF          	pop si
0352+  062E E4          	pop a
0353+  062F 09          	ret
0354+  0630             
0355+  0630             
0356+  0630             
0357+  0630             
0358+  0630 00 00       prog:		.dw 0			; pointer to current position in buffer
0359+  0632             
0360+  0632 00          toktyp: 	.db 0			; token type symbol
0361+  0633 00          tok:		.db 0			; current token symbol
0362+  0634 00 00 00 00 tokstr:		.fill 256, 0	; token as a string
0362+  0638 00 00 00 00 
0362+  063C 00 00 00 00 
0362+  0640 00 00 00 00 
0362+  0644 00 00 00 00 
0362+  0648 00 00 00 00 
0362+  064C 00 00 00 00 
0362+  0650 00 00 00 00 
0362+  0654 00 00 00 00 
0362+  0658 00 00 00 00 
0362+  065C 00 00 00 00 
0362+  0660 00 00 00 00 
0362+  0664 00 00 00 00 
0362+  0668 00 00 00 00 
0362+  066C 00 00 00 00 
0362+  0670 00 00 00 00 
0362+  0674 00 00 00 00 
0362+  0678 00 00 00 00 
0362+  067C 00 00 00 00 
0362+  0680 00 00 00 00 
0362+  0684 00 00 00 00 
0362+  0688 00 00 00 00 
0362+  068C 00 00 00 00 
0362+  0690 00 00 00 00 
0362+  0694 00 00 00 00 
0362+  0698 00 00 00 00 
0362+  069C 00 00 00 00 
0362+  06A0 00 00 00 00 
0362+  06A4 00 00 00 00 
0362+  06A8 00 00 00 00 
0362+  06AC 00 00 00 00 
0362+  06B0 00 00 00 00 
0362+  06B4 00 00 00 00 
0362+  06B8 00 00 00 00 
0362+  06BC 00 00 00 00 
0362+  06C0 00 00 00 00 
0362+  06C4 00 00 00 00 
0362+  06C8 00 00 00 00 
0362+  06CC 00 00 00 00 
0362+  06D0 00 00 00 00 
0362+  06D4 00 00 00 00 
0362+  06D8 00 00 00 00 
0362+  06DC 00 00 00 00 
0362+  06E0 00 00 00 00 
0362+  06E4 00 00 00 00 
0362+  06E8 00 00 00 00 
0362+  06EC 00 00 00 00 
0362+  06F0 00 00 00 00 
0362+  06F4 00 00 00 00 
0362+  06F8 00 00 00 00 
0362+  06FC 00 00 00 00 
0362+  0700 00 00 00 00 
0362+  0704 00 00 00 00 
0362+  0708 00 00 00 00 
0362+  070C 00 00 00 00 
0362+  0710 00 00 00 00 
0362+  0714 00 00 00 00 
0362+  0718 00 00 00 00 
0362+  071C 00 00 00 00 
0362+  0720 00 00 00 00 
0362+  0724 00 00 00 00 
0362+  0728 00 00 00 00 
0362+  072C 00 00 00 00 
0362+  0730 00 00 00 00 
0015   0734             .include "stdio.asm"
0001+  0734             ;;;;;;;;;;;;;;;;;;;;;;;;;;;;;;;;;;;;;;;;;;;;;;;;;;;;;;;;;;;;;;;;;;;;;;;;;;;;;;;;;;;;;;;;;;;;;;;;;;;;;;;;;;;;;;;;;;
0002+  0734             ; stdio.s
0003+  0734             ;;;;;;;;;;;;;;;;;;;;;;;;;;;;;;;;;;;;;;;;;;;;;;;;;;;;;;;;;;;;;;;;;;;;;;;;;;;;;;;;;;;;;;;;;;;;;;;;;;;;;;;;;;;;;;;;;;
0004+  0734             .include "string.asm"
0001++ 0734             ;;;;;;;;;;;;;;;;;;;;;;;;;;;;;;;;;;;;;;;;;;;;;;;;;;;;;;;;;;;;;;;;;;;;;;;;;;;;;;;;;;;;;;;;;;;;;;;;;;;;;;;;;;;;;;;;;;
0002++ 0734             ; string.s
0003++ 0734             ;;;;;;;;;;;;;;;;;;;;;;;;;;;;;;;;;;;;;;;;;;;;;;;;;;;;;;;;;;;;;;;;;;;;;;;;;;;;;;;;;;;;;;;;;;;;;;;;;;;;;;;;;;;;;;;;;;
0004++ 0734             
0005++ 0734             
0006++ 0734             ;;;;;;;;;;;;;;;;;;;;;;;;;;;;;;;;;;;;;;;;;;;;;;;;;;;;;;;;;;;;;;;;;;;;;;;;;;;;;;;;;;;;;;;;;;;;;;;;;;;;;;;;;;;;;;;;;;
0007++ 0734             ; strrev
0008++ 0734             ; reverse a string
0009++ 0734             ; D = string address
0010++ 0734             ;;;;;;;;;;;;;;;;;;;;;;;;;;;;;;;;;;;;;;;;;;;;;;;;;;;;;;;;;;;;;;;;;;;;;;;;;;;;;;;;;;;;;;;;;;;;;;;;;;;;;;;;;;;;;;;;;;
0011++ 0734             ; 01234
0012++ 0734             strrev:
0013++ 0734 4B          	pusha
0014++ 0735 07 7B 07    	call strlen	; length in C
0015++ 0738 12          	mov a, c
0016++ 0739 AF 01 00    	cmp a, 1
0017++ 073C D0 56 07    	jleu strrev_end	; check string length. string len must be > 1
0018++ 073F 7D          	dec a
0019++ 0740 FD 4E       	mov si, d	; beginning of string
0020++ 0742 FD 50       	mov di, d	; beginning of string (for destinations)
0021++ 0744 59          	add d, a	; end of string
0022++ 0745 12          	mov a, c
0023++ 0746 FD 9B       	shr a		; divide by 2
0024++ 0748 39          	mov c, a	; C now counts the steps
0025++ 0749             strrev_L0:
0026++ 0749 32          	mov bl, [d]	; save load right-side char into BL
0027++ 074A F6          	lodsb		; load left-side char into AL; increase SI
0028++ 074B 3E          	mov [d], al	; store left char into right side
0029++ 074C 1B          	mov al, bl
0030++ 074D F7          	stosb		; store right-side char into left-side; increase DI
0031++ 074E 7E          	dec c
0032++ 074F 7F          	dec d
0033++ 0750 C2 00 00    	cmp c, 0
0034++ 0753 C7 49 07    	jne strrev_L0
0035++ 0756             strrev_end:
0036++ 0756 4C          	popa
0037++ 0757 09          	ret
0038++ 0758             	
0039++ 0758             ;;;;;;;;;;;;;;;;;;;;;;;;;;;;;;;;;;;;;;;;;;;;;;;;;;;;;;;;;;;;;;;;;;;;;;;;;;;;;;;;;;;;;;;;;;;;;;;;;;;;;;;;;;;;;;;;;;
0040++ 0758             ; strchr
0041++ 0758             ; search string in D for char in AL
0042++ 0758             ;;;;;;;;;;;;;;;;;;;;;;;;;;;;;;;;;;;;;;;;;;;;;;;;;;;;;;;;;;;;;;;;;;;;;;;;;;;;;;;;;;;;;;;;;;;;;;;;;;;;;;;;;;;;;;;;;;
0043++ 0758             strchr:
0044++ 0758             strchr_L0:
0045++ 0758 32          	mov bl, [d]
0046++ 0759 C1 00       	cmp bl, 0
0047++ 075B C6 66 07    	je strchr_end
0048++ 075E BA          	cmp al, bl
0049++ 075F C6 66 07    	je strchr_end
0050++ 0762 79          	inc d
0051++ 0763 0A 58 07    	jmp strchr_L0
0052++ 0766             strchr_end:
0053++ 0766 1B          	mov al, bl
0054++ 0767 09          	ret
0055++ 0768             
0056++ 0768             ;;;;;;;;;;;;;;;;;;;;;;;;;;;;;;;;;;;;;;;;;;;;;;;;;;;;;;;;;;;;;;;;;;;;;;;;;;;;;;;;;;;;;;;;;;;;;;;;;;;;;;;;;;;;;;;;;;
0057++ 0768             ; strstr
0058++ 0768             ; find sub-string
0059++ 0768             ; str1 in SI
0060++ 0768             ; str2 in DI
0061++ 0768             ; SI points to end of source string
0062++ 0768             ;;;;;;;;;;;;;;;;;;;;;;;;;;;;;;;;;;;;;;;;;;;;;;;;;;;;;;;;;;;;;;;;;;;;;;;;;;;;;;;;;;;;;;;;;;;;;;;;;;;;;;;;;;;;;;;;;;
0063++ 0768             strstr:
0064++ 0768 DB          	push al
0065++ 0769 DA          	push d
0066++ 076A E3          	push di
0067++ 076B             strstr_loop:
0068++ 076B F3          	cmpsb					; compare a byte of the strings
0069++ 076C C7 77 07    	jne strstr_ret
0070++ 076F FC 00 00    	lea d, [di + 0]
0071++ 0772 BD 00       	cmp byte[d], 0				; check if at end of string (null)
0072++ 0774 C7 6B 07    	jne strstr_loop				; equal chars but not at end
0073++ 0777             strstr_ret:
0074++ 0777 F0          	pop di
0075++ 0778 E7          	pop d
0076++ 0779 E8          	pop al
0077++ 077A 09          	ret
0078++ 077B             ;;;;;;;;;;;;;;;;;;;;;;;;;;;;;;;;;;;;;;;;;;;;;;;;;;;;;;;;;;;;;;;;;;;;;;;;;;;;;;;;;;;;;;;
0079++ 077B             ; length of null terminated string
0080++ 077B             ; result in C
0081++ 077B             ; pointer in D
0082++ 077B             ;;;;;;;;;;;;;;;;;;;;;;;;;;;;;;;;;;;;;;;;;;;;;;;;;;;;;;;;;;;;;;;;;;;;;;;;;;;;;;;;;;;;;;;
0083++ 077B             strlen:
0084++ 077B DA          	push d
0085++ 077C 38 00 00    	mov c, 0
0086++ 077F             strlen_L1:
0087++ 077F BD 00       	cmp byte [d], 0
0088++ 0781 C6 89 07    	je strlen_ret
0089++ 0784 79          	inc d
0090++ 0785 78          	inc c
0091++ 0786 0A 7F 07    	jmp strlen_L1
0092++ 0789             strlen_ret:
0093++ 0789 E7          	pop d
0094++ 078A 09          	ret
0095++ 078B             
0096++ 078B             ;;;;;;;;;;;;;;;;;;;;;;;;;;;;;;;;;;;;;;;;;;;;;;;;;;;;;;;;;;;;;;;;;;;;;;;;;;;;;;;;;;;;;;;;;;;;;;;;;;;;;;;;;;;;;;;;;;
0097++ 078B             ; STRCMP
0098++ 078B             ; compare two strings
0099++ 078B             ; str1 in SI
0100++ 078B             ; str2 in DI
0101++ 078B             ; CREATE A STRING COMPAIRON INSTRUCION ?????
0102++ 078B             ;;;;;;;;;;;;;;;;;;;;;;;;;;;;;;;;;;;;;;;;;;;;;;;;;;;;;;;;;;;;;;;;;;;;;;;;;;;;;;;;;;;;;;;;;;;;;;;;;;;;;;;;;;;;;;;;;;
0103++ 078B             strcmp:
0104++ 078B DB          	push al
0105++ 078C DA          	push d
0106++ 078D E3          	push di
0107++ 078E E2          	push si
0108++ 078F             strcmp_loop:
0109++ 078F F3          	cmpsb					; compare a byte of the strings
0110++ 0790 C7 9B 07    	jne strcmp_ret
0111++ 0793 FB FF FF    	lea d, [si +- 1]
0112++ 0796 BD 00       	cmp byte[d], 0				; check if at end of string (null)
0113++ 0798 C7 8F 07    	jne strcmp_loop				; equal chars but not at end
0114++ 079B             strcmp_ret:
0115++ 079B EF          	pop si
0116++ 079C F0          	pop di
0117++ 079D E7          	pop d
0118++ 079E E8          	pop al
0119++ 079F 09          	ret
0120++ 07A0             
0121++ 07A0             
0122++ 07A0             ; STRCPY
0123++ 07A0             ; copy null terminated string from SI to DI
0124++ 07A0             ; source in SI
0125++ 07A0             ; destination in DI
0126++ 07A0             strcpy:
0127++ 07A0 E2          	push si
0128++ 07A1 E3          	push di
0129++ 07A2 DB          	push al
0130++ 07A3             strcpy_L1:
0131++ 07A3 F6          	lodsb
0132++ 07A4 F7          	stosb
0133++ 07A5 B9 00       	cmp al, 0
0134++ 07A7 C7 A3 07    	jne strcpy_L1
0135++ 07AA             strcpy_end:
0136++ 07AA E8          	pop al
0137++ 07AB F0          	pop di
0138++ 07AC EF          	pop si
0139++ 07AD 09          	ret
0140++ 07AE             
0141++ 07AE             ; STRCAT
0142++ 07AE             ; concatenate a NULL terminated string into string at DI, from string at SI
0143++ 07AE             ; source in SI
0144++ 07AE             ; destination in DI
0145++ 07AE             strcat:
0146++ 07AE E2          	push si
0147++ 07AF E3          	push di
0148++ 07B0 D7          	push a
0149++ 07B1 DA          	push d
0150++ 07B2 50          	mov a, di
0151++ 07B3 3C          	mov d, a
0152++ 07B4             strcat_goto_end_L1:
0153++ 07B4 BD 00       	cmp byte[d], 0
0154++ 07B6 C6 BD 07    	je strcat_start
0155++ 07B9 79          	inc d
0156++ 07BA 0A B4 07    	jmp strcat_goto_end_L1
0157++ 07BD             strcat_start:
0158++ 07BD FD 50       	mov di, d
0159++ 07BF             strcat_L1:
0160++ 07BF F6          	lodsb
0161++ 07C0 F7          	stosb
0162++ 07C1 B9 00       	cmp al, 0
0163++ 07C3 C7 BF 07    	jne strcat_L1
0164++ 07C6             strcat_end:
0165++ 07C6 E7          	pop d
0166++ 07C7 E4          	pop a
0167++ 07C8 F0          	pop di
0168++ 07C9 EF          	pop si
0169++ 07CA 09          	ret
0005+  07CB             
0006+  07CB 30 31 32 33 s_hex_digits:	.db "0123456789ABCDEF"	
0006+  07CF 34 35 36 37 
0006+  07D3 38 39 41 42 
0006+  07D7 43 44 45 46 
0007+  07DB 1B 5B 32 4A s_telnet_clear:	.db 27, "[2J", 27, "[H", 0
0007+  07DF 1B 5B 48 00 
0008+  07E3             
0009+  07E3 01 00       table_power:.dw 1
0010+  07E5 0A 00       			.dw 10
0011+  07E7 64 00       			.dw 100
0012+  07E9 E8 03       			.dw 1000
0013+  07EB 10 27       			.dw 10000
0014+  07ED             
0015+  07ED             ;;;;;;;;;;;;;;;;;;;;;;;;;;;;;;;;;;;;;;;;;;;;;;;;;;;;;;;;;;;;;;;;;;;;;;;;;;;;;;;;;;;;;;;;;;;;;;;;;;;;;;;;;;;;;;;;;;
0016+  07ED             ; CONVERT ASCII 'O'..'F' TO INTEGER 0..15
0017+  07ED             ; ASCII in BL
0018+  07ED             ; result in AL
0019+  07ED             ; ascii for F = 0100 0110
0020+  07ED             ; ascii for 9 = 0011 1001
0021+  07ED             ;;;;;;;;;;;;;;;;;;;;;;;;;;;;;;;;;;;;;;;;;;;;;;;;;;;;;;;;;;;;;;;;;;;;;;;;;;;;;;;;;;;;;;;;;;;;;;;;;;;;;;;;;;;;;;;;;;
0022+  07ED             hex_ascii_encode:
0023+  07ED 1B          	mov al, bl
0024+  07EE 93 40       	test al, $40				; test if letter or number
0025+  07F0 C7 F6 07    	jnz hex_letter
0026+  07F3 87 0F       	and al, $0F				; get number
0027+  07F5 09          	ret
0028+  07F6             hex_letter:
0029+  07F6 87 0F       	and al, $0F				; get letter
0030+  07F8 6A 09       	add al, 9
0031+  07FA 09          	ret
0032+  07FB             
0033+  07FB             ;;;;;;;;;;;;;;;;;;;;;;;;;;;;;;;;;;;;;;;;;;;;;;;;;;;;;;;;;;;;;;;;;;;;;;;;;;;;;;;;;;;;;;;;;;;;;;;;;;;;;;;;;;;;;;;;;;
0034+  07FB             ; ATOI
0035+  07FB             ; 2 letter hex string in B
0036+  07FB             ; 8bit integer returned in AL
0037+  07FB             ;;;;;;;;;;;;;;;;;;;;;;;;;;;;;;;;;;;;;;;;;;;;;;;;;;;;;;;;;;;;;;;;;;;;;;;;;;;;;;;;;;;;;;;;;;;;;;;;;;;;;;;;;;;;;;;;;;
0038+  07FB             atoi:
0039+  07FB D8          	push b
0040+  07FC 07 ED 07    	call hex_ascii_encode			; convert BL to 4bit code in AL
0041+  07FF 30          	mov bl, bh
0042+  0800 DB          	push al					; save a
0043+  0801 07 ED 07    	call hex_ascii_encode
0044+  0804 EA          	pop bl	
0045+  0805 FD 9E 04    	shl al, 4
0046+  0808 8C          	or al, bl
0047+  0809 E5          	pop b
0048+  080A 09          	ret	
0049+  080B             
0050+  080B             
0051+  080B             ;;;;;;;;;;;;;;;;;;;;;;;;;;;;;;;;;;;;;;;;;;;;;;;;;;;;;;;;;;;;;;;;;;;;;;;;;;;;;;;;;;;;;;;;;;;;;;;;;;;;;;;;;;;;;;;;;;
0052+  080B             ; printf
0053+  080B             ; no need for explanations!
0054+  080B             ;;;;;;;;;;;;;;;;;;;;;;;;;;;;;;;;;;;;;;;;;;;;;;;;;;;;;;;;;;;;;;;;;;;;;;;;;;;;;;;;;;;;;;;;;;;;;;;;;;;;;;;;;;;;;;;;;;
0055+  080B             printf:
0056+  080B 09          	ret
0057+  080C             
0058+  080C             
0059+  080C             ;;;;;;;;;;;;;;;;;;;;;;;;;;;;;;;;;;;;;;;;;;;;;;;;;;;;;;;;;;;;;;;;;;;;;;;;;;;;;;;;;;;;;;;;;;;;;;;;;;;;;;;;;;;;;;;;;;
0060+  080C             ; scanf
0061+  080C             ; no need for explanations!
0062+  080C             ;;;;;;;;;;;;;;;;;;;;;;;;;;;;;;;;;;;;;;;;;;;;;;;;;;;;;;;;;;;;;;;;;;;;;;;;;;;;;;;;;;;;;;;;;;;;;;;;;;;;;;;;;;;;;;;;;;
0063+  080C             scanf:
0064+  080C 09          	ret
0065+  080D             
0066+  080D             ;;;;;;;;;;;;;;;;;;;;;;;;;;;;;;;;;;;;;;;;;;;;;;;;;;;;;;;;;;;;;;;;;;;;;;;;;;;;;;;;;;;;;;;;;;;;;;;;;;;;;;;;;;;;;;;;;;
0067+  080D             ; ITOA
0068+  080D             ; 8bit value in BL
0069+  080D             ; 2 byte ASCII result in A
0070+  080D             ;;;;;;;;;;;;;;;;;;;;;;;;;;;;;;;;;;;;;;;;;;;;;;;;;;;;;;;;;;;;;;;;;;;;;;;;;;;;;;;;;;;;;;;;;;;;;;;;;;;;;;;;;;;;;;;;;;
0071+  080D             itoa:
0072+  080D DA          	push d
0073+  080E D8          	push b
0074+  080F A7 00       	mov bh, 0
0075+  0811 FD A4 04    	shr bl, 4	
0076+  0814 74          	mov d, b
0077+  0815 1F CB 07    	mov al, [d + s_hex_digits]
0078+  0818 23          	mov ah, al
0079+  0819             	
0080+  0819 E5          	pop b
0081+  081A D8          	push b
0082+  081B A7 00       	mov bh, 0
0083+  081D FD 87 0F    	and bl, $0F
0084+  0820 74          	mov d, b
0085+  0821 1F CB 07    	mov al, [d + s_hex_digits]
0086+  0824 E5          	pop b
0087+  0825 E7          	pop d
0088+  0826 09          	ret
0089+  0827             
0090+  0827             ;;;;;;;;;;;;;;;;;;;;;;;;;;;;;;;;;;;;;;;;;;;;;;;;;;;;;;;;;;;;;;;;;;;;;;;;;;;;;;;;;;;;;;;;;;;;;;;;;;;;;;;;;;;;;;;;;;
0091+  0827             ; HEX STRING TO BINARY
0092+  0827             ; di = destination address
0093+  0827             ; si = source
0094+  0827             ;;;;;;;;;;;;;;;;;;;;;;;;;;;;;;;;;;;;;;;;;;;;;;;;;;;;;;;;;;;;;;;;;;;;;;;;;;;;;;;;;;;;;;;;;;;;;;;;;;;;;;;;;;;;;;;;;;
0095+  0827             hex_to_int:
0096+  0827             hex_to_int_L1:
0097+  0827 F6          	lodsb					; load from [SI] to AL
0098+  0828 B9 00       	cmp al, 0				; check if ASCII 0
0099+  082A C6 37 08    	jz hex_to_int_ret
0100+  082D 36          	mov bh, al
0101+  082E F6          	lodsb
0102+  082F 2F          	mov bl, al
0103+  0830 07 FB 07    	call atoi				; convert ASCII byte in B to int (to AL)
0104+  0833 F7          	stosb					; store AL to [DI]
0105+  0834 0A 27 08    	jmp hex_to_int_L1
0106+  0837             hex_to_int_ret:
0107+  0837 09          	ret		
0108+  0838             
0109+  0838             
0110+  0838             
0111+  0838             ;;;;;;;;;;;;;;;;;;;;;;;;;;;;;;;;;;;;;;;;;;;;;;;;;;;;;;;;;;;;;;;;;;;;;;;;;;;;;;;;;;;;;;;;;;;;;;;;;;;;;;;;;;;;;;;;;;
0112+  0838             ; GETCHAR
0113+  0838             ; char in ah
0114+  0838             ;;;;;;;;;;;;;;;;;;;;;;;;;;;;;;;;;;;;;;;;;;;;;;;;;;;;;;;;;;;;;;;;;;;;;;;;;;;;;;;;;;;;;;;;;;;;;;;;;;;;;;;;;;;;;;;;;;
0115+  0838             getchar:
0116+  0838 DB          	push al
0117+  0839             getchar_retry:
0118+  0839 FD 0C       	sti
0119+  083B 19 01       	mov al, 1
0120+  083D 05 03       	syscall sys_io			; receive in AH
0121+  083F B9 00       	cmp al, 0			; check if any char was receive
0122+  0841 C6 39 08    	je getchar_retry
0123+  0844 E8          	pop al
0124+  0845 09          	ret
0125+  0846             
0126+  0846             ;;;;;;;;;;;;;;;;;;;;;;;;;;;;;;;;;;;;;;;;;;;;;;;;;;;;;;;;;;;;;;;;;;;;;;;;;;;;;;;;;;;;;;;;;;;;;;;;;;;;;;;;;;;;;;;;;;
0127+  0846             ; PUTCHAR
0128+  0846             ; char in ah
0129+  0846             ;;;;;;;;;;;;;;;;;;;;;;;;;;;;;;;;;;;;;;;;;;;;;;;;;;;;;;;;;;;;;;;;;;;;;;;;;;;;;;;;;;;;;;;;;;;;;;;;;;;;;;;;;;;;;;;;;;
0130+  0846             putchar:
0131+  0846 D7          	push a
0132+  0847 19 00       	mov al, 0
0133+  0849 05 03       	syscall sys_io			; char in AH
0134+  084B E4          	pop a
0135+  084C 09          	ret
0136+  084D             
0137+  084D             ;;;;;;;;;;;;;;;;;;;;;;;;;;;;;;;;;;;;;;;;;;;;;;;;;;;;;;;;;;;;;;;;;;;;;;;;;;;;;;;;;;;;;;;;;;;;;;;;;;;;;;;;;;;;;;;;;;
0138+  084D             ;; INPUT A STRING
0139+  084D             ;; terminates with null
0140+  084D             ;; pointer in D
0141+  084D             ;;;;;;;;;;;;;;;;;;;;;;;;;;;;;;;;;;;;;;;;;;;;;;;;;;;;;;;;;;;;;;;;;;;;;;;;;;;;;;;;;;;;;;;;;;;;;;;;;;;;;;;;;;;;;;;;;;
0142+  084D             gets:
0143+  084D D7          	push a
0144+  084E DA          	push d
0145+  084F             gets_loop:
0146+  084F FD 0C       	sti
0147+  0851 19 01       	mov al, 1
0148+  0853 05 03       	syscall sys_io			; receive in AH
0149+  0855 B9 00       	cmp al, 0				; check error code (AL)
0150+  0857 C6 4F 08    	je gets_loop			; if no char received, retry
0151+  085A             
0152+  085A 76 1B       	cmp ah, 27
0153+  085C C6 7D 08    	je gets_telnet_escape
0154+  085F 76 0A       	cmp ah, $0A				; LF
0155+  0861 C6 D6 08    	je gets_end
0156+  0864 76 0D       	cmp ah, $0D				; CR
0157+  0866 C6 D6 08    	je gets_end
0158+  0869 76 5C       	cmp ah, $5C				; '\\'
0159+  086B C6 AD 08    	je gets_escape
0160+  086E             	
0161+  086E 76 08       	cmp ah, $08			; check for backspace
0162+  0870 C6 79 08    	je gets_backspace
0163+  0873             
0164+  0873 1A          	mov al, ah
0165+  0874 3E          	mov [d], al
0166+  0875 79          	inc d
0167+  0876 0A 4F 08    	jmp gets_loop
0168+  0879             gets_backspace:
0169+  0879 7F          	dec d
0170+  087A 0A 4F 08    	jmp gets_loop
0171+  087D             gets_telnet_escape:
0172+  087D FD 0C       	sti
0173+  087F 19 01       	mov al, 1
0174+  0881 05 03       	syscall sys_io				; receive in AH without echo
0175+  0883 B9 00       	cmp al, 0					; check error code (AL)
0176+  0885 C6 7D 08    	je gets_telnet_escape		; if no char received, retry
0177+  0888 76 5B       	cmp ah, '['
0178+  088A C7 4F 08    	jne gets_loop
0179+  088D             gets_telnet_escape_phase2:
0180+  088D FD 0C       	sti
0181+  088F 19 01       	mov al, 1
0182+  0891 05 03       	syscall sys_io					; receive in AH without echo
0183+  0893 B9 00       	cmp al, 0						; check error code (AL)
0184+  0895 C6 8D 08    	je gets_telnet_escape_phase2	; if no char received, retry
0185+  0898 76 44       	cmp ah, 'D'
0186+  089A C6 A5 08    	je gets_left_arrow
0187+  089D 76 43       	cmp ah, 'C'
0188+  089F C6 A9 08    	je gets_right_arrow
0189+  08A2 0A 4F 08    	jmp gets_loop
0190+  08A5             gets_left_arrow:
0191+  08A5 7F          	dec d
0192+  08A6 0A 4F 08    	jmp gets_loop
0193+  08A9             gets_right_arrow:
0194+  08A9 79          	inc d
0195+  08AA 0A 4F 08    	jmp gets_loop
0196+  08AD             gets_escape:
0197+  08AD FD 0C       	sti
0198+  08AF 19 01       	mov al, 1
0199+  08B1 05 03       	syscall sys_io			; receive in AH
0200+  08B3 B9 00       	cmp al, 0				; check error code (AL)
0201+  08B5 C6 AD 08    	je gets_escape			; if no char received, retry
0202+  08B8 76 6E       	cmp ah, 'n'
0203+  08BA C6 C8 08    	je gets_LF
0204+  08BD 76 72       	cmp ah, 'r'
0205+  08BF C6 CF 08    	je gets_CR
0206+  08C2 1A          	mov al, ah				; if not a known escape, it is just a normal letter
0207+  08C3 3E          	mov [d], al
0208+  08C4 79          	inc d
0209+  08C5 0A 4F 08    	jmp gets_loop
0210+  08C8             gets_LF:
0211+  08C8 19 0A       	mov al, $0A
0212+  08CA 3E          	mov [d], al
0213+  08CB 79          	inc d
0214+  08CC 0A 4F 08    	jmp gets_loop
0215+  08CF             gets_CR:
0216+  08CF 19 0D       	mov al, $0D
0217+  08D1 3E          	mov [d], al
0218+  08D2 79          	inc d
0219+  08D3 0A 4F 08    	jmp gets_loop
0220+  08D6             gets_end:
0221+  08D6 19 00       	mov al, 0
0222+  08D8 3E          	mov [d], al				; terminate string
0223+  08D9 E7          	pop d
0224+  08DA E4          	pop a
0225+  08DB 09          	ret
0226+  08DC             
0227+  08DC             
0228+  08DC             
0229+  08DC             
0230+  08DC             ;;;;;;;;;;;;;;;;;;;;;;;;;;;;;;;;;;;;;;;;;;;;;;;;;;;;;;;;;;;;;;;;;;;;;;;;;;;;;;;;;;;;;;;;;;;;;;;;;;;;;;;;;;;;;;;;;;
0231+  08DC             ;; INPUT TEXT
0232+  08DC             ;; terminated with CTRL+D
0233+  08DC             ;; pointer in D
0234+  08DC             ;;;;;;;;;;;;;;;;;;;;;;;;;;;;;;;;;;;;;;;;;;;;;;;;;;;;;;;;;;;;;;;;;;;;;;;;;;;;;;;;;;;;;;;;;;;;;;;;;;;;;;;;;;;;;;;;;;
0235+  08DC             gettxt:
0236+  08DC D7          	push a
0237+  08DD DA          	push d
0238+  08DE             gettxt_loop:
0239+  08DE 19 01       	mov al, 1
0240+  08E0 05 03       	syscall sys_io			; receive in AH
0241+  08E2 B9 00       	cmp al, 0				; check error code (AL)
0242+  08E4 C6 DE 08    	je gettxt_loop		; if no char received, retry
0243+  08E7 76 04       	cmp ah, 4			; EOT
0244+  08E9 C6 27 09    	je gettxt_end
0245+  08EC 76 08       	cmp ah, $08			; check for backspace
0246+  08EE C6 23 09    	je gettxt_backspace
0247+  08F1 76 5C       	cmp ah, $5C				; '\\'
0248+  08F3 C6 FC 08    	je gettxt_escape
0249+  08F6 1A          	mov al, ah
0250+  08F7 3E          	mov [d], al
0251+  08F8 79          	inc d
0252+  08F9 0A DE 08    	jmp gettxt_loop
0253+  08FC             gettxt_escape:
0254+  08FC 19 01       	mov al, 1
0255+  08FE 05 03       	syscall sys_io			; receive in AH
0256+  0900 B9 00       	cmp al, 0				; check error code (AL)
0257+  0902 C6 FC 08    	je gettxt_escape		; if no char received, retry
0258+  0905 76 6E       	cmp ah, 'n'
0259+  0907 C6 15 09    	je gettxt_LF
0260+  090A 76 72       	cmp ah, 'r'
0261+  090C C6 1C 09    	je gettxt_CR
0262+  090F 1A          	mov al, ah				; if not a known escape, it is just a normal letter
0263+  0910 3E          	mov [d], al
0264+  0911 79          	inc d
0265+  0912 0A DE 08    	jmp gettxt_loop
0266+  0915             gettxt_LF:
0267+  0915 19 0A       	mov al, $0A
0268+  0917 3E          	mov [d], al
0269+  0918 79          	inc d
0270+  0919 0A DE 08    	jmp gettxt_loop
0271+  091C             gettxt_CR:
0272+  091C 19 0D       	mov al, $0D
0273+  091E 3E          	mov [d], al
0274+  091F 79          	inc d
0275+  0920 0A DE 08    	jmp gettxt_loop
0276+  0923             gettxt_backspace:
0277+  0923 7F          	dec d
0278+  0924 0A DE 08    	jmp gettxt_loop
0279+  0927             gettxt_end:
0280+  0927 19 00       	mov al, 0
0281+  0929 3E          	mov [d], al				; terminate string
0282+  092A E7          	pop d
0283+  092B E4          	pop a
0284+  092C 09          	ret
0285+  092D             
0286+  092D             ;;;;;;;;;;;;;;;;;;;;;;;;;;;;;;;;;;;;;;;;;;;;;;;;;;;;;;;;;;;;;;;;;;;;;;;;;;;;;;;;;;;;;;;;;;;;;;;;;;;;;;;;;;;;;;;;;;
0287+  092D             ; PRINT NEW LINE
0288+  092D             ;;;;;;;;;;;;;;;;;;;;;;;;;;;;;;;;;;;;;;;;;;;;;;;;;;;;;;;;;;;;;;;;;;;;;;;;;;;;;;;;;;;;;;;;;;;;;;;;;;;;;;;;;;;;;;;;;;
0289+  092D             printnl:
0290+  092D D7          	push a
0291+  092E 10 00 0A    	mov a, $0A00
0292+  0931 05 03       	syscall sys_io
0293+  0933 10 00 0D    	mov a, $0D00
0294+  0936 05 03       	syscall sys_io
0295+  0938 E4          	pop a
0296+  0939 09          	ret
0297+  093A             
0298+  093A             ;;;;;;;;;;;;;;;;;;;;;;;;;;;;;;;;;;;;;;;;;;;;;;;;;;;;;;;;;;;;;;;;;;;;;;;;;;;;;;;;;;;;;;;;;;;;;;;;;;;;;;;;;;;;;;;;;;
0299+  093A             ; strtoint
0300+  093A             ; 4 digit hex string number in d
0301+  093A             ; integer returned in A
0302+  093A             ;;;;;;;;;;;;;;;;;;;;;;;;;;;;;;;;;;;;;;;;;;;;;;;;;;;;;;;;;;;;;;;;;;;;;;;;;;;;;;;;;;;;;;;;;;;;;;;;;;;;;;;;;;;;;;;;;;
0303+  093A             strtointx:
0304+  093A D8          	push b
0305+  093B 32          	mov bl, [d]
0306+  093C 37          	mov bh, bl
0307+  093D 33 01 00    	mov bl, [d + 1]
0308+  0940 07 FB 07    	call atoi				; convert to int in AL
0309+  0943 23          	mov ah, al				; move to AH
0310+  0944 33 02 00    	mov bl, [d + 2]
0311+  0947 37          	mov bh, bl
0312+  0948 33 03 00    	mov bl, [d + 3]
0313+  094B 07 FB 07    	call atoi				; convert to int in AL
0314+  094E E5          	pop b
0315+  094F 09          	ret
0316+  0950             
0317+  0950             ;;;;;;;;;;;;;;;;;;;;;;;;;;;;;;;;;;;;;;;;;;;;;;;;;;;;;;;;;;;;;;;;;;;;;;;;;;;;;;;;;;;;;;;;;;;;;;;;;;;;;;;;;;;;;;;;;;
0318+  0950             ; strtoint
0319+  0950             ; 5 digit base10 string number in d
0320+  0950             ; integer returned in A
0321+  0950             ;;;;;;;;;;;;;;;;;;;;;;;;;;;;;;;;;;;;;;;;;;;;;;;;;;;;;;;;;;;;;;;;;;;;;;;;;;;;;;;;;;;;;;;;;;;;;;;;;;;;;;;;;;;;;;;;;;
0322+  0950             strtoint:
0323+  0950 E2          	push si
0324+  0951 D8          	push b
0325+  0952 D9          	push c
0326+  0953 DA          	push d
0327+  0954 07 7B 07    	call strlen			; get string length in C
0328+  0957 7E          	dec c
0329+  0958 FD 4E       	mov si, d
0330+  095A 12          	mov a, c
0331+  095B FD 99       	shl a
0332+  095D 3B E3 07    	mov d, table_power
0333+  0960 59          	add d, a
0334+  0961 38 00 00    	mov c, 0
0335+  0964             strtoint_L0:
0336+  0964 F6          	lodsb			; load ASCII to al
0337+  0965 B9 00       	cmp al, 0
0338+  0967 C6 7A 09    	je strtoint_end
0339+  096A 6F 30       	sub al, $30		; make into integer
0340+  096C 22 00       	mov ah, 0
0341+  096E 2A          	mov b, [d]
0342+  096F AC          	mul a, b			; result in B since it fits in 16bits
0343+  0970 11          	mov a, b
0344+  0971 28          	mov b, c
0345+  0972 54          	add a, b
0346+  0973 39          	mov c, a
0347+  0974 63 02 00    	sub d, 2
0348+  0977 0A 64 09    	jmp strtoint_L0
0349+  097A             strtoint_end:
0350+  097A 12          	mov a, c
0351+  097B E7          	pop d
0352+  097C E6          	pop c
0353+  097D E5          	pop b
0354+  097E EF          	pop si
0355+  097F 09          	ret
0356+  0980             
0357+  0980             
0358+  0980             ;;;;;;;;;;;;;;;;;;;;;;;;;;;;;;;;;;;;;;;;;;;;;;;;;;;;;;;;;;;;;;;;;;;;;;;;;;;;;;;;;;;;;;;;;;;;;;;;;;;;;;;;;;;;;;;;;;
0359+  0980             ; PRINT NULL TERMINATED STRING
0360+  0980             ; pointer in D
0361+  0980             ;;;;;;;;;;;;;;;;;;;;;;;;;;;;;;;;;;;;;;;;;;;;;;;;;;;;;;;;;;;;;;;;;;;;;;;;;;;;;;;;;;;;;;;;;;;;;;;;;;;;;;;;;;;;;;;;;;
0362+  0980             puts:
0363+  0980 D7          	push a
0364+  0981 DA          	push d
0365+  0982             puts_L1:
0366+  0982 1E          	mov al, [d]
0367+  0983 B9 00       	cmp al, 0
0368+  0985 C6 91 09    	jz puts_END
0369+  0988 23          	mov ah, al
0370+  0989 19 00       	mov al, 0
0371+  098B 05 03       	syscall sys_io
0372+  098D 79          	inc d
0373+  098E 0A 82 09    	jmp puts_L1
0374+  0991             puts_END:
0375+  0991 E7          	pop d
0376+  0992 E4          	pop a
0377+  0993 09          	ret
0378+  0994             
0379+  0994             ;;;;;;;;;;;;;;;;;;;;;;;;;;;;;;;;;;;;;;;;;;;;;;;;;;;;;;;;;;;;;;;;;;;;;;;;;;;;;;;;;;;;;;;;;;;;;;;;;;;;;;;;;;;;;;;;;;
0380+  0994             ; PRINT N SIZE STRING
0381+  0994             ; pointer in D
0382+  0994             ; size in C
0383+  0994             ;;;;;;;;;;;;;;;;;;;;;;;;;;;;;;;;;;;;;;;;;;;;;;;;;;;;;;;;;;;;;;;;;;;;;;;;;;;;;;;;;;;;;;;;;;;;;;;;;;;;;;;;;;;;;;;;;;
0384+  0994             putsn:
0385+  0994 DB          	push al
0386+  0995 DA          	push d
0387+  0996 D9          	push c
0388+  0997             putsn_L0:
0389+  0997 1E          	mov al, [d]
0390+  0998 23          	mov ah, al
0391+  0999 19 00       	mov al, 0
0392+  099B 05 03       	syscall sys_io
0393+  099D 79          	inc d
0394+  099E 7E          	dec c	
0395+  099F C2 00 00    	cmp c, 0
0396+  09A2 C7 97 09    	jne putsn_L0
0397+  09A5             putsn_end:
0398+  09A5 E6          	pop c
0399+  09A6 E7          	pop d
0400+  09A7 E8          	pop al
0401+  09A8 09          	ret
0402+  09A9             
0403+  09A9             ;;;;;;;;;;;;;;;;;;;;;;;;;;;;;;;;;;;;;;;;;;;;;;;;;;;;;;;;;;;;;;;;;;;;;;;;;;;;;;;;;;;;;;;
0404+  09A9             ; print 16bit decimal number
0405+  09A9             ; input number in A
0406+  09A9             ;;;;;;;;;;;;;;;;;;;;;;;;;;;;;;;;;;;;;;;;;;;;;;;;;;;;;;;;;;;;;;;;;;;;;;;;;;;;;;;;;;;;;;;
0407+  09A9             print_u16d:
0408+  09A9 D7          	push a
0409+  09AA D8          	push b
0410+  09AB 26 10 27    	mov b, 10000
0411+  09AE AE          	div a, b			; get 10000's coeff.
0412+  09AF 07 D1 09    	call print_number
0413+  09B2 11          	mov a, b
0414+  09B3 26 E8 03    	mov b, 1000
0415+  09B6 AE          	div a, b			; get 1000's coeff.
0416+  09B7 07 D1 09    	call print_number
0417+  09BA 11          	mov a, b
0418+  09BB 26 64 00    	mov b, 100
0419+  09BE AE          	div a, b
0420+  09BF 07 D1 09    	call print_number
0421+  09C2 11          	mov a, b
0422+  09C3 26 0A 00    	mov b, 10
0423+  09C6 AE          	div a, b
0424+  09C7 07 D1 09    	call print_number
0425+  09CA 1B          	mov al, bl			; 1's coeff in bl
0426+  09CB 07 D1 09    	call print_number
0427+  09CE E5          	pop b
0428+  09CF E4          	pop a
0429+  09D0 09          	ret
0430+  09D1             
0431+  09D1             ;;;;;;;;;;;;;;;;;;;;;;;;;;;;;;;;;;;;;;;;;;;;;;;;;;;;;;;;;;;;;;;;;;;;;;;;;;;;;;;;;;;;;;;
0432+  09D1             ; print AL
0433+  09D1             ;;;;;;;;;;;;;;;;;;;;;;;;;;;;;;;;;;;;;;;;;;;;;;;;;;;;;;;;;;;;;;;;;;;;;;;;;;;;;;;;;;;;;;;
0434+  09D1             print_number:
0435+  09D1 6A 30       	add al, $30
0436+  09D3 23          	mov ah, al
0437+  09D4 07 46 08    	call putchar
0438+  09D7 09          	ret
0439+  09D8             
0440+  09D8             ;;;;;;;;;;;;;;;;;;;;;;;;;;;;;;;;;;;;;;;;;;;;;;;;;;;;;;;;;;;;;;;;;;;;;;;;;;;;;;;;;;;;;;;;;;;;;;;;;;;;;;;;;;;;;;;;;;
0441+  09D8             ; PRINT 16BIT HEX INTEGER
0442+  09D8             ; integer value in reg B
0443+  09D8             ;;;;;;;;;;;;;;;;;;;;;;;;;;;;;;;;;;;;;;;;;;;;;;;;;;;;;;;;;;;;;;;;;;;;;;;;;;;;;;;;;;;;;;;;;;;;;;;;;;;;;;;;;;;;;;;;;;
0444+  09D8             print_u16x:
0445+  09D8 D7          	push a
0446+  09D9 D8          	push b
0447+  09DA DD          	push bl
0448+  09DB 30          	mov bl, bh
0449+  09DC 07 0D 08    	call itoa				; convert bh to char in A
0450+  09DF 2F          	mov bl, al				; save al
0451+  09E0 19 00       	mov al, 0
0452+  09E2 05 03       	syscall sys_io				; display AH
0453+  09E4 24          	mov ah, bl				; retrieve al
0454+  09E5 19 00       	mov al, 0
0455+  09E7 05 03       	syscall sys_io				; display AL
0456+  09E9             
0457+  09E9 EA          	pop bl
0458+  09EA 07 0D 08    	call itoa				; convert bh to char in A
0459+  09ED 2F          	mov bl, al				; save al
0460+  09EE 19 00       	mov al, 0
0461+  09F0 05 03       	syscall sys_io				; display AH
0462+  09F2 24          	mov ah, bl				; retrieve al
0463+  09F3 19 00       	mov al, 0
0464+  09F5 05 03       	syscall sys_io				; display AL
0465+  09F7             
0466+  09F7 E5          	pop b
0467+  09F8 E4          	pop a
0468+  09F9 09          	ret
0469+  09FA             
0470+  09FA             ;;;;;;;;;;;;;;;;;;;;;;;;;;;;;;;;;;;;;;;;;;;;;;;;;;;;;;;;;;;;;;;;;;;;;;;;;;;;;;;;;;;;;;;;;;;;;;;;;;;;;;;;;;;;;;;;;;
0471+  09FA             ; INPUT 16BIT HEX INTEGER
0472+  09FA             ; read 16bit integer into A
0473+  09FA             ;;;;;;;;;;;;;;;;;;;;;;;;;;;;;;;;;;;;;;;;;;;;;;;;;;;;;;;;;;;;;;;;;;;;;;;;;;;;;;;;;;;;;;;;;;;;;;;;;;;;;;;;;;;;;;;;;;
0474+  09FA             scan_u16x:
0475+  09FA F8 10 00    	enter 16
0476+  09FD D8          	push b
0477+  09FE DA          	push d
0478+  09FF             
0479+  09FF FA F1 FF    	lea d, [bp + -15]
0480+  0A02 07 4D 08    	call gets				; get number
0481+  0A05             
0482+  0A05 32          	mov bl, [d]
0483+  0A06 37          	mov bh, bl
0484+  0A07 33 01 00    	mov bl, [d + 1]
0485+  0A0A 07 FB 07    	call atoi				; convert to int in AL
0486+  0A0D 23          	mov ah, al				; move to AH
0487+  0A0E             
0488+  0A0E 33 02 00    	mov bl, [d + 2]
0489+  0A11 37          	mov bh, bl
0490+  0A12 33 03 00    	mov bl, [d + 3]
0491+  0A15 07 FB 07    	call atoi				; convert to int in AL
0492+  0A18             
0493+  0A18 E7          	pop d
0494+  0A19 E5          	pop b
0495+  0A1A F9          	leave
0496+  0A1B 09          	ret
0497+  0A1C             
0498+  0A1C             ;;;;;;;;;;;;;;;;;;;;;;;;;;;;;;;;;;;;;;;;;;;;;;;;;;;;;;;;;;;;;;;;;;;;;;;;;;;;;;;;;;;;;;;;;;;;;;;;;;;;;;;;;;;;;;;;;;
0499+  0A1C             ; PRINT 8bit HEX INTEGER
0500+  0A1C             ; integer value in reg bl
0501+  0A1C             ;;;;;;;;;;;;;;;;;;;;;;;;;;;;;;;;;;;;;;;;;;;;;;;;;;;;;;;;;;;;;;;;;;;;;;;;;;;;;;;;;;;;;;;;;;;;;;;;;;;;;;;;;;;;;;;;;;
0502+  0A1C             print_u8x:
0503+  0A1C D7          	push a
0504+  0A1D DD          	push bl
0505+  0A1E             
0506+  0A1E 07 0D 08    	call itoa				; convert bl to char in A
0507+  0A21 2F          	mov bl, al				; save al
0508+  0A22 19 00       	mov al, 0
0509+  0A24 05 03       	syscall sys_io				; display AH
0510+  0A26 24          	mov ah, bl				; retrieve al
0511+  0A27 19 00       	mov al, 0
0512+  0A29 05 03       	syscall sys_io				; display AL
0513+  0A2B             
0514+  0A2B EA          	pop bl
0515+  0A2C E4          	pop a
0516+  0A2D 09          	ret
0517+  0A2E             
0518+  0A2E             ;;;;;;;;;;;;;;;;;;;;;;;;;;;;;;;;;;;;;;;;;;;;;;;;;;;;;;;;;;;;;;;;;;;;;;;;;;;;;;;;;;;;;;;
0519+  0A2E             ; print 8bit decimal unsigned number
0520+  0A2E             ; input number in AL
0521+  0A2E             ;;;;;;;;;;;;;;;;;;;;;;;;;;;;;;;;;;;;;;;;;;;;;;;;;;;;;;;;;;;;;;;;;;;;;;;;;;;;;;;;;;;;;;;
0522+  0A2E             print_u8d:
0523+  0A2E D7          	push a
0524+  0A2F D8          	push b
0525+  0A30             
0526+  0A30 22 00       	mov ah, 0
0527+  0A32 26 64 00    	mov b, 100
0528+  0A35 AE          	div a, b
0529+  0A36 D8          	push b			; save remainder
0530+  0A37 B9 00       	cmp al, 0
0531+  0A39 C6 43 0A    	je skip100
0532+  0A3C 6A 30       	add al, $30
0533+  0A3E 23          	mov ah, al
0534+  0A3F 19 00       	mov al, 0
0535+  0A41 05 03       	syscall sys_io	; print coeff
0536+  0A43             skip100:
0537+  0A43 E4          	pop a
0538+  0A44 22 00       	mov ah, 0
0539+  0A46 26 0A 00    	mov b, 10
0540+  0A49 AE          	div a, b
0541+  0A4A D8          	push b			; save remainder
0542+  0A4B B9 00       	cmp al, 0
0543+  0A4D C6 57 0A    	je skip10
0544+  0A50 6A 30       	add al, $30
0545+  0A52 23          	mov ah, al
0546+  0A53 19 00       	mov al, 0
0547+  0A55 05 03       	syscall sys_io	; print coeff
0548+  0A57             skip10:
0549+  0A57 E4          	pop a
0550+  0A58 1B          	mov al, bl
0551+  0A59 6A 30       	add al, $30
0552+  0A5B 23          	mov ah, al
0553+  0A5C 19 00       	mov al, 0
0554+  0A5E 05 03       	syscall sys_io	; print coeff
0555+  0A60 E5          	pop b
0556+  0A61 E4          	pop a
0557+  0A62 09          	ret
0558+  0A63             
0559+  0A63             ;;;;;;;;;;;;;;;;;;;;;;;;;;;;;;;;;;;;;;;;;;;;;;;;;;;;;;;;;;;;;;;;;;;;;;;;;;;;;;;;;;;;;;;;;;;;;;;;;;;;;;;;;;;;;;;;;;
0560+  0A63             ; INPUT 8BIT HEX INTEGER
0561+  0A63             ; read 8bit integer into AL
0562+  0A63             ;;;;;;;;;;;;;;;;;;;;;;;;;;;;;;;;;;;;;;;;;;;;;;;;;;;;;;;;;;;;;;;;;;;;;;;;;;;;;;;;;;;;;;;;;;;;;;;;;;;;;;;;;;;;;;;;;;
0563+  0A63             scan_u8x:
0564+  0A63 F8 04 00    	enter 4
0565+  0A66 D8          	push b
0566+  0A67 DA          	push d
0567+  0A68             
0568+  0A68 FA FD FF    	lea d, [bp + -3]
0569+  0A6B 07 4D 08    	call gets				; get number
0570+  0A6E             
0571+  0A6E 32          	mov bl, [d]
0572+  0A6F 37          	mov bh, bl
0573+  0A70 33 01 00    	mov bl, [d + 1]
0574+  0A73 07 FB 07    	call atoi				; convert to int in AL
0575+  0A76             
0576+  0A76 E7          	pop d
0577+  0A77 E5          	pop b
0578+  0A78 F9          	leave
0579+  0A79 09          	ret
0580+  0A7A             
0581+  0A7A             ;;;;;;;;;;;;;;;;;;;;;;;;;;;;;;;;;;;;;;;;;;;;;;;;;;;;;;;;;;;;;;;;;;;;;;;;;;;;;;;;;;;;;;;
0582+  0A7A             ; input decimal number
0583+  0A7A             ; result in A
0584+  0A7A             ; 655'\0'
0585+  0A7A             ; low--------high
0586+  0A7A             ;;;;;;;;;;;;;;;;;;;;;;;;;;;;;;;;;;;;;;;;;;;;;;;;;;;;;;;;;;;;;;;;;;;;;;;;;;;;;;;;;;;;;;;
0587+  0A7A             scan_u16d:
0588+  0A7A F8 08 00    	enter 8
0589+  0A7D E2          	push si
0590+  0A7E D8          	push b
0591+  0A7F D9          	push c
0592+  0A80 DA          	push d
0593+  0A81 FA F9 FF    	lea d, [bp +- 7]
0594+  0A84 07 4D 08    	call gets
0595+  0A87 07 7B 07    	call strlen			; get string length in C
0596+  0A8A 7E          	dec c
0597+  0A8B FD 4E       	mov si, d
0598+  0A8D 12          	mov a, c
0599+  0A8E FD 99       	shl a
0600+  0A90 3B E3 07    	mov d, table_power
0601+  0A93 59          	add d, a
0602+  0A94 38 00 00    	mov c, 0
0603+  0A97             mul_loop:
0604+  0A97 F6          	lodsb			; load ASCII to al
0605+  0A98 B9 00       	cmp al, 0
0606+  0A9A C6 AD 0A    	je mul_exit
0607+  0A9D 6F 30       	sub al, $30		; make into integer
0608+  0A9F 22 00       	mov ah, 0
0609+  0AA1 2A          	mov b, [d]
0610+  0AA2 AC          	mul a, b			; result in B since it fits in 16bits
0611+  0AA3 11          	mov a, b
0612+  0AA4 28          	mov b, c
0613+  0AA5 54          	add a, b
0614+  0AA6 39          	mov c, a
0615+  0AA7 63 02 00    	sub d, 2
0616+  0AAA 0A 97 0A    	jmp mul_loop
0617+  0AAD             mul_exit:
0618+  0AAD 12          	mov a, c
0619+  0AAE E7          	pop d
0620+  0AAF E6          	pop c
0621+  0AB0 E5          	pop b
0622+  0AB1 EF          	pop si
0623+  0AB2 F9          	leave
0624+  0AB3 09          	ret
0016   0AB4             .include "ctype.asm"
0001+  0AB4             ;;;;;;;;;;;;;;;;;;;;;;;;;;;;;;;;;;;;;;;;;;;;;;;;;;;;;;;;;;;;;;;;;;;;;;;;;;;;;;;;;;;;;;;;;;;;;;;;;;;;;;;;;;;;;;;;;;
0002+  0AB4             ; ctype.s
0003+  0AB4             ;;;;;;;;;;;;;;;;;;;;;;;;;;;;;;;;;;;;;;;;;;;;;;;;;;;;;;;;;;;;;;;;;;;;;;;;;;;;;;;;;;;;;;;;;;;;;;;;;;;;;;;;;;;;;;;;;;
0004+  0AB4             
0005+  0AB4             ;;;;;;;;;;;;;;;;;;;;;;;;;;;;;;;;;;;;;;;;;;;;;;;;;;;;;;;;;;;;;;;;;;;;;;;;;;;;;;;;;;;;;;;;;;;;;;;;;;;;;;;;;;;;;;;;;;
0006+  0AB4             ;; C character classification is an operation provided by a group of functions in the ANSI C Standard Library
0007+  0AB4             ;; for the C programming language. These functions are used to test characters for membership in a particular
0008+  0AB4             ;; class of characters, such as alphabetic characters, control characters, etc. Both single-byte, and wide
0009+  0AB4             ;; characters are supported.
0010+  0AB4             ;;;;;;;;;;;;;;;;;;;;;;;;;;;;;;;;;;;;;;;;;;;;;;;;;;;;;;;;;;;;;;;;;;;;;;;;;;;;;;;;;;;;;;;;;;;;;;;;;;;;;;;;;;;;;;;;;;
0011+  0AB4             ;; isalnum 
0012+  0AB4             ;; isalpha 
0013+  0AB4             ;; islower 
0014+  0AB4             ;; isupper 
0015+  0AB4             ;; isdigit 
0016+  0AB4             ;; isxdigit
0017+  0AB4             ;; iscntrl 
0018+  0AB4             ;; isgraph 
0019+  0AB4             ;; isspace 
0020+  0AB4             ;; isblank 
0021+  0AB4             ;; isprint 
0022+  0AB4             ;; ispunct 
0023+  0AB4             ;; tolower 
0024+  0AB4             ;; toupper
0025+  0AB4             
0026+  0AB4             
0027+  0AB4             ;;;;;;;;;;;;;;;;;;;;;;;;;;;;;;;;;;;;;;;;;;;;;;;;;;;;;;;;;;;;;;;;;;;;;;;;;;;;;;;;;;
0028+  0AB4             ;; IS ALPHANUMERIC
0029+  0AB4             ;; sets ZF according with result
0030+  0AB4             ;;;;;;;;;;;;;;;;;;;;;;;;;;;;;;;;;;;;;;;;;;;;;;;;;;;;;;;;;;;;;;;;;;;;;;;;;;;;;;;;;;
0031+  0AB4             isalnum:
0032+  0AB4 07 D1 0A    	call isalpha
0033+  0AB7 C6 BD 0A    	je isalnum_exit
0034+  0ABA 07 BE 0A    	call isdigit
0035+  0ABD             isalnum_exit:
0036+  0ABD 09          	ret	
0037+  0ABE             ;;;;;;;;;;;;;;;;;;;;;;;;;;;;;;;;;;;;;;;;;;;;;;;;;;;;;;;;;;;;;;;;;;;;;;;;;;;;;;;;;;
0038+  0ABE             ;; IS DIGIT
0039+  0ABE             ;; sets ZF according with result
0040+  0ABE             ;;;;;;;;;;;;;;;;;;;;;;;;;;;;;;;;;;;;;;;;;;;;;;;;;;;;;;;;;;;;;;;;;;;;;;;;;;;;;;;;;;
0041+  0ABE             isdigit:
0042+  0ABE DB          	push al
0043+  0ABF B9 30       	cmp al, '0'
0044+  0AC1 C8 CD 0A    	jlu isdigit_false
0045+  0AC4 B9 39       	cmp al, '9'
0046+  0AC6 D1 CD 0A    	jgu isdigit_false
0047+  0AC9 87 00       	and al, 0	; set ZF
0048+  0ACB E8          	pop al
0049+  0ACC 09          	ret
0050+  0ACD             isdigit_false:
0051+  0ACD 8B 01       	or al, 1	; clear ZF
0052+  0ACF E8          	pop al
0053+  0AD0 09          	ret	
0054+  0AD1             	
0055+  0AD1             ;;;;;;;;;;;;;;;;;;;;;;;;;;;;;;;;;;;;;;;;;;;;;;;;;;;;;;;;;;;;;;;;;;;;;;;;;;;;;;;;;;
0056+  0AD1             ;; IS ALPHA
0057+  0AD1             ;; sets ZF according with result
0058+  0AD1             ;;;;;;;;;;;;;;;;;;;;;;;;;;;;;;;;;;;;;;;;;;;;;;;;;;;;;;;;;;;;;;;;;;;;;;;;;;;;;;;;;;
0059+  0AD1             isalpha:
0060+  0AD1 DB          	push al
0061+  0AD2 B9 5F       	cmp al, '_'
0062+  0AD4 C6 F4 0A    	je isalpha_true
0063+  0AD7 B9 2E       	cmp al, '.'
0064+  0AD9 C6 F4 0A    	je isalpha_true
0065+  0ADC B9 41       	cmp al, 'A'
0066+  0ADE C8 F0 0A    	jlu isalpha_false
0067+  0AE1 B9 7A       	cmp al, 'z'
0068+  0AE3 D1 F0 0A    	jgu isalpha_false
0069+  0AE6 B9 5A       	cmp al, 'Z'
0070+  0AE8 D0 F4 0A    	jleu isalpha_true
0071+  0AEB B9 61       	cmp al, 'a'
0072+  0AED C9 F4 0A    	jgeu isalpha_true
0073+  0AF0             isalpha_false:
0074+  0AF0 8B 01       	or al, 1	; clear ZF
0075+  0AF2 E8          	pop al
0076+  0AF3 09          	ret
0077+  0AF4             isalpha_true:
0078+  0AF4 87 00       	and al, 0	; set ZF
0079+  0AF6 E8          	pop al
0080+  0AF7 09          	ret
0081+  0AF8             
0082+  0AF8             ;;;;;;;;;;;;;;;;;;;;;;;;;;;;;;;;;;;;;;;;;;;;;;;;;;;;;;;;;;;;;;;;;;;;;;;;;;;;;;;;;;
0083+  0AF8             ;; IS PATH-ALPHA
0084+  0AF8             ;; sets ZF according with result
0085+  0AF8             ;;;;;;;;;;;;;;;;;;;;;;;;;;;;;;;;;;;;;;;;;;;;;;;;;;;;;;;;;;;;;;;;;;;;;;;;;;;;;;;;;;
0086+  0AF8             ispath:
0087+  0AF8 DB          	push al
0088+  0AF9 07 BE 0A    	call isdigit
0089+  0AFC C6 26 0B    	je ispath_true
0090+  0AFF B9 5F       	cmp al, '_'
0091+  0B01 C6 26 0B    	je ispath_true
0092+  0B04 B9 2F       	cmp al, '/'
0093+  0B06 C6 26 0B    	je ispath_true
0094+  0B09 B9 2E       	cmp al, '.'
0095+  0B0B C6 26 0B    	je ispath_true
0096+  0B0E B9 41       	cmp al, 'A'
0097+  0B10 C8 22 0B    	jlu ispath_false
0098+  0B13 B9 7A       	cmp al, 'z'
0099+  0B15 D1 22 0B    	jgu ispath_false
0100+  0B18 B9 5A       	cmp al, 'Z'
0101+  0B1A D0 26 0B    	jleu ispath_true
0102+  0B1D B9 61       	cmp al, 'a'
0103+  0B1F C9 26 0B    	jgeu ispath_true
0104+  0B22             ispath_false:
0105+  0B22 8B 01       	or al, 1	; clear ZF
0106+  0B24 E8          	pop al
0107+  0B25 09          	ret
0108+  0B26             ispath_true:
0109+  0B26 87 00       	and al, 0	; set ZF
0110+  0B28 E8          	pop al
0111+  0B29 09          	ret
0112+  0B2A             ;;;;;;;;;;;;;;;;;;;;;;;;;;;;;;;;;;;;;;;;;;;;;;;;;;;;;;;;;;;;;;;;;;;;;;;;;;;;;;;;;;
0113+  0B2A             ;; IS SPACE
0114+  0B2A             ;; sets ZF according with result
0115+  0B2A             ;;;;;;;;;;;;;;;;;;;;;;;;;;;;;;;;;;;;;;;;;;;;;;;;;;;;;;;;;;;;;;;;;;;;;;;;;;;;;;;;;;
0116+  0B2A             isspace:
0117+  0B2A B9 20       	cmp al, $20		; ' '
0118+  0B2C C6 40 0B    	je isspace_exit
0119+  0B2F B9 09       	cmp al, $09		; '\t'
0120+  0B31 C6 40 0B    	je isspace_exit
0121+  0B34 B9 0A       	cmp al, $0A		; '\n'
0122+  0B36 C6 40 0B    	je isspace_exit
0123+  0B39 B9 0D       	cmp al, $0D		; '\r'
0124+  0B3B C6 40 0B    	je isspace_exit
0125+  0B3E B9 0B       	cmp al, $0B		; '\v'
0126+  0B40             isspace_exit:
0127+  0B40 09          	ret	
0128+  0B41             
0129+  0B41             ;;;;;;;;;;;;;;;;;;;;;;;;;;;;;;;;;;;;;;;;;;;;;;;;;;;;;;;;;;;;;;;;;;;;;;;;;;;;;;;;;;;;;;;;;;;;;;;;;;;;;;;;;;;;;;;;;;
0130+  0B41             ; TO LOWER
0131+  0B41             ; input in AL
0132+  0B41             ; output in AL
0133+  0B41             ;;;;;;;;;;;;;;;;;;;;;;;;;;;;;;;;;;;;;;;;;;;;;;;;;;;;;;;;;;;;;;;;;;;;;;;;;;;;;;;;;;;;;;;;;;;;;;;;;;;;;;;;;;;;;;;;;;
0134+  0B41             to_lower:
0135+  0B41 B9 5A       	cmp al, 'Z'
0136+  0B43 D1 48 0B    	jgu to_lower_ret
0137+  0B46 6A 20       	add al, $20				; convert to lower case
0138+  0B48             to_lower_ret:
0139+  0B48 09          	ret
0140+  0B49             ;;;;;;;;;;;;;;;;;;;;;;;;;;;;;;;;;;;;;;;;;;;;;;;;;;;;;;;;;;;;;;;;;;;;;;;;;;;;;;;;;;;;;;;;;;;;;;;;;;;;;;;;;;;;;;;;;;
0141+  0B49             ; TO UPPER
0142+  0B49             ; input in AL
0143+  0B49             ; output in AL
0144+  0B49             ;;;;;;;;;;;;;;;;;;;;;;;;;;;;;;;;;;;;;;;;;;;;;;;;;;;;;;;;;;;;;;;;;;;;;;;;;;;;;;;;;;;;;;;;;;;;;;;;;;;;;;;;;;;;;;;;;;
0145+  0B49             to_upper:
0146+  0B49 B9 61       	cmp al, 'a'
0147+  0B4B C8 50 0B    	jlu to_upper_ret
0148+  0B4E 6F 20       	sub al, $20			; convert to upper case
0149+  0B50             to_upper_ret:
0150+  0B50 09          	ret
0151+  0B51             
0017   0B51             
0018   0B51             .end
0019   0B51             
0020   0B51             
tasm: Number of errors = 0
