0001   0000             .include "kernel.exp"
0001+  0000             PROC_TEXT_ORG    .EQU  $0400
0002+  0000             sys_bkpt         .EQU  $0000
0003+  0000             sys_rtc          .EQU  $0001
0004+  0000             sys_IDE          .EQU  $0002
0005+  0000             sys_io           .EQU  $0003
0006+  0000             sys_fileio       .EQU  $0004
0007+  0000             sys_fork         .EQU  $0005
0008+  0000             sys_list         .EQU  $0006
0009+  0000             sys_datetime     .EQU  $0007
0010+  0000             sys_reboot       .EQU  $0008
0011+  0000             sys_pauseproc    .EQU  $0009
0012+  0000             sys_resumeproc   .EQU  $000a
0013+  0000             sys_terminate_proc .EQU  $000b
0014+  0000             sys_system       .EQU  $000c
0015+  0000             sys_boot_install .EQU  $000d
0002   0000             
0003   0400             .org PROC_TEXT_ORG			; origin at 1024
0004   0400             
0005   0400             ;;;;;;;;;;;;;;;;;;;;;;;;;;;;;;;;;;;;;;;;;;;;;;;;;;;;;;;;;;;;;;;;;;;;;;;;;;;;;;;;;;
0006   0400             ;; RMDIR - remove DIR
0007   0400             ;;;;;;;;;;;;;;;;;;;;;;;;;;;;;;;;;;;;;;;;;;;;;;;;;;;;;;;;;;;;;;;;;;;;;;;;;;;;;;;;;;
0008   0400             ; deletes directory entry in the current directory's file list 
0009   0400             ; also deletes the actual directory entry in the FST
0010   0400             ; rmdir /my/first/dir /my/second/dir
0011   0400             ; rmdir /ends/with/semi;
0012   0400             ; rmdir ends/with/null
0013   0400             cmd_rmdir:
0014   0400 10 00 00    	mov a, 0
0015   0403 42 5A 06    	mov [prog], a
0016   0406             cmd_rmdir_L0:
0017   0406 07 BB 04    	call get_token
0018   0409 1D 5D 06    	mov al, [tok]
0019   040C B9 14       	cmp al, TOK_END
0020   040E C6 2B 04    	je cmd_rmdir_end
0021   0411 B9 06       	cmp al, TOK_SEMI
0022   0413 C6 2B 04    	je cmd_rmdir_end
0023   0416 07 41 06    	call putback
0024   0419 07 64 04    	call get_path		; get path string in tokstr
0025   041C 3B 5E 06    	mov d, tokstr
0026   041F 19 13       	mov al, 19
0027   0421 05 04       	syscall sys_fileio	; get dirID in A
0028   0423 27          	mov b, a
0029   0424 19 09       	mov al, 9
0030   0426 05 04       	syscall sys_fileio	; rmdir syscall
0031   0428 0A 06 04    	jmp cmd_rmdir_L0
0032   042B             cmd_rmdir_end:
0033   042B 07 41 06    	call putback		; if token was not an identifier, then put it back
0034   042E             
0035   042E 05 0B       	syscall sys_terminate_proc
0036   0430             
0037   0430             
0038   0430             .include "token.asm"
0001+  0430             TOKTYP_IDENTIFIER	.equ 0
0002+  0430             TOKTYP_KEYWORD		.equ 1
0003+  0430             TOKTYP_DELIMITER	.equ 2
0004+  0430             TOKTYP_STRING		.equ 3
0005+  0430             TOKTYP_CHAR			.equ 4
0006+  0430             TOKTYP_NUMERIC		.equ 5
0007+  0430             TOKTYP_END			.equ 6
0008+  0430             
0009+  0430             TOK_NULL			.equ 0
0010+  0430             TOK_FSLASH			.equ 1
0011+  0430             TOK_TIMES 			.equ 2
0012+  0430             TOK_PLUS 			.equ 3
0013+  0430             TOK_MINUS 			.equ 4
0014+  0430             TOK_DOT				.equ 5
0015+  0430             TOK_SEMI			.equ 6
0016+  0430             TOK_ANGLE			.equ 7
0017+  0430             TOK_TILDE			.equ 8
0018+  0430             TOK_EQUAL			.equ 9
0019+  0430             TOK_COLON			.equ 10
0020+  0430             TOK_COMMA			.equ 11
0021+  0430             
0022+  0430             TOK_END				.equ 20
0023+  0430             
0024+  0430             
0025+  0430             ;;;;;;;;;;;;;;;;;;;;;;;;;;;;;;;;;;;;;;;;;;;;;;;;;;;;;;;;;;;;;;;;;;;;;;;;;;;;;;;;;;
0026+  0430             ;; read a full command argment from shell input buffer
0027+  0430             ;; argument is written into tokstr
0028+  0430             ;;;;;;;;;;;;;;;;;;;;;;;;;;;;;;;;;;;;;;;;;;;;;;;;;;;;;;;;;;;;;;;;;;;;;;;;;;;;;;;;;;
0029+  0430             get_arg:
0030+  0430 D7          	push a
0031+  0431 E2          	push si
0032+  0432 E3          	push di
0033+  0433 19 00       	mov al, 0
0034+  0435 3D 5E 06    	mov [tokstr], al			; nullify tokstr string
0035+  0438 14 5A 06    	mov a, [prog]
0036+  043B 4D          	mov si, a
0037+  043C FD 4F 5E 06 	mov di, tokstr
0038+  0440             get_arg_skip_spaces:
0039+  0440 F6          	lodsb
0040+  0441 07 54 0B    	call isspace
0041+  0444 C6 40 04    	je get_arg_skip_spaces
0042+  0447             get_arg_L0:
0043+  0447 B9 3B       	cmp al, $3B				; check if is ';'
0044+  0449 C6 56 04    	je get_arg_end
0045+  044C B9 00       	cmp al, 0
0046+  044E C6 56 04    	je get_arg_end			; check if end of input
0047+  0451 F7          	stosb
0048+  0452 F6          	lodsb
0049+  0453 0A 47 04    	jmp get_arg_L0
0050+  0456             get_arg_end:
0051+  0456 19 00       	mov al, 0
0052+  0458 F7          	stosb
0053+  0459 D5 01 00    	sub si, 1
0054+  045C 4E          	mov a, si
0055+  045D 42 5A 06    	mov [prog], a		; update pointer
0056+  0460 F0          	pop di
0057+  0461 EF          	pop si
0058+  0462 E4          	pop a
0059+  0463 09          	ret
0060+  0464             
0061+  0464             ;;;;;;;;;;;;;;;;;;;;;;;;;;;;;;;;;;;;;;;;;;;;;;;;;;;;;;;;;;;;;;;;;;;;;;;;;;;;;;;;;;
0062+  0464             ;; read a path formation from shell input buffer
0063+  0464             ;; path is written into tokstr
0064+  0464             ;; /usr/bin
0065+  0464             ;;;;;;;;;;;;;;;;;;;;;;;;;;;;;;;;;;;;;;;;;;;;;;;;;;;;;;;;;;;;;;;;;;;;;;;;;;;;;;;;;;
0066+  0464             get_path:
0067+  0464 D7          	push a
0068+  0465 E2          	push si
0069+  0466 E3          	push di
0070+  0467 19 00       	mov al, 0
0071+  0469 3D 5E 06    	mov [tokstr], al			; nullify tokstr string
0072+  046C 14 5A 06    	mov a, [prog]
0073+  046F 4D          	mov si, a
0074+  0470 FD 4F 5E 06 	mov di, tokstr
0075+  0474             get_path_skip_spaces:
0076+  0474 F6          	lodsb
0077+  0475 07 54 0B    	call isspace
0078+  0478 C6 74 04    	je get_path_skip_spaces
0079+  047B             get_path_is_pathchar:
0080+  047B F7          	stosb
0081+  047C F6          	lodsb
0082+  047D 07 DE 0A    	call isalnum			;check if is alphanumeric
0083+  0480 C6 7B 04    	je get_path_is_pathchar
0084+  0483 B9 2F       	cmp al, '/'				; check if is '/'
0085+  0485 C6 7B 04    	je get_path_is_pathchar
0086+  0488 19 00       	mov al, 0
0087+  048A F7          	stosb
0088+  048B D5 01 00    	sub si, 1
0089+  048E 4E          	mov a, si
0090+  048F 42 5A 06    	mov [prog], a		; update pointer
0091+  0492             get_path_end:
0092+  0492 F0          	pop di
0093+  0493 EF          	pop si
0094+  0494 E4          	pop a
0095+  0495 09          	ret
0096+  0496             
0097+  0496             ;;;;;;;;;;;;;;;;;;;;;;;;;;;;;;;;;;;;;;;;;;;;;;;;;;;;;;;;;;;;;;;;;;;;;;;;;;;;;;;;;;
0098+  0496             ;; read a line
0099+  0496             ;; line is written into tokstr
0100+  0496             ;;;;;;;;;;;;;;;;;;;;;;;;;;;;;;;;;;;;;;;;;;;;;;;;;;;;;;;;;;;;;;;;;;;;;;;;;;;;;;;;;;
0101+  0496             get_line:
0102+  0496 D7          	push a
0103+  0497 E2          	push si
0104+  0498 E3          	push di
0105+  0499 19 00       	mov al, 0
0106+  049B 3D 5E 06    	mov [tokstr], al			; nullify tokstr string
0107+  049E 14 5A 06    	mov a, [prog]
0108+  04A1 4D          	mov si, a
0109+  04A2 FD 4F 5E 06 	mov di, tokstr
0110+  04A6             get_line_L0:
0111+  04A6 F6          	lodsb
0112+  04A7 B9 0A       	cmp al, $0A		; check for new line
0113+  04A9 C6 B0 04    	je get_line_exit
0114+  04AC F7          	stosb
0115+  04AD 0A A6 04    	jmp get_line_L0
0116+  04B0             get_line_exit:
0117+  04B0 19 00       	mov al, 0
0118+  04B2 F7          	stosb
0119+  04B3 4E          	mov a, si
0120+  04B4 42 5A 06    	mov [prog], a		; update pointer
0121+  04B7 F0          	pop di
0122+  04B8 EF          	pop si
0123+  04B9 E4          	pop a
0124+  04BA 09          	ret
0125+  04BB             
0126+  04BB             ;;;;;;;;;;;;;;;;;;;;;;;;;;;;;;;;;;;;;;;;;;;;;;;;;;;;;;;;;;;;;;;;;;;;;;;;;;;;;;;;;;
0127+  04BB             ;; token parser
0128+  04BB             ;;;;;;;;;;;;;;;;;;;;;;;;;;;;;;;;;;;;;;;;;;;;;;;;;;;;;;;;;;;;;;;;;;;;;;;;;;;;;;;;;;
0129+  04BB             get_token:
0130+  04BB D7          	push a
0131+  04BC DA          	push d
0132+  04BD E2          	push si
0133+  04BE E3          	push di
0134+  04BF 19 00       	mov al, 0
0135+  04C1 3D 5E 06    	mov [tokstr], al			; nullify tokstr string
0136+  04C4 19 00       	mov al, TOK_NULL
0137+  04C6 3D 5D 06    	mov [tok], al				; nullify token
0138+  04C9 14 5A 06    	mov a, [prog]
0139+  04CC 4D          	mov si, a
0140+  04CD FD 4F 5E 06 	mov di, tokstr
0141+  04D1             get_tok_skip_spaces:
0142+  04D1 F6          	lodsb
0143+  04D2 07 54 0B    	call isspace
0144+  04D5 C6 D1 04    	je get_tok_skip_spaces
0145+  04D8 B9 00       	cmp al, 0			; check for end of input (NULL)
0146+  04DA C6 BF 05    	je get_token_end
0147+  04DD B9 23       	cmp al, '#'			; comments!
0148+  04DF C6 ED 05    	je get_tok_comment
0149+  04E2 07 DE 0A    	call isalnum
0150+  04E5 C6 CC 05    	jz is_alphanumeric
0151+  04E8             ; other token types
0152+  04E8             get_token_slash:
0153+  04E8 B9 2F       	cmp al, '/'				; check if '/'
0154+  04EA C7 02 05    	jne get_token_minus
0155+  04ED F7          	stosb					; store '/' into token string
0156+  04EE 19 00       	mov al, 0
0157+  04F0 F7          	stosb					; terminate token string
0158+  04F1 19 01       	mov al, TOK_FSLASH
0159+  04F3 3D 5D 06    	mov [tok], al			
0160+  04F6 19 02       	mov al, TOKTYP_DELIMITER
0161+  04F8 3D 5C 06    	mov [toktyp], al
0162+  04FB 4E          	mov a, si
0163+  04FC 42 5A 06    	mov [prog], a		; update pointer
0164+  04FF 0A E8 05    	jmp get_token_return
0165+  0502             get_token_minus:
0166+  0502 B9 2D       	cmp al, '-'				; check if '-'
0167+  0504 C7 1C 05    	jne get_token_comma
0168+  0507 F7          	stosb					; store '-' into token string
0169+  0508 19 00       	mov al, 0
0170+  050A F7          	stosb					; terminate token string
0171+  050B 19 04       	mov al, TOK_MINUS
0172+  050D 3D 5D 06    	mov [tok], al			
0173+  0510 19 02       	mov al, TOKTYP_DELIMITER
0174+  0512 3D 5C 06    	mov [toktyp], al
0175+  0515 4E          	mov a, si
0176+  0516 42 5A 06    	mov [prog], a		; update pointer
0177+  0519 0A E8 05    	jmp get_token_return
0178+  051C             get_token_comma:
0179+  051C B9 2C       	cmp al, ','				; check if ','
0180+  051E C7 36 05    	jne get_token_semi
0181+  0521 F7          	stosb					; store ',' into token string
0182+  0522 19 00       	mov al, 0
0183+  0524 F7          	stosb					; terminate token string
0184+  0525 19 0B       	mov al, TOK_COMMA
0185+  0527 3D 5D 06    	mov [tok], al			
0186+  052A 19 02       	mov al, TOKTYP_DELIMITER
0187+  052C 3D 5C 06    	mov [toktyp], al
0188+  052F 4E          	mov a, si
0189+  0530 42 5A 06    	mov [prog], a		; update pointer
0190+  0533 0A E8 05    	jmp get_token_return
0191+  0536             get_token_semi:
0192+  0536 B9 3B       	cmp al, $3B				; check if ';'
0193+  0538 C7 50 05    	jne get_token_colon
0194+  053B F7          	stosb					; store ';' into token string
0195+  053C 19 00       	mov al, 0
0196+  053E F7          	stosb					; terminate token string
0197+  053F 19 06       	mov al, TOK_SEMI
0198+  0541 3D 5D 06    	mov [tok], al			
0199+  0544 19 02       	mov al, TOKTYP_DELIMITER
0200+  0546 3D 5C 06    	mov [toktyp], al
0201+  0549 4E          	mov a, si
0202+  054A 42 5A 06    	mov [prog], a		; update pointer
0203+  054D 0A E8 05    	jmp get_token_return
0204+  0550             get_token_colon:
0205+  0550 B9 3A       	cmp al, $3A				; check if ':'
0206+  0552 C7 6A 05    	jne get_token_angle
0207+  0555 F7          	stosb					; store ':' into token string
0208+  0556 19 00       	mov al, 0
0209+  0558 F7          	stosb					; terminate token string
0210+  0559 19 0A       	mov al, TOK_COLON
0211+  055B 3D 5D 06    	mov [tok], al			
0212+  055E 19 02       	mov al, TOKTYP_DELIMITER
0213+  0560 3D 5C 06    	mov [toktyp], al
0214+  0563 4E          	mov a, si
0215+  0564 42 5A 06    	mov [prog], a		; update pointer
0216+  0567 0A E8 05    	jmp get_token_return
0217+  056A             get_token_angle:
0218+  056A B9 3E       	cmp al, $3E				; check if '>'
0219+  056C C7 84 05    	jne get_token_tilde
0220+  056F F7          	stosb					; store '>' into token string
0221+  0570 19 00       	mov al, 0
0222+  0572 F7          	stosb					; terminate token string
0223+  0573 19 07       	mov al, TOK_ANGLE
0224+  0575 3D 5D 06    	mov [tok], al			
0225+  0578 19 02       	mov al, TOKTYP_DELIMITER
0226+  057A 3D 5C 06    	mov [toktyp], al
0227+  057D 4E          	mov a, si
0228+  057E 42 5A 06    	mov [prog], a		; update pointer
0229+  0581 0A E8 05    	jmp get_token_return
0230+  0584             get_token_tilde:
0231+  0584 B9 7E       	cmp al, '~'				; check if '~'
0232+  0586 C7 9E 05    	jne get_token_equal
0233+  0589 F7          	stosb					; store '~' into token string
0234+  058A 19 00       	mov al, 0
0235+  058C F7          	stosb					; terminate token string
0236+  058D 19 08       	mov al, TOK_TILDE
0237+  058F 3D 5D 06    	mov [tok], al			
0238+  0592 19 02       	mov al, TOKTYP_DELIMITER
0239+  0594 3D 5C 06    	mov [toktyp], al
0240+  0597 4E          	mov a, si
0241+  0598 42 5A 06    	mov [prog], a		; update pointer
0242+  059B 0A E8 05    	jmp get_token_return
0243+  059E             get_token_equal:
0244+  059E B9 3D       	cmp al, '='				; check if '='
0245+  05A0 C7 B8 05    	jne get_token_skip
0246+  05A3 F7          	stosb					; store '=' into token string
0247+  05A4 19 00       	mov al, 0
0248+  05A6 F7          	stosb					; terminate token string
0249+  05A7 19 09       	mov al, TOK_EQUAL
0250+  05A9 3D 5D 06    	mov [tok], al			
0251+  05AC 19 02       	mov al, TOKTYP_DELIMITER
0252+  05AE 3D 5C 06    	mov [toktyp], al
0253+  05B1 4E          	mov a, si
0254+  05B2 42 5A 06    	mov [prog], a		; update pointer
0255+  05B5 0A E8 05    	jmp get_token_return
0256+  05B8             get_token_skip:
0257+  05B8 4E          	mov a, si
0258+  05B9 42 5A 06    	mov [prog], a		; update pointer
0259+  05BC 0A E8 05    	jmp get_token_return
0260+  05BF             get_token_end:				; end of file token
0261+  05BF 19 14       	mov al, TOK_END
0262+  05C1 3D 5D 06    	mov [tok], al
0263+  05C4 19 06       	mov al, TOKTYP_END
0264+  05C6 3D 5C 06    	mov [toktyp], al
0265+  05C9 0A E8 05    	jmp get_token_return
0266+  05CC             is_alphanumeric:
0267+  05CC F7          	stosb
0268+  05CD F6          	lodsb
0269+  05CE 07 DE 0A    	call isalnum			;check if is alphanumeric
0270+  05D1 C6 CC 05    	jz is_alphanumeric
0271+  05D4 B9 2E       	cmp al, $2E				; check if is '.'
0272+  05D6 C6 CC 05    	je is_alphanumeric
0273+  05D9 19 00       	mov al, 0
0274+  05DB F7          	stosb
0275+  05DC 19 00       	mov al, TOKTYP_IDENTIFIER
0276+  05DE 3D 5C 06    	mov [toktyp], al
0277+  05E1 D5 01 00    	sub si, 1
0278+  05E4 4E          	mov a, si
0279+  05E5 42 5A 06    	mov [prog], a		; update pointer
0280+  05E8             get_token_return:
0281+  05E8 F0          	pop di
0282+  05E9 EF          	pop si
0283+  05EA E7          	pop d
0284+  05EB E4          	pop a
0285+  05EC 09          	ret
0286+  05ED             get_tok_comment:
0287+  05ED F6          	lodsb
0288+  05EE B9 0A       	cmp al, $0A			; new line
0289+  05F0 C7 ED 05    	jne get_tok_comment
0290+  05F3 0A D1 04    	jmp get_tok_skip_spaces
0291+  05F6             
0292+  05F6             
0293+  05F6             get_number:
0294+  05F6 D7          	push a
0295+  05F7 DA          	push d
0296+  05F8 E2          	push si
0297+  05F9 E3          	push di
0298+  05FA 19 00       	mov al, 0
0299+  05FC 3D 5E 06    	mov [tokstr], al			; nullify tokstr string
0300+  05FF 19 00       	mov al, TOK_NULL
0301+  0601 3D 5D 06    	mov [tok], al				; nullify token
0302+  0604 14 5A 06    	mov a, [prog]
0303+  0607 4D          	mov si, a
0304+  0608 FD 4F 5E 06 	mov di, tokstr
0305+  060C             get_number_skip_spaces:
0306+  060C F6          	lodsb
0307+  060D 07 54 0B    	call isspace
0308+  0610 C6 0C 06    	je get_number_skip_spaces
0309+  0613 B9 00       	cmp al, 0			; check for end of input (NULL)
0310+  0615 C7 25 06    	jne get_number_L0
0311+  0618 19 14       	mov al, TOK_END
0312+  061A 3D 5D 06    	mov [tok], al
0313+  061D 19 06       	mov al, TOKTYP_END
0314+  061F 3D 5C 06    	mov [toktyp], al
0315+  0622 0A 3C 06    	jmp get_number_return
0316+  0625             get_number_L0:
0317+  0625 F7          	stosb
0318+  0626 F6          	lodsb
0319+  0627 07 E8 0A    	call isdigit			;check if is numeric
0320+  062A C6 25 06    	jz get_number_L0
0321+  062D 19 00       	mov al, 0
0322+  062F F7          	stosb
0323+  0630 19 05       	mov al, TOKTYP_NUMERIC
0324+  0632 3D 5C 06    	mov [toktyp], al
0325+  0635 D5 01 00    	sub si, 1
0326+  0638 4E          	mov a, si
0327+  0639 42 5A 06    	mov [prog], a		; update pointer
0328+  063C             get_number_return:
0329+  063C F0          	pop di
0330+  063D EF          	pop si
0331+  063E E7          	pop d
0332+  063F E4          	pop a
0333+  0640 09          	ret
0334+  0641             
0335+  0641             ;;;;;;;;;;;;;;;;;;;;;;;;;;;;;;;;;;;;;;;;;;;;;;;;;;;;;;;;;;;;;;;;;;;;;;;;;;;;;;;;;;
0336+  0641             ;; PUT BACK TOKEN
0337+  0641             ;;;;;;;;;;;;;;;;;;;;;;;;;;;;;;;;;;;;;;;;;;;;;;;;;;;;;;;;;;;;;;;;;;;;;;;;;;;;;;;;;;	
0338+  0641             putback:
0339+  0641 D7          	push a
0340+  0642 E2          	push si
0341+  0643 FD 4D 5E 06 	mov si, tokstr	
0342+  0647             putback_loop:
0343+  0647 F6          	lodsb
0344+  0648 B9 00       	cmp al, 0
0345+  064A C6 57 06    	je putback_end
0346+  064D 14 5A 06    	mov a, [prog]
0347+  0650 7D          	dec a
0348+  0651 42 5A 06    	mov [prog], a			; update pointer
0349+  0654 0A 47 06    	jmp putback_loop
0350+  0657             putback_end:
0351+  0657 EF          	pop si
0352+  0658 E4          	pop a
0353+  0659 09          	ret
0354+  065A             
0355+  065A             
0356+  065A             
0357+  065A             
0358+  065A 00 00       prog:		.dw 0			; pointer to current position in buffer
0359+  065C             
0360+  065C 00          toktyp: 	.db 0			; token type symbol
0361+  065D 00          tok:		.db 0			; current token symbol
0362+  065E 00 00 00 00 tokstr:		.fill 256, 0	; token as a string
0362+  0662 00 00 00 00 
0362+  0666 00 00 00 00 
0362+  066A 00 00 00 00 
0362+  066E 00 00 00 00 
0362+  0672 00 00 00 00 
0362+  0676 00 00 00 00 
0362+  067A 00 00 00 00 
0362+  067E 00 00 00 00 
0362+  0682 00 00 00 00 
0362+  0686 00 00 00 00 
0362+  068A 00 00 00 00 
0362+  068E 00 00 00 00 
0362+  0692 00 00 00 00 
0362+  0696 00 00 00 00 
0362+  069A 00 00 00 00 
0362+  069E 00 00 00 00 
0362+  06A2 00 00 00 00 
0362+  06A6 00 00 00 00 
0362+  06AA 00 00 00 00 
0362+  06AE 00 00 00 00 
0362+  06B2 00 00 00 00 
0362+  06B6 00 00 00 00 
0362+  06BA 00 00 00 00 
0362+  06BE 00 00 00 00 
0362+  06C2 00 00 00 00 
0362+  06C6 00 00 00 00 
0362+  06CA 00 00 00 00 
0362+  06CE 00 00 00 00 
0362+  06D2 00 00 00 00 
0362+  06D6 00 00 00 00 
0362+  06DA 00 00 00 00 
0362+  06DE 00 00 00 00 
0362+  06E2 00 00 00 00 
0362+  06E6 00 00 00 00 
0362+  06EA 00 00 00 00 
0362+  06EE 00 00 00 00 
0362+  06F2 00 00 00 00 
0362+  06F6 00 00 00 00 
0362+  06FA 00 00 00 00 
0362+  06FE 00 00 00 00 
0362+  0702 00 00 00 00 
0362+  0706 00 00 00 00 
0362+  070A 00 00 00 00 
0362+  070E 00 00 00 00 
0362+  0712 00 00 00 00 
0362+  0716 00 00 00 00 
0362+  071A 00 00 00 00 
0362+  071E 00 00 00 00 
0362+  0722 00 00 00 00 
0362+  0726 00 00 00 00 
0362+  072A 00 00 00 00 
0362+  072E 00 00 00 00 
0362+  0732 00 00 00 00 
0362+  0736 00 00 00 00 
0362+  073A 00 00 00 00 
0362+  073E 00 00 00 00 
0362+  0742 00 00 00 00 
0362+  0746 00 00 00 00 
0362+  074A 00 00 00 00 
0362+  074E 00 00 00 00 
0362+  0752 00 00 00 00 
0362+  0756 00 00 00 00 
0362+  075A 00 00 00 00 
0039   075E             .include "stdio.asm"
0001+  075E             ;;;;;;;;;;;;;;;;;;;;;;;;;;;;;;;;;;;;;;;;;;;;;;;;;;;;;;;;;;;;;;;;;;;;;;;;;;;;;;;;;;;;;;;;;;;;;;;;;;;;;;;;;;;;;;;;;;
0002+  075E             ; stdio.s
0003+  075E             ;;;;;;;;;;;;;;;;;;;;;;;;;;;;;;;;;;;;;;;;;;;;;;;;;;;;;;;;;;;;;;;;;;;;;;;;;;;;;;;;;;;;;;;;;;;;;;;;;;;;;;;;;;;;;;;;;;
0004+  075E             .include "string.asm"
0001++ 075E             ;;;;;;;;;;;;;;;;;;;;;;;;;;;;;;;;;;;;;;;;;;;;;;;;;;;;;;;;;;;;;;;;;;;;;;;;;;;;;;;;;;;;;;;;;;;;;;;;;;;;;;;;;;;;;;;;;;
0002++ 075E             ; string.s
0003++ 075E             ;;;;;;;;;;;;;;;;;;;;;;;;;;;;;;;;;;;;;;;;;;;;;;;;;;;;;;;;;;;;;;;;;;;;;;;;;;;;;;;;;;;;;;;;;;;;;;;;;;;;;;;;;;;;;;;;;;
0004++ 075E             
0005++ 075E             
0006++ 075E             ;;;;;;;;;;;;;;;;;;;;;;;;;;;;;;;;;;;;;;;;;;;;;;;;;;;;;;;;;;;;;;;;;;;;;;;;;;;;;;;;;;;;;;;;;;;;;;;;;;;;;;;;;;;;;;;;;;
0007++ 075E             ; strrev
0008++ 075E             ; reverse a string
0009++ 075E             ; D = string address
0010++ 075E             ;;;;;;;;;;;;;;;;;;;;;;;;;;;;;;;;;;;;;;;;;;;;;;;;;;;;;;;;;;;;;;;;;;;;;;;;;;;;;;;;;;;;;;;;;;;;;;;;;;;;;;;;;;;;;;;;;;
0011++ 075E             ; 01234
0012++ 075E             strrev:
0013++ 075E 4B          	pusha
0014++ 075F 07 A5 07    	call strlen	; length in C
0015++ 0762 12          	mov a, c
0016++ 0763 AF 01 00    	cmp a, 1
0017++ 0766 D0 80 07    	jleu strrev_end	; check string length. string len must be > 1
0018++ 0769 7D          	dec a
0019++ 076A FD 4E       	mov si, d	; beginning of string
0020++ 076C FD 50       	mov di, d	; beginning of string (for destinations)
0021++ 076E 59          	add d, a	; end of string
0022++ 076F 12          	mov a, c
0023++ 0770 FD 9B       	shr a		; divide by 2
0024++ 0772 39          	mov c, a	; C now counts the steps
0025++ 0773             strrev_L0:
0026++ 0773 32          	mov bl, [d]	; save load right-side char into BL
0027++ 0774 F6          	lodsb		; load left-side char into AL; increase SI
0028++ 0775 3E          	mov [d], al	; store left char into right side
0029++ 0776 1B          	mov al, bl
0030++ 0777 F7          	stosb		; store right-side char into left-side; increase DI
0031++ 0778 7E          	dec c
0032++ 0779 7F          	dec d
0033++ 077A C2 00 00    	cmp c, 0
0034++ 077D C7 73 07    	jne strrev_L0
0035++ 0780             strrev_end:
0036++ 0780 4C          	popa
0037++ 0781 09          	ret
0038++ 0782             	
0039++ 0782             ;;;;;;;;;;;;;;;;;;;;;;;;;;;;;;;;;;;;;;;;;;;;;;;;;;;;;;;;;;;;;;;;;;;;;;;;;;;;;;;;;;;;;;;;;;;;;;;;;;;;;;;;;;;;;;;;;;
0040++ 0782             ; strchr
0041++ 0782             ; search string in D for char in AL
0042++ 0782             ;;;;;;;;;;;;;;;;;;;;;;;;;;;;;;;;;;;;;;;;;;;;;;;;;;;;;;;;;;;;;;;;;;;;;;;;;;;;;;;;;;;;;;;;;;;;;;;;;;;;;;;;;;;;;;;;;;
0043++ 0782             strchr:
0044++ 0782             strchr_L0:
0045++ 0782 32          	mov bl, [d]
0046++ 0783 C1 00       	cmp bl, 0
0047++ 0785 C6 90 07    	je strchr_end
0048++ 0788 BA          	cmp al, bl
0049++ 0789 C6 90 07    	je strchr_end
0050++ 078C 79          	inc d
0051++ 078D 0A 82 07    	jmp strchr_L0
0052++ 0790             strchr_end:
0053++ 0790 1B          	mov al, bl
0054++ 0791 09          	ret
0055++ 0792             
0056++ 0792             ;;;;;;;;;;;;;;;;;;;;;;;;;;;;;;;;;;;;;;;;;;;;;;;;;;;;;;;;;;;;;;;;;;;;;;;;;;;;;;;;;;;;;;;;;;;;;;;;;;;;;;;;;;;;;;;;;;
0057++ 0792             ; strstr
0058++ 0792             ; find sub-string
0059++ 0792             ; str1 in SI
0060++ 0792             ; str2 in DI
0061++ 0792             ; SI points to end of source string
0062++ 0792             ;;;;;;;;;;;;;;;;;;;;;;;;;;;;;;;;;;;;;;;;;;;;;;;;;;;;;;;;;;;;;;;;;;;;;;;;;;;;;;;;;;;;;;;;;;;;;;;;;;;;;;;;;;;;;;;;;;
0063++ 0792             strstr:
0064++ 0792 DB          	push al
0065++ 0793 DA          	push d
0066++ 0794 E3          	push di
0067++ 0795             strstr_loop:
0068++ 0795 F3          	cmpsb					; compare a byte of the strings
0069++ 0796 C7 A1 07    	jne strstr_ret
0070++ 0799 FC 00 00    	lea d, [di + 0]
0071++ 079C BD 00       	cmp byte[d], 0				; check if at end of string (null)
0072++ 079E C7 95 07    	jne strstr_loop				; equal chars but not at end
0073++ 07A1             strstr_ret:
0074++ 07A1 F0          	pop di
0075++ 07A2 E7          	pop d
0076++ 07A3 E8          	pop al
0077++ 07A4 09          	ret
0078++ 07A5             ;;;;;;;;;;;;;;;;;;;;;;;;;;;;;;;;;;;;;;;;;;;;;;;;;;;;;;;;;;;;;;;;;;;;;;;;;;;;;;;;;;;;;;;
0079++ 07A5             ; length of null terminated string
0080++ 07A5             ; result in C
0081++ 07A5             ; pointer in D
0082++ 07A5             ;;;;;;;;;;;;;;;;;;;;;;;;;;;;;;;;;;;;;;;;;;;;;;;;;;;;;;;;;;;;;;;;;;;;;;;;;;;;;;;;;;;;;;;
0083++ 07A5             strlen:
0084++ 07A5 DA          	push d
0085++ 07A6 38 00 00    	mov c, 0
0086++ 07A9             strlen_L1:
0087++ 07A9 BD 00       	cmp byte [d], 0
0088++ 07AB C6 B3 07    	je strlen_ret
0089++ 07AE 79          	inc d
0090++ 07AF 78          	inc c
0091++ 07B0 0A A9 07    	jmp strlen_L1
0092++ 07B3             strlen_ret:
0093++ 07B3 E7          	pop d
0094++ 07B4 09          	ret
0095++ 07B5             
0096++ 07B5             ;;;;;;;;;;;;;;;;;;;;;;;;;;;;;;;;;;;;;;;;;;;;;;;;;;;;;;;;;;;;;;;;;;;;;;;;;;;;;;;;;;;;;;;;;;;;;;;;;;;;;;;;;;;;;;;;;;
0097++ 07B5             ; STRCMP
0098++ 07B5             ; compare two strings
0099++ 07B5             ; str1 in SI
0100++ 07B5             ; str2 in DI
0101++ 07B5             ; CREATE A STRING COMPAIRON INSTRUCION ?????
0102++ 07B5             ;;;;;;;;;;;;;;;;;;;;;;;;;;;;;;;;;;;;;;;;;;;;;;;;;;;;;;;;;;;;;;;;;;;;;;;;;;;;;;;;;;;;;;;;;;;;;;;;;;;;;;;;;;;;;;;;;;
0103++ 07B5             strcmp:
0104++ 07B5 DB          	push al
0105++ 07B6 DA          	push d
0106++ 07B7 E3          	push di
0107++ 07B8 E2          	push si
0108++ 07B9             strcmp_loop:
0109++ 07B9 F3          	cmpsb					; compare a byte of the strings
0110++ 07BA C7 C5 07    	jne strcmp_ret
0111++ 07BD FB FF FF    	lea d, [si +- 1]
0112++ 07C0 BD 00       	cmp byte[d], 0				; check if at end of string (null)
0113++ 07C2 C7 B9 07    	jne strcmp_loop				; equal chars but not at end
0114++ 07C5             strcmp_ret:
0115++ 07C5 EF          	pop si
0116++ 07C6 F0          	pop di
0117++ 07C7 E7          	pop d
0118++ 07C8 E8          	pop al
0119++ 07C9 09          	ret
0120++ 07CA             
0121++ 07CA             
0122++ 07CA             ; STRCPY
0123++ 07CA             ; copy null terminated string from SI to DI
0124++ 07CA             ; source in SI
0125++ 07CA             ; destination in DI
0126++ 07CA             strcpy:
0127++ 07CA E2          	push si
0128++ 07CB E3          	push di
0129++ 07CC DB          	push al
0130++ 07CD             strcpy_L1:
0131++ 07CD F6          	lodsb
0132++ 07CE F7          	stosb
0133++ 07CF B9 00       	cmp al, 0
0134++ 07D1 C7 CD 07    	jne strcpy_L1
0135++ 07D4             strcpy_end:
0136++ 07D4 E8          	pop al
0137++ 07D5 F0          	pop di
0138++ 07D6 EF          	pop si
0139++ 07D7 09          	ret
0140++ 07D8             
0141++ 07D8             ; STRCAT
0142++ 07D8             ; concatenate a NULL terminated string into string at DI, from string at SI
0143++ 07D8             ; source in SI
0144++ 07D8             ; destination in DI
0145++ 07D8             strcat:
0146++ 07D8 E2          	push si
0147++ 07D9 E3          	push di
0148++ 07DA D7          	push a
0149++ 07DB DA          	push d
0150++ 07DC 50          	mov a, di
0151++ 07DD 3C          	mov d, a
0152++ 07DE             strcat_goto_end_L1:
0153++ 07DE BD 00       	cmp byte[d], 0
0154++ 07E0 C6 E7 07    	je strcat_start
0155++ 07E3 79          	inc d
0156++ 07E4 0A DE 07    	jmp strcat_goto_end_L1
0157++ 07E7             strcat_start:
0158++ 07E7 FD 50       	mov di, d
0159++ 07E9             strcat_L1:
0160++ 07E9 F6          	lodsb
0161++ 07EA F7          	stosb
0162++ 07EB B9 00       	cmp al, 0
0163++ 07ED C7 E9 07    	jne strcat_L1
0164++ 07F0             strcat_end:
0165++ 07F0 E7          	pop d
0166++ 07F1 E4          	pop a
0167++ 07F2 F0          	pop di
0168++ 07F3 EF          	pop si
0169++ 07F4 09          	ret
0005+  07F5             
0006+  07F5 30 31 32 33 s_hex_digits:	.db "0123456789ABCDEF"	
0006+  07F9 34 35 36 37 
0006+  07FD 38 39 41 42 
0006+  0801 43 44 45 46 
0007+  0805 1B 5B 32 4A s_telnet_clear:	.db 27, "[2J", 27, "[H", 0
0007+  0809 1B 5B 48 00 
0008+  080D             
0009+  080D 01 00       table_power:.dw 1
0010+  080F 0A 00       			.dw 10
0011+  0811 64 00       			.dw 100
0012+  0813 E8 03       			.dw 1000
0013+  0815 10 27       			.dw 10000
0014+  0817             
0015+  0817             ;;;;;;;;;;;;;;;;;;;;;;;;;;;;;;;;;;;;;;;;;;;;;;;;;;;;;;;;;;;;;;;;;;;;;;;;;;;;;;;;;;;;;;;;;;;;;;;;;;;;;;;;;;;;;;;;;;
0016+  0817             ; CONVERT ASCII 'O'..'F' TO INTEGER 0..15
0017+  0817             ; ASCII in BL
0018+  0817             ; result in AL
0019+  0817             ; ascii for F = 0100 0110
0020+  0817             ; ascii for 9 = 0011 1001
0021+  0817             ;;;;;;;;;;;;;;;;;;;;;;;;;;;;;;;;;;;;;;;;;;;;;;;;;;;;;;;;;;;;;;;;;;;;;;;;;;;;;;;;;;;;;;;;;;;;;;;;;;;;;;;;;;;;;;;;;;
0022+  0817             hex_ascii_encode:
0023+  0817 1B          	mov al, bl
0024+  0818 93 40       	test al, $40				; test if letter or number
0025+  081A C7 20 08    	jnz hex_letter
0026+  081D 87 0F       	and al, $0F				; get number
0027+  081F 09          	ret
0028+  0820             hex_letter:
0029+  0820 87 0F       	and al, $0F				; get letter
0030+  0822 6A 09       	add al, 9
0031+  0824 09          	ret
0032+  0825             
0033+  0825             ;;;;;;;;;;;;;;;;;;;;;;;;;;;;;;;;;;;;;;;;;;;;;;;;;;;;;;;;;;;;;;;;;;;;;;;;;;;;;;;;;;;;;;;;;;;;;;;;;;;;;;;;;;;;;;;;;;
0034+  0825             ; ATOI
0035+  0825             ; 2 letter hex string in B
0036+  0825             ; 8bit integer returned in AL
0037+  0825             ;;;;;;;;;;;;;;;;;;;;;;;;;;;;;;;;;;;;;;;;;;;;;;;;;;;;;;;;;;;;;;;;;;;;;;;;;;;;;;;;;;;;;;;;;;;;;;;;;;;;;;;;;;;;;;;;;;
0038+  0825             atoi:
0039+  0825 D8          	push b
0040+  0826 07 17 08    	call hex_ascii_encode			; convert BL to 4bit code in AL
0041+  0829 30          	mov bl, bh
0042+  082A DB          	push al					; save a
0043+  082B 07 17 08    	call hex_ascii_encode
0044+  082E EA          	pop bl	
0045+  082F FD 9E 04    	shl al, 4
0046+  0832 8C          	or al, bl
0047+  0833 E5          	pop b
0048+  0834 09          	ret	
0049+  0835             
0050+  0835             
0051+  0835             ;;;;;;;;;;;;;;;;;;;;;;;;;;;;;;;;;;;;;;;;;;;;;;;;;;;;;;;;;;;;;;;;;;;;;;;;;;;;;;;;;;;;;;;;;;;;;;;;;;;;;;;;;;;;;;;;;;
0052+  0835             ; printf
0053+  0835             ; no need for explanations!
0054+  0835             ;;;;;;;;;;;;;;;;;;;;;;;;;;;;;;;;;;;;;;;;;;;;;;;;;;;;;;;;;;;;;;;;;;;;;;;;;;;;;;;;;;;;;;;;;;;;;;;;;;;;;;;;;;;;;;;;;;
0055+  0835             printf:
0056+  0835 09          	ret
0057+  0836             
0058+  0836             
0059+  0836             ;;;;;;;;;;;;;;;;;;;;;;;;;;;;;;;;;;;;;;;;;;;;;;;;;;;;;;;;;;;;;;;;;;;;;;;;;;;;;;;;;;;;;;;;;;;;;;;;;;;;;;;;;;;;;;;;;;
0060+  0836             ; scanf
0061+  0836             ; no need for explanations!
0062+  0836             ;;;;;;;;;;;;;;;;;;;;;;;;;;;;;;;;;;;;;;;;;;;;;;;;;;;;;;;;;;;;;;;;;;;;;;;;;;;;;;;;;;;;;;;;;;;;;;;;;;;;;;;;;;;;;;;;;;
0063+  0836             scanf:
0064+  0836 09          	ret
0065+  0837             
0066+  0837             ;;;;;;;;;;;;;;;;;;;;;;;;;;;;;;;;;;;;;;;;;;;;;;;;;;;;;;;;;;;;;;;;;;;;;;;;;;;;;;;;;;;;;;;;;;;;;;;;;;;;;;;;;;;;;;;;;;
0067+  0837             ; ITOA
0068+  0837             ; 8bit value in BL
0069+  0837             ; 2 byte ASCII result in A
0070+  0837             ;;;;;;;;;;;;;;;;;;;;;;;;;;;;;;;;;;;;;;;;;;;;;;;;;;;;;;;;;;;;;;;;;;;;;;;;;;;;;;;;;;;;;;;;;;;;;;;;;;;;;;;;;;;;;;;;;;
0071+  0837             itoa:
0072+  0837 DA          	push d
0073+  0838 D8          	push b
0074+  0839 A7 00       	mov bh, 0
0075+  083B FD A4 04    	shr bl, 4	
0076+  083E 74          	mov d, b
0077+  083F 1F F5 07    	mov al, [d + s_hex_digits]
0078+  0842 23          	mov ah, al
0079+  0843             	
0080+  0843 E5          	pop b
0081+  0844 D8          	push b
0082+  0845 A7 00       	mov bh, 0
0083+  0847 FD 87 0F    	and bl, $0F
0084+  084A 74          	mov d, b
0085+  084B 1F F5 07    	mov al, [d + s_hex_digits]
0086+  084E E5          	pop b
0087+  084F E7          	pop d
0088+  0850 09          	ret
0089+  0851             
0090+  0851             ;;;;;;;;;;;;;;;;;;;;;;;;;;;;;;;;;;;;;;;;;;;;;;;;;;;;;;;;;;;;;;;;;;;;;;;;;;;;;;;;;;;;;;;;;;;;;;;;;;;;;;;;;;;;;;;;;;
0091+  0851             ; HEX STRING TO BINARY
0092+  0851             ; di = destination address
0093+  0851             ; si = source
0094+  0851             ;;;;;;;;;;;;;;;;;;;;;;;;;;;;;;;;;;;;;;;;;;;;;;;;;;;;;;;;;;;;;;;;;;;;;;;;;;;;;;;;;;;;;;;;;;;;;;;;;;;;;;;;;;;;;;;;;;
0095+  0851             hex_to_int:
0096+  0851             hex_to_int_L1:
0097+  0851 F6          	lodsb					; load from [SI] to AL
0098+  0852 B9 00       	cmp al, 0				; check if ASCII 0
0099+  0854 C6 61 08    	jz hex_to_int_ret
0100+  0857 36          	mov bh, al
0101+  0858 F6          	lodsb
0102+  0859 2F          	mov bl, al
0103+  085A 07 25 08    	call atoi				; convert ASCII byte in B to int (to AL)
0104+  085D F7          	stosb					; store AL to [DI]
0105+  085E 0A 51 08    	jmp hex_to_int_L1
0106+  0861             hex_to_int_ret:
0107+  0861 09          	ret		
0108+  0862             
0109+  0862             
0110+  0862             
0111+  0862             ;;;;;;;;;;;;;;;;;;;;;;;;;;;;;;;;;;;;;;;;;;;;;;;;;;;;;;;;;;;;;;;;;;;;;;;;;;;;;;;;;;;;;;;;;;;;;;;;;;;;;;;;;;;;;;;;;;
0112+  0862             ; GETCHAR
0113+  0862             ; char in ah
0114+  0862             ;;;;;;;;;;;;;;;;;;;;;;;;;;;;;;;;;;;;;;;;;;;;;;;;;;;;;;;;;;;;;;;;;;;;;;;;;;;;;;;;;;;;;;;;;;;;;;;;;;;;;;;;;;;;;;;;;;
0115+  0862             getchar:
0116+  0862 DB          	push al
0117+  0863             getchar_retry:
0118+  0863 FD 0C       	sti
0119+  0865 19 01       	mov al, 1
0120+  0867 05 03       	syscall sys_io			; receive in AH
0121+  0869 B9 00       	cmp al, 0			; check if any char was receive
0122+  086B C6 63 08    	je getchar_retry
0123+  086E E8          	pop al
0124+  086F 09          	ret
0125+  0870             
0126+  0870             ;;;;;;;;;;;;;;;;;;;;;;;;;;;;;;;;;;;;;;;;;;;;;;;;;;;;;;;;;;;;;;;;;;;;;;;;;;;;;;;;;;;;;;;;;;;;;;;;;;;;;;;;;;;;;;;;;;
0127+  0870             ; PUTCHAR
0128+  0870             ; char in ah
0129+  0870             ;;;;;;;;;;;;;;;;;;;;;;;;;;;;;;;;;;;;;;;;;;;;;;;;;;;;;;;;;;;;;;;;;;;;;;;;;;;;;;;;;;;;;;;;;;;;;;;;;;;;;;;;;;;;;;;;;;
0130+  0870             putchar:
0131+  0870 D7          	push a
0132+  0871 19 00       	mov al, 0
0133+  0873 05 03       	syscall sys_io			; char in AH
0134+  0875 E4          	pop a
0135+  0876 09          	ret
0136+  0877             
0137+  0877             ;;;;;;;;;;;;;;;;;;;;;;;;;;;;;;;;;;;;;;;;;;;;;;;;;;;;;;;;;;;;;;;;;;;;;;;;;;;;;;;;;;;;;;;;;;;;;;;;;;;;;;;;;;;;;;;;;;
0138+  0877             ;; INPUT A STRING
0139+  0877             ;; terminates with null
0140+  0877             ;; pointer in D
0141+  0877             ;;;;;;;;;;;;;;;;;;;;;;;;;;;;;;;;;;;;;;;;;;;;;;;;;;;;;;;;;;;;;;;;;;;;;;;;;;;;;;;;;;;;;;;;;;;;;;;;;;;;;;;;;;;;;;;;;;
0142+  0877             gets:
0143+  0877 D7          	push a
0144+  0878 DA          	push d
0145+  0879             gets_loop:
0146+  0879 FD 0C       	sti
0147+  087B 19 01       	mov al, 1
0148+  087D 05 03       	syscall sys_io			; receive in AH
0149+  087F B9 00       	cmp al, 0				; check error code (AL)
0150+  0881 C6 79 08    	je gets_loop			; if no char received, retry
0151+  0884             
0152+  0884 76 1B       	cmp ah, 27
0153+  0886 C6 A7 08    	je gets_telnet_escape
0154+  0889 76 0A       	cmp ah, $0A				; LF
0155+  088B C6 00 09    	je gets_end
0156+  088E 76 0D       	cmp ah, $0D				; CR
0157+  0890 C6 00 09    	je gets_end
0158+  0893 76 5C       	cmp ah, $5C				; '\\'
0159+  0895 C6 D7 08    	je gets_escape
0160+  0898             	
0161+  0898 76 08       	cmp ah, $08			; check for backspace
0162+  089A C6 A3 08    	je gets_backspace
0163+  089D             
0164+  089D 1A          	mov al, ah
0165+  089E 3E          	mov [d], al
0166+  089F 79          	inc d
0167+  08A0 0A 79 08    	jmp gets_loop
0168+  08A3             gets_backspace:
0169+  08A3 7F          	dec d
0170+  08A4 0A 79 08    	jmp gets_loop
0171+  08A7             gets_telnet_escape:
0172+  08A7 FD 0C       	sti
0173+  08A9 19 01       	mov al, 1
0174+  08AB 05 03       	syscall sys_io				; receive in AH without echo
0175+  08AD B9 00       	cmp al, 0					; check error code (AL)
0176+  08AF C6 A7 08    	je gets_telnet_escape		; if no char received, retry
0177+  08B2 76 5B       	cmp ah, '['
0178+  08B4 C7 79 08    	jne gets_loop
0179+  08B7             gets_telnet_escape_phase2:
0180+  08B7 FD 0C       	sti
0181+  08B9 19 01       	mov al, 1
0182+  08BB 05 03       	syscall sys_io					; receive in AH without echo
0183+  08BD B9 00       	cmp al, 0						; check error code (AL)
0184+  08BF C6 B7 08    	je gets_telnet_escape_phase2	; if no char received, retry
0185+  08C2 76 44       	cmp ah, 'D'
0186+  08C4 C6 CF 08    	je gets_left_arrow
0187+  08C7 76 43       	cmp ah, 'C'
0188+  08C9 C6 D3 08    	je gets_right_arrow
0189+  08CC 0A 79 08    	jmp gets_loop
0190+  08CF             gets_left_arrow:
0191+  08CF 7F          	dec d
0192+  08D0 0A 79 08    	jmp gets_loop
0193+  08D3             gets_right_arrow:
0194+  08D3 79          	inc d
0195+  08D4 0A 79 08    	jmp gets_loop
0196+  08D7             gets_escape:
0197+  08D7 FD 0C       	sti
0198+  08D9 19 01       	mov al, 1
0199+  08DB 05 03       	syscall sys_io			; receive in AH
0200+  08DD B9 00       	cmp al, 0				; check error code (AL)
0201+  08DF C6 D7 08    	je gets_escape			; if no char received, retry
0202+  08E2 76 6E       	cmp ah, 'n'
0203+  08E4 C6 F2 08    	je gets_LF
0204+  08E7 76 72       	cmp ah, 'r'
0205+  08E9 C6 F9 08    	je gets_CR
0206+  08EC 1A          	mov al, ah				; if not a known escape, it is just a normal letter
0207+  08ED 3E          	mov [d], al
0208+  08EE 79          	inc d
0209+  08EF 0A 79 08    	jmp gets_loop
0210+  08F2             gets_LF:
0211+  08F2 19 0A       	mov al, $0A
0212+  08F4 3E          	mov [d], al
0213+  08F5 79          	inc d
0214+  08F6 0A 79 08    	jmp gets_loop
0215+  08F9             gets_CR:
0216+  08F9 19 0D       	mov al, $0D
0217+  08FB 3E          	mov [d], al
0218+  08FC 79          	inc d
0219+  08FD 0A 79 08    	jmp gets_loop
0220+  0900             gets_end:
0221+  0900 19 00       	mov al, 0
0222+  0902 3E          	mov [d], al				; terminate string
0223+  0903 E7          	pop d
0224+  0904 E4          	pop a
0225+  0905 09          	ret
0226+  0906             
0227+  0906             
0228+  0906             
0229+  0906             
0230+  0906             ;;;;;;;;;;;;;;;;;;;;;;;;;;;;;;;;;;;;;;;;;;;;;;;;;;;;;;;;;;;;;;;;;;;;;;;;;;;;;;;;;;;;;;;;;;;;;;;;;;;;;;;;;;;;;;;;;;
0231+  0906             ;; INPUT TEXT
0232+  0906             ;; terminated with CTRL+D
0233+  0906             ;; pointer in D
0234+  0906             ;;;;;;;;;;;;;;;;;;;;;;;;;;;;;;;;;;;;;;;;;;;;;;;;;;;;;;;;;;;;;;;;;;;;;;;;;;;;;;;;;;;;;;;;;;;;;;;;;;;;;;;;;;;;;;;;;;
0235+  0906             gettxt:
0236+  0906 D7          	push a
0237+  0907 DA          	push d
0238+  0908             gettxt_loop:
0239+  0908 19 01       	mov al, 1
0240+  090A 05 03       	syscall sys_io			; receive in AH
0241+  090C B9 00       	cmp al, 0				; check error code (AL)
0242+  090E C6 08 09    	je gettxt_loop		; if no char received, retry
0243+  0911 76 04       	cmp ah, 4			; EOT
0244+  0913 C6 51 09    	je gettxt_end
0245+  0916 76 08       	cmp ah, $08			; check for backspace
0246+  0918 C6 4D 09    	je gettxt_backspace
0247+  091B 76 5C       	cmp ah, $5C				; '\\'
0248+  091D C6 26 09    	je gettxt_escape
0249+  0920 1A          	mov al, ah
0250+  0921 3E          	mov [d], al
0251+  0922 79          	inc d
0252+  0923 0A 08 09    	jmp gettxt_loop
0253+  0926             gettxt_escape:
0254+  0926 19 01       	mov al, 1
0255+  0928 05 03       	syscall sys_io			; receive in AH
0256+  092A B9 00       	cmp al, 0				; check error code (AL)
0257+  092C C6 26 09    	je gettxt_escape		; if no char received, retry
0258+  092F 76 6E       	cmp ah, 'n'
0259+  0931 C6 3F 09    	je gettxt_LF
0260+  0934 76 72       	cmp ah, 'r'
0261+  0936 C6 46 09    	je gettxt_CR
0262+  0939 1A          	mov al, ah				; if not a known escape, it is just a normal letter
0263+  093A 3E          	mov [d], al
0264+  093B 79          	inc d
0265+  093C 0A 08 09    	jmp gettxt_loop
0266+  093F             gettxt_LF:
0267+  093F 19 0A       	mov al, $0A
0268+  0941 3E          	mov [d], al
0269+  0942 79          	inc d
0270+  0943 0A 08 09    	jmp gettxt_loop
0271+  0946             gettxt_CR:
0272+  0946 19 0D       	mov al, $0D
0273+  0948 3E          	mov [d], al
0274+  0949 79          	inc d
0275+  094A 0A 08 09    	jmp gettxt_loop
0276+  094D             gettxt_backspace:
0277+  094D 7F          	dec d
0278+  094E 0A 08 09    	jmp gettxt_loop
0279+  0951             gettxt_end:
0280+  0951 19 00       	mov al, 0
0281+  0953 3E          	mov [d], al				; terminate string
0282+  0954 E7          	pop d
0283+  0955 E4          	pop a
0284+  0956 09          	ret
0285+  0957             
0286+  0957             ;;;;;;;;;;;;;;;;;;;;;;;;;;;;;;;;;;;;;;;;;;;;;;;;;;;;;;;;;;;;;;;;;;;;;;;;;;;;;;;;;;;;;;;;;;;;;;;;;;;;;;;;;;;;;;;;;;
0287+  0957             ; PRINT NEW LINE
0288+  0957             ;;;;;;;;;;;;;;;;;;;;;;;;;;;;;;;;;;;;;;;;;;;;;;;;;;;;;;;;;;;;;;;;;;;;;;;;;;;;;;;;;;;;;;;;;;;;;;;;;;;;;;;;;;;;;;;;;;
0289+  0957             printnl:
0290+  0957 D7          	push a
0291+  0958 10 00 0A    	mov a, $0A00
0292+  095B 05 03       	syscall sys_io
0293+  095D 10 00 0D    	mov a, $0D00
0294+  0960 05 03       	syscall sys_io
0295+  0962 E4          	pop a
0296+  0963 09          	ret
0297+  0964             
0298+  0964             ;;;;;;;;;;;;;;;;;;;;;;;;;;;;;;;;;;;;;;;;;;;;;;;;;;;;;;;;;;;;;;;;;;;;;;;;;;;;;;;;;;;;;;;;;;;;;;;;;;;;;;;;;;;;;;;;;;
0299+  0964             ; strtoint
0300+  0964             ; 4 digit hex string number in d
0301+  0964             ; integer returned in A
0302+  0964             ;;;;;;;;;;;;;;;;;;;;;;;;;;;;;;;;;;;;;;;;;;;;;;;;;;;;;;;;;;;;;;;;;;;;;;;;;;;;;;;;;;;;;;;;;;;;;;;;;;;;;;;;;;;;;;;;;;
0303+  0964             strtointx:
0304+  0964 D8          	push b
0305+  0965 32          	mov bl, [d]
0306+  0966 37          	mov bh, bl
0307+  0967 33 01 00    	mov bl, [d + 1]
0308+  096A 07 25 08    	call atoi				; convert to int in AL
0309+  096D 23          	mov ah, al				; move to AH
0310+  096E 33 02 00    	mov bl, [d + 2]
0311+  0971 37          	mov bh, bl
0312+  0972 33 03 00    	mov bl, [d + 3]
0313+  0975 07 25 08    	call atoi				; convert to int in AL
0314+  0978 E5          	pop b
0315+  0979 09          	ret
0316+  097A             
0317+  097A             ;;;;;;;;;;;;;;;;;;;;;;;;;;;;;;;;;;;;;;;;;;;;;;;;;;;;;;;;;;;;;;;;;;;;;;;;;;;;;;;;;;;;;;;;;;;;;;;;;;;;;;;;;;;;;;;;;;
0318+  097A             ; strtoint
0319+  097A             ; 5 digit base10 string number in d
0320+  097A             ; integer returned in A
0321+  097A             ;;;;;;;;;;;;;;;;;;;;;;;;;;;;;;;;;;;;;;;;;;;;;;;;;;;;;;;;;;;;;;;;;;;;;;;;;;;;;;;;;;;;;;;;;;;;;;;;;;;;;;;;;;;;;;;;;;
0322+  097A             strtoint:
0323+  097A E2          	push si
0324+  097B D8          	push b
0325+  097C D9          	push c
0326+  097D DA          	push d
0327+  097E 07 A5 07    	call strlen			; get string length in C
0328+  0981 7E          	dec c
0329+  0982 FD 4E       	mov si, d
0330+  0984 12          	mov a, c
0331+  0985 FD 99       	shl a
0332+  0987 3B 0D 08    	mov d, table_power
0333+  098A 59          	add d, a
0334+  098B 38 00 00    	mov c, 0
0335+  098E             strtoint_L0:
0336+  098E F6          	lodsb			; load ASCII to al
0337+  098F B9 00       	cmp al, 0
0338+  0991 C6 A4 09    	je strtoint_end
0339+  0994 6F 30       	sub al, $30		; make into integer
0340+  0996 22 00       	mov ah, 0
0341+  0998 2A          	mov b, [d]
0342+  0999 AC          	mul a, b			; result in B since it fits in 16bits
0343+  099A 11          	mov a, b
0344+  099B 28          	mov b, c
0345+  099C 54          	add a, b
0346+  099D 39          	mov c, a
0347+  099E 63 02 00    	sub d, 2
0348+  09A1 0A 8E 09    	jmp strtoint_L0
0349+  09A4             strtoint_end:
0350+  09A4 12          	mov a, c
0351+  09A5 E7          	pop d
0352+  09A6 E6          	pop c
0353+  09A7 E5          	pop b
0354+  09A8 EF          	pop si
0355+  09A9 09          	ret
0356+  09AA             
0357+  09AA             
0358+  09AA             ;;;;;;;;;;;;;;;;;;;;;;;;;;;;;;;;;;;;;;;;;;;;;;;;;;;;;;;;;;;;;;;;;;;;;;;;;;;;;;;;;;;;;;;;;;;;;;;;;;;;;;;;;;;;;;;;;;
0359+  09AA             ; PRINT NULL TERMINATED STRING
0360+  09AA             ; pointer in D
0361+  09AA             ;;;;;;;;;;;;;;;;;;;;;;;;;;;;;;;;;;;;;;;;;;;;;;;;;;;;;;;;;;;;;;;;;;;;;;;;;;;;;;;;;;;;;;;;;;;;;;;;;;;;;;;;;;;;;;;;;;
0362+  09AA             puts:
0363+  09AA D7          	push a
0364+  09AB DA          	push d
0365+  09AC             puts_L1:
0366+  09AC 1E          	mov al, [d]
0367+  09AD B9 00       	cmp al, 0
0368+  09AF C6 BB 09    	jz puts_END
0369+  09B2 23          	mov ah, al
0370+  09B3 19 00       	mov al, 0
0371+  09B5 05 03       	syscall sys_io
0372+  09B7 79          	inc d
0373+  09B8 0A AC 09    	jmp puts_L1
0374+  09BB             puts_END:
0375+  09BB E7          	pop d
0376+  09BC E4          	pop a
0377+  09BD 09          	ret
0378+  09BE             
0379+  09BE             ;;;;;;;;;;;;;;;;;;;;;;;;;;;;;;;;;;;;;;;;;;;;;;;;;;;;;;;;;;;;;;;;;;;;;;;;;;;;;;;;;;;;;;;;;;;;;;;;;;;;;;;;;;;;;;;;;;
0380+  09BE             ; PRINT N SIZE STRING
0381+  09BE             ; pointer in D
0382+  09BE             ; size in C
0383+  09BE             ;;;;;;;;;;;;;;;;;;;;;;;;;;;;;;;;;;;;;;;;;;;;;;;;;;;;;;;;;;;;;;;;;;;;;;;;;;;;;;;;;;;;;;;;;;;;;;;;;;;;;;;;;;;;;;;;;;
0384+  09BE             putsn:
0385+  09BE DB          	push al
0386+  09BF DA          	push d
0387+  09C0 D9          	push c
0388+  09C1             putsn_L0:
0389+  09C1 1E          	mov al, [d]
0390+  09C2 23          	mov ah, al
0391+  09C3 19 00       	mov al, 0
0392+  09C5 05 03       	syscall sys_io
0393+  09C7 79          	inc d
0394+  09C8 7E          	dec c	
0395+  09C9 C2 00 00    	cmp c, 0
0396+  09CC C7 C1 09    	jne putsn_L0
0397+  09CF             putsn_end:
0398+  09CF E6          	pop c
0399+  09D0 E7          	pop d
0400+  09D1 E8          	pop al
0401+  09D2 09          	ret
0402+  09D3             
0403+  09D3             ;;;;;;;;;;;;;;;;;;;;;;;;;;;;;;;;;;;;;;;;;;;;;;;;;;;;;;;;;;;;;;;;;;;;;;;;;;;;;;;;;;;;;;;
0404+  09D3             ; print 16bit decimal number
0405+  09D3             ; input number in A
0406+  09D3             ;;;;;;;;;;;;;;;;;;;;;;;;;;;;;;;;;;;;;;;;;;;;;;;;;;;;;;;;;;;;;;;;;;;;;;;;;;;;;;;;;;;;;;;
0407+  09D3             print_u16d:
0408+  09D3 D7          	push a
0409+  09D4 D8          	push b
0410+  09D5 26 10 27    	mov b, 10000
0411+  09D8 AE          	div a, b			; get 10000's coeff.
0412+  09D9 07 FB 09    	call print_number
0413+  09DC 11          	mov a, b
0414+  09DD 26 E8 03    	mov b, 1000
0415+  09E0 AE          	div a, b			; get 1000's coeff.
0416+  09E1 07 FB 09    	call print_number
0417+  09E4 11          	mov a, b
0418+  09E5 26 64 00    	mov b, 100
0419+  09E8 AE          	div a, b
0420+  09E9 07 FB 09    	call print_number
0421+  09EC 11          	mov a, b
0422+  09ED 26 0A 00    	mov b, 10
0423+  09F0 AE          	div a, b
0424+  09F1 07 FB 09    	call print_number
0425+  09F4 1B          	mov al, bl			; 1's coeff in bl
0426+  09F5 07 FB 09    	call print_number
0427+  09F8 E5          	pop b
0428+  09F9 E4          	pop a
0429+  09FA 09          	ret
0430+  09FB             
0431+  09FB             ;;;;;;;;;;;;;;;;;;;;;;;;;;;;;;;;;;;;;;;;;;;;;;;;;;;;;;;;;;;;;;;;;;;;;;;;;;;;;;;;;;;;;;;
0432+  09FB             ; print AL
0433+  09FB             ;;;;;;;;;;;;;;;;;;;;;;;;;;;;;;;;;;;;;;;;;;;;;;;;;;;;;;;;;;;;;;;;;;;;;;;;;;;;;;;;;;;;;;;
0434+  09FB             print_number:
0435+  09FB 6A 30       	add al, $30
0436+  09FD 23          	mov ah, al
0437+  09FE 07 70 08    	call putchar
0438+  0A01 09          	ret
0439+  0A02             
0440+  0A02             ;;;;;;;;;;;;;;;;;;;;;;;;;;;;;;;;;;;;;;;;;;;;;;;;;;;;;;;;;;;;;;;;;;;;;;;;;;;;;;;;;;;;;;;;;;;;;;;;;;;;;;;;;;;;;;;;;;
0441+  0A02             ; PRINT 16BIT HEX INTEGER
0442+  0A02             ; integer value in reg B
0443+  0A02             ;;;;;;;;;;;;;;;;;;;;;;;;;;;;;;;;;;;;;;;;;;;;;;;;;;;;;;;;;;;;;;;;;;;;;;;;;;;;;;;;;;;;;;;;;;;;;;;;;;;;;;;;;;;;;;;;;;
0444+  0A02             print_u16x:
0445+  0A02 D7          	push a
0446+  0A03 D8          	push b
0447+  0A04 DD          	push bl
0448+  0A05 30          	mov bl, bh
0449+  0A06 07 37 08    	call itoa				; convert bh to char in A
0450+  0A09 2F          	mov bl, al				; save al
0451+  0A0A 19 00       	mov al, 0
0452+  0A0C 05 03       	syscall sys_io				; display AH
0453+  0A0E 24          	mov ah, bl				; retrieve al
0454+  0A0F 19 00       	mov al, 0
0455+  0A11 05 03       	syscall sys_io				; display AL
0456+  0A13             
0457+  0A13 EA          	pop bl
0458+  0A14 07 37 08    	call itoa				; convert bh to char in A
0459+  0A17 2F          	mov bl, al				; save al
0460+  0A18 19 00       	mov al, 0
0461+  0A1A 05 03       	syscall sys_io				; display AH
0462+  0A1C 24          	mov ah, bl				; retrieve al
0463+  0A1D 19 00       	mov al, 0
0464+  0A1F 05 03       	syscall sys_io				; display AL
0465+  0A21             
0466+  0A21 E5          	pop b
0467+  0A22 E4          	pop a
0468+  0A23 09          	ret
0469+  0A24             
0470+  0A24             ;;;;;;;;;;;;;;;;;;;;;;;;;;;;;;;;;;;;;;;;;;;;;;;;;;;;;;;;;;;;;;;;;;;;;;;;;;;;;;;;;;;;;;;;;;;;;;;;;;;;;;;;;;;;;;;;;;
0471+  0A24             ; INPUT 16BIT HEX INTEGER
0472+  0A24             ; read 16bit integer into A
0473+  0A24             ;;;;;;;;;;;;;;;;;;;;;;;;;;;;;;;;;;;;;;;;;;;;;;;;;;;;;;;;;;;;;;;;;;;;;;;;;;;;;;;;;;;;;;;;;;;;;;;;;;;;;;;;;;;;;;;;;;
0474+  0A24             scan_u16x:
0475+  0A24 F8 10 00    	enter 16
0476+  0A27 D8          	push b
0477+  0A28 DA          	push d
0478+  0A29             
0479+  0A29 FA F1 FF    	lea d, [bp + -15]
0480+  0A2C 07 77 08    	call gets				; get number
0481+  0A2F             
0482+  0A2F 32          	mov bl, [d]
0483+  0A30 37          	mov bh, bl
0484+  0A31 33 01 00    	mov bl, [d + 1]
0485+  0A34 07 25 08    	call atoi				; convert to int in AL
0486+  0A37 23          	mov ah, al				; move to AH
0487+  0A38             
0488+  0A38 33 02 00    	mov bl, [d + 2]
0489+  0A3B 37          	mov bh, bl
0490+  0A3C 33 03 00    	mov bl, [d + 3]
0491+  0A3F 07 25 08    	call atoi				; convert to int in AL
0492+  0A42             
0493+  0A42 E7          	pop d
0494+  0A43 E5          	pop b
0495+  0A44 F9          	leave
0496+  0A45 09          	ret
0497+  0A46             
0498+  0A46             ;;;;;;;;;;;;;;;;;;;;;;;;;;;;;;;;;;;;;;;;;;;;;;;;;;;;;;;;;;;;;;;;;;;;;;;;;;;;;;;;;;;;;;;;;;;;;;;;;;;;;;;;;;;;;;;;;;
0499+  0A46             ; PRINT 8bit HEX INTEGER
0500+  0A46             ; integer value in reg bl
0501+  0A46             ;;;;;;;;;;;;;;;;;;;;;;;;;;;;;;;;;;;;;;;;;;;;;;;;;;;;;;;;;;;;;;;;;;;;;;;;;;;;;;;;;;;;;;;;;;;;;;;;;;;;;;;;;;;;;;;;;;
0502+  0A46             print_u8x:
0503+  0A46 D7          	push a
0504+  0A47 DD          	push bl
0505+  0A48             
0506+  0A48 07 37 08    	call itoa				; convert bl to char in A
0507+  0A4B 2F          	mov bl, al				; save al
0508+  0A4C 19 00       	mov al, 0
0509+  0A4E 05 03       	syscall sys_io				; display AH
0510+  0A50 24          	mov ah, bl				; retrieve al
0511+  0A51 19 00       	mov al, 0
0512+  0A53 05 03       	syscall sys_io				; display AL
0513+  0A55             
0514+  0A55 EA          	pop bl
0515+  0A56 E4          	pop a
0516+  0A57 09          	ret
0517+  0A58             
0518+  0A58             ;;;;;;;;;;;;;;;;;;;;;;;;;;;;;;;;;;;;;;;;;;;;;;;;;;;;;;;;;;;;;;;;;;;;;;;;;;;;;;;;;;;;;;;
0519+  0A58             ; print 8bit decimal unsigned number
0520+  0A58             ; input number in AL
0521+  0A58             ;;;;;;;;;;;;;;;;;;;;;;;;;;;;;;;;;;;;;;;;;;;;;;;;;;;;;;;;;;;;;;;;;;;;;;;;;;;;;;;;;;;;;;;
0522+  0A58             print_u8d:
0523+  0A58 D7          	push a
0524+  0A59 D8          	push b
0525+  0A5A             
0526+  0A5A 22 00       	mov ah, 0
0527+  0A5C 26 64 00    	mov b, 100
0528+  0A5F AE          	div a, b
0529+  0A60 D8          	push b			; save remainder
0530+  0A61 B9 00       	cmp al, 0
0531+  0A63 C6 6D 0A    	je skip100
0532+  0A66 6A 30       	add al, $30
0533+  0A68 23          	mov ah, al
0534+  0A69 19 00       	mov al, 0
0535+  0A6B 05 03       	syscall sys_io	; print coeff
0536+  0A6D             skip100:
0537+  0A6D E4          	pop a
0538+  0A6E 22 00       	mov ah, 0
0539+  0A70 26 0A 00    	mov b, 10
0540+  0A73 AE          	div a, b
0541+  0A74 D8          	push b			; save remainder
0542+  0A75 B9 00       	cmp al, 0
0543+  0A77 C6 81 0A    	je skip10
0544+  0A7A 6A 30       	add al, $30
0545+  0A7C 23          	mov ah, al
0546+  0A7D 19 00       	mov al, 0
0547+  0A7F 05 03       	syscall sys_io	; print coeff
0548+  0A81             skip10:
0549+  0A81 E4          	pop a
0550+  0A82 1B          	mov al, bl
0551+  0A83 6A 30       	add al, $30
0552+  0A85 23          	mov ah, al
0553+  0A86 19 00       	mov al, 0
0554+  0A88 05 03       	syscall sys_io	; print coeff
0555+  0A8A E5          	pop b
0556+  0A8B E4          	pop a
0557+  0A8C 09          	ret
0558+  0A8D             
0559+  0A8D             ;;;;;;;;;;;;;;;;;;;;;;;;;;;;;;;;;;;;;;;;;;;;;;;;;;;;;;;;;;;;;;;;;;;;;;;;;;;;;;;;;;;;;;;;;;;;;;;;;;;;;;;;;;;;;;;;;;
0560+  0A8D             ; INPUT 8BIT HEX INTEGER
0561+  0A8D             ; read 8bit integer into AL
0562+  0A8D             ;;;;;;;;;;;;;;;;;;;;;;;;;;;;;;;;;;;;;;;;;;;;;;;;;;;;;;;;;;;;;;;;;;;;;;;;;;;;;;;;;;;;;;;;;;;;;;;;;;;;;;;;;;;;;;;;;;
0563+  0A8D             scan_u8x:
0564+  0A8D F8 04 00    	enter 4
0565+  0A90 D8          	push b
0566+  0A91 DA          	push d
0567+  0A92             
0568+  0A92 FA FD FF    	lea d, [bp + -3]
0569+  0A95 07 77 08    	call gets				; get number
0570+  0A98             
0571+  0A98 32          	mov bl, [d]
0572+  0A99 37          	mov bh, bl
0573+  0A9A 33 01 00    	mov bl, [d + 1]
0574+  0A9D 07 25 08    	call atoi				; convert to int in AL
0575+  0AA0             
0576+  0AA0 E7          	pop d
0577+  0AA1 E5          	pop b
0578+  0AA2 F9          	leave
0579+  0AA3 09          	ret
0580+  0AA4             
0581+  0AA4             ;;;;;;;;;;;;;;;;;;;;;;;;;;;;;;;;;;;;;;;;;;;;;;;;;;;;;;;;;;;;;;;;;;;;;;;;;;;;;;;;;;;;;;;
0582+  0AA4             ; input decimal number
0583+  0AA4             ; result in A
0584+  0AA4             ; 655'\0'
0585+  0AA4             ; low--------high
0586+  0AA4             ;;;;;;;;;;;;;;;;;;;;;;;;;;;;;;;;;;;;;;;;;;;;;;;;;;;;;;;;;;;;;;;;;;;;;;;;;;;;;;;;;;;;;;;
0587+  0AA4             scan_u16d:
0588+  0AA4 F8 08 00    	enter 8
0589+  0AA7 E2          	push si
0590+  0AA8 D8          	push b
0591+  0AA9 D9          	push c
0592+  0AAA DA          	push d
0593+  0AAB FA F9 FF    	lea d, [bp +- 7]
0594+  0AAE 07 77 08    	call gets
0595+  0AB1 07 A5 07    	call strlen			; get string length in C
0596+  0AB4 7E          	dec c
0597+  0AB5 FD 4E       	mov si, d
0598+  0AB7 12          	mov a, c
0599+  0AB8 FD 99       	shl a
0600+  0ABA 3B 0D 08    	mov d, table_power
0601+  0ABD 59          	add d, a
0602+  0ABE 38 00 00    	mov c, 0
0603+  0AC1             mul_loop:
0604+  0AC1 F6          	lodsb			; load ASCII to al
0605+  0AC2 B9 00       	cmp al, 0
0606+  0AC4 C6 D7 0A    	je mul_exit
0607+  0AC7 6F 30       	sub al, $30		; make into integer
0608+  0AC9 22 00       	mov ah, 0
0609+  0ACB 2A          	mov b, [d]
0610+  0ACC AC          	mul a, b			; result in B since it fits in 16bits
0611+  0ACD 11          	mov a, b
0612+  0ACE 28          	mov b, c
0613+  0ACF 54          	add a, b
0614+  0AD0 39          	mov c, a
0615+  0AD1 63 02 00    	sub d, 2
0616+  0AD4 0A C1 0A    	jmp mul_loop
0617+  0AD7             mul_exit:
0618+  0AD7 12          	mov a, c
0619+  0AD8 E7          	pop d
0620+  0AD9 E6          	pop c
0621+  0ADA E5          	pop b
0622+  0ADB EF          	pop si
0623+  0ADC F9          	leave
0624+  0ADD 09          	ret
0040   0ADE             .include "ctype.asm"
0001+  0ADE             ;;;;;;;;;;;;;;;;;;;;;;;;;;;;;;;;;;;;;;;;;;;;;;;;;;;;;;;;;;;;;;;;;;;;;;;;;;;;;;;;;;;;;;;;;;;;;;;;;;;;;;;;;;;;;;;;;;
0002+  0ADE             ; ctype.s
0003+  0ADE             ;;;;;;;;;;;;;;;;;;;;;;;;;;;;;;;;;;;;;;;;;;;;;;;;;;;;;;;;;;;;;;;;;;;;;;;;;;;;;;;;;;;;;;;;;;;;;;;;;;;;;;;;;;;;;;;;;;
0004+  0ADE             
0005+  0ADE             ;;;;;;;;;;;;;;;;;;;;;;;;;;;;;;;;;;;;;;;;;;;;;;;;;;;;;;;;;;;;;;;;;;;;;;;;;;;;;;;;;;;;;;;;;;;;;;;;;;;;;;;;;;;;;;;;;;
0006+  0ADE             ;; C character classification is an operation provided by a group of functions in the ANSI C Standard Library
0007+  0ADE             ;; for the C programming language. These functions are used to test characters for membership in a particular
0008+  0ADE             ;; class of characters, such as alphabetic characters, control characters, etc. Both single-byte, and wide
0009+  0ADE             ;; characters are supported.
0010+  0ADE             ;;;;;;;;;;;;;;;;;;;;;;;;;;;;;;;;;;;;;;;;;;;;;;;;;;;;;;;;;;;;;;;;;;;;;;;;;;;;;;;;;;;;;;;;;;;;;;;;;;;;;;;;;;;;;;;;;;
0011+  0ADE             ;; isalnum 
0012+  0ADE             ;; isalpha 
0013+  0ADE             ;; islower 
0014+  0ADE             ;; isupper 
0015+  0ADE             ;; isdigit 
0016+  0ADE             ;; isxdigit
0017+  0ADE             ;; iscntrl 
0018+  0ADE             ;; isgraph 
0019+  0ADE             ;; isspace 
0020+  0ADE             ;; isblank 
0021+  0ADE             ;; isprint 
0022+  0ADE             ;; ispunct 
0023+  0ADE             ;; tolower 
0024+  0ADE             ;; toupper
0025+  0ADE             
0026+  0ADE             
0027+  0ADE             ;;;;;;;;;;;;;;;;;;;;;;;;;;;;;;;;;;;;;;;;;;;;;;;;;;;;;;;;;;;;;;;;;;;;;;;;;;;;;;;;;;
0028+  0ADE             ;; IS ALPHANUMERIC
0029+  0ADE             ;; sets ZF according with result
0030+  0ADE             ;;;;;;;;;;;;;;;;;;;;;;;;;;;;;;;;;;;;;;;;;;;;;;;;;;;;;;;;;;;;;;;;;;;;;;;;;;;;;;;;;;
0031+  0ADE             isalnum:
0032+  0ADE 07 FB 0A    	call isalpha
0033+  0AE1 C6 E7 0A    	je isalnum_exit
0034+  0AE4 07 E8 0A    	call isdigit
0035+  0AE7             isalnum_exit:
0036+  0AE7 09          	ret	
0037+  0AE8             ;;;;;;;;;;;;;;;;;;;;;;;;;;;;;;;;;;;;;;;;;;;;;;;;;;;;;;;;;;;;;;;;;;;;;;;;;;;;;;;;;;
0038+  0AE8             ;; IS DIGIT
0039+  0AE8             ;; sets ZF according with result
0040+  0AE8             ;;;;;;;;;;;;;;;;;;;;;;;;;;;;;;;;;;;;;;;;;;;;;;;;;;;;;;;;;;;;;;;;;;;;;;;;;;;;;;;;;;
0041+  0AE8             isdigit:
0042+  0AE8 DB          	push al
0043+  0AE9 B9 30       	cmp al, '0'
0044+  0AEB C8 F7 0A    	jlu isdigit_false
0045+  0AEE B9 39       	cmp al, '9'
0046+  0AF0 D1 F7 0A    	jgu isdigit_false
0047+  0AF3 87 00       	and al, 0	; set ZF
0048+  0AF5 E8          	pop al
0049+  0AF6 09          	ret
0050+  0AF7             isdigit_false:
0051+  0AF7 8B 01       	or al, 1	; clear ZF
0052+  0AF9 E8          	pop al
0053+  0AFA 09          	ret	
0054+  0AFB             	
0055+  0AFB             ;;;;;;;;;;;;;;;;;;;;;;;;;;;;;;;;;;;;;;;;;;;;;;;;;;;;;;;;;;;;;;;;;;;;;;;;;;;;;;;;;;
0056+  0AFB             ;; IS ALPHA
0057+  0AFB             ;; sets ZF according with result
0058+  0AFB             ;;;;;;;;;;;;;;;;;;;;;;;;;;;;;;;;;;;;;;;;;;;;;;;;;;;;;;;;;;;;;;;;;;;;;;;;;;;;;;;;;;
0059+  0AFB             isalpha:
0060+  0AFB DB          	push al
0061+  0AFC B9 5F       	cmp al, '_'
0062+  0AFE C6 1E 0B    	je isalpha_true
0063+  0B01 B9 2E       	cmp al, '.'
0064+  0B03 C6 1E 0B    	je isalpha_true
0065+  0B06 B9 41       	cmp al, 'A'
0066+  0B08 C8 1A 0B    	jlu isalpha_false
0067+  0B0B B9 7A       	cmp al, 'z'
0068+  0B0D D1 1A 0B    	jgu isalpha_false
0069+  0B10 B9 5A       	cmp al, 'Z'
0070+  0B12 D0 1E 0B    	jleu isalpha_true
0071+  0B15 B9 61       	cmp al, 'a'
0072+  0B17 C9 1E 0B    	jgeu isalpha_true
0073+  0B1A             isalpha_false:
0074+  0B1A 8B 01       	or al, 1	; clear ZF
0075+  0B1C E8          	pop al
0076+  0B1D 09          	ret
0077+  0B1E             isalpha_true:
0078+  0B1E 87 00       	and al, 0	; set ZF
0079+  0B20 E8          	pop al
0080+  0B21 09          	ret
0081+  0B22             
0082+  0B22             ;;;;;;;;;;;;;;;;;;;;;;;;;;;;;;;;;;;;;;;;;;;;;;;;;;;;;;;;;;;;;;;;;;;;;;;;;;;;;;;;;;
0083+  0B22             ;; IS PATH-ALPHA
0084+  0B22             ;; sets ZF according with result
0085+  0B22             ;;;;;;;;;;;;;;;;;;;;;;;;;;;;;;;;;;;;;;;;;;;;;;;;;;;;;;;;;;;;;;;;;;;;;;;;;;;;;;;;;;
0086+  0B22             ispath:
0087+  0B22 DB          	push al
0088+  0B23 07 E8 0A    	call isdigit
0089+  0B26 C6 50 0B    	je ispath_true
0090+  0B29 B9 5F       	cmp al, '_'
0091+  0B2B C6 50 0B    	je ispath_true
0092+  0B2E B9 2F       	cmp al, '/'
0093+  0B30 C6 50 0B    	je ispath_true
0094+  0B33 B9 2E       	cmp al, '.'
0095+  0B35 C6 50 0B    	je ispath_true
0096+  0B38 B9 41       	cmp al, 'A'
0097+  0B3A C8 4C 0B    	jlu ispath_false
0098+  0B3D B9 7A       	cmp al, 'z'
0099+  0B3F D1 4C 0B    	jgu ispath_false
0100+  0B42 B9 5A       	cmp al, 'Z'
0101+  0B44 D0 50 0B    	jleu ispath_true
0102+  0B47 B9 61       	cmp al, 'a'
0103+  0B49 C9 50 0B    	jgeu ispath_true
0104+  0B4C             ispath_false:
0105+  0B4C 8B 01       	or al, 1	; clear ZF
0106+  0B4E E8          	pop al
0107+  0B4F 09          	ret
0108+  0B50             ispath_true:
0109+  0B50 87 00       	and al, 0	; set ZF
0110+  0B52 E8          	pop al
0111+  0B53 09          	ret
0112+  0B54             ;;;;;;;;;;;;;;;;;;;;;;;;;;;;;;;;;;;;;;;;;;;;;;;;;;;;;;;;;;;;;;;;;;;;;;;;;;;;;;;;;;
0113+  0B54             ;; IS SPACE
0114+  0B54             ;; sets ZF according with result
0115+  0B54             ;;;;;;;;;;;;;;;;;;;;;;;;;;;;;;;;;;;;;;;;;;;;;;;;;;;;;;;;;;;;;;;;;;;;;;;;;;;;;;;;;;
0116+  0B54             isspace:
0117+  0B54 B9 20       	cmp al, $20		; ' '
0118+  0B56 C6 6A 0B    	je isspace_exit
0119+  0B59 B9 09       	cmp al, $09		; '\t'
0120+  0B5B C6 6A 0B    	je isspace_exit
0121+  0B5E B9 0A       	cmp al, $0A		; '\n'
0122+  0B60 C6 6A 0B    	je isspace_exit
0123+  0B63 B9 0D       	cmp al, $0D		; '\r'
0124+  0B65 C6 6A 0B    	je isspace_exit
0125+  0B68 B9 0B       	cmp al, $0B		; '\v'
0126+  0B6A             isspace_exit:
0127+  0B6A 09          	ret	
0128+  0B6B             
0129+  0B6B             ;;;;;;;;;;;;;;;;;;;;;;;;;;;;;;;;;;;;;;;;;;;;;;;;;;;;;;;;;;;;;;;;;;;;;;;;;;;;;;;;;;;;;;;;;;;;;;;;;;;;;;;;;;;;;;;;;;
0130+  0B6B             ; TO LOWER
0131+  0B6B             ; input in AL
0132+  0B6B             ; output in AL
0133+  0B6B             ;;;;;;;;;;;;;;;;;;;;;;;;;;;;;;;;;;;;;;;;;;;;;;;;;;;;;;;;;;;;;;;;;;;;;;;;;;;;;;;;;;;;;;;;;;;;;;;;;;;;;;;;;;;;;;;;;;
0134+  0B6B             to_lower:
0135+  0B6B B9 5A       	cmp al, 'Z'
0136+  0B6D D1 72 0B    	jgu to_lower_ret
0137+  0B70 6A 20       	add al, $20				; convert to lower case
0138+  0B72             to_lower_ret:
0139+  0B72 09          	ret
0140+  0B73             ;;;;;;;;;;;;;;;;;;;;;;;;;;;;;;;;;;;;;;;;;;;;;;;;;;;;;;;;;;;;;;;;;;;;;;;;;;;;;;;;;;;;;;;;;;;;;;;;;;;;;;;;;;;;;;;;;;
0141+  0B73             ; TO UPPER
0142+  0B73             ; input in AL
0143+  0B73             ; output in AL
0144+  0B73             ;;;;;;;;;;;;;;;;;;;;;;;;;;;;;;;;;;;;;;;;;;;;;;;;;;;;;;;;;;;;;;;;;;;;;;;;;;;;;;;;;;;;;;;;;;;;;;;;;;;;;;;;;;;;;;;;;;
0145+  0B73             to_upper:
0146+  0B73 B9 61       	cmp al, 'a'
0147+  0B75 C8 7A 0B    	jlu to_upper_ret
0148+  0B78 6F 20       	sub al, $20			; convert to upper case
0149+  0B7A             to_upper_ret:
0150+  0B7A 09          	ret
0151+  0B7B             
0041   0B7B             
0042   0B7B             .end
0043   0B7B             
0044   0B7B             
tasm: Number of errors = 0
