0001   0000             .include "lib/kernel.exp"
0001+  0000             PROC_TEXT_ORG    .EQU  $0400
0002+  0000             sys_bkpt         .EQU  $0000
0003+  0000             sys_rtc          .EQU  $0001
0004+  0000             sys_ide          .EQU  $0002
0005+  0000             sys_io           .EQU  $0003
0006+  0000             sys_filesystem   .EQU  $0004
0007+  0000             sys_fork         .EQU  $0005
0008+  0000             sys_list         .EQU  $0006
0009+  0000             sys_datetime     .EQU  $0007
0010+  0000             sys_reboot       .EQU  $0008
0011+  0000             sys_pause_proc   .EQU  $0009
0012+  0000             sys_resume_proc  .EQU  $000a
0013+  0000             sys_terminate_proc .EQU  $000b
0014+  0000             sys_system       .EQU  $000c
0015+  0000             sys_boot_install .EQU  $000d
0002   0000             
0003   0400             .org PROC_TEXT_ORG			; origin at 1024
0004   0400             
0005   0400             cmd_hexd:
0006   0400 10 00 00    	mov a, 0
0007   0403 42 C1 06    	mov [prog], a			; move tokennizer pointer to the beginning of the arguments area (address 0)
0008   0406 07 CB 04    	call get_path
0009   0409             
0010   0409 3B C5 06    	mov d, tokstr
0011   040C FD 4F E2 0B 	mov di, transient_area
0012   0410 19 14       	mov al, 20
0013   0412 05 04       	syscall sys_filesystem				; read textfile into shell buffer
0014   0414 3B E2 0B    	mov d, transient_area
0015   0417             
0016   0417 07 22 05    	call get_token			; read dump address
0017   041A 3B C5 06    	mov d, tokstr
0018   041D 07 CB 09    	call strtointx
0019   0420             
0020   0420 53 E2 0B    	add a, transient_area
0021   0423 3C          	mov d, a				; dump pointer in d
0022   0424 38 00 00    	mov c, 0
0023   0427             dump_loop:
0024   0427 84          	mov al, cl
0025   0428 87 0F       	and al, $0F
0026   042A C6 79 04    	jz print_base
0027   042D             back:
0028   042D 1E          	mov al, [d]				; read byte
0029   042E 2F          	mov bl, al
0030   042F 07 AD 0A    	call print_u8x
0031   0432 10 00 20    	mov a, $2000
0032   0435 05 03       	syscall sys_io			; space
0033   0437 84          	mov al, cl
0034   0438 87 0F       	and al, $0F
0035   043A B9 0F       	cmp al, $0F
0036   043C C6 53 04    	je print_ascii
0037   043F             back1:
0038   043F 79          	inc d
0039   0440 78          	inc c
0040   0441 C2 00 02    	cmp c, 512
0041   0444 C7 27 04    	jne dump_loop
0042   0447             	
0043   0447 10 00 0A    	mov a, $0A00
0044   044A 05 03       	syscall sys_io
0045   044C 10 00 0D    	mov a, $0D00
0046   044F 05 03       	syscall sys_io
0047   0451             	;call printnl
0048   0451             
0049   0451 05 0B       	syscall sys_terminate_proc
0050   0453             print_ascii:
0051   0453 63 10 00    	sub d, 16
0052   0456 26 10 00    	mov b, 16
0053   0459             print_ascii_L:
0054   0459 79          	inc d
0055   045A 1E          	mov al, [d]				; read byte
0056   045B B9 20       	cmp al, $20
0057   045D C8 65 04    	jlu dot
0058   0460 B9 7E       	cmp al, $7E
0059   0462 D0 6D 04    	jleu ascii
0060   0465             dot:
0061   0465 10 00 2E    	mov a, $2E00
0062   0468 05 03       	syscall sys_io
0063   046A 0A 72 04    	jmp ascii_continue
0064   046D             ascii:
0065   046D 23          	mov ah, al
0066   046E 19 00       	mov al, 0
0067   0470 05 03       	syscall sys_io
0068   0472             ascii_continue:
0069   0472 FD A9 59 04 	loopb print_ascii_L
0070   0476 0A 3F 04    	jmp back1
0071   0479             print_base:
0072   0479 10 00 0A    	mov a, $0A00
0073   047C 05 03       	syscall sys_io
0074   047E 10 00 0D    	mov a, $0D00
0075   0481 05 03       	syscall sys_io
0076   0483 2D          	mov b, d
0077   0484 61 E2 0B    	sub b, transient_area
0078   0487 07 69 0A    	call print_u16x				; display row
0079   048A 55 E2 0B    	add b, transient_area
0080   048D 10 00 20    	mov a, $2000
0081   0490 05 03       	syscall sys_io
0082   0492 0A 2D 04    	jmp back
0083   0495             
0084   0495 05 0B       	syscall sys_terminate_proc
0085   0497             
0086   0497             .include "lib/token.asm"
0001+  0497             TOKTYP_IDENTIFIER	.equ 0
0002+  0497             TOKTYP_KEYWORD		.equ 1
0003+  0497             TOKTYP_DELIMITER	.equ 2
0004+  0497             TOKTYP_STRING		.equ 3
0005+  0497             TOKTYP_CHAR			.equ 4
0006+  0497             TOKTYP_NUMERIC		.equ 5
0007+  0497             TOKTYP_END			.equ 6
0008+  0497             
0009+  0497             TOK_NULL			.equ 0
0010+  0497             TOK_FSLASH			.equ 1
0011+  0497             TOK_TIMES 			.equ 2
0012+  0497             TOK_PLUS 			.equ 3
0013+  0497             TOK_MINUS 			.equ 4
0014+  0497             TOK_DOT				.equ 5
0015+  0497             TOK_SEMI			.equ 6
0016+  0497             TOK_ANGLE			.equ 7
0017+  0497             TOK_TILDE			.equ 8
0018+  0497             TOK_EQUAL			.equ 9
0019+  0497             TOK_COLON			.equ 10
0020+  0497             TOK_COMMA			.equ 11
0021+  0497             
0022+  0497             TOK_END				.equ 20
0023+  0497             
0024+  0497             
0025+  0497             ;;;;;;;;;;;;;;;;;;;;;;;;;;;;;;;;;;;;;;;;;;;;;;;;;;;;;;;;;;;;;;;;;;;;;;;;;;;;;;;;;;
0026+  0497             ;; read a full command argment from shell input buffer
0027+  0497             ;; argument is written into tokstr
0028+  0497             ;;;;;;;;;;;;;;;;;;;;;;;;;;;;;;;;;;;;;;;;;;;;;;;;;;;;;;;;;;;;;;;;;;;;;;;;;;;;;;;;;;
0029+  0497             get_arg:
0030+  0497 D7          	push a
0031+  0498 E2          	push si
0032+  0499 E3          	push di
0033+  049A 19 00       	mov al, 0
0034+  049C 3D C5 06    	mov [tokstr], al			; nullify tokstr string
0035+  049F 14 C1 06    	mov a, [prog]
0036+  04A2 4D          	mov si, a
0037+  04A3 FD 4F C5 06 	mov di, tokstr
0038+  04A7             get_arg_skip_spaces:
0039+  04A7 F6          	lodsb
0040+  04A8 07 BB 0B    	call isspace
0041+  04AB C6 A7 04    	je get_arg_skip_spaces
0042+  04AE             get_arg_L0:
0043+  04AE B9 3B       	cmp al, $3B				; check if is ';'
0044+  04B0 C6 BD 04    	je get_arg_end
0045+  04B3 B9 00       	cmp al, 0
0046+  04B5 C6 BD 04    	je get_arg_end			; check if end of input
0047+  04B8 F7          	stosb
0048+  04B9 F6          	lodsb
0049+  04BA 0A AE 04    	jmp get_arg_L0
0050+  04BD             get_arg_end:
0051+  04BD 19 00       	mov al, 0
0052+  04BF F7          	stosb
0053+  04C0 D5 01 00    	sub si, 1
0054+  04C3 4E          	mov a, si
0055+  04C4 42 C1 06    	mov [prog], a		; update pointer
0056+  04C7 F0          	pop di
0057+  04C8 EF          	pop si
0058+  04C9 E4          	pop a
0059+  04CA 09          	ret
0060+  04CB             
0061+  04CB             ;;;;;;;;;;;;;;;;;;;;;;;;;;;;;;;;;;;;;;;;;;;;;;;;;;;;;;;;;;;;;;;;;;;;;;;;;;;;;;;;;;
0062+  04CB             ;; read a path formation from shell input buffer
0063+  04CB             ;; path is written into tokstr
0064+  04CB             ;; /usr/bin
0065+  04CB             ;;;;;;;;;;;;;;;;;;;;;;;;;;;;;;;;;;;;;;;;;;;;;;;;;;;;;;;;;;;;;;;;;;;;;;;;;;;;;;;;;;
0066+  04CB             get_path:
0067+  04CB D7          	push a
0068+  04CC E2          	push si
0069+  04CD E3          	push di
0070+  04CE 19 00       	mov al, 0
0071+  04D0 3D C5 06    	mov [tokstr], al			; nullify tokstr string
0072+  04D3 14 C1 06    	mov a, [prog]
0073+  04D6 4D          	mov si, a
0074+  04D7 FD 4F C5 06 	mov di, tokstr
0075+  04DB             get_path_skip_spaces:
0076+  04DB F6          	lodsb
0077+  04DC 07 BB 0B    	call isspace
0078+  04DF C6 DB 04    	je get_path_skip_spaces
0079+  04E2             get_path_is_pathchar:
0080+  04E2 F7          	stosb
0081+  04E3 F6          	lodsb
0082+  04E4 07 45 0B    	call isalnum			;check if is alphanumeric
0083+  04E7 C6 E2 04    	je get_path_is_pathchar
0084+  04EA B9 2F       	cmp al, '/'				; check if is '/'
0085+  04EC C6 E2 04    	je get_path_is_pathchar
0086+  04EF 19 00       	mov al, 0
0087+  04F1 F7          	stosb
0088+  04F2 D5 01 00    	sub si, 1
0089+  04F5 4E          	mov a, si
0090+  04F6 42 C1 06    	mov [prog], a		; update pointer
0091+  04F9             get_path_end:
0092+  04F9 F0          	pop di
0093+  04FA EF          	pop si
0094+  04FB E4          	pop a
0095+  04FC 09          	ret
0096+  04FD             
0097+  04FD             ;;;;;;;;;;;;;;;;;;;;;;;;;;;;;;;;;;;;;;;;;;;;;;;;;;;;;;;;;;;;;;;;;;;;;;;;;;;;;;;;;;
0098+  04FD             ;; read a line
0099+  04FD             ;; line is written into tokstr
0100+  04FD             ;;;;;;;;;;;;;;;;;;;;;;;;;;;;;;;;;;;;;;;;;;;;;;;;;;;;;;;;;;;;;;;;;;;;;;;;;;;;;;;;;;
0101+  04FD             get_line:
0102+  04FD D7          	push a
0103+  04FE E2          	push si
0104+  04FF E3          	push di
0105+  0500 19 00       	mov al, 0
0106+  0502 3D C5 06    	mov [tokstr], al			; nullify tokstr string
0107+  0505 14 C1 06    	mov a, [prog]
0108+  0508 4D          	mov si, a
0109+  0509 FD 4F C5 06 	mov di, tokstr
0110+  050D             get_line_L0:
0111+  050D F6          	lodsb
0112+  050E B9 0A       	cmp al, $0A		; check for new line
0113+  0510 C6 17 05    	je get_line_exit
0114+  0513 F7          	stosb
0115+  0514 0A 0D 05    	jmp get_line_L0
0116+  0517             get_line_exit:
0117+  0517 19 00       	mov al, 0
0118+  0519 F7          	stosb
0119+  051A 4E          	mov a, si
0120+  051B 42 C1 06    	mov [prog], a		; update pointer
0121+  051E F0          	pop di
0122+  051F EF          	pop si
0123+  0520 E4          	pop a
0124+  0521 09          	ret
0125+  0522             
0126+  0522             ;;;;;;;;;;;;;;;;;;;;;;;;;;;;;;;;;;;;;;;;;;;;;;;;;;;;;;;;;;;;;;;;;;;;;;;;;;;;;;;;;;
0127+  0522             ;; token parser
0128+  0522             ;;;;;;;;;;;;;;;;;;;;;;;;;;;;;;;;;;;;;;;;;;;;;;;;;;;;;;;;;;;;;;;;;;;;;;;;;;;;;;;;;;
0129+  0522             get_token:
0130+  0522 D7          	push a
0131+  0523 DA          	push d
0132+  0524 E2          	push si
0133+  0525 E3          	push di
0134+  0526 19 00       	mov al, 0
0135+  0528 3D C5 06    	mov [tokstr], al			; nullify tokstr string
0136+  052B 19 00       	mov al, TOK_NULL
0137+  052D 3D C4 06    	mov [tok], al				; nullify token
0138+  0530 14 C1 06    	mov a, [prog]
0139+  0533 4D          	mov si, a
0140+  0534 FD 4F C5 06 	mov di, tokstr
0141+  0538             get_tok_skip_spaces:
0142+  0538 F6          	lodsb
0143+  0539 07 BB 0B    	call isspace
0144+  053C C6 38 05    	je get_tok_skip_spaces
0145+  053F B9 00       	cmp al, 0			; check for end of input (NULL)
0146+  0541 C6 26 06    	je get_token_end
0147+  0544 B9 23       	cmp al, '#'			; comments!
0148+  0546 C6 54 06    	je get_tok_comment
0149+  0549 07 45 0B    	call isalnum
0150+  054C C6 33 06    	jz is_alphanumeric
0151+  054F             ; other token types
0152+  054F             get_token_slash:
0153+  054F B9 2F       	cmp al, '/'				; check if '/'
0154+  0551 C7 69 05    	jne get_token_minus
0155+  0554 F7          	stosb					; store '/' into token string
0156+  0555 19 00       	mov al, 0
0157+  0557 F7          	stosb					; terminate token string
0158+  0558 19 01       	mov al, TOK_FSLASH
0159+  055A 3D C4 06    	mov [tok], al			
0160+  055D 19 02       	mov al, TOKTYP_DELIMITER
0161+  055F 3D C3 06    	mov [toktyp], al
0162+  0562 4E          	mov a, si
0163+  0563 42 C1 06    	mov [prog], a		; update pointer
0164+  0566 0A 4F 06    	jmp get_token_return
0165+  0569             get_token_minus:
0166+  0569 B9 2D       	cmp al, '-'				; check if '-'
0167+  056B C7 83 05    	jne get_token_comma
0168+  056E F7          	stosb					; store '-' into token string
0169+  056F 19 00       	mov al, 0
0170+  0571 F7          	stosb					; terminate token string
0171+  0572 19 04       	mov al, TOK_MINUS
0172+  0574 3D C4 06    	mov [tok], al			
0173+  0577 19 02       	mov al, TOKTYP_DELIMITER
0174+  0579 3D C3 06    	mov [toktyp], al
0175+  057C 4E          	mov a, si
0176+  057D 42 C1 06    	mov [prog], a		; update pointer
0177+  0580 0A 4F 06    	jmp get_token_return
0178+  0583             get_token_comma:
0179+  0583 B9 2C       	cmp al, ','				; check if ','
0180+  0585 C7 9D 05    	jne get_token_semi
0181+  0588 F7          	stosb					; store ',' into token string
0182+  0589 19 00       	mov al, 0
0183+  058B F7          	stosb					; terminate token string
0184+  058C 19 0B       	mov al, TOK_COMMA
0185+  058E 3D C4 06    	mov [tok], al			
0186+  0591 19 02       	mov al, TOKTYP_DELIMITER
0187+  0593 3D C3 06    	mov [toktyp], al
0188+  0596 4E          	mov a, si
0189+  0597 42 C1 06    	mov [prog], a		; update pointer
0190+  059A 0A 4F 06    	jmp get_token_return
0191+  059D             get_token_semi:
0192+  059D B9 3B       	cmp al, $3B				; check if ';'
0193+  059F C7 B7 05    	jne get_token_colon
0194+  05A2 F7          	stosb					; store ';' into token string
0195+  05A3 19 00       	mov al, 0
0196+  05A5 F7          	stosb					; terminate token string
0197+  05A6 19 06       	mov al, TOK_SEMI
0198+  05A8 3D C4 06    	mov [tok], al			
0199+  05AB 19 02       	mov al, TOKTYP_DELIMITER
0200+  05AD 3D C3 06    	mov [toktyp], al
0201+  05B0 4E          	mov a, si
0202+  05B1 42 C1 06    	mov [prog], a		; update pointer
0203+  05B4 0A 4F 06    	jmp get_token_return
0204+  05B7             get_token_colon:
0205+  05B7 B9 3A       	cmp al, $3A				; check if ':'
0206+  05B9 C7 D1 05    	jne get_token_angle
0207+  05BC F7          	stosb					; store ':' into token string
0208+  05BD 19 00       	mov al, 0
0209+  05BF F7          	stosb					; terminate token string
0210+  05C0 19 0A       	mov al, TOK_COLON
0211+  05C2 3D C4 06    	mov [tok], al			
0212+  05C5 19 02       	mov al, TOKTYP_DELIMITER
0213+  05C7 3D C3 06    	mov [toktyp], al
0214+  05CA 4E          	mov a, si
0215+  05CB 42 C1 06    	mov [prog], a		; update pointer
0216+  05CE 0A 4F 06    	jmp get_token_return
0217+  05D1             get_token_angle:
0218+  05D1 B9 3E       	cmp al, $3E				; check if '>'
0219+  05D3 C7 EB 05    	jne get_token_tilde
0220+  05D6 F7          	stosb					; store '>' into token string
0221+  05D7 19 00       	mov al, 0
0222+  05D9 F7          	stosb					; terminate token string
0223+  05DA 19 07       	mov al, TOK_ANGLE
0224+  05DC 3D C4 06    	mov [tok], al			
0225+  05DF 19 02       	mov al, TOKTYP_DELIMITER
0226+  05E1 3D C3 06    	mov [toktyp], al
0227+  05E4 4E          	mov a, si
0228+  05E5 42 C1 06    	mov [prog], a		; update pointer
0229+  05E8 0A 4F 06    	jmp get_token_return
0230+  05EB             get_token_tilde:
0231+  05EB B9 7E       	cmp al, '~'				; check if '~'
0232+  05ED C7 05 06    	jne get_token_equal
0233+  05F0 F7          	stosb					; store '~' into token string
0234+  05F1 19 00       	mov al, 0
0235+  05F3 F7          	stosb					; terminate token string
0236+  05F4 19 08       	mov al, TOK_TILDE
0237+  05F6 3D C4 06    	mov [tok], al			
0238+  05F9 19 02       	mov al, TOKTYP_DELIMITER
0239+  05FB 3D C3 06    	mov [toktyp], al
0240+  05FE 4E          	mov a, si
0241+  05FF 42 C1 06    	mov [prog], a		; update pointer
0242+  0602 0A 4F 06    	jmp get_token_return
0243+  0605             get_token_equal:
0244+  0605 B9 3D       	cmp al, '='				; check if '='
0245+  0607 C7 1F 06    	jne get_token_skip
0246+  060A F7          	stosb					; store '=' into token string
0247+  060B 19 00       	mov al, 0
0248+  060D F7          	stosb					; terminate token string
0249+  060E 19 09       	mov al, TOK_EQUAL
0250+  0610 3D C4 06    	mov [tok], al			
0251+  0613 19 02       	mov al, TOKTYP_DELIMITER
0252+  0615 3D C3 06    	mov [toktyp], al
0253+  0618 4E          	mov a, si
0254+  0619 42 C1 06    	mov [prog], a		; update pointer
0255+  061C 0A 4F 06    	jmp get_token_return
0256+  061F             get_token_skip:
0257+  061F 4E          	mov a, si
0258+  0620 42 C1 06    	mov [prog], a		; update pointer
0259+  0623 0A 4F 06    	jmp get_token_return
0260+  0626             get_token_end:				; end of file token
0261+  0626 19 14       	mov al, TOK_END
0262+  0628 3D C4 06    	mov [tok], al
0263+  062B 19 06       	mov al, TOKTYP_END
0264+  062D 3D C3 06    	mov [toktyp], al
0265+  0630 0A 4F 06    	jmp get_token_return
0266+  0633             is_alphanumeric:
0267+  0633 F7          	stosb
0268+  0634 F6          	lodsb
0269+  0635 07 45 0B    	call isalnum			;check if is alphanumeric
0270+  0638 C6 33 06    	jz is_alphanumeric
0271+  063B B9 2E       	cmp al, $2E				; check if is '.'
0272+  063D C6 33 06    	je is_alphanumeric
0273+  0640 19 00       	mov al, 0
0274+  0642 F7          	stosb
0275+  0643 19 00       	mov al, TOKTYP_IDENTIFIER
0276+  0645 3D C3 06    	mov [toktyp], al
0277+  0648 D5 01 00    	sub si, 1
0278+  064B 4E          	mov a, si
0279+  064C 42 C1 06    	mov [prog], a		; update pointer
0280+  064F             get_token_return:
0281+  064F F0          	pop di
0282+  0650 EF          	pop si
0283+  0651 E7          	pop d
0284+  0652 E4          	pop a
0285+  0653 09          	ret
0286+  0654             get_tok_comment:
0287+  0654 F6          	lodsb
0288+  0655 B9 0A       	cmp al, $0A			; new line
0289+  0657 C7 54 06    	jne get_tok_comment
0290+  065A 0A 38 05    	jmp get_tok_skip_spaces
0291+  065D             
0292+  065D             
0293+  065D             get_number:
0294+  065D D7          	push a
0295+  065E DA          	push d
0296+  065F E2          	push si
0297+  0660 E3          	push di
0298+  0661 19 00       	mov al, 0
0299+  0663 3D C5 06    	mov [tokstr], al			; nullify tokstr string
0300+  0666 19 00       	mov al, TOK_NULL
0301+  0668 3D C4 06    	mov [tok], al				; nullify token
0302+  066B 14 C1 06    	mov a, [prog]
0303+  066E 4D          	mov si, a
0304+  066F FD 4F C5 06 	mov di, tokstr
0305+  0673             get_number_skip_spaces:
0306+  0673 F6          	lodsb
0307+  0674 07 BB 0B    	call isspace
0308+  0677 C6 73 06    	je get_number_skip_spaces
0309+  067A B9 00       	cmp al, 0			; check for end of input (NULL)
0310+  067C C7 8C 06    	jne get_number_L0
0311+  067F 19 14       	mov al, TOK_END
0312+  0681 3D C4 06    	mov [tok], al
0313+  0684 19 06       	mov al, TOKTYP_END
0314+  0686 3D C3 06    	mov [toktyp], al
0315+  0689 0A A3 06    	jmp get_number_return
0316+  068C             get_number_L0:
0317+  068C F7          	stosb
0318+  068D F6          	lodsb
0319+  068E 07 4F 0B    	call isdigit			;check if is numeric
0320+  0691 C6 8C 06    	jz get_number_L0
0321+  0694 19 00       	mov al, 0
0322+  0696 F7          	stosb
0323+  0697 19 05       	mov al, TOKTYP_NUMERIC
0324+  0699 3D C3 06    	mov [toktyp], al
0325+  069C D5 01 00    	sub si, 1
0326+  069F 4E          	mov a, si
0327+  06A0 42 C1 06    	mov [prog], a		; update pointer
0328+  06A3             get_number_return:
0329+  06A3 F0          	pop di
0330+  06A4 EF          	pop si
0331+  06A5 E7          	pop d
0332+  06A6 E4          	pop a
0333+  06A7 09          	ret
0334+  06A8             
0335+  06A8             ;;;;;;;;;;;;;;;;;;;;;;;;;;;;;;;;;;;;;;;;;;;;;;;;;;;;;;;;;;;;;;;;;;;;;;;;;;;;;;;;;;
0336+  06A8             ;; PUT BACK TOKEN
0337+  06A8             ;;;;;;;;;;;;;;;;;;;;;;;;;;;;;;;;;;;;;;;;;;;;;;;;;;;;;;;;;;;;;;;;;;;;;;;;;;;;;;;;;;	
0338+  06A8             putback:
0339+  06A8 D7          	push a
0340+  06A9 E2          	push si
0341+  06AA FD 4D C5 06 	mov si, tokstr	
0342+  06AE             putback_loop:
0343+  06AE F6          	lodsb
0344+  06AF B9 00       	cmp al, 0
0345+  06B1 C6 BE 06    	je putback_end
0346+  06B4 14 C1 06    	mov a, [prog]
0347+  06B7 7D          	dec a
0348+  06B8 42 C1 06    	mov [prog], a			; update pointer
0349+  06BB 0A AE 06    	jmp putback_loop
0350+  06BE             putback_end:
0351+  06BE EF          	pop si
0352+  06BF E4          	pop a
0353+  06C0 09          	ret
0354+  06C1             
0355+  06C1             
0356+  06C1             
0357+  06C1             
0358+  06C1 00 00       prog:		.dw 0			; pointer to current position in buffer
0359+  06C3             
0360+  06C3 00          toktyp: 	.db 0			; token type symbol
0361+  06C4 00          tok:		.db 0			; current token symbol
0362+  06C5 00 00 00 00 tokstr:		.fill 256, 0	; token as a string
0362+  06C9 00 00 00 00 
0362+  06CD 00 00 00 00 
0362+  06D1 00 00 00 00 
0362+  06D5 00 00 00 00 
0362+  06D9 00 00 00 00 
0362+  06DD 00 00 00 00 
0362+  06E1 00 00 00 00 
0362+  06E5 00 00 00 00 
0362+  06E9 00 00 00 00 
0362+  06ED 00 00 00 00 
0362+  06F1 00 00 00 00 
0362+  06F5 00 00 00 00 
0362+  06F9 00 00 00 00 
0362+  06FD 00 00 00 00 
0362+  0701 00 00 00 00 
0362+  0705 00 00 00 00 
0362+  0709 00 00 00 00 
0362+  070D 00 00 00 00 
0362+  0711 00 00 00 00 
0362+  0715 00 00 00 00 
0362+  0719 00 00 00 00 
0362+  071D 00 00 00 00 
0362+  0721 00 00 00 00 
0362+  0725 00 00 00 00 
0362+  0729 00 00 00 00 
0362+  072D 00 00 00 00 
0362+  0731 00 00 00 00 
0362+  0735 00 00 00 00 
0362+  0739 00 00 00 00 
0362+  073D 00 00 00 00 
0362+  0741 00 00 00 00 
0362+  0745 00 00 00 00 
0362+  0749 00 00 00 00 
0362+  074D 00 00 00 00 
0362+  0751 00 00 00 00 
0362+  0755 00 00 00 00 
0362+  0759 00 00 00 00 
0362+  075D 00 00 00 00 
0362+  0761 00 00 00 00 
0362+  0765 00 00 00 00 
0362+  0769 00 00 00 00 
0362+  076D 00 00 00 00 
0362+  0771 00 00 00 00 
0362+  0775 00 00 00 00 
0362+  0779 00 00 00 00 
0362+  077D 00 00 00 00 
0362+  0781 00 00 00 00 
0362+  0785 00 00 00 00 
0362+  0789 00 00 00 00 
0362+  078D 00 00 00 00 
0362+  0791 00 00 00 00 
0362+  0795 00 00 00 00 
0362+  0799 00 00 00 00 
0362+  079D 00 00 00 00 
0362+  07A1 00 00 00 00 
0362+  07A5 00 00 00 00 
0362+  07A9 00 00 00 00 
0362+  07AD 00 00 00 00 
0362+  07B1 00 00 00 00 
0362+  07B5 00 00 00 00 
0362+  07B9 00 00 00 00 
0362+  07BD 00 00 00 00 
0362+  07C1 00 00 00 00 
0087   07C5             .include "lib/stdio.asm"
0001+  07C5             ;;;;;;;;;;;;;;;;;;;;;;;;;;;;;;;;;;;;;;;;;;;;;;;;;;;;;;;;;;;;;;;;;;;;;;;;;;;;;;;;;;;;;;;;;;;;;;;;;;;;;;;;;;;;;;;;;;
0002+  07C5             ; stdio.s
0003+  07C5             ;;;;;;;;;;;;;;;;;;;;;;;;;;;;;;;;;;;;;;;;;;;;;;;;;;;;;;;;;;;;;;;;;;;;;;;;;;;;;;;;;;;;;;;;;;;;;;;;;;;;;;;;;;;;;;;;;;
0004+  07C5             .include "lib/string.asm"
0001++ 07C5             ;;;;;;;;;;;;;;;;;;;;;;;;;;;;;;;;;;;;;;;;;;;;;;;;;;;;;;;;;;;;;;;;;;;;;;;;;;;;;;;;;;;;;;;;;;;;;;;;;;;;;;;;;;;;;;;;;;
0002++ 07C5             ; string.s
0003++ 07C5             ;;;;;;;;;;;;;;;;;;;;;;;;;;;;;;;;;;;;;;;;;;;;;;;;;;;;;;;;;;;;;;;;;;;;;;;;;;;;;;;;;;;;;;;;;;;;;;;;;;;;;;;;;;;;;;;;;;
0004++ 07C5             
0005++ 07C5             
0006++ 07C5             ;;;;;;;;;;;;;;;;;;;;;;;;;;;;;;;;;;;;;;;;;;;;;;;;;;;;;;;;;;;;;;;;;;;;;;;;;;;;;;;;;;;;;;;;;;;;;;;;;;;;;;;;;;;;;;;;;;
0007++ 07C5             ; strrev
0008++ 07C5             ; reverse a string
0009++ 07C5             ; D = string address
0010++ 07C5             ;;;;;;;;;;;;;;;;;;;;;;;;;;;;;;;;;;;;;;;;;;;;;;;;;;;;;;;;;;;;;;;;;;;;;;;;;;;;;;;;;;;;;;;;;;;;;;;;;;;;;;;;;;;;;;;;;;
0011++ 07C5             ; 01234
0012++ 07C5             strrev:
0013++ 07C5 4B          	pusha
0014++ 07C6 07 0C 08    	call strlen	; length in C
0015++ 07C9 12          	mov a, c
0016++ 07CA AF 01 00    	cmp a, 1
0017++ 07CD D0 E7 07    	jleu strrev_end	; check string length. string len must be > 1
0018++ 07D0 7D          	dec a
0019++ 07D1 FD 4E       	mov si, d	; beginning of string
0020++ 07D3 FD 50       	mov di, d	; beginning of string (for destinations)
0021++ 07D5 59          	add d, a	; end of string
0022++ 07D6 12          	mov a, c
0023++ 07D7 FD 9B       	shr a		; divide by 2
0024++ 07D9 39          	mov c, a	; C now counts the steps
0025++ 07DA             strrev_L0:
0026++ 07DA 32          	mov bl, [d]	; save load right-side char into BL
0027++ 07DB F6          	lodsb		; load left-side char into AL; increase SI
0028++ 07DC 3E          	mov [d], al	; store left char into right side
0029++ 07DD 1B          	mov al, bl
0030++ 07DE F7          	stosb		; store right-side char into left-side; increase DI
0031++ 07DF 7E          	dec c
0032++ 07E0 7F          	dec d
0033++ 07E1 C2 00 00    	cmp c, 0
0034++ 07E4 C7 DA 07    	jne strrev_L0
0035++ 07E7             strrev_end:
0036++ 07E7 4C          	popa
0037++ 07E8 09          	ret
0038++ 07E9             	
0039++ 07E9             ;;;;;;;;;;;;;;;;;;;;;;;;;;;;;;;;;;;;;;;;;;;;;;;;;;;;;;;;;;;;;;;;;;;;;;;;;;;;;;;;;;;;;;;;;;;;;;;;;;;;;;;;;;;;;;;;;;
0040++ 07E9             ; strchr
0041++ 07E9             ; search string in D for char in AL
0042++ 07E9             ;;;;;;;;;;;;;;;;;;;;;;;;;;;;;;;;;;;;;;;;;;;;;;;;;;;;;;;;;;;;;;;;;;;;;;;;;;;;;;;;;;;;;;;;;;;;;;;;;;;;;;;;;;;;;;;;;;
0043++ 07E9             strchr:
0044++ 07E9             strchr_L0:
0045++ 07E9 32          	mov bl, [d]
0046++ 07EA C1 00       	cmp bl, 0
0047++ 07EC C6 F7 07    	je strchr_end
0048++ 07EF BA          	cmp al, bl
0049++ 07F0 C6 F7 07    	je strchr_end
0050++ 07F3 79          	inc d
0051++ 07F4 0A E9 07    	jmp strchr_L0
0052++ 07F7             strchr_end:
0053++ 07F7 1B          	mov al, bl
0054++ 07F8 09          	ret
0055++ 07F9             
0056++ 07F9             ;;;;;;;;;;;;;;;;;;;;;;;;;;;;;;;;;;;;;;;;;;;;;;;;;;;;;;;;;;;;;;;;;;;;;;;;;;;;;;;;;;;;;;;;;;;;;;;;;;;;;;;;;;;;;;;;;;
0057++ 07F9             ; strstr
0058++ 07F9             ; find sub-string
0059++ 07F9             ; str1 in SI
0060++ 07F9             ; str2 in DI
0061++ 07F9             ; SI points to end of source string
0062++ 07F9             ;;;;;;;;;;;;;;;;;;;;;;;;;;;;;;;;;;;;;;;;;;;;;;;;;;;;;;;;;;;;;;;;;;;;;;;;;;;;;;;;;;;;;;;;;;;;;;;;;;;;;;;;;;;;;;;;;;
0063++ 07F9             strstr:
0064++ 07F9 DB          	push al
0065++ 07FA DA          	push d
0066++ 07FB E3          	push di
0067++ 07FC             strstr_loop:
0068++ 07FC F3          	cmpsb					; compare a byte of the strings
0069++ 07FD C7 08 08    	jne strstr_ret
0070++ 0800 FC 00 00    	lea d, [di + 0]
0071++ 0803 BD 00       	cmp byte[d], 0				; check if at end of string (null)
0072++ 0805 C7 FC 07    	jne strstr_loop				; equal chars but not at end
0073++ 0808             strstr_ret:
0074++ 0808 F0          	pop di
0075++ 0809 E7          	pop d
0076++ 080A E8          	pop al
0077++ 080B 09          	ret
0078++ 080C             ;;;;;;;;;;;;;;;;;;;;;;;;;;;;;;;;;;;;;;;;;;;;;;;;;;;;;;;;;;;;;;;;;;;;;;;;;;;;;;;;;;;;;;;
0079++ 080C             ; length of null terminated string
0080++ 080C             ; result in C
0081++ 080C             ; pointer in D
0082++ 080C             ;;;;;;;;;;;;;;;;;;;;;;;;;;;;;;;;;;;;;;;;;;;;;;;;;;;;;;;;;;;;;;;;;;;;;;;;;;;;;;;;;;;;;;;
0083++ 080C             strlen:
0084++ 080C DA          	push d
0085++ 080D 38 00 00    	mov c, 0
0086++ 0810             strlen_L1:
0087++ 0810 BD 00       	cmp byte [d], 0
0088++ 0812 C6 1A 08    	je strlen_ret
0089++ 0815 79          	inc d
0090++ 0816 78          	inc c
0091++ 0817 0A 10 08    	jmp strlen_L1
0092++ 081A             strlen_ret:
0093++ 081A E7          	pop d
0094++ 081B 09          	ret
0095++ 081C             
0096++ 081C             ;;;;;;;;;;;;;;;;;;;;;;;;;;;;;;;;;;;;;;;;;;;;;;;;;;;;;;;;;;;;;;;;;;;;;;;;;;;;;;;;;;;;;;;;;;;;;;;;;;;;;;;;;;;;;;;;;;
0097++ 081C             ; STRCMP
0098++ 081C             ; compare two strings
0099++ 081C             ; str1 in SI
0100++ 081C             ; str2 in DI
0101++ 081C             ; CREATE A STRING COMPAIRON INSTRUCION ?????
0102++ 081C             ;;;;;;;;;;;;;;;;;;;;;;;;;;;;;;;;;;;;;;;;;;;;;;;;;;;;;;;;;;;;;;;;;;;;;;;;;;;;;;;;;;;;;;;;;;;;;;;;;;;;;;;;;;;;;;;;;;
0103++ 081C             strcmp:
0104++ 081C DB          	push al
0105++ 081D DA          	push d
0106++ 081E E3          	push di
0107++ 081F E2          	push si
0108++ 0820             strcmp_loop:
0109++ 0820 F3          	cmpsb					; compare a byte of the strings
0110++ 0821 C7 2C 08    	jne strcmp_ret
0111++ 0824 FB FF FF    	lea d, [si +- 1]
0112++ 0827 BD 00       	cmp byte[d], 0				; check if at end of string (null)
0113++ 0829 C7 20 08    	jne strcmp_loop				; equal chars but not at end
0114++ 082C             strcmp_ret:
0115++ 082C EF          	pop si
0116++ 082D F0          	pop di
0117++ 082E E7          	pop d
0118++ 082F E8          	pop al
0119++ 0830 09          	ret
0120++ 0831             
0121++ 0831             
0122++ 0831             ; STRCPY
0123++ 0831             ; copy null terminated string from SI to DI
0124++ 0831             ; source in SI
0125++ 0831             ; destination in DI
0126++ 0831             strcpy:
0127++ 0831 E2          	push si
0128++ 0832 E3          	push di
0129++ 0833 DB          	push al
0130++ 0834             strcpy_L1:
0131++ 0834 F6          	lodsb
0132++ 0835 F7          	stosb
0133++ 0836 B9 00       	cmp al, 0
0134++ 0838 C7 34 08    	jne strcpy_L1
0135++ 083B             strcpy_end:
0136++ 083B E8          	pop al
0137++ 083C F0          	pop di
0138++ 083D EF          	pop si
0139++ 083E 09          	ret
0140++ 083F             
0141++ 083F             ; STRCAT
0142++ 083F             ; concatenate a NULL terminated string into string at DI, from string at SI
0143++ 083F             ; source in SI
0144++ 083F             ; destination in DI
0145++ 083F             strcat:
0146++ 083F E2          	push si
0147++ 0840 E3          	push di
0148++ 0841 D7          	push a
0149++ 0842 DA          	push d
0150++ 0843 50          	mov a, di
0151++ 0844 3C          	mov d, a
0152++ 0845             strcat_goto_end_L1:
0153++ 0845 BD 00       	cmp byte[d], 0
0154++ 0847 C6 4E 08    	je strcat_start
0155++ 084A 79          	inc d
0156++ 084B 0A 45 08    	jmp strcat_goto_end_L1
0157++ 084E             strcat_start:
0158++ 084E FD 50       	mov di, d
0159++ 0850             strcat_L1:
0160++ 0850 F6          	lodsb
0161++ 0851 F7          	stosb
0162++ 0852 B9 00       	cmp al, 0
0163++ 0854 C7 50 08    	jne strcat_L1
0164++ 0857             strcat_end:
0165++ 0857 E7          	pop d
0166++ 0858 E4          	pop a
0167++ 0859 F0          	pop di
0168++ 085A EF          	pop si
0169++ 085B 09          	ret
0005+  085C             
0006+  085C 30 31 32 33 s_hex_digits:	.db "0123456789ABCDEF"	
0006+  0860 34 35 36 37 
0006+  0864 38 39 41 42 
0006+  0868 43 44 45 46 
0007+  086C 1B 5B 32 4A s_telnet_clear:	.db 27, "[2J", 27, "[H", 0
0007+  0870 1B 5B 48 00 
0008+  0874             
0009+  0874 01 00       table_power:.dw 1
0010+  0876 0A 00       			.dw 10
0011+  0878 64 00       			.dw 100
0012+  087A E8 03       			.dw 1000
0013+  087C 10 27       			.dw 10000
0014+  087E             
0015+  087E             ;;;;;;;;;;;;;;;;;;;;;;;;;;;;;;;;;;;;;;;;;;;;;;;;;;;;;;;;;;;;;;;;;;;;;;;;;;;;;;;;;;;;;;;;;;;;;;;;;;;;;;;;;;;;;;;;;;
0016+  087E             ; CONVERT ASCII 'O'..'F' TO INTEGER 0..15
0017+  087E             ; ASCII in BL
0018+  087E             ; result in AL
0019+  087E             ; ascii for F = 0100 0110
0020+  087E             ; ascii for 9 = 0011 1001
0021+  087E             ;;;;;;;;;;;;;;;;;;;;;;;;;;;;;;;;;;;;;;;;;;;;;;;;;;;;;;;;;;;;;;;;;;;;;;;;;;;;;;;;;;;;;;;;;;;;;;;;;;;;;;;;;;;;;;;;;;
0022+  087E             hex_ascii_encode:
0023+  087E 1B          	mov al, bl
0024+  087F 93 40       	test al, $40				; test if letter or number
0025+  0881 C7 87 08    	jnz hex_letter
0026+  0884 87 0F       	and al, $0F				; get number
0027+  0886 09          	ret
0028+  0887             hex_letter:
0029+  0887 87 0F       	and al, $0F				; get letter
0030+  0889 6A 09       	add al, 9
0031+  088B 09          	ret
0032+  088C             
0033+  088C             ;;;;;;;;;;;;;;;;;;;;;;;;;;;;;;;;;;;;;;;;;;;;;;;;;;;;;;;;;;;;;;;;;;;;;;;;;;;;;;;;;;;;;;;;;;;;;;;;;;;;;;;;;;;;;;;;;;
0034+  088C             ; ATOI
0035+  088C             ; 2 letter hex string in B
0036+  088C             ; 8bit integer returned in AL
0037+  088C             ;;;;;;;;;;;;;;;;;;;;;;;;;;;;;;;;;;;;;;;;;;;;;;;;;;;;;;;;;;;;;;;;;;;;;;;;;;;;;;;;;;;;;;;;;;;;;;;;;;;;;;;;;;;;;;;;;;
0038+  088C             atoi:
0039+  088C D8          	push b
0040+  088D 07 7E 08    	call hex_ascii_encode			; convert BL to 4bit code in AL
0041+  0890 30          	mov bl, bh
0042+  0891 DB          	push al					; save a
0043+  0892 07 7E 08    	call hex_ascii_encode
0044+  0895 EA          	pop bl	
0045+  0896 FD 9E 04    	shl al, 4
0046+  0899 8C          	or al, bl
0047+  089A E5          	pop b
0048+  089B 09          	ret	
0049+  089C             
0050+  089C             
0051+  089C             ;;;;;;;;;;;;;;;;;;;;;;;;;;;;;;;;;;;;;;;;;;;;;;;;;;;;;;;;;;;;;;;;;;;;;;;;;;;;;;;;;;;;;;;;;;;;;;;;;;;;;;;;;;;;;;;;;;
0052+  089C             ; printf
0053+  089C             ; no need for explanations!
0054+  089C             ;;;;;;;;;;;;;;;;;;;;;;;;;;;;;;;;;;;;;;;;;;;;;;;;;;;;;;;;;;;;;;;;;;;;;;;;;;;;;;;;;;;;;;;;;;;;;;;;;;;;;;;;;;;;;;;;;;
0055+  089C             printf:
0056+  089C 09          	ret
0057+  089D             
0058+  089D             
0059+  089D             ;;;;;;;;;;;;;;;;;;;;;;;;;;;;;;;;;;;;;;;;;;;;;;;;;;;;;;;;;;;;;;;;;;;;;;;;;;;;;;;;;;;;;;;;;;;;;;;;;;;;;;;;;;;;;;;;;;
0060+  089D             ; scanf
0061+  089D             ; no need for explanations!
0062+  089D             ;;;;;;;;;;;;;;;;;;;;;;;;;;;;;;;;;;;;;;;;;;;;;;;;;;;;;;;;;;;;;;;;;;;;;;;;;;;;;;;;;;;;;;;;;;;;;;;;;;;;;;;;;;;;;;;;;;
0063+  089D             scanf:
0064+  089D 09          	ret
0065+  089E             
0066+  089E             ;;;;;;;;;;;;;;;;;;;;;;;;;;;;;;;;;;;;;;;;;;;;;;;;;;;;;;;;;;;;;;;;;;;;;;;;;;;;;;;;;;;;;;;;;;;;;;;;;;;;;;;;;;;;;;;;;;
0067+  089E             ; ITOA
0068+  089E             ; 8bit value in BL
0069+  089E             ; 2 byte ASCII result in A
0070+  089E             ;;;;;;;;;;;;;;;;;;;;;;;;;;;;;;;;;;;;;;;;;;;;;;;;;;;;;;;;;;;;;;;;;;;;;;;;;;;;;;;;;;;;;;;;;;;;;;;;;;;;;;;;;;;;;;;;;;
0071+  089E             itoa:
0072+  089E DA          	push d
0073+  089F D8          	push b
0074+  08A0 A7 00       	mov bh, 0
0075+  08A2 FD A4 04    	shr bl, 4	
0076+  08A5 74          	mov d, b
0077+  08A6 1F 5C 08    	mov al, [d + s_hex_digits]
0078+  08A9 23          	mov ah, al
0079+  08AA             	
0080+  08AA E5          	pop b
0081+  08AB D8          	push b
0082+  08AC A7 00       	mov bh, 0
0083+  08AE FD 87 0F    	and bl, $0F
0084+  08B1 74          	mov d, b
0085+  08B2 1F 5C 08    	mov al, [d + s_hex_digits]
0086+  08B5 E5          	pop b
0087+  08B6 E7          	pop d
0088+  08B7 09          	ret
0089+  08B8             
0090+  08B8             ;;;;;;;;;;;;;;;;;;;;;;;;;;;;;;;;;;;;;;;;;;;;;;;;;;;;;;;;;;;;;;;;;;;;;;;;;;;;;;;;;;;;;;;;;;;;;;;;;;;;;;;;;;;;;;;;;;
0091+  08B8             ; HEX STRING TO BINARY
0092+  08B8             ; di = destination address
0093+  08B8             ; si = source
0094+  08B8             ;;;;;;;;;;;;;;;;;;;;;;;;;;;;;;;;;;;;;;;;;;;;;;;;;;;;;;;;;;;;;;;;;;;;;;;;;;;;;;;;;;;;;;;;;;;;;;;;;;;;;;;;;;;;;;;;;;
0095+  08B8             hex_to_int:
0096+  08B8             hex_to_int_L1:
0097+  08B8 F6          	lodsb					; load from [SI] to AL
0098+  08B9 B9 00       	cmp al, 0				; check if ASCII 0
0099+  08BB C6 C8 08    	jz hex_to_int_ret
0100+  08BE 36          	mov bh, al
0101+  08BF F6          	lodsb
0102+  08C0 2F          	mov bl, al
0103+  08C1 07 8C 08    	call atoi				; convert ASCII byte in B to int (to AL)
0104+  08C4 F7          	stosb					; store AL to [DI]
0105+  08C5 0A B8 08    	jmp hex_to_int_L1
0106+  08C8             hex_to_int_ret:
0107+  08C8 09          	ret		
0108+  08C9             
0109+  08C9             
0110+  08C9             
0111+  08C9             ;;;;;;;;;;;;;;;;;;;;;;;;;;;;;;;;;;;;;;;;;;;;;;;;;;;;;;;;;;;;;;;;;;;;;;;;;;;;;;;;;;;;;;;;;;;;;;;;;;;;;;;;;;;;;;;;;;
0112+  08C9             ; GETCHAR
0113+  08C9             ; char in ah
0114+  08C9             ;;;;;;;;;;;;;;;;;;;;;;;;;;;;;;;;;;;;;;;;;;;;;;;;;;;;;;;;;;;;;;;;;;;;;;;;;;;;;;;;;;;;;;;;;;;;;;;;;;;;;;;;;;;;;;;;;;
0115+  08C9             getchar:
0116+  08C9 DB          	push al
0117+  08CA             getchar_retry:
0118+  08CA FD 0C       	sti
0119+  08CC 19 01       	mov al, 1
0120+  08CE 05 03       	syscall sys_io			; receive in AH
0121+  08D0 B9 00       	cmp al, 0			; check if any char was receive
0122+  08D2 C6 CA 08    	je getchar_retry
0123+  08D5 E8          	pop al
0124+  08D6 09          	ret
0125+  08D7             
0126+  08D7             ;;;;;;;;;;;;;;;;;;;;;;;;;;;;;;;;;;;;;;;;;;;;;;;;;;;;;;;;;;;;;;;;;;;;;;;;;;;;;;;;;;;;;;;;;;;;;;;;;;;;;;;;;;;;;;;;;;
0127+  08D7             ; PUTCHAR
0128+  08D7             ; char in ah
0129+  08D7             ;;;;;;;;;;;;;;;;;;;;;;;;;;;;;;;;;;;;;;;;;;;;;;;;;;;;;;;;;;;;;;;;;;;;;;;;;;;;;;;;;;;;;;;;;;;;;;;;;;;;;;;;;;;;;;;;;;
0130+  08D7             putchar:
0131+  08D7 D7          	push a
0132+  08D8 19 00       	mov al, 0
0133+  08DA 05 03       	syscall sys_io			; char in AH
0134+  08DC E4          	pop a
0135+  08DD 09          	ret
0136+  08DE             
0137+  08DE             ;;;;;;;;;;;;;;;;;;;;;;;;;;;;;;;;;;;;;;;;;;;;;;;;;;;;;;;;;;;;;;;;;;;;;;;;;;;;;;;;;;;;;;;;;;;;;;;;;;;;;;;;;;;;;;;;;;
0138+  08DE             ;; INPUT A STRING
0139+  08DE             ;; terminates with null
0140+  08DE             ;; pointer in D
0141+  08DE             ;;;;;;;;;;;;;;;;;;;;;;;;;;;;;;;;;;;;;;;;;;;;;;;;;;;;;;;;;;;;;;;;;;;;;;;;;;;;;;;;;;;;;;;;;;;;;;;;;;;;;;;;;;;;;;;;;;
0142+  08DE             gets:
0143+  08DE D7          	push a
0144+  08DF DA          	push d
0145+  08E0             gets_loop:
0146+  08E0 FD 0C       	sti
0147+  08E2 19 01       	mov al, 1
0148+  08E4 05 03       	syscall sys_io			; receive in AH
0149+  08E6 B9 00       	cmp al, 0				; check error code (AL)
0150+  08E8 C6 E0 08    	je gets_loop			; if no char received, retry
0151+  08EB             
0152+  08EB 76 1B       	cmp ah, 27
0153+  08ED C6 0E 09    	je gets_telnet_escape
0154+  08F0 76 0A       	cmp ah, $0A				; LF
0155+  08F2 C6 67 09    	je gets_end
0156+  08F5 76 0D       	cmp ah, $0D				; CR
0157+  08F7 C6 67 09    	je gets_end
0158+  08FA 76 5C       	cmp ah, $5C				; '\\'
0159+  08FC C6 3E 09    	je gets_escape
0160+  08FF             	
0161+  08FF 76 08       	cmp ah, $08			; check for backspace
0162+  0901 C6 0A 09    	je gets_backspace
0163+  0904             
0164+  0904 1A          	mov al, ah
0165+  0905 3E          	mov [d], al
0166+  0906 79          	inc d
0167+  0907 0A E0 08    	jmp gets_loop
0168+  090A             gets_backspace:
0169+  090A 7F          	dec d
0170+  090B 0A E0 08    	jmp gets_loop
0171+  090E             gets_telnet_escape:
0172+  090E FD 0C       	sti
0173+  0910 19 01       	mov al, 1
0174+  0912 05 03       	syscall sys_io				; receive in AH without echo
0175+  0914 B9 00       	cmp al, 0					; check error code (AL)
0176+  0916 C6 0E 09    	je gets_telnet_escape		; if no char received, retry
0177+  0919 76 5B       	cmp ah, '['
0178+  091B C7 E0 08    	jne gets_loop
0179+  091E             gets_telnet_escape_phase2:
0180+  091E FD 0C       	sti
0181+  0920 19 01       	mov al, 1
0182+  0922 05 03       	syscall sys_io					; receive in AH without echo
0183+  0924 B9 00       	cmp al, 0						; check error code (AL)
0184+  0926 C6 1E 09    	je gets_telnet_escape_phase2	; if no char received, retry
0185+  0929 76 44       	cmp ah, 'D'
0186+  092B C6 36 09    	je gets_left_arrow
0187+  092E 76 43       	cmp ah, 'C'
0188+  0930 C6 3A 09    	je gets_right_arrow
0189+  0933 0A E0 08    	jmp gets_loop
0190+  0936             gets_left_arrow:
0191+  0936 7F          	dec d
0192+  0937 0A E0 08    	jmp gets_loop
0193+  093A             gets_right_arrow:
0194+  093A 79          	inc d
0195+  093B 0A E0 08    	jmp gets_loop
0196+  093E             gets_escape:
0197+  093E FD 0C       	sti
0198+  0940 19 01       	mov al, 1
0199+  0942 05 03       	syscall sys_io			; receive in AH
0200+  0944 B9 00       	cmp al, 0				; check error code (AL)
0201+  0946 C6 3E 09    	je gets_escape			; if no char received, retry
0202+  0949 76 6E       	cmp ah, 'n'
0203+  094B C6 59 09    	je gets_LF
0204+  094E 76 72       	cmp ah, 'r'
0205+  0950 C6 60 09    	je gets_CR
0206+  0953 1A          	mov al, ah				; if not a known escape, it is just a normal letter
0207+  0954 3E          	mov [d], al
0208+  0955 79          	inc d
0209+  0956 0A E0 08    	jmp gets_loop
0210+  0959             gets_LF:
0211+  0959 19 0A       	mov al, $0A
0212+  095B 3E          	mov [d], al
0213+  095C 79          	inc d
0214+  095D 0A E0 08    	jmp gets_loop
0215+  0960             gets_CR:
0216+  0960 19 0D       	mov al, $0D
0217+  0962 3E          	mov [d], al
0218+  0963 79          	inc d
0219+  0964 0A E0 08    	jmp gets_loop
0220+  0967             gets_end:
0221+  0967 19 00       	mov al, 0
0222+  0969 3E          	mov [d], al				; terminate string
0223+  096A E7          	pop d
0224+  096B E4          	pop a
0225+  096C 09          	ret
0226+  096D             
0227+  096D             
0228+  096D             
0229+  096D             
0230+  096D             ;;;;;;;;;;;;;;;;;;;;;;;;;;;;;;;;;;;;;;;;;;;;;;;;;;;;;;;;;;;;;;;;;;;;;;;;;;;;;;;;;;;;;;;;;;;;;;;;;;;;;;;;;;;;;;;;;;
0231+  096D             ;; INPUT TEXT
0232+  096D             ;; terminated with CTRL+D
0233+  096D             ;; pointer in D
0234+  096D             ;;;;;;;;;;;;;;;;;;;;;;;;;;;;;;;;;;;;;;;;;;;;;;;;;;;;;;;;;;;;;;;;;;;;;;;;;;;;;;;;;;;;;;;;;;;;;;;;;;;;;;;;;;;;;;;;;;
0235+  096D             gettxt:
0236+  096D D7          	push a
0237+  096E DA          	push d
0238+  096F             gettxt_loop:
0239+  096F 19 01       	mov al, 1
0240+  0971 05 03       	syscall sys_io			; receive in AH
0241+  0973 B9 00       	cmp al, 0				; check error code (AL)
0242+  0975 C6 6F 09    	je gettxt_loop		; if no char received, retry
0243+  0978 76 04       	cmp ah, 4			; EOT
0244+  097A C6 B8 09    	je gettxt_end
0245+  097D 76 08       	cmp ah, $08			; check for backspace
0246+  097F C6 B4 09    	je gettxt_backspace
0247+  0982 76 5C       	cmp ah, $5C				; '\\'
0248+  0984 C6 8D 09    	je gettxt_escape
0249+  0987 1A          	mov al, ah
0250+  0988 3E          	mov [d], al
0251+  0989 79          	inc d
0252+  098A 0A 6F 09    	jmp gettxt_loop
0253+  098D             gettxt_escape:
0254+  098D 19 01       	mov al, 1
0255+  098F 05 03       	syscall sys_io			; receive in AH
0256+  0991 B9 00       	cmp al, 0				; check error code (AL)
0257+  0993 C6 8D 09    	je gettxt_escape		; if no char received, retry
0258+  0996 76 6E       	cmp ah, 'n'
0259+  0998 C6 A6 09    	je gettxt_LF
0260+  099B 76 72       	cmp ah, 'r'
0261+  099D C6 AD 09    	je gettxt_CR
0262+  09A0 1A          	mov al, ah				; if not a known escape, it is just a normal letter
0263+  09A1 3E          	mov [d], al
0264+  09A2 79          	inc d
0265+  09A3 0A 6F 09    	jmp gettxt_loop
0266+  09A6             gettxt_LF:
0267+  09A6 19 0A       	mov al, $0A
0268+  09A8 3E          	mov [d], al
0269+  09A9 79          	inc d
0270+  09AA 0A 6F 09    	jmp gettxt_loop
0271+  09AD             gettxt_CR:
0272+  09AD 19 0D       	mov al, $0D
0273+  09AF 3E          	mov [d], al
0274+  09B0 79          	inc d
0275+  09B1 0A 6F 09    	jmp gettxt_loop
0276+  09B4             gettxt_backspace:
0277+  09B4 7F          	dec d
0278+  09B5 0A 6F 09    	jmp gettxt_loop
0279+  09B8             gettxt_end:
0280+  09B8 19 00       	mov al, 0
0281+  09BA 3E          	mov [d], al				; terminate string
0282+  09BB E7          	pop d
0283+  09BC E4          	pop a
0284+  09BD 09          	ret
0285+  09BE             
0286+  09BE             ;;;;;;;;;;;;;;;;;;;;;;;;;;;;;;;;;;;;;;;;;;;;;;;;;;;;;;;;;;;;;;;;;;;;;;;;;;;;;;;;;;;;;;;;;;;;;;;;;;;;;;;;;;;;;;;;;;
0287+  09BE             ; PRINT NEW LINE
0288+  09BE             ;;;;;;;;;;;;;;;;;;;;;;;;;;;;;;;;;;;;;;;;;;;;;;;;;;;;;;;;;;;;;;;;;;;;;;;;;;;;;;;;;;;;;;;;;;;;;;;;;;;;;;;;;;;;;;;;;;
0289+  09BE             printnl:
0290+  09BE D7          	push a
0291+  09BF 10 00 0A    	mov a, $0A00
0292+  09C2 05 03       	syscall sys_io
0293+  09C4 10 00 0D    	mov a, $0D00
0294+  09C7 05 03       	syscall sys_io
0295+  09C9 E4          	pop a
0296+  09CA 09          	ret
0297+  09CB             
0298+  09CB             ;;;;;;;;;;;;;;;;;;;;;;;;;;;;;;;;;;;;;;;;;;;;;;;;;;;;;;;;;;;;;;;;;;;;;;;;;;;;;;;;;;;;;;;;;;;;;;;;;;;;;;;;;;;;;;;;;;
0299+  09CB             ; strtoint
0300+  09CB             ; 4 digit hex string number in d
0301+  09CB             ; integer returned in A
0302+  09CB             ;;;;;;;;;;;;;;;;;;;;;;;;;;;;;;;;;;;;;;;;;;;;;;;;;;;;;;;;;;;;;;;;;;;;;;;;;;;;;;;;;;;;;;;;;;;;;;;;;;;;;;;;;;;;;;;;;;
0303+  09CB             strtointx:
0304+  09CB D8          	push b
0305+  09CC 32          	mov bl, [d]
0306+  09CD 37          	mov bh, bl
0307+  09CE 33 01 00    	mov bl, [d + 1]
0308+  09D1 07 8C 08    	call atoi				; convert to int in AL
0309+  09D4 23          	mov ah, al				; move to AH
0310+  09D5 33 02 00    	mov bl, [d + 2]
0311+  09D8 37          	mov bh, bl
0312+  09D9 33 03 00    	mov bl, [d + 3]
0313+  09DC 07 8C 08    	call atoi				; convert to int in AL
0314+  09DF E5          	pop b
0315+  09E0 09          	ret
0316+  09E1             
0317+  09E1             ;;;;;;;;;;;;;;;;;;;;;;;;;;;;;;;;;;;;;;;;;;;;;;;;;;;;;;;;;;;;;;;;;;;;;;;;;;;;;;;;;;;;;;;;;;;;;;;;;;;;;;;;;;;;;;;;;;
0318+  09E1             ; strtoint
0319+  09E1             ; 5 digit base10 string number in d
0320+  09E1             ; integer returned in A
0321+  09E1             ;;;;;;;;;;;;;;;;;;;;;;;;;;;;;;;;;;;;;;;;;;;;;;;;;;;;;;;;;;;;;;;;;;;;;;;;;;;;;;;;;;;;;;;;;;;;;;;;;;;;;;;;;;;;;;;;;;
0322+  09E1             strtoint:
0323+  09E1 E2          	push si
0324+  09E2 D8          	push b
0325+  09E3 D9          	push c
0326+  09E4 DA          	push d
0327+  09E5 07 0C 08    	call strlen			; get string length in C
0328+  09E8 7E          	dec c
0329+  09E9 FD 4E       	mov si, d
0330+  09EB 12          	mov a, c
0331+  09EC FD 99       	shl a
0332+  09EE 3B 74 08    	mov d, table_power
0333+  09F1 59          	add d, a
0334+  09F2 38 00 00    	mov c, 0
0335+  09F5             strtoint_L0:
0336+  09F5 F6          	lodsb			; load ASCII to al
0337+  09F6 B9 00       	cmp al, 0
0338+  09F8 C6 0B 0A    	je strtoint_end
0339+  09FB 6F 30       	sub al, $30		; make into integer
0340+  09FD 22 00       	mov ah, 0
0341+  09FF 2A          	mov b, [d]
0342+  0A00 AC          	mul a, b			; result in B since it fits in 16bits
0343+  0A01 11          	mov a, b
0344+  0A02 28          	mov b, c
0345+  0A03 54          	add a, b
0346+  0A04 39          	mov c, a
0347+  0A05 63 02 00    	sub d, 2
0348+  0A08 0A F5 09    	jmp strtoint_L0
0349+  0A0B             strtoint_end:
0350+  0A0B 12          	mov a, c
0351+  0A0C E7          	pop d
0352+  0A0D E6          	pop c
0353+  0A0E E5          	pop b
0354+  0A0F EF          	pop si
0355+  0A10 09          	ret
0356+  0A11             
0357+  0A11             
0358+  0A11             ;;;;;;;;;;;;;;;;;;;;;;;;;;;;;;;;;;;;;;;;;;;;;;;;;;;;;;;;;;;;;;;;;;;;;;;;;;;;;;;;;;;;;;;;;;;;;;;;;;;;;;;;;;;;;;;;;;
0359+  0A11             ; PRINT NULL TERMINATED STRING
0360+  0A11             ; pointer in D
0361+  0A11             ;;;;;;;;;;;;;;;;;;;;;;;;;;;;;;;;;;;;;;;;;;;;;;;;;;;;;;;;;;;;;;;;;;;;;;;;;;;;;;;;;;;;;;;;;;;;;;;;;;;;;;;;;;;;;;;;;;
0362+  0A11             puts:
0363+  0A11 D7          	push a
0364+  0A12 DA          	push d
0365+  0A13             puts_L1:
0366+  0A13 1E          	mov al, [d]
0367+  0A14 B9 00       	cmp al, 0
0368+  0A16 C6 22 0A    	jz puts_END
0369+  0A19 23          	mov ah, al
0370+  0A1A 19 00       	mov al, 0
0371+  0A1C 05 03       	syscall sys_io
0372+  0A1E 79          	inc d
0373+  0A1F 0A 13 0A    	jmp puts_L1
0374+  0A22             puts_END:
0375+  0A22 E7          	pop d
0376+  0A23 E4          	pop a
0377+  0A24 09          	ret
0378+  0A25             
0379+  0A25             ;;;;;;;;;;;;;;;;;;;;;;;;;;;;;;;;;;;;;;;;;;;;;;;;;;;;;;;;;;;;;;;;;;;;;;;;;;;;;;;;;;;;;;;;;;;;;;;;;;;;;;;;;;;;;;;;;;
0380+  0A25             ; PRINT N SIZE STRING
0381+  0A25             ; pointer in D
0382+  0A25             ; size in C
0383+  0A25             ;;;;;;;;;;;;;;;;;;;;;;;;;;;;;;;;;;;;;;;;;;;;;;;;;;;;;;;;;;;;;;;;;;;;;;;;;;;;;;;;;;;;;;;;;;;;;;;;;;;;;;;;;;;;;;;;;;
0384+  0A25             putsn:
0385+  0A25 DB          	push al
0386+  0A26 DA          	push d
0387+  0A27 D9          	push c
0388+  0A28             putsn_L0:
0389+  0A28 1E          	mov al, [d]
0390+  0A29 23          	mov ah, al
0391+  0A2A 19 00       	mov al, 0
0392+  0A2C 05 03       	syscall sys_io
0393+  0A2E 79          	inc d
0394+  0A2F 7E          	dec c	
0395+  0A30 C2 00 00    	cmp c, 0
0396+  0A33 C7 28 0A    	jne putsn_L0
0397+  0A36             putsn_end:
0398+  0A36 E6          	pop c
0399+  0A37 E7          	pop d
0400+  0A38 E8          	pop al
0401+  0A39 09          	ret
0402+  0A3A             
0403+  0A3A             ;;;;;;;;;;;;;;;;;;;;;;;;;;;;;;;;;;;;;;;;;;;;;;;;;;;;;;;;;;;;;;;;;;;;;;;;;;;;;;;;;;;;;;;
0404+  0A3A             ; print 16bit decimal number
0405+  0A3A             ; input number in A
0406+  0A3A             ;;;;;;;;;;;;;;;;;;;;;;;;;;;;;;;;;;;;;;;;;;;;;;;;;;;;;;;;;;;;;;;;;;;;;;;;;;;;;;;;;;;;;;;
0407+  0A3A             print_u16d:
0408+  0A3A D7          	push a
0409+  0A3B D8          	push b
0410+  0A3C 26 10 27    	mov b, 10000
0411+  0A3F AE          	div a, b			; get 10000's coeff.
0412+  0A40 07 62 0A    	call print_number
0413+  0A43 11          	mov a, b
0414+  0A44 26 E8 03    	mov b, 1000
0415+  0A47 AE          	div a, b			; get 1000's coeff.
0416+  0A48 07 62 0A    	call print_number
0417+  0A4B 11          	mov a, b
0418+  0A4C 26 64 00    	mov b, 100
0419+  0A4F AE          	div a, b
0420+  0A50 07 62 0A    	call print_number
0421+  0A53 11          	mov a, b
0422+  0A54 26 0A 00    	mov b, 10
0423+  0A57 AE          	div a, b
0424+  0A58 07 62 0A    	call print_number
0425+  0A5B 1B          	mov al, bl			; 1's coeff in bl
0426+  0A5C 07 62 0A    	call print_number
0427+  0A5F E5          	pop b
0428+  0A60 E4          	pop a
0429+  0A61 09          	ret
0430+  0A62             
0431+  0A62             ;;;;;;;;;;;;;;;;;;;;;;;;;;;;;;;;;;;;;;;;;;;;;;;;;;;;;;;;;;;;;;;;;;;;;;;;;;;;;;;;;;;;;;;
0432+  0A62             ; print AL
0433+  0A62             ;;;;;;;;;;;;;;;;;;;;;;;;;;;;;;;;;;;;;;;;;;;;;;;;;;;;;;;;;;;;;;;;;;;;;;;;;;;;;;;;;;;;;;;
0434+  0A62             print_number:
0435+  0A62 6A 30       	add al, $30
0436+  0A64 23          	mov ah, al
0437+  0A65 07 D7 08    	call putchar
0438+  0A68 09          	ret
0439+  0A69             
0440+  0A69             ;;;;;;;;;;;;;;;;;;;;;;;;;;;;;;;;;;;;;;;;;;;;;;;;;;;;;;;;;;;;;;;;;;;;;;;;;;;;;;;;;;;;;;;;;;;;;;;;;;;;;;;;;;;;;;;;;;
0441+  0A69             ; PRINT 16BIT HEX INTEGER
0442+  0A69             ; integer value in reg B
0443+  0A69             ;;;;;;;;;;;;;;;;;;;;;;;;;;;;;;;;;;;;;;;;;;;;;;;;;;;;;;;;;;;;;;;;;;;;;;;;;;;;;;;;;;;;;;;;;;;;;;;;;;;;;;;;;;;;;;;;;;
0444+  0A69             print_u16x:
0445+  0A69 D7          	push a
0446+  0A6A D8          	push b
0447+  0A6B DD          	push bl
0448+  0A6C 30          	mov bl, bh
0449+  0A6D 07 9E 08    	call itoa				; convert bh to char in A
0450+  0A70 2F          	mov bl, al				; save al
0451+  0A71 19 00       	mov al, 0
0452+  0A73 05 03       	syscall sys_io				; display AH
0453+  0A75 24          	mov ah, bl				; retrieve al
0454+  0A76 19 00       	mov al, 0
0455+  0A78 05 03       	syscall sys_io				; display AL
0456+  0A7A             
0457+  0A7A EA          	pop bl
0458+  0A7B 07 9E 08    	call itoa				; convert bh to char in A
0459+  0A7E 2F          	mov bl, al				; save al
0460+  0A7F 19 00       	mov al, 0
0461+  0A81 05 03       	syscall sys_io				; display AH
0462+  0A83 24          	mov ah, bl				; retrieve al
0463+  0A84 19 00       	mov al, 0
0464+  0A86 05 03       	syscall sys_io				; display AL
0465+  0A88             
0466+  0A88 E5          	pop b
0467+  0A89 E4          	pop a
0468+  0A8A 09          	ret
0469+  0A8B             
0470+  0A8B             ;;;;;;;;;;;;;;;;;;;;;;;;;;;;;;;;;;;;;;;;;;;;;;;;;;;;;;;;;;;;;;;;;;;;;;;;;;;;;;;;;;;;;;;;;;;;;;;;;;;;;;;;;;;;;;;;;;
0471+  0A8B             ; INPUT 16BIT HEX INTEGER
0472+  0A8B             ; read 16bit integer into A
0473+  0A8B             ;;;;;;;;;;;;;;;;;;;;;;;;;;;;;;;;;;;;;;;;;;;;;;;;;;;;;;;;;;;;;;;;;;;;;;;;;;;;;;;;;;;;;;;;;;;;;;;;;;;;;;;;;;;;;;;;;;
0474+  0A8B             scan_u16x:
0475+  0A8B F8 10 00    	enter 16
0476+  0A8E D8          	push b
0477+  0A8F DA          	push d
0478+  0A90             
0479+  0A90 FA F1 FF    	lea d, [bp + -15]
0480+  0A93 07 DE 08    	call gets				; get number
0481+  0A96             
0482+  0A96 32          	mov bl, [d]
0483+  0A97 37          	mov bh, bl
0484+  0A98 33 01 00    	mov bl, [d + 1]
0485+  0A9B 07 8C 08    	call atoi				; convert to int in AL
0486+  0A9E 23          	mov ah, al				; move to AH
0487+  0A9F             
0488+  0A9F 33 02 00    	mov bl, [d + 2]
0489+  0AA2 37          	mov bh, bl
0490+  0AA3 33 03 00    	mov bl, [d + 3]
0491+  0AA6 07 8C 08    	call atoi				; convert to int in AL
0492+  0AA9             
0493+  0AA9 E7          	pop d
0494+  0AAA E5          	pop b
0495+  0AAB F9          	leave
0496+  0AAC 09          	ret
0497+  0AAD             
0498+  0AAD             ;;;;;;;;;;;;;;;;;;;;;;;;;;;;;;;;;;;;;;;;;;;;;;;;;;;;;;;;;;;;;;;;;;;;;;;;;;;;;;;;;;;;;;;;;;;;;;;;;;;;;;;;;;;;;;;;;;
0499+  0AAD             ; PRINT 8bit HEX INTEGER
0500+  0AAD             ; integer value in reg bl
0501+  0AAD             ;;;;;;;;;;;;;;;;;;;;;;;;;;;;;;;;;;;;;;;;;;;;;;;;;;;;;;;;;;;;;;;;;;;;;;;;;;;;;;;;;;;;;;;;;;;;;;;;;;;;;;;;;;;;;;;;;;
0502+  0AAD             print_u8x:
0503+  0AAD D7          	push a
0504+  0AAE DD          	push bl
0505+  0AAF             
0506+  0AAF 07 9E 08    	call itoa				; convert bl to char in A
0507+  0AB2 2F          	mov bl, al				; save al
0508+  0AB3 19 00       	mov al, 0
0509+  0AB5 05 03       	syscall sys_io				; display AH
0510+  0AB7 24          	mov ah, bl				; retrieve al
0511+  0AB8 19 00       	mov al, 0
0512+  0ABA 05 03       	syscall sys_io				; display AL
0513+  0ABC             
0514+  0ABC EA          	pop bl
0515+  0ABD E4          	pop a
0516+  0ABE 09          	ret
0517+  0ABF             
0518+  0ABF             ;;;;;;;;;;;;;;;;;;;;;;;;;;;;;;;;;;;;;;;;;;;;;;;;;;;;;;;;;;;;;;;;;;;;;;;;;;;;;;;;;;;;;;;
0519+  0ABF             ; print 8bit decimal unsigned number
0520+  0ABF             ; input number in AL
0521+  0ABF             ;;;;;;;;;;;;;;;;;;;;;;;;;;;;;;;;;;;;;;;;;;;;;;;;;;;;;;;;;;;;;;;;;;;;;;;;;;;;;;;;;;;;;;;
0522+  0ABF             print_u8d:
0523+  0ABF D7          	push a
0524+  0AC0 D8          	push b
0525+  0AC1             
0526+  0AC1 22 00       	mov ah, 0
0527+  0AC3 26 64 00    	mov b, 100
0528+  0AC6 AE          	div a, b
0529+  0AC7 D8          	push b			; save remainder
0530+  0AC8 B9 00       	cmp al, 0
0531+  0ACA C6 D4 0A    	je skip100
0532+  0ACD 6A 30       	add al, $30
0533+  0ACF 23          	mov ah, al
0534+  0AD0 19 00       	mov al, 0
0535+  0AD2 05 03       	syscall sys_io	; print coeff
0536+  0AD4             skip100:
0537+  0AD4 E4          	pop a
0538+  0AD5 22 00       	mov ah, 0
0539+  0AD7 26 0A 00    	mov b, 10
0540+  0ADA AE          	div a, b
0541+  0ADB D8          	push b			; save remainder
0542+  0ADC B9 00       	cmp al, 0
0543+  0ADE C6 E8 0A    	je skip10
0544+  0AE1 6A 30       	add al, $30
0545+  0AE3 23          	mov ah, al
0546+  0AE4 19 00       	mov al, 0
0547+  0AE6 05 03       	syscall sys_io	; print coeff
0548+  0AE8             skip10:
0549+  0AE8 E4          	pop a
0550+  0AE9 1B          	mov al, bl
0551+  0AEA 6A 30       	add al, $30
0552+  0AEC 23          	mov ah, al
0553+  0AED 19 00       	mov al, 0
0554+  0AEF 05 03       	syscall sys_io	; print coeff
0555+  0AF1 E5          	pop b
0556+  0AF2 E4          	pop a
0557+  0AF3 09          	ret
0558+  0AF4             
0559+  0AF4             ;;;;;;;;;;;;;;;;;;;;;;;;;;;;;;;;;;;;;;;;;;;;;;;;;;;;;;;;;;;;;;;;;;;;;;;;;;;;;;;;;;;;;;;;;;;;;;;;;;;;;;;;;;;;;;;;;;
0560+  0AF4             ; INPUT 8BIT HEX INTEGER
0561+  0AF4             ; read 8bit integer into AL
0562+  0AF4             ;;;;;;;;;;;;;;;;;;;;;;;;;;;;;;;;;;;;;;;;;;;;;;;;;;;;;;;;;;;;;;;;;;;;;;;;;;;;;;;;;;;;;;;;;;;;;;;;;;;;;;;;;;;;;;;;;;
0563+  0AF4             scan_u8x:
0564+  0AF4 F8 04 00    	enter 4
0565+  0AF7 D8          	push b
0566+  0AF8 DA          	push d
0567+  0AF9             
0568+  0AF9 FA FD FF    	lea d, [bp + -3]
0569+  0AFC 07 DE 08    	call gets				; get number
0570+  0AFF             
0571+  0AFF 32          	mov bl, [d]
0572+  0B00 37          	mov bh, bl
0573+  0B01 33 01 00    	mov bl, [d + 1]
0574+  0B04 07 8C 08    	call atoi				; convert to int in AL
0575+  0B07             
0576+  0B07 E7          	pop d
0577+  0B08 E5          	pop b
0578+  0B09 F9          	leave
0579+  0B0A 09          	ret
0580+  0B0B             
0581+  0B0B             ;;;;;;;;;;;;;;;;;;;;;;;;;;;;;;;;;;;;;;;;;;;;;;;;;;;;;;;;;;;;;;;;;;;;;;;;;;;;;;;;;;;;;;;
0582+  0B0B             ; input decimal number
0583+  0B0B             ; result in A
0584+  0B0B             ; 655'\0'
0585+  0B0B             ; low--------high
0586+  0B0B             ;;;;;;;;;;;;;;;;;;;;;;;;;;;;;;;;;;;;;;;;;;;;;;;;;;;;;;;;;;;;;;;;;;;;;;;;;;;;;;;;;;;;;;;
0587+  0B0B             scan_u16d:
0588+  0B0B F8 08 00    	enter 8
0589+  0B0E E2          	push si
0590+  0B0F D8          	push b
0591+  0B10 D9          	push c
0592+  0B11 DA          	push d
0593+  0B12 FA F9 FF    	lea d, [bp +- 7]
0594+  0B15 07 DE 08    	call gets
0595+  0B18 07 0C 08    	call strlen			; get string length in C
0596+  0B1B 7E          	dec c
0597+  0B1C FD 4E       	mov si, d
0598+  0B1E 12          	mov a, c
0599+  0B1F FD 99       	shl a
0600+  0B21 3B 74 08    	mov d, table_power
0601+  0B24 59          	add d, a
0602+  0B25 38 00 00    	mov c, 0
0603+  0B28             mul_loop:
0604+  0B28 F6          	lodsb			; load ASCII to al
0605+  0B29 B9 00       	cmp al, 0
0606+  0B2B C6 3E 0B    	je mul_exit
0607+  0B2E 6F 30       	sub al, $30		; make into integer
0608+  0B30 22 00       	mov ah, 0
0609+  0B32 2A          	mov b, [d]
0610+  0B33 AC          	mul a, b			; result in B since it fits in 16bits
0611+  0B34 11          	mov a, b
0612+  0B35 28          	mov b, c
0613+  0B36 54          	add a, b
0614+  0B37 39          	mov c, a
0615+  0B38 63 02 00    	sub d, 2
0616+  0B3B 0A 28 0B    	jmp mul_loop
0617+  0B3E             mul_exit:
0618+  0B3E 12          	mov a, c
0619+  0B3F E7          	pop d
0620+  0B40 E6          	pop c
0621+  0B41 E5          	pop b
0622+  0B42 EF          	pop si
0623+  0B43 F9          	leave
0624+  0B44 09          	ret
0088   0B45             .include "lib/ctype.asm"
0001+  0B45             ;;;;;;;;;;;;;;;;;;;;;;;;;;;;;;;;;;;;;;;;;;;;;;;;;;;;;;;;;;;;;;;;;;;;;;;;;;;;;;;;;;;;;;;;;;;;;;;;;;;;;;;;;;;;;;;;;;
0002+  0B45             ; ctype.s
0003+  0B45             ;;;;;;;;;;;;;;;;;;;;;;;;;;;;;;;;;;;;;;;;;;;;;;;;;;;;;;;;;;;;;;;;;;;;;;;;;;;;;;;;;;;;;;;;;;;;;;;;;;;;;;;;;;;;;;;;;;
0004+  0B45             
0005+  0B45             ;;;;;;;;;;;;;;;;;;;;;;;;;;;;;;;;;;;;;;;;;;;;;;;;;;;;;;;;;;;;;;;;;;;;;;;;;;;;;;;;;;;;;;;;;;;;;;;;;;;;;;;;;;;;;;;;;;
0006+  0B45             ;; C character classification is an operation provided by a group of functions in the ANSI C Standard Library
0007+  0B45             ;; for the C programming language. These functions are used to test characters for membership in a particular
0008+  0B45             ;; class of characters, such as alphabetic characters, control characters, etc. Both single-byte, and wide
0009+  0B45             ;; characters are supported.
0010+  0B45             ;;;;;;;;;;;;;;;;;;;;;;;;;;;;;;;;;;;;;;;;;;;;;;;;;;;;;;;;;;;;;;;;;;;;;;;;;;;;;;;;;;;;;;;;;;;;;;;;;;;;;;;;;;;;;;;;;;
0011+  0B45             ;; isalnum 
0012+  0B45             ;; isalpha 
0013+  0B45             ;; islower 
0014+  0B45             ;; isupper 
0015+  0B45             ;; isdigit 
0016+  0B45             ;; isxdigit
0017+  0B45             ;; iscntrl 
0018+  0B45             ;; isgraph 
0019+  0B45             ;; isspace 
0020+  0B45             ;; isblank 
0021+  0B45             ;; isprint 
0022+  0B45             ;; ispunct 
0023+  0B45             ;; tolower 
0024+  0B45             ;; toupper
0025+  0B45             
0026+  0B45             
0027+  0B45             ;;;;;;;;;;;;;;;;;;;;;;;;;;;;;;;;;;;;;;;;;;;;;;;;;;;;;;;;;;;;;;;;;;;;;;;;;;;;;;;;;;
0028+  0B45             ;; IS ALPHANUMERIC
0029+  0B45             ;; sets ZF according with result
0030+  0B45             ;;;;;;;;;;;;;;;;;;;;;;;;;;;;;;;;;;;;;;;;;;;;;;;;;;;;;;;;;;;;;;;;;;;;;;;;;;;;;;;;;;
0031+  0B45             isalnum:
0032+  0B45 07 62 0B    	call isalpha
0033+  0B48 C6 4E 0B    	je isalnum_exit
0034+  0B4B 07 4F 0B    	call isdigit
0035+  0B4E             isalnum_exit:
0036+  0B4E 09          	ret	
0037+  0B4F             ;;;;;;;;;;;;;;;;;;;;;;;;;;;;;;;;;;;;;;;;;;;;;;;;;;;;;;;;;;;;;;;;;;;;;;;;;;;;;;;;;;
0038+  0B4F             ;; IS DIGIT
0039+  0B4F             ;; sets ZF according with result
0040+  0B4F             ;;;;;;;;;;;;;;;;;;;;;;;;;;;;;;;;;;;;;;;;;;;;;;;;;;;;;;;;;;;;;;;;;;;;;;;;;;;;;;;;;;
0041+  0B4F             isdigit:
0042+  0B4F DB          	push al
0043+  0B50 B9 30       	cmp al, '0'
0044+  0B52 C8 5E 0B    	jlu isdigit_false
0045+  0B55 B9 39       	cmp al, '9'
0046+  0B57 D1 5E 0B    	jgu isdigit_false
0047+  0B5A 87 00       	and al, 0	; set ZF
0048+  0B5C E8          	pop al
0049+  0B5D 09          	ret
0050+  0B5E             isdigit_false:
0051+  0B5E 8B 01       	or al, 1	; clear ZF
0052+  0B60 E8          	pop al
0053+  0B61 09          	ret	
0054+  0B62             	
0055+  0B62             ;;;;;;;;;;;;;;;;;;;;;;;;;;;;;;;;;;;;;;;;;;;;;;;;;;;;;;;;;;;;;;;;;;;;;;;;;;;;;;;;;;
0056+  0B62             ;; IS ALPHA
0057+  0B62             ;; sets ZF according with result
0058+  0B62             ;;;;;;;;;;;;;;;;;;;;;;;;;;;;;;;;;;;;;;;;;;;;;;;;;;;;;;;;;;;;;;;;;;;;;;;;;;;;;;;;;;
0059+  0B62             isalpha:
0060+  0B62 DB          	push al
0061+  0B63 B9 5F       	cmp al, '_'
0062+  0B65 C6 85 0B    	je isalpha_true
0063+  0B68 B9 2E       	cmp al, '.'
0064+  0B6A C6 85 0B    	je isalpha_true
0065+  0B6D B9 41       	cmp al, 'A'
0066+  0B6F C8 81 0B    	jlu isalpha_false
0067+  0B72 B9 7A       	cmp al, 'z'
0068+  0B74 D1 81 0B    	jgu isalpha_false
0069+  0B77 B9 5A       	cmp al, 'Z'
0070+  0B79 D0 85 0B    	jleu isalpha_true
0071+  0B7C B9 61       	cmp al, 'a'
0072+  0B7E C9 85 0B    	jgeu isalpha_true
0073+  0B81             isalpha_false:
0074+  0B81 8B 01       	or al, 1	; clear ZF
0075+  0B83 E8          	pop al
0076+  0B84 09          	ret
0077+  0B85             isalpha_true:
0078+  0B85 87 00       	and al, 0	; set ZF
0079+  0B87 E8          	pop al
0080+  0B88 09          	ret
0081+  0B89             
0082+  0B89             ;;;;;;;;;;;;;;;;;;;;;;;;;;;;;;;;;;;;;;;;;;;;;;;;;;;;;;;;;;;;;;;;;;;;;;;;;;;;;;;;;;
0083+  0B89             ;; IS PATH-ALPHA
0084+  0B89             ;; sets ZF according with result
0085+  0B89             ;;;;;;;;;;;;;;;;;;;;;;;;;;;;;;;;;;;;;;;;;;;;;;;;;;;;;;;;;;;;;;;;;;;;;;;;;;;;;;;;;;
0086+  0B89             ispath:
0087+  0B89 DB          	push al
0088+  0B8A 07 4F 0B    	call isdigit
0089+  0B8D C6 B7 0B    	je ispath_true
0090+  0B90 B9 5F       	cmp al, '_'
0091+  0B92 C6 B7 0B    	je ispath_true
0092+  0B95 B9 2F       	cmp al, '/'
0093+  0B97 C6 B7 0B    	je ispath_true
0094+  0B9A B9 2E       	cmp al, '.'
0095+  0B9C C6 B7 0B    	je ispath_true
0096+  0B9F B9 41       	cmp al, 'A'
0097+  0BA1 C8 B3 0B    	jlu ispath_false
0098+  0BA4 B9 7A       	cmp al, 'z'
0099+  0BA6 D1 B3 0B    	jgu ispath_false
0100+  0BA9 B9 5A       	cmp al, 'Z'
0101+  0BAB D0 B7 0B    	jleu ispath_true
0102+  0BAE B9 61       	cmp al, 'a'
0103+  0BB0 C9 B7 0B    	jgeu ispath_true
0104+  0BB3             ispath_false:
0105+  0BB3 8B 01       	or al, 1	; clear ZF
0106+  0BB5 E8          	pop al
0107+  0BB6 09          	ret
0108+  0BB7             ispath_true:
0109+  0BB7 87 00       	and al, 0	; set ZF
0110+  0BB9 E8          	pop al
0111+  0BBA 09          	ret
0112+  0BBB             ;;;;;;;;;;;;;;;;;;;;;;;;;;;;;;;;;;;;;;;;;;;;;;;;;;;;;;;;;;;;;;;;;;;;;;;;;;;;;;;;;;
0113+  0BBB             ;; IS SPACE
0114+  0BBB             ;; sets ZF according with result
0115+  0BBB             ;;;;;;;;;;;;;;;;;;;;;;;;;;;;;;;;;;;;;;;;;;;;;;;;;;;;;;;;;;;;;;;;;;;;;;;;;;;;;;;;;;
0116+  0BBB             isspace:
0117+  0BBB B9 20       	cmp al, $20		; ' '
0118+  0BBD C6 D1 0B    	je isspace_exit
0119+  0BC0 B9 09       	cmp al, $09		; '\t'
0120+  0BC2 C6 D1 0B    	je isspace_exit
0121+  0BC5 B9 0A       	cmp al, $0A		; '\n'
0122+  0BC7 C6 D1 0B    	je isspace_exit
0123+  0BCA B9 0D       	cmp al, $0D		; '\r'
0124+  0BCC C6 D1 0B    	je isspace_exit
0125+  0BCF B9 0B       	cmp al, $0B		; '\v'
0126+  0BD1             isspace_exit:
0127+  0BD1 09          	ret	
0128+  0BD2             
0129+  0BD2             ;;;;;;;;;;;;;;;;;;;;;;;;;;;;;;;;;;;;;;;;;;;;;;;;;;;;;;;;;;;;;;;;;;;;;;;;;;;;;;;;;;;;;;;;;;;;;;;;;;;;;;;;;;;;;;;;;;
0130+  0BD2             ; TO LOWER
0131+  0BD2             ; input in AL
0132+  0BD2             ; output in AL
0133+  0BD2             ;;;;;;;;;;;;;;;;;;;;;;;;;;;;;;;;;;;;;;;;;;;;;;;;;;;;;;;;;;;;;;;;;;;;;;;;;;;;;;;;;;;;;;;;;;;;;;;;;;;;;;;;;;;;;;;;;;
0134+  0BD2             to_lower:
0135+  0BD2 B9 5A       	cmp al, 'Z'
0136+  0BD4 D1 D9 0B    	jgu to_lower_ret
0137+  0BD7 6A 20       	add al, $20				; convert to lower case
0138+  0BD9             to_lower_ret:
0139+  0BD9 09          	ret
0140+  0BDA             ;;;;;;;;;;;;;;;;;;;;;;;;;;;;;;;;;;;;;;;;;;;;;;;;;;;;;;;;;;;;;;;;;;;;;;;;;;;;;;;;;;;;;;;;;;;;;;;;;;;;;;;;;;;;;;;;;;
0141+  0BDA             ; TO UPPER
0142+  0BDA             ; input in AL
0143+  0BDA             ; output in AL
0144+  0BDA             ;;;;;;;;;;;;;;;;;;;;;;;;;;;;;;;;;;;;;;;;;;;;;;;;;;;;;;;;;;;;;;;;;;;;;;;;;;;;;;;;;;;;;;;;;;;;;;;;;;;;;;;;;;;;;;;;;;
0145+  0BDA             to_upper:
0146+  0BDA B9 61       	cmp al, 'a'
0147+  0BDC C8 E1 0B    	jlu to_upper_ret
0148+  0BDF 6F 20       	sub al, $20			; convert to upper case
0149+  0BE1             to_upper_ret:
0150+  0BE1 09          	ret
0151+  0BE2             
0089   0BE2             
0090   0BE2             transient_area:	
0091   0BE2             
0092   0BE2             .end
0093   0BE2             
0094   0BE2             
0095   0BE2             
0096   0BE2             	
tasm: Number of errors = 0
