0001   0000             .include "kernel.exp"
0001+  0000             PROC_TEXT_ORG    .EQU  $0400
0002+  0000             sys_bkpt         .EQU  $0000
0003+  0000             sys_rtc          .EQU  $0001
0004+  0000             sys_IDE          .EQU  $0002
0005+  0000             sys_io           .EQU  $0003
0006+  0000             sys_fileio       .EQU  $0004
0007+  0000             sys_fork         .EQU  $0005
0008+  0000             sys_list         .EQU  $0006
0009+  0000             sys_datetime     .EQU  $0007
0010+  0000             sys_reboot       .EQU  $0008
0011+  0000             sys_pauseproc    .EQU  $0009
0012+  0000             sys_resumeproc   .EQU  $000a
0013+  0000             sys_terminate_proc .EQU  $000b
0014+  0000             sys_system       .EQU  $000c
0015+  0000             sys_boot_install .EQU  $000d
0002   0000             
0003   0000             ;;;;;;;;;;;;;;;;;;;;;;;;;;;;;;;;;;;;;;;;;;;;;;;;;;;;;;;;;;;;;;;;;;;;;;;;;;;;;;;;
0004   0000             ;;;;;;;;;;;;;;;;;;;;;;;;;;;;;;;;;;;;;;;;;;;;;;;;;;;;;;;;;;;;;;;;;;;;;;;;;;;;;;;;
0005   0000             
0006   0400             .org PROC_TEXT_ORG			; origin at 1024
0007   0400             
0008   0400             cmd_quotes:
0009   0400 22 FF       	mov ah, $FF
0010   0402 07 42 08    	call putchar
0011   0405             	
0012   0405 07 24 09    	call printnl
0013   0408 05 0B       	syscall sys_terminate_proc
0014   040A             
0015   040A             .include "token.asm"
0001+  040A             TOKTYP_IDENTIFIER	.equ 0
0002+  040A             TOKTYP_KEYWORD		.equ 1
0003+  040A             TOKTYP_DELIMITER	.equ 2
0004+  040A             TOKTYP_STRING		.equ 3
0005+  040A             TOKTYP_CHAR			.equ 4
0006+  040A             TOKTYP_NUMERIC		.equ 5
0007+  040A             TOKTYP_END			.equ 6
0008+  040A             
0009+  040A             TOK_NULL			.equ 0
0010+  040A             TOK_FSLASH			.equ 1
0011+  040A             TOK_TIMES 			.equ 2
0012+  040A             TOK_PLUS 			.equ 3
0013+  040A             TOK_MINUS 			.equ 4
0014+  040A             TOK_DOT				.equ 5
0015+  040A             TOK_SEMI			.equ 6
0016+  040A             TOK_ANGLE			.equ 7
0017+  040A             TOK_TILDE			.equ 8
0018+  040A             TOK_EQUAL			.equ 9
0019+  040A             TOK_COLON			.equ 10
0020+  040A             TOK_COMMA			.equ 11
0021+  040A             
0022+  040A             TOK_END				.equ 20
0023+  040A             
0024+  040A             
0025+  040A             ;;;;;;;;;;;;;;;;;;;;;;;;;;;;;;;;;;;;;;;;;;;;;;;;;;;;;;;;;;;;;;;;;;;;;;;;;;;;;;;;;;
0026+  040A             ;; read a full command argment from shell input buffer
0027+  040A             ;; argument is written into tokstr
0028+  040A             ;;;;;;;;;;;;;;;;;;;;;;;;;;;;;;;;;;;;;;;;;;;;;;;;;;;;;;;;;;;;;;;;;;;;;;;;;;;;;;;;;;
0029+  040A             get_arg:
0030+  040A D7          	push a
0031+  040B E2          	push si
0032+  040C E3          	push di
0033+  040D 19 00       	mov al, 0
0034+  040F 3D 38 06    	mov [tokstr], al			; nullify tokstr string
0035+  0412 14 34 06    	mov a, [prog]
0036+  0415 4D          	mov si, a
0037+  0416 FD 4F 38 06 	mov di, tokstr
0038+  041A             get_arg_skip_spaces:
0039+  041A F6          	lodsb
0040+  041B 07 25 0B    	call isspace
0041+  041E C6 1A 04    	je get_arg_skip_spaces
0042+  0421             get_arg_L0:
0043+  0421 B9 3B       	cmp al, $3B				; check if is ';'
0044+  0423 C6 30 04    	je get_arg_end
0045+  0426 B9 00       	cmp al, 0
0046+  0428 C6 30 04    	je get_arg_end			; check if end of input
0047+  042B F7          	stosb
0048+  042C F6          	lodsb
0049+  042D 0A 21 04    	jmp get_arg_L0
0050+  0430             get_arg_end:
0051+  0430 19 00       	mov al, 0
0052+  0432 F7          	stosb
0053+  0433 D5 01 00    	sub si, 1
0054+  0436 4E          	mov a, si
0055+  0437 42 34 06    	mov [prog], a		; update pointer
0056+  043A F0          	pop di
0057+  043B EF          	pop si
0058+  043C E4          	pop a
0059+  043D 09          	ret
0060+  043E             
0061+  043E             ;;;;;;;;;;;;;;;;;;;;;;;;;;;;;;;;;;;;;;;;;;;;;;;;;;;;;;;;;;;;;;;;;;;;;;;;;;;;;;;;;;
0062+  043E             ;; read a path formation from shell input buffer
0063+  043E             ;; path is written into tokstr
0064+  043E             ;; /usr/bin
0065+  043E             ;;;;;;;;;;;;;;;;;;;;;;;;;;;;;;;;;;;;;;;;;;;;;;;;;;;;;;;;;;;;;;;;;;;;;;;;;;;;;;;;;;
0066+  043E             get_path:
0067+  043E D7          	push a
0068+  043F E2          	push si
0069+  0440 E3          	push di
0070+  0441 19 00       	mov al, 0
0071+  0443 3D 38 06    	mov [tokstr], al			; nullify tokstr string
0072+  0446 14 34 06    	mov a, [prog]
0073+  0449 4D          	mov si, a
0074+  044A FD 4F 38 06 	mov di, tokstr
0075+  044E             get_path_skip_spaces:
0076+  044E F6          	lodsb
0077+  044F 07 25 0B    	call isspace
0078+  0452 C6 4E 04    	je get_path_skip_spaces
0079+  0455             get_path_is_pathchar:
0080+  0455 F7          	stosb
0081+  0456 F6          	lodsb
0082+  0457 07 AF 0A    	call isalnum			;check if is alphanumeric
0083+  045A C6 55 04    	je get_path_is_pathchar
0084+  045D B9 2F       	cmp al, '/'				; check if is '/'
0085+  045F C6 55 04    	je get_path_is_pathchar
0086+  0462 19 00       	mov al, 0
0087+  0464 F7          	stosb
0088+  0465 D5 01 00    	sub si, 1
0089+  0468 4E          	mov a, si
0090+  0469 42 34 06    	mov [prog], a		; update pointer
0091+  046C             get_path_end:
0092+  046C F0          	pop di
0093+  046D EF          	pop si
0094+  046E E4          	pop a
0095+  046F 09          	ret
0096+  0470             
0097+  0470             ;;;;;;;;;;;;;;;;;;;;;;;;;;;;;;;;;;;;;;;;;;;;;;;;;;;;;;;;;;;;;;;;;;;;;;;;;;;;;;;;;;
0098+  0470             ;; read a line
0099+  0470             ;; line is written into tokstr
0100+  0470             ;;;;;;;;;;;;;;;;;;;;;;;;;;;;;;;;;;;;;;;;;;;;;;;;;;;;;;;;;;;;;;;;;;;;;;;;;;;;;;;;;;
0101+  0470             get_line:
0102+  0470 D7          	push a
0103+  0471 E2          	push si
0104+  0472 E3          	push di
0105+  0473 19 00       	mov al, 0
0106+  0475 3D 38 06    	mov [tokstr], al			; nullify tokstr string
0107+  0478 14 34 06    	mov a, [prog]
0108+  047B 4D          	mov si, a
0109+  047C FD 4F 38 06 	mov di, tokstr
0110+  0480             get_line_L0:
0111+  0480 F6          	lodsb
0112+  0481 B9 0A       	cmp al, $0A		; check for new line
0113+  0483 C6 8A 04    	je get_line_exit
0114+  0486 F7          	stosb
0115+  0487 0A 80 04    	jmp get_line_L0
0116+  048A             get_line_exit:
0117+  048A 19 00       	mov al, 0
0118+  048C F7          	stosb
0119+  048D 4E          	mov a, si
0120+  048E 42 34 06    	mov [prog], a		; update pointer
0121+  0491 F0          	pop di
0122+  0492 EF          	pop si
0123+  0493 E4          	pop a
0124+  0494 09          	ret
0125+  0495             
0126+  0495             ;;;;;;;;;;;;;;;;;;;;;;;;;;;;;;;;;;;;;;;;;;;;;;;;;;;;;;;;;;;;;;;;;;;;;;;;;;;;;;;;;;
0127+  0495             ;; token parser
0128+  0495             ;;;;;;;;;;;;;;;;;;;;;;;;;;;;;;;;;;;;;;;;;;;;;;;;;;;;;;;;;;;;;;;;;;;;;;;;;;;;;;;;;;
0129+  0495             get_token:
0130+  0495 D7          	push a
0131+  0496 DA          	push d
0132+  0497 E2          	push si
0133+  0498 E3          	push di
0134+  0499 19 00       	mov al, 0
0135+  049B 3D 38 06    	mov [tokstr], al			; nullify tokstr string
0136+  049E 19 00       	mov al, TOK_NULL
0137+  04A0 3D 37 06    	mov [tok], al				; nullify token
0138+  04A3 14 34 06    	mov a, [prog]
0139+  04A6 4D          	mov si, a
0140+  04A7 FD 4F 38 06 	mov di, tokstr
0141+  04AB             get_tok_skip_spaces:
0142+  04AB F6          	lodsb
0143+  04AC 07 25 0B    	call isspace
0144+  04AF C6 AB 04    	je get_tok_skip_spaces
0145+  04B2 B9 00       	cmp al, 0			; check for end of input (NULL)
0146+  04B4 C6 99 05    	je get_token_end
0147+  04B7 B9 23       	cmp al, '#'			; comments!
0148+  04B9 C6 C7 05    	je get_tok_comment
0149+  04BC 07 AF 0A    	call isalnum
0150+  04BF C6 A6 05    	jz is_alphanumeric
0151+  04C2             ; other token types
0152+  04C2             get_token_slash:
0153+  04C2 B9 2F       	cmp al, '/'				; check if '/'
0154+  04C4 C7 DC 04    	jne get_token_minus
0155+  04C7 F7          	stosb					; store '/' into token string
0156+  04C8 19 00       	mov al, 0
0157+  04CA F7          	stosb					; terminate token string
0158+  04CB 19 01       	mov al, TOK_FSLASH
0159+  04CD 3D 37 06    	mov [tok], al			
0160+  04D0 19 02       	mov al, TOKTYP_DELIMITER
0161+  04D2 3D 36 06    	mov [toktyp], al
0162+  04D5 4E          	mov a, si
0163+  04D6 42 34 06    	mov [prog], a		; update pointer
0164+  04D9 0A C2 05    	jmp get_token_return
0165+  04DC             get_token_minus:
0166+  04DC B9 2D       	cmp al, '-'				; check if '-'
0167+  04DE C7 F6 04    	jne get_token_comma
0168+  04E1 F7          	stosb					; store '-' into token string
0169+  04E2 19 00       	mov al, 0
0170+  04E4 F7          	stosb					; terminate token string
0171+  04E5 19 04       	mov al, TOK_MINUS
0172+  04E7 3D 37 06    	mov [tok], al			
0173+  04EA 19 02       	mov al, TOKTYP_DELIMITER
0174+  04EC 3D 36 06    	mov [toktyp], al
0175+  04EF 4E          	mov a, si
0176+  04F0 42 34 06    	mov [prog], a		; update pointer
0177+  04F3 0A C2 05    	jmp get_token_return
0178+  04F6             get_token_comma:
0179+  04F6 B9 2C       	cmp al, ','				; check if ','
0180+  04F8 C7 10 05    	jne get_token_semi
0181+  04FB F7          	stosb					; store ',' into token string
0182+  04FC 19 00       	mov al, 0
0183+  04FE F7          	stosb					; terminate token string
0184+  04FF 19 0B       	mov al, TOK_COMMA
0185+  0501 3D 37 06    	mov [tok], al			
0186+  0504 19 02       	mov al, TOKTYP_DELIMITER
0187+  0506 3D 36 06    	mov [toktyp], al
0188+  0509 4E          	mov a, si
0189+  050A 42 34 06    	mov [prog], a		; update pointer
0190+  050D 0A C2 05    	jmp get_token_return
0191+  0510             get_token_semi:
0192+  0510 B9 3B       	cmp al, $3B				; check if ';'
0193+  0512 C7 2A 05    	jne get_token_colon
0194+  0515 F7          	stosb					; store ';' into token string
0195+  0516 19 00       	mov al, 0
0196+  0518 F7          	stosb					; terminate token string
0197+  0519 19 06       	mov al, TOK_SEMI
0198+  051B 3D 37 06    	mov [tok], al			
0199+  051E 19 02       	mov al, TOKTYP_DELIMITER
0200+  0520 3D 36 06    	mov [toktyp], al
0201+  0523 4E          	mov a, si
0202+  0524 42 34 06    	mov [prog], a		; update pointer
0203+  0527 0A C2 05    	jmp get_token_return
0204+  052A             get_token_colon:
0205+  052A B9 3A       	cmp al, $3A				; check if ':'
0206+  052C C7 44 05    	jne get_token_angle
0207+  052F F7          	stosb					; store ':' into token string
0208+  0530 19 00       	mov al, 0
0209+  0532 F7          	stosb					; terminate token string
0210+  0533 19 0A       	mov al, TOK_COLON
0211+  0535 3D 37 06    	mov [tok], al			
0212+  0538 19 02       	mov al, TOKTYP_DELIMITER
0213+  053A 3D 36 06    	mov [toktyp], al
0214+  053D 4E          	mov a, si
0215+  053E 42 34 06    	mov [prog], a		; update pointer
0216+  0541 0A C2 05    	jmp get_token_return
0217+  0544             get_token_angle:
0218+  0544 B9 3E       	cmp al, $3E				; check if '>'
0219+  0546 C7 5E 05    	jne get_token_tilde
0220+  0549 F7          	stosb					; store '>' into token string
0221+  054A 19 00       	mov al, 0
0222+  054C F7          	stosb					; terminate token string
0223+  054D 19 07       	mov al, TOK_ANGLE
0224+  054F 3D 37 06    	mov [tok], al			
0225+  0552 19 02       	mov al, TOKTYP_DELIMITER
0226+  0554 3D 36 06    	mov [toktyp], al
0227+  0557 4E          	mov a, si
0228+  0558 42 34 06    	mov [prog], a		; update pointer
0229+  055B 0A C2 05    	jmp get_token_return
0230+  055E             get_token_tilde:
0231+  055E B9 7E       	cmp al, '~'				; check if '~'
0232+  0560 C7 78 05    	jne get_token_equal
0233+  0563 F7          	stosb					; store '~' into token string
0234+  0564 19 00       	mov al, 0
0235+  0566 F7          	stosb					; terminate token string
0236+  0567 19 08       	mov al, TOK_TILDE
0237+  0569 3D 37 06    	mov [tok], al			
0238+  056C 19 02       	mov al, TOKTYP_DELIMITER
0239+  056E 3D 36 06    	mov [toktyp], al
0240+  0571 4E          	mov a, si
0241+  0572 42 34 06    	mov [prog], a		; update pointer
0242+  0575 0A C2 05    	jmp get_token_return
0243+  0578             get_token_equal:
0244+  0578 B9 3D       	cmp al, '='				; check if '='
0245+  057A C7 92 05    	jne get_token_skip
0246+  057D F7          	stosb					; store '=' into token string
0247+  057E 19 00       	mov al, 0
0248+  0580 F7          	stosb					; terminate token string
0249+  0581 19 09       	mov al, TOK_EQUAL
0250+  0583 3D 37 06    	mov [tok], al			
0251+  0586 19 02       	mov al, TOKTYP_DELIMITER
0252+  0588 3D 36 06    	mov [toktyp], al
0253+  058B 4E          	mov a, si
0254+  058C 42 34 06    	mov [prog], a		; update pointer
0255+  058F 0A C2 05    	jmp get_token_return
0256+  0592             get_token_skip:
0257+  0592 4E          	mov a, si
0258+  0593 42 34 06    	mov [prog], a		; update pointer
0259+  0596 0A C2 05    	jmp get_token_return
0260+  0599             get_token_end:				; end of file token
0261+  0599 19 14       	mov al, TOK_END
0262+  059B 3D 37 06    	mov [tok], al
0263+  059E 19 06       	mov al, TOKTYP_END
0264+  05A0 3D 36 06    	mov [toktyp], al
0265+  05A3 0A C2 05    	jmp get_token_return
0266+  05A6             is_alphanumeric:
0267+  05A6 F7          	stosb
0268+  05A7 F6          	lodsb
0269+  05A8 07 AF 0A    	call isalnum			;check if is alphanumeric
0270+  05AB C6 A6 05    	jz is_alphanumeric
0271+  05AE B9 2E       	cmp al, $2E				; check if is '.'
0272+  05B0 C6 A6 05    	je is_alphanumeric
0273+  05B3 19 00       	mov al, 0
0274+  05B5 F7          	stosb
0275+  05B6 19 00       	mov al, TOKTYP_IDENTIFIER
0276+  05B8 3D 36 06    	mov [toktyp], al
0277+  05BB D5 01 00    	sub si, 1
0278+  05BE 4E          	mov a, si
0279+  05BF 42 34 06    	mov [prog], a		; update pointer
0280+  05C2             get_token_return:
0281+  05C2 F0          	pop di
0282+  05C3 EF          	pop si
0283+  05C4 E7          	pop d
0284+  05C5 E4          	pop a
0285+  05C6 09          	ret
0286+  05C7             get_tok_comment:
0287+  05C7 F6          	lodsb
0288+  05C8 B9 0A       	cmp al, $0A			; new line
0289+  05CA C7 C7 05    	jne get_tok_comment
0290+  05CD 0A AB 04    	jmp get_tok_skip_spaces
0291+  05D0             
0292+  05D0             
0293+  05D0             get_number:
0294+  05D0 D7          	push a
0295+  05D1 DA          	push d
0296+  05D2 E2          	push si
0297+  05D3 E3          	push di
0298+  05D4 19 00       	mov al, 0
0299+  05D6 3D 38 06    	mov [tokstr], al			; nullify tokstr string
0300+  05D9 19 00       	mov al, TOK_NULL
0301+  05DB 3D 37 06    	mov [tok], al				; nullify token
0302+  05DE 14 34 06    	mov a, [prog]
0303+  05E1 4D          	mov si, a
0304+  05E2 FD 4F 38 06 	mov di, tokstr
0305+  05E6             get_number_skip_spaces:
0306+  05E6 F6          	lodsb
0307+  05E7 07 25 0B    	call isspace
0308+  05EA C6 E6 05    	je get_number_skip_spaces
0309+  05ED B9 00       	cmp al, 0			; check for end of input (NULL)
0310+  05EF C7 FF 05    	jne get_number_L0
0311+  05F2 19 14       	mov al, TOK_END
0312+  05F4 3D 37 06    	mov [tok], al
0313+  05F7 19 06       	mov al, TOKTYP_END
0314+  05F9 3D 36 06    	mov [toktyp], al
0315+  05FC 0A 16 06    	jmp get_number_return
0316+  05FF             get_number_L0:
0317+  05FF F7          	stosb
0318+  0600 F6          	lodsb
0319+  0601 07 B9 0A    	call isdigit			;check if is numeric
0320+  0604 C6 FF 05    	jz get_number_L0
0321+  0607 19 00       	mov al, 0
0322+  0609 F7          	stosb
0323+  060A 19 05       	mov al, TOKTYP_NUMERIC
0324+  060C 3D 36 06    	mov [toktyp], al
0325+  060F D5 01 00    	sub si, 1
0326+  0612 4E          	mov a, si
0327+  0613 42 34 06    	mov [prog], a		; update pointer
0328+  0616             get_number_return:
0329+  0616 F0          	pop di
0330+  0617 EF          	pop si
0331+  0618 E7          	pop d
0332+  0619 E4          	pop a
0333+  061A 09          	ret
0334+  061B             
0335+  061B             ;;;;;;;;;;;;;;;;;;;;;;;;;;;;;;;;;;;;;;;;;;;;;;;;;;;;;;;;;;;;;;;;;;;;;;;;;;;;;;;;;;
0336+  061B             ;; PUT BACK TOKEN
0337+  061B             ;;;;;;;;;;;;;;;;;;;;;;;;;;;;;;;;;;;;;;;;;;;;;;;;;;;;;;;;;;;;;;;;;;;;;;;;;;;;;;;;;;	
0338+  061B             putback:
0339+  061B D7          	push a
0340+  061C E2          	push si
0341+  061D FD 4D 38 06 	mov si, tokstr	
0342+  0621             putback_loop:
0343+  0621 F6          	lodsb
0344+  0622 B9 00       	cmp al, 0
0345+  0624 C6 31 06    	je putback_end
0346+  0627 14 34 06    	mov a, [prog]
0347+  062A 7D          	dec a
0348+  062B 42 34 06    	mov [prog], a			; update pointer
0349+  062E 0A 21 06    	jmp putback_loop
0350+  0631             putback_end:
0351+  0631 EF          	pop si
0352+  0632 E4          	pop a
0353+  0633 09          	ret
0354+  0634             
0355+  0634             
0356+  0634             
0357+  0634             
0358+  0634 00 00       prog:		.dw 0			; pointer to current position in buffer
0359+  0636             
0360+  0636 00          toktyp: 	.db 0			; token type symbol
0361+  0637 00          tok:		.db 0			; current token symbol
0362+  0638 00 00 00 00 tokstr:		.fill 256, 0	; token as a string
0362+  063C 00 00 00 00 
0362+  0640 00 00 00 00 
0362+  0644 00 00 00 00 
0362+  0648 00 00 00 00 
0362+  064C 00 00 00 00 
0362+  0650 00 00 00 00 
0362+  0654 00 00 00 00 
0362+  0658 00 00 00 00 
0362+  065C 00 00 00 00 
0362+  0660 00 00 00 00 
0362+  0664 00 00 00 00 
0362+  0668 00 00 00 00 
0362+  066C 00 00 00 00 
0362+  0670 00 00 00 00 
0362+  0674 00 00 00 00 
0362+  0678 00 00 00 00 
0362+  067C 00 00 00 00 
0362+  0680 00 00 00 00 
0362+  0684 00 00 00 00 
0362+  0688 00 00 00 00 
0362+  068C 00 00 00 00 
0362+  0690 00 00 00 00 
0362+  0694 00 00 00 00 
0362+  0698 00 00 00 00 
0362+  069C 00 00 00 00 
0362+  06A0 00 00 00 00 
0362+  06A4 00 00 00 00 
0362+  06A8 00 00 00 00 
0362+  06AC 00 00 00 00 
0362+  06B0 00 00 00 00 
0362+  06B4 00 00 00 00 
0362+  06B8 00 00 00 00 
0362+  06BC 00 00 00 00 
0362+  06C0 00 00 00 00 
0362+  06C4 00 00 00 00 
0362+  06C8 00 00 00 00 
0362+  06CC 00 00 00 00 
0362+  06D0 00 00 00 00 
0362+  06D4 00 00 00 00 
0362+  06D8 00 00 00 00 
0362+  06DC 00 00 00 00 
0362+  06E0 00 00 00 00 
0362+  06E4 00 00 00 00 
0362+  06E8 00 00 00 00 
0362+  06EC 00 00 00 00 
0362+  06F0 00 00 00 00 
0362+  06F4 00 00 00 00 
0362+  06F8 00 00 00 00 
0362+  06FC 00 00 00 00 
0362+  0700 00 00 00 00 
0362+  0704 00 00 00 00 
0362+  0708 00 00 00 00 
0362+  070C 00 00 00 00 
0362+  0710 00 00 00 00 
0362+  0714 00 00 00 00 
0362+  0718 00 00 00 00 
0362+  071C 00 00 00 00 
0362+  0720 00 00 00 00 
0362+  0724 00 00 00 00 
0362+  0728 00 00 00 00 
0362+  072C 00 00 00 00 
0362+  0730 00 00 00 00 
0362+  0734 00 00 00 00 
0016   0738             .include "stdio.asm"
0001+  0738             ;;;;;;;;;;;;;;;;;;;;;;;;;;;;;;;;;;;;;;;;;;;;;;;;;;;;;;;;;;;;;;;;;;;;;;;;;;;;;;;;;;;;;;;;;;;;;;;;;;;;;;;;;;;;;;;;;;
0002+  0738             ; stdio.s
0003+  0738             ;;;;;;;;;;;;;;;;;;;;;;;;;;;;;;;;;;;;;;;;;;;;;;;;;;;;;;;;;;;;;;;;;;;;;;;;;;;;;;;;;;;;;;;;;;;;;;;;;;;;;;;;;;;;;;;;;;
0004+  0738             .include "string.asm"
0001++ 0738             ;;;;;;;;;;;;;;;;;;;;;;;;;;;;;;;;;;;;;;;;;;;;;;;;;;;;;;;;;;;;;;;;;;;;;;;;;;;;;;;;;;;;;;;;;;;;;;;;;;;;;;;;;;;;;;;;;;
0002++ 0738             ; string.s
0003++ 0738             ;;;;;;;;;;;;;;;;;;;;;;;;;;;;;;;;;;;;;;;;;;;;;;;;;;;;;;;;;;;;;;;;;;;;;;;;;;;;;;;;;;;;;;;;;;;;;;;;;;;;;;;;;;;;;;;;;;
0004++ 0738             
0005++ 0738             
0006++ 0738             ;;;;;;;;;;;;;;;;;;;;;;;;;;;;;;;;;;;;;;;;;;;;;;;;;;;;;;;;;;;;;;;;;;;;;;;;;;;;;;;;;;;;;;;;;;;;;;;;;;;;;;;;;;;;;;;;;;
0007++ 0738             ; strrev
0008++ 0738             ; reverse a string
0009++ 0738             ; D = string address
0010++ 0738             ;;;;;;;;;;;;;;;;;;;;;;;;;;;;;;;;;;;;;;;;;;;;;;;;;;;;;;;;;;;;;;;;;;;;;;;;;;;;;;;;;;;;;;;;;;;;;;;;;;;;;;;;;;;;;;;;;;
0011++ 0738             ; 01234
0012++ 0738             strrev:
0013++ 0738 4B          	pusha
0014++ 0739 07 7F 07    	call strlen	; length in C
0015++ 073C 12          	mov a, c
0016++ 073D AF 01 00    	cmp a, 1
0017++ 0740 D0 5A 07    	jleu strrev_end	; check string length. string len must be > 1
0018++ 0743 7D          	dec a
0019++ 0744 FD 4E       	mov si, d	; beginning of string
0020++ 0746 FD 50       	mov di, d	; beginning of string (for destinations)
0021++ 0748 59          	add d, a	; end of string
0022++ 0749 12          	mov a, c
0023++ 074A FD 9B       	shr a		; divide by 2
0024++ 074C 39          	mov c, a	; C now counts the steps
0025++ 074D             strrev_L0:
0026++ 074D 32          	mov bl, [d]	; save load right-side char into BL
0027++ 074E F6          	lodsb		; load left-side char into AL; increase SI
0028++ 074F 3E          	mov [d], al	; store left char into right side
0029++ 0750 1B          	mov al, bl
0030++ 0751 F7          	stosb		; store right-side char into left-side; increase DI
0031++ 0752 7E          	dec c
0032++ 0753 7F          	dec d
0033++ 0754 C2 00 00    	cmp c, 0
0034++ 0757 C7 4D 07    	jne strrev_L0
0035++ 075A             strrev_end:
0036++ 075A 4C          	popa
0037++ 075B 09          	ret
0038++ 075C             	
0039++ 075C             ;;;;;;;;;;;;;;;;;;;;;;;;;;;;;;;;;;;;;;;;;;;;;;;;;;;;;;;;;;;;;;;;;;;;;;;;;;;;;;;;;;;;;;;;;;;;;;;;;;;;;;;;;;;;;;;;;;
0040++ 075C             ; strchr
0041++ 075C             ; search string in D for char in AL
0042++ 075C             ;;;;;;;;;;;;;;;;;;;;;;;;;;;;;;;;;;;;;;;;;;;;;;;;;;;;;;;;;;;;;;;;;;;;;;;;;;;;;;;;;;;;;;;;;;;;;;;;;;;;;;;;;;;;;;;;;;
0043++ 075C             strchr:
0044++ 075C             strchr_L0:
0045++ 075C 32          	mov bl, [d]
0046++ 075D C1 00       	cmp bl, 0
0047++ 075F C6 6A 07    	je strchr_end
0048++ 0762 BA          	cmp al, bl
0049++ 0763 C6 6A 07    	je strchr_end
0050++ 0766 79          	inc d
0051++ 0767 0A 5C 07    	jmp strchr_L0
0052++ 076A             strchr_end:
0053++ 076A 1B          	mov al, bl
0054++ 076B 09          	ret
0055++ 076C             
0056++ 076C             ;;;;;;;;;;;;;;;;;;;;;;;;;;;;;;;;;;;;;;;;;;;;;;;;;;;;;;;;;;;;;;;;;;;;;;;;;;;;;;;;;;;;;;;;;;;;;;;;;;;;;;;;;;;;;;;;;;
0057++ 076C             ; strstr
0058++ 076C             ; find sub-string
0059++ 076C             ; str1 in SI
0060++ 076C             ; str2 in DI
0061++ 076C             ; SI points to end of source string
0062++ 076C             ;;;;;;;;;;;;;;;;;;;;;;;;;;;;;;;;;;;;;;;;;;;;;;;;;;;;;;;;;;;;;;;;;;;;;;;;;;;;;;;;;;;;;;;;;;;;;;;;;;;;;;;;;;;;;;;;;;
0063++ 076C             strstr:
0064++ 076C DB          	push al
0065++ 076D DA          	push d
0066++ 076E E3          	push di
0067++ 076F             strstr_loop:
0068++ 076F F3          	cmpsb					; compare a byte of the strings
0069++ 0770 C7 7B 07    	jne strstr_ret
0070++ 0773 FC 00 00    	lea d, [di + 0]
0071++ 0776 BD 00       	cmp byte[d], 0				; check if at end of string (null)
0072++ 0778 C7 6F 07    	jne strstr_loop				; equal chars but not at end
0073++ 077B             strstr_ret:
0074++ 077B F0          	pop di
0075++ 077C E7          	pop d
0076++ 077D E8          	pop al
0077++ 077E 09          	ret
0078++ 077F             ;;;;;;;;;;;;;;;;;;;;;;;;;;;;;;;;;;;;;;;;;;;;;;;;;;;;;;;;;;;;;;;;;;;;;;;;;;;;;;;;;;;;;;;
0079++ 077F             ; length of null terminated string
0080++ 077F             ; result in C
0081++ 077F             ; pointer in D
0082++ 077F             ;;;;;;;;;;;;;;;;;;;;;;;;;;;;;;;;;;;;;;;;;;;;;;;;;;;;;;;;;;;;;;;;;;;;;;;;;;;;;;;;;;;;;;;
0083++ 077F             strlen:
0084++ 077F DA          	push d
0085++ 0780 38 00 00    	mov c, 0
0086++ 0783             strlen_L1:
0087++ 0783 BD 00       	cmp byte [d], 0
0088++ 0785 C6 8D 07    	je strlen_ret
0089++ 0788 79          	inc d
0090++ 0789 78          	inc c
0091++ 078A 0A 83 07    	jmp strlen_L1
0092++ 078D             strlen_ret:
0093++ 078D E7          	pop d
0094++ 078E 09          	ret
0095++ 078F             
0096++ 078F             ;;;;;;;;;;;;;;;;;;;;;;;;;;;;;;;;;;;;;;;;;;;;;;;;;;;;;;;;;;;;;;;;;;;;;;;;;;;;;;;;;;;;;;;;;;;;;;;;;;;;;;;;;;;;;;;;;;
0097++ 078F             ; STRCMP
0098++ 078F             ; compare two strings
0099++ 078F             ; str1 in SI
0100++ 078F             ; str2 in DI
0101++ 078F             ; CREATE A STRING COMPAIRON INSTRUCION ?????
0102++ 078F             ;;;;;;;;;;;;;;;;;;;;;;;;;;;;;;;;;;;;;;;;;;;;;;;;;;;;;;;;;;;;;;;;;;;;;;;;;;;;;;;;;;;;;;;;;;;;;;;;;;;;;;;;;;;;;;;;;;
0103++ 078F             strcmp:
0104++ 078F DB          	push al
0105++ 0790 DA          	push d
0106++ 0791 E3          	push di
0107++ 0792 E2          	push si
0108++ 0793             strcmp_loop:
0109++ 0793 F3          	cmpsb					; compare a byte of the strings
0110++ 0794 C7 9F 07    	jne strcmp_ret
0111++ 0797 FB FF FF    	lea d, [si +- 1]
0112++ 079A BD 00       	cmp byte[d], 0				; check if at end of string (null)
0113++ 079C C7 93 07    	jne strcmp_loop				; equal chars but not at end
0114++ 079F             strcmp_ret:
0115++ 079F EF          	pop si
0116++ 07A0 F0          	pop di
0117++ 07A1 E7          	pop d
0118++ 07A2 E8          	pop al
0119++ 07A3 09          	ret
0120++ 07A4             
0121++ 07A4             
0122++ 07A4             ; STRCPY
0123++ 07A4             ; copy null terminated string from SI to DI
0124++ 07A4             ; source in SI
0125++ 07A4             ; destination in DI
0126++ 07A4             strcpy:
0127++ 07A4 E2          	push si
0128++ 07A5 E3          	push di
0129++ 07A6 DB          	push al
0130++ 07A7             strcpy_L1:
0131++ 07A7 F6          	lodsb
0132++ 07A8 F7          	stosb
0133++ 07A9 B9 00       	cmp al, 0
0134++ 07AB C7 A7 07    	jne strcpy_L1
0135++ 07AE             strcpy_end:
0136++ 07AE E8          	pop al
0137++ 07AF F0          	pop di
0138++ 07B0 EF          	pop si
0139++ 07B1 09          	ret
0140++ 07B2             
0141++ 07B2             ; STRCAT
0142++ 07B2             ; concatenate a NULL terminated string into string at DI, from string at SI
0143++ 07B2             ; source in SI
0144++ 07B2             ; destination in DI
0145++ 07B2             strcat:
0146++ 07B2 E2          	push si
0147++ 07B3 E3          	push di
0148++ 07B4 D7          	push a
0149++ 07B5 DA          	push d
0150++ 07B6 50          	mov a, di
0151++ 07B7 3C          	mov d, a
0152++ 07B8             strcat_goto_end_L1:
0153++ 07B8 BD 00       	cmp byte[d], 0
0154++ 07BA C6 C1 07    	je strcat_start
0155++ 07BD 79          	inc d
0156++ 07BE 0A B8 07    	jmp strcat_goto_end_L1
0157++ 07C1             strcat_start:
0158++ 07C1 FD 50       	mov di, d
0159++ 07C3             strcat_L1:
0160++ 07C3 F6          	lodsb
0161++ 07C4 F7          	stosb
0162++ 07C5 B9 00       	cmp al, 0
0163++ 07C7 C7 C3 07    	jne strcat_L1
0164++ 07CA             strcat_end:
0165++ 07CA E7          	pop d
0166++ 07CB E4          	pop a
0167++ 07CC F0          	pop di
0168++ 07CD EF          	pop si
0169++ 07CE 09          	ret
0005+  07CF             
0006+  07CF 30 31 32 33 s_hex_digits:	.db "0123456789ABCDEF"	
0006+  07D3 34 35 36 37 
0006+  07D7 38 39 41 42 
0006+  07DB 43 44 45 46 
0007+  07DF             
0008+  07DF 01 00       table_power:.dw 1
0009+  07E1 0A 00       			.dw 10
0010+  07E3 64 00       			.dw 100
0011+  07E5 E8 03       			.dw 1000
0012+  07E7 10 27       			.dw 10000
0013+  07E9             
0014+  07E9             ;;;;;;;;;;;;;;;;;;;;;;;;;;;;;;;;;;;;;;;;;;;;;;;;;;;;;;;;;;;;;;;;;;;;;;;;;;;;;;;;;;;;;;;;;;;;;;;;;;;;;;;;;;;;;;;;;;
0015+  07E9             ; CONVERT ASCII 'O'..'F' TO INTEGER 0..15
0016+  07E9             ; ASCII in BL
0017+  07E9             ; result in AL
0018+  07E9             ; ascii for F = 0100 0110
0019+  07E9             ; ascii for 9 = 0011 1001
0020+  07E9             ;;;;;;;;;;;;;;;;;;;;;;;;;;;;;;;;;;;;;;;;;;;;;;;;;;;;;;;;;;;;;;;;;;;;;;;;;;;;;;;;;;;;;;;;;;;;;;;;;;;;;;;;;;;;;;;;;;
0021+  07E9             hex_ascii_encode:
0022+  07E9 1B          	mov al, bl
0023+  07EA 93 40       	test al, $40				; test if letter or number
0024+  07EC C7 F2 07    	jnz hex_letter
0025+  07EF 87 0F       	and al, $0F				; get number
0026+  07F1 09          	ret
0027+  07F2             hex_letter:
0028+  07F2 87 0F       	and al, $0F				; get letter
0029+  07F4 6A 09       	add al, 9
0030+  07F6 09          	ret
0031+  07F7             
0032+  07F7             ;;;;;;;;;;;;;;;;;;;;;;;;;;;;;;;;;;;;;;;;;;;;;;;;;;;;;;;;;;;;;;;;;;;;;;;;;;;;;;;;;;;;;;;;;;;;;;;;;;;;;;;;;;;;;;;;;;
0033+  07F7             ; ATOI
0034+  07F7             ; 2 letter hex string in B
0035+  07F7             ; 8bit integer returned in AL
0036+  07F7             ;;;;;;;;;;;;;;;;;;;;;;;;;;;;;;;;;;;;;;;;;;;;;;;;;;;;;;;;;;;;;;;;;;;;;;;;;;;;;;;;;;;;;;;;;;;;;;;;;;;;;;;;;;;;;;;;;;
0037+  07F7             atoi:
0038+  07F7 D8          	push b
0039+  07F8 07 E9 07    	call hex_ascii_encode			; convert BL to 4bit code in AL
0040+  07FB 30          	mov bl, bh
0041+  07FC DB          	push al					; save a
0042+  07FD 07 E9 07    	call hex_ascii_encode
0043+  0800 EA          	pop bl	
0044+  0801 FD 9E 04    	shl al, 4
0045+  0804 8C          	or al, bl
0046+  0805 E5          	pop b
0047+  0806 09          	ret	
0048+  0807             
0049+  0807             
0050+  0807             ;;;;;;;;;;;;;;;;;;;;;;;;;;;;;;;;;;;;;;;;;;;;;;;;;;;;;;;;;;;;;;;;;;;;;;;;;;;;;;;;;;;;;;;;;;;;;;;;;;;;;;;;;;;;;;;;;;
0051+  0807             ; printf
0052+  0807             ; no need for explanations!
0053+  0807             ;;;;;;;;;;;;;;;;;;;;;;;;;;;;;;;;;;;;;;;;;;;;;;;;;;;;;;;;;;;;;;;;;;;;;;;;;;;;;;;;;;;;;;;;;;;;;;;;;;;;;;;;;;;;;;;;;;
0054+  0807             printf:
0055+  0807 09          	ret
0056+  0808             
0057+  0808             
0058+  0808             ;;;;;;;;;;;;;;;;;;;;;;;;;;;;;;;;;;;;;;;;;;;;;;;;;;;;;;;;;;;;;;;;;;;;;;;;;;;;;;;;;;;;;;;;;;;;;;;;;;;;;;;;;;;;;;;;;;
0059+  0808             ; scanf
0060+  0808             ; no need for explanations!
0061+  0808             ;;;;;;;;;;;;;;;;;;;;;;;;;;;;;;;;;;;;;;;;;;;;;;;;;;;;;;;;;;;;;;;;;;;;;;;;;;;;;;;;;;;;;;;;;;;;;;;;;;;;;;;;;;;;;;;;;;
0062+  0808             scanf:
0063+  0808 09          	ret
0064+  0809             
0065+  0809             ;;;;;;;;;;;;;;;;;;;;;;;;;;;;;;;;;;;;;;;;;;;;;;;;;;;;;;;;;;;;;;;;;;;;;;;;;;;;;;;;;;;;;;;;;;;;;;;;;;;;;;;;;;;;;;;;;;
0066+  0809             ; ITOA
0067+  0809             ; 8bit value in BL
0068+  0809             ; 2 byte ASCII result in A
0069+  0809             ;;;;;;;;;;;;;;;;;;;;;;;;;;;;;;;;;;;;;;;;;;;;;;;;;;;;;;;;;;;;;;;;;;;;;;;;;;;;;;;;;;;;;;;;;;;;;;;;;;;;;;;;;;;;;;;;;;
0070+  0809             itoa:
0071+  0809 DA          	push d
0072+  080A D8          	push b
0073+  080B A7 00       	mov bh, 0
0074+  080D FD A4 04    	shr bl, 4	
0075+  0810 74          	mov d, b
0076+  0811 1F CF 07    	mov al, [d + s_hex_digits]
0077+  0814 23          	mov ah, al
0078+  0815             	
0079+  0815 E5          	pop b
0080+  0816 D8          	push b
0081+  0817 A7 00       	mov bh, 0
0082+  0819 FD 87 0F    	and bl, $0F
0083+  081C 74          	mov d, b
0084+  081D 1F CF 07    	mov al, [d + s_hex_digits]
0085+  0820 E5          	pop b
0086+  0821 E7          	pop d
0087+  0822 09          	ret
0088+  0823             
0089+  0823             ;;;;;;;;;;;;;;;;;;;;;;;;;;;;;;;;;;;;;;;;;;;;;;;;;;;;;;;;;;;;;;;;;;;;;;;;;;;;;;;;;;;;;;;;;;;;;;;;;;;;;;;;;;;;;;;;;;
0090+  0823             ; HEX STRING TO BINARY
0091+  0823             ; di = destination address
0092+  0823             ; si = source
0093+  0823             ;;;;;;;;;;;;;;;;;;;;;;;;;;;;;;;;;;;;;;;;;;;;;;;;;;;;;;;;;;;;;;;;;;;;;;;;;;;;;;;;;;;;;;;;;;;;;;;;;;;;;;;;;;;;;;;;;;
0094+  0823             hex_to_int:
0095+  0823             hex_to_int_L1:
0096+  0823 F6          	lodsb					; load from [SI] to AL
0097+  0824 B9 00       	cmp al, 0				; check if ASCII 0
0098+  0826 C6 33 08    	jz hex_to_int_ret
0099+  0829 36          	mov bh, al
0100+  082A F6          	lodsb
0101+  082B 2F          	mov bl, al
0102+  082C 07 F7 07    	call atoi				; convert ASCII byte in B to int (to AL)
0103+  082F F7          	stosb					; store AL to [DI]
0104+  0830 0A 23 08    	jmp hex_to_int_L1
0105+  0833             hex_to_int_ret:
0106+  0833 09          	ret		
0107+  0834             
0108+  0834             
0109+  0834             
0110+  0834             ;;;;;;;;;;;;;;;;;;;;;;;;;;;;;;;;;;;;;;;;;;;;;;;;;;;;;;;;;;;;;;;;;;;;;;;;;;;;;;;;;;;;;;;;;;;;;;;;;;;;;;;;;;;;;;;;;;
0111+  0834             ; GETCHAR
0112+  0834             ; char in ah
0113+  0834             ;;;;;;;;;;;;;;;;;;;;;;;;;;;;;;;;;;;;;;;;;;;;;;;;;;;;;;;;;;;;;;;;;;;;;;;;;;;;;;;;;;;;;;;;;;;;;;;;;;;;;;;;;;;;;;;;;;
0114+  0834             getchar:
0115+  0834 DB          	push al
0116+  0835             getchar_retry:
0117+  0835 FD 0C       	sti
0118+  0837 19 01       	mov al, 1
0119+  0839 05 03       	syscall sys_io			; receive in AH
0120+  083B B9 00       	cmp al, 0			; check if any char was receive
0121+  083D C6 35 08    	je getchar_retry
0122+  0840 E8          	pop al
0123+  0841 09          	ret
0124+  0842             
0125+  0842             ;;;;;;;;;;;;;;;;;;;;;;;;;;;;;;;;;;;;;;;;;;;;;;;;;;;;;;;;;;;;;;;;;;;;;;;;;;;;;;;;;;;;;;;;;;;;;;;;;;;;;;;;;;;;;;;;;;
0126+  0842             ; PUTCHAR
0127+  0842             ; char in ah
0128+  0842             ;;;;;;;;;;;;;;;;;;;;;;;;;;;;;;;;;;;;;;;;;;;;;;;;;;;;;;;;;;;;;;;;;;;;;;;;;;;;;;;;;;;;;;;;;;;;;;;;;;;;;;;;;;;;;;;;;;
0129+  0842             putchar:
0130+  0842 D7          	push a
0131+  0843 19 00       	mov al, 0
0132+  0845 05 03       	syscall sys_io			; char in AH
0133+  0847 E4          	pop a
0134+  0848 09          	ret
0135+  0849             
0136+  0849             ;;;;;;;;;;;;;;;;;;;;;;;;;;;;;;;;;;;;;;;;;;;;;;;;;;;;;;;;;;;;;;;;;;;;;;;;;;;;;;;;;;;;;;;;;;;;;;;;;;;;;;;;;;;;;;;;;;
0137+  0849             ;; INPUT A STRING
0138+  0849             ;; terminates with null
0139+  0849             ;; pointer in D
0140+  0849             ;;;;;;;;;;;;;;;;;;;;;;;;;;;;;;;;;;;;;;;;;;;;;;;;;;;;;;;;;;;;;;;;;;;;;;;;;;;;;;;;;;;;;;;;;;;;;;;;;;;;;;;;;;;;;;;;;;
0141+  0849             gets:
0142+  0849 D7          	push a
0143+  084A DA          	push d
0144+  084B             gets_loop:
0145+  084B FD 0C       	sti
0146+  084D 19 01       	mov al, 1
0147+  084F 05 03       	syscall sys_io			; receive in AH
0148+  0851 B9 00       	cmp al, 0				; check error code (AL)
0149+  0853 C6 4B 08    	je gets_loop			; if no char received, retry
0150+  0856             
0151+  0856 76 1B       	cmp ah, 27
0152+  0858 C6 74 08    	je gets_telnet_escape
0153+  085B 76 0A       	cmp ah, $0A				; LF
0154+  085D C6 CD 08    	je gets_end
0155+  0860 76 5C       	cmp ah, $5C				; '\\'
0156+  0862 C6 A4 08    	je gets_escape
0157+  0865             	
0158+  0865 76 08       	cmp ah, $08			; check for backspace
0159+  0867 C6 70 08    	je gets_backspace
0160+  086A             
0161+  086A 1A          	mov al, ah
0162+  086B 3E          	mov [d], al
0163+  086C 79          	inc d
0164+  086D 0A 4B 08    	jmp gets_loop
0165+  0870             gets_backspace:
0166+  0870 7F          	dec d
0167+  0871 0A 4B 08    	jmp gets_loop
0168+  0874             gets_telnet_escape:
0169+  0874 FD 0C       	sti
0170+  0876 19 01       	mov al, 1
0171+  0878 05 03       	syscall sys_io				; receive in AH without echo
0172+  087A B9 00       	cmp al, 0					; check error code (AL)
0173+  087C C6 74 08    	je gets_telnet_escape		; if no char received, retry
0174+  087F 76 5B       	cmp ah, '['
0175+  0881 C7 4B 08    	jne gets_loop
0176+  0884             gets_telnet_escape_phase2:
0177+  0884 FD 0C       	sti
0178+  0886 19 01       	mov al, 1
0179+  0888 05 03       	syscall sys_io					; receive in AH without echo
0180+  088A B9 00       	cmp al, 0						; check error code (AL)
0181+  088C C6 84 08    	je gets_telnet_escape_phase2	; if no char received, retry
0182+  088F 76 44       	cmp ah, 'D'
0183+  0891 C6 9C 08    	je gets_left_arrow
0184+  0894 76 43       	cmp ah, 'C'
0185+  0896 C6 A0 08    	je gets_right_arrow
0186+  0899 0A 4B 08    	jmp gets_loop
0187+  089C             gets_left_arrow:
0188+  089C 7F          	dec d
0189+  089D 0A 4B 08    	jmp gets_loop
0190+  08A0             gets_right_arrow:
0191+  08A0 79          	inc d
0192+  08A1 0A 4B 08    	jmp gets_loop
0193+  08A4             gets_escape:
0194+  08A4 FD 0C       	sti
0195+  08A6 19 01       	mov al, 1
0196+  08A8 05 03       	syscall sys_io			; receive in AH
0197+  08AA B9 00       	cmp al, 0				; check error code (AL)
0198+  08AC C6 A4 08    	je gets_escape			; if no char received, retry
0199+  08AF 76 6E       	cmp ah, 'n'
0200+  08B1 C6 BF 08    	je gets_LF
0201+  08B4 76 72       	cmp ah, 'r'
0202+  08B6 C6 C6 08    	je gets_CR
0203+  08B9 1A          	mov al, ah				; if not a known escape, it is just a normal letter
0204+  08BA 3E          	mov [d], al
0205+  08BB 79          	inc d
0206+  08BC 0A 4B 08    	jmp gets_loop
0207+  08BF             gets_LF:
0208+  08BF 19 0A       	mov al, $0A
0209+  08C1 3E          	mov [d], al
0210+  08C2 79          	inc d
0211+  08C3 0A 4B 08    	jmp gets_loop
0212+  08C6             gets_CR:
0213+  08C6 19 0D       	mov al, $0D
0214+  08C8 3E          	mov [d], al
0215+  08C9 79          	inc d
0216+  08CA 0A 4B 08    	jmp gets_loop
0217+  08CD             gets_end:
0218+  08CD 19 00       	mov al, 0
0219+  08CF 3E          	mov [d], al				; terminate string
0220+  08D0 E7          	pop d
0221+  08D1 E4          	pop a
0222+  08D2 09          	ret
0223+  08D3             
0224+  08D3             
0225+  08D3             
0226+  08D3             
0227+  08D3             ;;;;;;;;;;;;;;;;;;;;;;;;;;;;;;;;;;;;;;;;;;;;;;;;;;;;;;;;;;;;;;;;;;;;;;;;;;;;;;;;;;;;;;;;;;;;;;;;;;;;;;;;;;;;;;;;;;
0228+  08D3             ;; INPUT TEXT
0229+  08D3             ;; terminated with CTRL+D
0230+  08D3             ;; pointer in D
0231+  08D3             ;;;;;;;;;;;;;;;;;;;;;;;;;;;;;;;;;;;;;;;;;;;;;;;;;;;;;;;;;;;;;;;;;;;;;;;;;;;;;;;;;;;;;;;;;;;;;;;;;;;;;;;;;;;;;;;;;;
0232+  08D3             gettxt:
0233+  08D3 D7          	push a
0234+  08D4 DA          	push d
0235+  08D5             gettxt_loop:
0236+  08D5 19 01       	mov al, 1
0237+  08D7 05 03       	syscall sys_io			; receive in AH
0238+  08D9 B9 00       	cmp al, 0				; check error code (AL)
0239+  08DB C6 D5 08    	je gettxt_loop		; if no char received, retry
0240+  08DE 76 04       	cmp ah, 4			; EOT
0241+  08E0 C6 1E 09    	je gettxt_end
0242+  08E3 76 08       	cmp ah, $08			; check for backspace
0243+  08E5 C6 1A 09    	je gettxt_backspace
0244+  08E8 76 5C       	cmp ah, $5C				; '\\'
0245+  08EA C6 F3 08    	je gettxt_escape
0246+  08ED 1A          	mov al, ah
0247+  08EE 3E          	mov [d], al
0248+  08EF 79          	inc d
0249+  08F0 0A D5 08    	jmp gettxt_loop
0250+  08F3             gettxt_escape:
0251+  08F3 19 01       	mov al, 1
0252+  08F5 05 03       	syscall sys_io			; receive in AH
0253+  08F7 B9 00       	cmp al, 0				; check error code (AL)
0254+  08F9 C6 F3 08    	je gettxt_escape		; if no char received, retry
0255+  08FC 76 6E       	cmp ah, 'n'
0256+  08FE C6 0C 09    	je gettxt_LF
0257+  0901 76 72       	cmp ah, 'r'
0258+  0903 C6 13 09    	je gettxt_CR
0259+  0906 1A          	mov al, ah				; if not a known escape, it is just a normal letter
0260+  0907 3E          	mov [d], al
0261+  0908 79          	inc d
0262+  0909 0A D5 08    	jmp gettxt_loop
0263+  090C             gettxt_LF:
0264+  090C 19 0A       	mov al, $0A
0265+  090E 3E          	mov [d], al
0266+  090F 79          	inc d
0267+  0910 0A D5 08    	jmp gettxt_loop
0268+  0913             gettxt_CR:
0269+  0913 19 0D       	mov al, $0D
0270+  0915 3E          	mov [d], al
0271+  0916 79          	inc d
0272+  0917 0A D5 08    	jmp gettxt_loop
0273+  091A             gettxt_backspace:
0274+  091A 7F          	dec d
0275+  091B 0A D5 08    	jmp gettxt_loop
0276+  091E             gettxt_end:
0277+  091E 19 00       	mov al, 0
0278+  0920 3E          	mov [d], al				; terminate string
0279+  0921 E7          	pop d
0280+  0922 E4          	pop a
0281+  0923 09          	ret
0282+  0924             
0283+  0924             ;;;;;;;;;;;;;;;;;;;;;;;;;;;;;;;;;;;;;;;;;;;;;;;;;;;;;;;;;;;;;;;;;;;;;;;;;;;;;;;;;;;;;;;;;;;;;;;;;;;;;;;;;;;;;;;;;;
0284+  0924             ; PRINT NEW LINE
0285+  0924             ;;;;;;;;;;;;;;;;;;;;;;;;;;;;;;;;;;;;;;;;;;;;;;;;;;;;;;;;;;;;;;;;;;;;;;;;;;;;;;;;;;;;;;;;;;;;;;;;;;;;;;;;;;;;;;;;;;
0286+  0924             printnl:
0287+  0924 D7          	push a
0288+  0925 10 00 0A    	mov a, $0A00
0289+  0928 05 03       	syscall sys_io
0290+  092A 10 00 0D    	mov a, $0D00
0291+  092D 05 03       	syscall sys_io
0292+  092F E4          	pop a
0293+  0930 09          	ret
0294+  0931             
0295+  0931             ;;;;;;;;;;;;;;;;;;;;;;;;;;;;;;;;;;;;;;;;;;;;;;;;;;;;;;;;;;;;;;;;;;;;;;;;;;;;;;;;;;;;;;;;;;;;;;;;;;;;;;;;;;;;;;;;;;
0296+  0931             ; strtoint
0297+  0931             ; 4 digit hex string number in d
0298+  0931             ; integer returned in A
0299+  0931             ;;;;;;;;;;;;;;;;;;;;;;;;;;;;;;;;;;;;;;;;;;;;;;;;;;;;;;;;;;;;;;;;;;;;;;;;;;;;;;;;;;;;;;;;;;;;;;;;;;;;;;;;;;;;;;;;;;
0300+  0931             strtointx:
0301+  0931 D8          	push b
0302+  0932 32          	mov bl, [d]
0303+  0933 37          	mov bh, bl
0304+  0934 33 01 00    	mov bl, [d + 1]
0305+  0937 07 F7 07    	call atoi				; convert to int in AL
0306+  093A 23          	mov ah, al				; move to AH
0307+  093B 33 02 00    	mov bl, [d + 2]
0308+  093E 37          	mov bh, bl
0309+  093F 33 03 00    	mov bl, [d + 3]
0310+  0942 07 F7 07    	call atoi				; convert to int in AL
0311+  0945 E5          	pop b
0312+  0946 09          	ret
0313+  0947             
0314+  0947             ;;;;;;;;;;;;;;;;;;;;;;;;;;;;;;;;;;;;;;;;;;;;;;;;;;;;;;;;;;;;;;;;;;;;;;;;;;;;;;;;;;;;;;;;;;;;;;;;;;;;;;;;;;;;;;;;;;
0315+  0947             ; strtoint
0316+  0947             ; 5 digit base10 string number in d
0317+  0947             ; integer returned in A
0318+  0947             ;;;;;;;;;;;;;;;;;;;;;;;;;;;;;;;;;;;;;;;;;;;;;;;;;;;;;;;;;;;;;;;;;;;;;;;;;;;;;;;;;;;;;;;;;;;;;;;;;;;;;;;;;;;;;;;;;;
0319+  0947             strtoint:
0320+  0947 E2          	push si
0321+  0948 D8          	push b
0322+  0949 D9          	push c
0323+  094A DA          	push d
0324+  094B 07 7F 07    	call strlen			; get string length in C
0325+  094E 7E          	dec c
0326+  094F FD 4E       	mov si, d
0327+  0951 12          	mov a, c
0328+  0952 FD 99       	shl a
0329+  0954 3B DF 07    	mov d, table_power
0330+  0957 59          	add d, a
0331+  0958 38 00 00    	mov c, 0
0332+  095B             strtoint_L0:
0333+  095B F6          	lodsb			; load ASCII to al
0334+  095C B9 00       	cmp al, 0
0335+  095E C6 71 09    	je strtoint_end
0336+  0961 6F 30       	sub al, $30		; make into integer
0337+  0963 22 00       	mov ah, 0
0338+  0965 2A          	mov b, [d]
0339+  0966 AC          	mul a, b			; result in B since it fits in 16bits
0340+  0967 11          	mov a, b
0341+  0968 28          	mov b, c
0342+  0969 54          	add a, b
0343+  096A 39          	mov c, a
0344+  096B 63 02 00    	sub d, 2
0345+  096E 0A 5B 09    	jmp strtoint_L0
0346+  0971             strtoint_end:
0347+  0971 12          	mov a, c
0348+  0972 E7          	pop d
0349+  0973 E6          	pop c
0350+  0974 E5          	pop b
0351+  0975 EF          	pop si
0352+  0976 09          	ret
0353+  0977             
0354+  0977             
0355+  0977             ;;;;;;;;;;;;;;;;;;;;;;;;;;;;;;;;;;;;;;;;;;;;;;;;;;;;;;;;;;;;;;;;;;;;;;;;;;;;;;;;;;;;;;;;;;;;;;;;;;;;;;;;;;;;;;;;;;
0356+  0977             ; PRINT NULL TERMINATED STRING
0357+  0977             ; pointer in D
0358+  0977             ;;;;;;;;;;;;;;;;;;;;;;;;;;;;;;;;;;;;;;;;;;;;;;;;;;;;;;;;;;;;;;;;;;;;;;;;;;;;;;;;;;;;;;;;;;;;;;;;;;;;;;;;;;;;;;;;;;
0359+  0977             puts:
0360+  0977 D7          	push a
0361+  0978 DA          	push d
0362+  0979             puts_L1:
0363+  0979 1E          	mov al, [d]
0364+  097A B9 00       	cmp al, 0
0365+  097C C6 88 09    	jz puts_END
0366+  097F 23          	mov ah, al
0367+  0980 19 00       	mov al, 0
0368+  0982 05 03       	syscall sys_io
0369+  0984 79          	inc d
0370+  0985 0A 79 09    	jmp puts_L1
0371+  0988             puts_END:
0372+  0988 E7          	pop d
0373+  0989 E4          	pop a
0374+  098A 09          	ret
0375+  098B             
0376+  098B             ;;;;;;;;;;;;;;;;;;;;;;;;;;;;;;;;;;;;;;;;;;;;;;;;;;;;;;;;;;;;;;;;;;;;;;;;;;;;;;;;;;;;;;;;;;;;;;;;;;;;;;;;;;;;;;;;;;
0377+  098B             ; PRINT N SIZE STRING
0378+  098B             ; pointer in D
0379+  098B             ; size in C
0380+  098B             ;;;;;;;;;;;;;;;;;;;;;;;;;;;;;;;;;;;;;;;;;;;;;;;;;;;;;;;;;;;;;;;;;;;;;;;;;;;;;;;;;;;;;;;;;;;;;;;;;;;;;;;;;;;;;;;;;;
0381+  098B             putsn:
0382+  098B DB          	push al
0383+  098C DA          	push d
0384+  098D D9          	push c
0385+  098E             putsn_L0:
0386+  098E 1E          	mov al, [d]
0387+  098F 23          	mov ah, al
0388+  0990 19 00       	mov al, 0
0389+  0992 05 03       	syscall sys_io
0390+  0994 79          	inc d
0391+  0995 7E          	dec c	
0392+  0996 C2 00 00    	cmp c, 0
0393+  0999 C7 8E 09    	jne putsn_L0
0394+  099C             putsn_end:
0395+  099C E6          	pop c
0396+  099D E7          	pop d
0397+  099E E8          	pop al
0398+  099F 09          	ret
0399+  09A0             
0400+  09A0             ;;;;;;;;;;;;;;;;;;;;;;;;;;;;;;;;;;;;;;;;;;;;;;;;;;;;;;;;;;;;;;;;;;;;;;;;;;;;;;;;;;;;;;;
0401+  09A0             ; print 16bit decimal number
0402+  09A0             ; input number in A
0403+  09A0             ;;;;;;;;;;;;;;;;;;;;;;;;;;;;;;;;;;;;;;;;;;;;;;;;;;;;;;;;;;;;;;;;;;;;;;;;;;;;;;;;;;;;;;;
0404+  09A0             print_u16d:
0405+  09A0 D7          	push a
0406+  09A1 D8          	push b
0407+  09A2 26 10 27    	mov b, 10000
0408+  09A5 AE          	div a, b			; get 10000 coeff.
0409+  09A6 07 CC 09    	call print_zero_or_space
0410+  09A9 11          	mov a, b
0411+  09AA 26 E8 03    	mov b, 1000
0412+  09AD AE          	div a, b			; get 10000 coeff.
0413+  09AE 07 CC 09    	call print_zero_or_space
0414+  09B1 11          	mov a, b
0415+  09B2 26 64 00    	mov b, 100
0416+  09B5 AE          	div a, b
0417+  09B6 07 CC 09    	call print_zero_or_space
0418+  09B9 11          	mov a, b
0419+  09BA 26 0A 00    	mov b, 10
0420+  09BD AE          	div a, b
0421+  09BE 07 CC 09    	call print_zero_or_space
0422+  09C1 11          	mov a, b
0423+  09C2 6A 30       	add al, $30
0424+  09C4 23          	mov ah, al
0425+  09C5 19 00       	mov al, 0
0426+  09C7 05 03       	syscall sys_io	; print coeff
0427+  09C9 E5          	pop b
0428+  09CA E4          	pop a
0429+  09CB 09          	ret
0430+  09CC             
0431+  09CC             
0432+  09CC             ;;;;;;;;;;;;;;;;;;;;;;;;;;;;;;;;;;;;;;;;;;;;;;;;;;;;;;;;;;;;;;;;;;;;;;;;;;;;;;;;;;;;;;;
0433+  09CC             ; if A == 0, print space
0434+  09CC             ; else print A
0435+  09CC             ;;;;;;;;;;;;;;;;;;;;;;;;;;;;;;;;;;;;;;;;;;;;;;;;;;;;;;;;;;;;;;;;;;;;;;;;;;;;;;;;;;;;;;;
0436+  09CC             print_zero_or_space:
0437+  09CC             	; cmp a, 0
0438+  09CC             	; jne print_number
0439+  09CC             	; mov ah, $20
0440+  09CC             	; call putchar
0441+  09CC             	; ret
0442+  09CC             print_number:
0443+  09CC 6A 30       	add al, $30
0444+  09CE 23          	mov ah, al
0445+  09CF 07 42 08    	call putchar
0446+  09D2 09          	ret
0447+  09D3             
0448+  09D3             ;;;;;;;;;;;;;;;;;;;;;;;;;;;;;;;;;;;;;;;;;;;;;;;;;;;;;;;;;;;;;;;;;;;;;;;;;;;;;;;;;;;;;;;;;;;;;;;;;;;;;;;;;;;;;;;;;;
0449+  09D3             ; PRINT 16BIT HEX INTEGER
0450+  09D3             ; integer value in reg B
0451+  09D3             ;;;;;;;;;;;;;;;;;;;;;;;;;;;;;;;;;;;;;;;;;;;;;;;;;;;;;;;;;;;;;;;;;;;;;;;;;;;;;;;;;;;;;;;;;;;;;;;;;;;;;;;;;;;;;;;;;;
0452+  09D3             print_u16x:
0453+  09D3 D7          	push a
0454+  09D4 D8          	push b
0455+  09D5 DD          	push bl
0456+  09D6 30          	mov bl, bh
0457+  09D7 07 09 08    	call itoa				; convert bh to char in A
0458+  09DA 2F          	mov bl, al				; save al
0459+  09DB 19 00       	mov al, 0
0460+  09DD 05 03       	syscall sys_io				; display AH
0461+  09DF 24          	mov ah, bl				; retrieve al
0462+  09E0 19 00       	mov al, 0
0463+  09E2 05 03       	syscall sys_io				; display AL
0464+  09E4             
0465+  09E4 EA          	pop bl
0466+  09E5 07 09 08    	call itoa				; convert bh to char in A
0467+  09E8 2F          	mov bl, al				; save al
0468+  09E9 19 00       	mov al, 0
0469+  09EB 05 03       	syscall sys_io				; display AH
0470+  09ED 24          	mov ah, bl				; retrieve al
0471+  09EE 19 00       	mov al, 0
0472+  09F0 05 03       	syscall sys_io				; display AL
0473+  09F2             
0474+  09F2 E5          	pop b
0475+  09F3 E4          	pop a
0476+  09F4 09          	ret
0477+  09F5             
0478+  09F5             ;;;;;;;;;;;;;;;;;;;;;;;;;;;;;;;;;;;;;;;;;;;;;;;;;;;;;;;;;;;;;;;;;;;;;;;;;;;;;;;;;;;;;;;;;;;;;;;;;;;;;;;;;;;;;;;;;;
0479+  09F5             ; INPUT 16BIT HEX INTEGER
0480+  09F5             ; read 16bit integer into A
0481+  09F5             ;;;;;;;;;;;;;;;;;;;;;;;;;;;;;;;;;;;;;;;;;;;;;;;;;;;;;;;;;;;;;;;;;;;;;;;;;;;;;;;;;;;;;;;;;;;;;;;;;;;;;;;;;;;;;;;;;;
0482+  09F5             scan_u16x:
0483+  09F5 F8 10 00    	enter 16
0484+  09F8 D8          	push b
0485+  09F9 DA          	push d
0486+  09FA             
0487+  09FA FA F1 FF    	lea d, [bp + -15]
0488+  09FD 07 49 08    	call gets				; get number
0489+  0A00             
0490+  0A00 32          	mov bl, [d]
0491+  0A01 37          	mov bh, bl
0492+  0A02 33 01 00    	mov bl, [d + 1]
0493+  0A05 07 F7 07    	call atoi				; convert to int in AL
0494+  0A08 23          	mov ah, al				; move to AH
0495+  0A09             
0496+  0A09 33 02 00    	mov bl, [d + 2]
0497+  0A0C 37          	mov bh, bl
0498+  0A0D 33 03 00    	mov bl, [d + 3]
0499+  0A10 07 F7 07    	call atoi				; convert to int in AL
0500+  0A13             
0501+  0A13 E7          	pop d
0502+  0A14 E5          	pop b
0503+  0A15 F9          	leave
0504+  0A16 09          	ret
0505+  0A17             
0506+  0A17             ;;;;;;;;;;;;;;;;;;;;;;;;;;;;;;;;;;;;;;;;;;;;;;;;;;;;;;;;;;;;;;;;;;;;;;;;;;;;;;;;;;;;;;;;;;;;;;;;;;;;;;;;;;;;;;;;;;
0507+  0A17             ; PRINT 8bit HEX INTEGER
0508+  0A17             ; integer value in reg bl
0509+  0A17             ;;;;;;;;;;;;;;;;;;;;;;;;;;;;;;;;;;;;;;;;;;;;;;;;;;;;;;;;;;;;;;;;;;;;;;;;;;;;;;;;;;;;;;;;;;;;;;;;;;;;;;;;;;;;;;;;;;
0510+  0A17             print_u8x:
0511+  0A17 D7          	push a
0512+  0A18 DD          	push bl
0513+  0A19             
0514+  0A19 07 09 08    	call itoa				; convert bl to char in A
0515+  0A1C 2F          	mov bl, al				; save al
0516+  0A1D 19 00       	mov al, 0
0517+  0A1F 05 03       	syscall sys_io				; display AH
0518+  0A21 24          	mov ah, bl				; retrieve al
0519+  0A22 19 00       	mov al, 0
0520+  0A24 05 03       	syscall sys_io				; display AL
0521+  0A26             
0522+  0A26 EA          	pop bl
0523+  0A27 E4          	pop a
0524+  0A28 09          	ret
0525+  0A29             
0526+  0A29             ;;;;;;;;;;;;;;;;;;;;;;;;;;;;;;;;;;;;;;;;;;;;;;;;;;;;;;;;;;;;;;;;;;;;;;;;;;;;;;;;;;;;;;;
0527+  0A29             ; print 8bit decimal unsigned number
0528+  0A29             ; input number in AL
0529+  0A29             ;;;;;;;;;;;;;;;;;;;;;;;;;;;;;;;;;;;;;;;;;;;;;;;;;;;;;;;;;;;;;;;;;;;;;;;;;;;;;;;;;;;;;;;
0530+  0A29             print_u8d:
0531+  0A29 D7          	push a
0532+  0A2A D8          	push b
0533+  0A2B             
0534+  0A2B 22 00       	mov ah, 0
0535+  0A2D 26 64 00    	mov b, 100
0536+  0A30 AE          	div a, b
0537+  0A31 D8          	push b			; save remainder
0538+  0A32 B9 00       	cmp al, 0
0539+  0A34 C6 3E 0A    	je skip100
0540+  0A37 6A 30       	add al, $30
0541+  0A39 23          	mov ah, al
0542+  0A3A 19 00       	mov al, 0
0543+  0A3C 05 03       	syscall sys_io	; print coeff
0544+  0A3E             skip100:
0545+  0A3E E4          	pop a
0546+  0A3F 22 00       	mov ah, 0
0547+  0A41 26 0A 00    	mov b, 10
0548+  0A44 AE          	div a, b
0549+  0A45 D8          	push b			; save remainder
0550+  0A46 B9 00       	cmp al, 0
0551+  0A48 C6 52 0A    	je skip10
0552+  0A4B 6A 30       	add al, $30
0553+  0A4D 23          	mov ah, al
0554+  0A4E 19 00       	mov al, 0
0555+  0A50 05 03       	syscall sys_io	; print coeff
0556+  0A52             skip10:
0557+  0A52 E4          	pop a
0558+  0A53 1B          	mov al, bl
0559+  0A54 6A 30       	add al, $30
0560+  0A56 23          	mov ah, al
0561+  0A57 19 00       	mov al, 0
0562+  0A59 05 03       	syscall sys_io	; print coeff
0563+  0A5B E5          	pop b
0564+  0A5C E4          	pop a
0565+  0A5D 09          	ret
0566+  0A5E             
0567+  0A5E             ;;;;;;;;;;;;;;;;;;;;;;;;;;;;;;;;;;;;;;;;;;;;;;;;;;;;;;;;;;;;;;;;;;;;;;;;;;;;;;;;;;;;;;;;;;;;;;;;;;;;;;;;;;;;;;;;;;
0568+  0A5E             ; INPUT 8BIT HEX INTEGER
0569+  0A5E             ; read 8bit integer into AL
0570+  0A5E             ;;;;;;;;;;;;;;;;;;;;;;;;;;;;;;;;;;;;;;;;;;;;;;;;;;;;;;;;;;;;;;;;;;;;;;;;;;;;;;;;;;;;;;;;;;;;;;;;;;;;;;;;;;;;;;;;;;
0571+  0A5E             scan_u8x:
0572+  0A5E F8 04 00    	enter 4
0573+  0A61 D8          	push b
0574+  0A62 DA          	push d
0575+  0A63             
0576+  0A63 FA FD FF    	lea d, [bp + -3]
0577+  0A66 07 49 08    	call gets				; get number
0578+  0A69             
0579+  0A69 32          	mov bl, [d]
0580+  0A6A 37          	mov bh, bl
0581+  0A6B 33 01 00    	mov bl, [d + 1]
0582+  0A6E 07 F7 07    	call atoi				; convert to int in AL
0583+  0A71             
0584+  0A71 E7          	pop d
0585+  0A72 E5          	pop b
0586+  0A73 F9          	leave
0587+  0A74 09          	ret
0588+  0A75             
0589+  0A75             ;;;;;;;;;;;;;;;;;;;;;;;;;;;;;;;;;;;;;;;;;;;;;;;;;;;;;;;;;;;;;;;;;;;;;;;;;;;;;;;;;;;;;;;
0590+  0A75             ; input decimal number
0591+  0A75             ; result in A
0592+  0A75             ; 655'\0'
0593+  0A75             ; low--------high
0594+  0A75             ;;;;;;;;;;;;;;;;;;;;;;;;;;;;;;;;;;;;;;;;;;;;;;;;;;;;;;;;;;;;;;;;;;;;;;;;;;;;;;;;;;;;;;;
0595+  0A75             scan_u16d:
0596+  0A75 F8 08 00    	enter 8
0597+  0A78 E2          	push si
0598+  0A79 D8          	push b
0599+  0A7A D9          	push c
0600+  0A7B DA          	push d
0601+  0A7C FA F9 FF    	lea d, [bp +- 7]
0602+  0A7F 07 49 08    	call gets
0603+  0A82 07 7F 07    	call strlen			; get string length in C
0604+  0A85 7E          	dec c
0605+  0A86 FD 4E       	mov si, d
0606+  0A88 12          	mov a, c
0607+  0A89 FD 99       	shl a
0608+  0A8B 3B DF 07    	mov d, table_power
0609+  0A8E 59          	add d, a
0610+  0A8F 38 00 00    	mov c, 0
0611+  0A92             mul_loop:
0612+  0A92 F6          	lodsb			; load ASCII to al
0613+  0A93 B9 00       	cmp al, 0
0614+  0A95 C6 A8 0A    	je mul_exit
0615+  0A98 6F 30       	sub al, $30		; make into integer
0616+  0A9A 22 00       	mov ah, 0
0617+  0A9C 2A          	mov b, [d]
0618+  0A9D AC          	mul a, b			; result in B since it fits in 16bits
0619+  0A9E 11          	mov a, b
0620+  0A9F 28          	mov b, c
0621+  0AA0 54          	add a, b
0622+  0AA1 39          	mov c, a
0623+  0AA2 63 02 00    	sub d, 2
0624+  0AA5 0A 92 0A    	jmp mul_loop
0625+  0AA8             mul_exit:
0626+  0AA8 12          	mov a, c
0627+  0AA9 E7          	pop d
0628+  0AAA E6          	pop c
0629+  0AAB E5          	pop b
0630+  0AAC EF          	pop si
0631+  0AAD F9          	leave
0632+  0AAE 09          	ret
0017   0AAF             .include "ctype.asm"
0001+  0AAF             ;;;;;;;;;;;;;;;;;;;;;;;;;;;;;;;;;;;;;;;;;;;;;;;;;;;;;;;;;;;;;;;;;;;;;;;;;;;;;;;;;;;;;;;;;;;;;;;;;;;;;;;;;;;;;;;;;;
0002+  0AAF             ; ctype.s
0003+  0AAF             ;;;;;;;;;;;;;;;;;;;;;;;;;;;;;;;;;;;;;;;;;;;;;;;;;;;;;;;;;;;;;;;;;;;;;;;;;;;;;;;;;;;;;;;;;;;;;;;;;;;;;;;;;;;;;;;;;;
0004+  0AAF             
0005+  0AAF             ;;;;;;;;;;;;;;;;;;;;;;;;;;;;;;;;;;;;;;;;;;;;;;;;;;;;;;;;;;;;;;;;;;;;;;;;;;;;;;;;;;;;;;;;;;;;;;;;;;;;;;;;;;;;;;;;;;
0006+  0AAF             ;; C character classification is an operation provided by a group of functions in the ANSI C Standard Library
0007+  0AAF             ;; for the C programming language. These functions are used to test characters for membership in a particular
0008+  0AAF             ;; class of characters, such as alphabetic characters, control characters, etc. Both single-byte, and wide
0009+  0AAF             ;; characters are supported.
0010+  0AAF             ;;;;;;;;;;;;;;;;;;;;;;;;;;;;;;;;;;;;;;;;;;;;;;;;;;;;;;;;;;;;;;;;;;;;;;;;;;;;;;;;;;;;;;;;;;;;;;;;;;;;;;;;;;;;;;;;;;
0011+  0AAF             ;; isalnum 
0012+  0AAF             ;; isalpha 
0013+  0AAF             ;; islower 
0014+  0AAF             ;; isupper 
0015+  0AAF             ;; isdigit 
0016+  0AAF             ;; isxdigit
0017+  0AAF             ;; iscntrl 
0018+  0AAF             ;; isgraph 
0019+  0AAF             ;; isspace 
0020+  0AAF             ;; isblank 
0021+  0AAF             ;; isprint 
0022+  0AAF             ;; ispunct 
0023+  0AAF             ;; tolower 
0024+  0AAF             ;; toupper
0025+  0AAF             
0026+  0AAF             
0027+  0AAF             ;;;;;;;;;;;;;;;;;;;;;;;;;;;;;;;;;;;;;;;;;;;;;;;;;;;;;;;;;;;;;;;;;;;;;;;;;;;;;;;;;;
0028+  0AAF             ;; IS ALPHANUMERIC
0029+  0AAF             ;; sets ZF according with result
0030+  0AAF             ;;;;;;;;;;;;;;;;;;;;;;;;;;;;;;;;;;;;;;;;;;;;;;;;;;;;;;;;;;;;;;;;;;;;;;;;;;;;;;;;;;
0031+  0AAF             isalnum:
0032+  0AAF 07 CC 0A    	call isalpha
0033+  0AB2 C6 B8 0A    	je isalnum_exit
0034+  0AB5 07 B9 0A    	call isdigit
0035+  0AB8             isalnum_exit:
0036+  0AB8 09          	ret	
0037+  0AB9             ;;;;;;;;;;;;;;;;;;;;;;;;;;;;;;;;;;;;;;;;;;;;;;;;;;;;;;;;;;;;;;;;;;;;;;;;;;;;;;;;;;
0038+  0AB9             ;; IS DIGIT
0039+  0AB9             ;; sets ZF according with result
0040+  0AB9             ;;;;;;;;;;;;;;;;;;;;;;;;;;;;;;;;;;;;;;;;;;;;;;;;;;;;;;;;;;;;;;;;;;;;;;;;;;;;;;;;;;
0041+  0AB9             isdigit:
0042+  0AB9 DB          	push al
0043+  0ABA B9 30       	cmp al, '0'
0044+  0ABC C8 C8 0A    	jlu isdigit_false
0045+  0ABF B9 39       	cmp al, '9'
0046+  0AC1 D1 C8 0A    	jgu isdigit_false
0047+  0AC4 87 00       	and al, 0	; set ZF
0048+  0AC6 E8          	pop al
0049+  0AC7 09          	ret
0050+  0AC8             isdigit_false:
0051+  0AC8 8B 01       	or al, 1	; clear ZF
0052+  0ACA E8          	pop al
0053+  0ACB 09          	ret	
0054+  0ACC             	
0055+  0ACC             ;;;;;;;;;;;;;;;;;;;;;;;;;;;;;;;;;;;;;;;;;;;;;;;;;;;;;;;;;;;;;;;;;;;;;;;;;;;;;;;;;;
0056+  0ACC             ;; IS ALPHA
0057+  0ACC             ;; sets ZF according with result
0058+  0ACC             ;;;;;;;;;;;;;;;;;;;;;;;;;;;;;;;;;;;;;;;;;;;;;;;;;;;;;;;;;;;;;;;;;;;;;;;;;;;;;;;;;;
0059+  0ACC             isalpha:
0060+  0ACC DB          	push al
0061+  0ACD B9 5F       	cmp al, '_'
0062+  0ACF C6 EF 0A    	je isalpha_true
0063+  0AD2 B9 2E       	cmp al, '.'
0064+  0AD4 C6 EF 0A    	je isalpha_true
0065+  0AD7 B9 41       	cmp al, 'A'
0066+  0AD9 C8 EB 0A    	jlu isalpha_false
0067+  0ADC B9 7A       	cmp al, 'z'
0068+  0ADE D1 EB 0A    	jgu isalpha_false
0069+  0AE1 B9 5A       	cmp al, 'Z'
0070+  0AE3 D0 EF 0A    	jleu isalpha_true
0071+  0AE6 B9 61       	cmp al, 'a'
0072+  0AE8 C9 EF 0A    	jgeu isalpha_true
0073+  0AEB             isalpha_false:
0074+  0AEB 8B 01       	or al, 1	; clear ZF
0075+  0AED E8          	pop al
0076+  0AEE 09          	ret
0077+  0AEF             isalpha_true:
0078+  0AEF 87 00       	and al, 0	; set ZF
0079+  0AF1 E8          	pop al
0080+  0AF2 09          	ret
0081+  0AF3             
0082+  0AF3             ;;;;;;;;;;;;;;;;;;;;;;;;;;;;;;;;;;;;;;;;;;;;;;;;;;;;;;;;;;;;;;;;;;;;;;;;;;;;;;;;;;
0083+  0AF3             ;; IS PATH-ALPHA
0084+  0AF3             ;; sets ZF according with result
0085+  0AF3             ;;;;;;;;;;;;;;;;;;;;;;;;;;;;;;;;;;;;;;;;;;;;;;;;;;;;;;;;;;;;;;;;;;;;;;;;;;;;;;;;;;
0086+  0AF3             ispath:
0087+  0AF3 DB          	push al
0088+  0AF4 07 B9 0A    	call isdigit
0089+  0AF7 C6 21 0B    	je ispath_true
0090+  0AFA B9 5F       	cmp al, '_'
0091+  0AFC C6 21 0B    	je ispath_true
0092+  0AFF B9 2F       	cmp al, '/'
0093+  0B01 C6 21 0B    	je ispath_true
0094+  0B04 B9 2E       	cmp al, '.'
0095+  0B06 C6 21 0B    	je ispath_true
0096+  0B09 B9 41       	cmp al, 'A'
0097+  0B0B C8 1D 0B    	jlu ispath_false
0098+  0B0E B9 7A       	cmp al, 'z'
0099+  0B10 D1 1D 0B    	jgu ispath_false
0100+  0B13 B9 5A       	cmp al, 'Z'
0101+  0B15 D0 21 0B    	jleu ispath_true
0102+  0B18 B9 61       	cmp al, 'a'
0103+  0B1A C9 21 0B    	jgeu ispath_true
0104+  0B1D             ispath_false:
0105+  0B1D 8B 01       	or al, 1	; clear ZF
0106+  0B1F E8          	pop al
0107+  0B20 09          	ret
0108+  0B21             ispath_true:
0109+  0B21 87 00       	and al, 0	; set ZF
0110+  0B23 E8          	pop al
0111+  0B24 09          	ret
0112+  0B25             ;;;;;;;;;;;;;;;;;;;;;;;;;;;;;;;;;;;;;;;;;;;;;;;;;;;;;;;;;;;;;;;;;;;;;;;;;;;;;;;;;;
0113+  0B25             ;; IS SPACE
0114+  0B25             ;; sets ZF according with result
0115+  0B25             ;;;;;;;;;;;;;;;;;;;;;;;;;;;;;;;;;;;;;;;;;;;;;;;;;;;;;;;;;;;;;;;;;;;;;;;;;;;;;;;;;;
0116+  0B25             isspace:
0117+  0B25 B9 20       	cmp al, $20		; ' '
0118+  0B27 C6 3B 0B    	je isspace_exit
0119+  0B2A B9 09       	cmp al, $09		; '\t'
0120+  0B2C C6 3B 0B    	je isspace_exit
0121+  0B2F B9 0A       	cmp al, $0A		; '\n'
0122+  0B31 C6 3B 0B    	je isspace_exit
0123+  0B34 B9 0D       	cmp al, $0D		; '\r'
0124+  0B36 C6 3B 0B    	je isspace_exit
0125+  0B39 B9 0B       	cmp al, $0B		; '\v'
0126+  0B3B             isspace_exit:
0127+  0B3B 09          	ret	
0128+  0B3C             
0129+  0B3C             ;;;;;;;;;;;;;;;;;;;;;;;;;;;;;;;;;;;;;;;;;;;;;;;;;;;;;;;;;;;;;;;;;;;;;;;;;;;;;;;;;;;;;;;;;;;;;;;;;;;;;;;;;;;;;;;;;;
0130+  0B3C             ; TO LOWER
0131+  0B3C             ; input in AL
0132+  0B3C             ; output in AL
0133+  0B3C             ;;;;;;;;;;;;;;;;;;;;;;;;;;;;;;;;;;;;;;;;;;;;;;;;;;;;;;;;;;;;;;;;;;;;;;;;;;;;;;;;;;;;;;;;;;;;;;;;;;;;;;;;;;;;;;;;;;
0134+  0B3C             to_lower:
0135+  0B3C B9 5A       	cmp al, 'Z'
0136+  0B3E D1 43 0B    	jgu to_lower_ret
0137+  0B41 6A 20       	add al, $20				; convert to lower case
0138+  0B43             to_lower_ret:
0139+  0B43 09          	ret
0140+  0B44             ;;;;;;;;;;;;;;;;;;;;;;;;;;;;;;;;;;;;;;;;;;;;;;;;;;;;;;;;;;;;;;;;;;;;;;;;;;;;;;;;;;;;;;;;;;;;;;;;;;;;;;;;;;;;;;;;;;
0141+  0B44             ; TO UPPER
0142+  0B44             ; input in AL
0143+  0B44             ; output in AL
0144+  0B44             ;;;;;;;;;;;;;;;;;;;;;;;;;;;;;;;;;;;;;;;;;;;;;;;;;;;;;;;;;;;;;;;;;;;;;;;;;;;;;;;;;;;;;;;;;;;;;;;;;;;;;;;;;;;;;;;;;;
0145+  0B44             to_upper:
0146+  0B44 B9 61       	cmp al, 'a'
0147+  0B46 C8 4B 0B    	jlu to_upper_ret
0148+  0B49 6F 20       	sub al, $20			; convert to upper case
0149+  0B4B             to_upper_ret:
0150+  0B4B 09          	ret
0151+  0B4C             
0018   0B4C             
0019   0B4C             
0020   0B4C             transient_area:	
0021   0B4C             
0022   0B4C             .end
0023   0B4C             
0024   0B4C             
tasm: Number of errors = 0
