ttt.asm line 0140: Duplicate label: (ret)
ttt.asm line 0191: Duplicate label: (ret)
ttt.asm line 0205: Duplicate label: (ret)
ttt.asm line 0417: Duplicate label: (ret)
ttt.asm line 0418: Duplicate label: (endp)
ttt.asm line 0853: Duplicate label: (ret)
ttt.asm line 0854: Duplicate label: (endp)
0001   0000             ; constants 
0002   0000             ;
0003   0000             PLAYER_NAME_SIZE    .equ 33   ; 32 bytes para o nome +1 para o $
0004   0000             P1_CHAR             equ 78h  ; x
ttt.asm line 0004: Label not found: (P1_CHAR)
ttt.asm line 0004: label value misalligned.           (P1_CHAR)
ttt.asm line 0004: unrecognized instruction.          (P1_CHAR)
0005   0000             P1_COLOR            equ 0Fh  ; white
ttt.asm line 0005: Label not found: (P1_COLOR)
ttt.asm line 0005: label value misalligned.           (P1_COLOR)
ttt.asm line 0005: unrecognized instruction.          (P1_COLOR)
0006   0000             P2_CHAR             equ 4Fh  ; o    
ttt.asm line 0006: Label not found: (P2_CHAR)
ttt.asm line 0006: label value misalligned.           (P2_CHAR)
ttt.asm line 0006: unrecognized instruction.          (P2_CHAR)
0007   0000             P2_COLOR            equ 09h  ; light blue    
ttt.asm line 0007: Label not found: (P2_COLOR)
ttt.asm line 0007: label value misalligned.           (P2_COLOR)
ttt.asm line 0007: unrecognized instruction.          (P2_COLOR)
0008   0000             GAME_TEXT_COLOR     equ 07h  ; light gray  
ttt.asm line 0008: Label not found: (GAME_TEXT_COLOR)
ttt.asm line 0008: label value misalligned.           (GAME_TEXT_COLOR)
ttt.asm line 0008: unrecognized instruction.          (GAME_TEXT_COLOR)
0009   0000             GAME_TEXT_SHADOW    equ 08h  ; dark gray        
ttt.asm line 0009: Label not found: (GAME_TEXT_SHADOW)
ttt.asm line 0009: label value misalligned.           (GAME_TEXT_SHADOW)
ttt.asm line 0009: unrecognized instruction.          (GAME_TEXT_SHADOW)
0010   0000             GAME_TEXT_SUCCESS   equ 0Ah  ; light green
ttt.asm line 0010: Label not found: (GAME_TEXT_SUCCESS)
ttt.asm line 0010: label value misalligned.           (GAME_TEXT_SUCCESS)
ttt.asm line 0010: unrecognized instruction.          (GAME_TEXT_SUCCESS)
0011   0000             GAME_TEXT_ERRO      equ 0Ch  ; light red
ttt.asm line 0011: Label not found: (GAME_TEXT_ERRO)
ttt.asm line 0011: label value misalligned.           (GAME_TEXT_ERRO)
ttt.asm line 0011: unrecognized instruction.          (GAME_TEXT_ERRO)
0012   0000             
0013   0000             	SYMBOL_LIGHT_SMILE	equ	01h
ttt.asm line 0013: unrecognized instruction.          (SYMBOL_LIGHT_SMILE)
0014   0000             	SYMBOL_DARK_SMILE	equ	02h
ttt.asm line 0014: unrecognized instruction.          (SYMBOL_DARK_SMILE)
0015   0000             	SYMBOL_HEART		equ 03h
ttt.asm line 0015: unrecognized instruction.          (SYMBOL_HEART)
0016   0000             	SYMBOL_DIAMOND		equ 04h
ttt.asm line 0016: unrecognized instruction.          (SYMBOL_DIAMOND)
0017   0000             	SYMBOL_CLUBS		equ 05h
ttt.asm line 0017: unrecognized instruction.          (SYMBOL_CLUBS)
0018   0000             	SYMBOL_SPADES		equ 06h 
ttt.asm line 0018: unrecognized instruction.          (SYMBOL_SPADES)
0019   0000             	SYMBOL_MALE			equ 0Ch
ttt.asm line 0019: unrecognized instruction.          (SYMBOL_MALE)
0020   0000             	SYMBOL_FEMALE		equ 0Bh
ttt.asm line 0020: unrecognized instruction.          (SYMBOL_FEMALE)
0021   0000             	SYMBOL_X			equ 78h
ttt.asm line 0021: unrecognized instruction.          (SYMBOL_X)
0022   0000             	SYMBOL_O			equ 6Fh
ttt.asm line 0022: unrecognized instruction.          (SYMBOL_O)
0023   0000             
0024   0000             ; game states
0025   0000             ST_MENU            equ 0h ; o jogo está no menu inicial
ttt.asm line 0025: Label not found: (ST_MENU)
ttt.asm line 0025: label value misalligned.           (ST_MENU)
ttt.asm line 0025: unrecognized instruction.          (ST_MENU)
0026   0000             ST_JOGANDO         equ 1h ; o jogo está rolando
ttt.asm line 0026: Label not found: (ST_JOGANDO)
ttt.asm line 0026: label value misalligned.           (ST_JOGANDO)
ttt.asm line 0026: unrecognized instruction.          (ST_JOGANDO)
0027   0000             ST_GAME_OVER       equ 2h ; game over  
ttt.asm line 0027: Label not found: (ST_GAME_OVER)
ttt.asm line 0027: label value misalligned.           (ST_GAME_OVER)
ttt.asm line 0027: unrecognized instruction.          (ST_GAME_OVER)
0028   0000             ST_VITORIA         equ 3h  
ttt.asm line 0028: Label not found: (ST_VITORIA)
ttt.asm line 0028: label value misalligned.           (ST_VITORIA)
ttt.asm line 0028: unrecognized instruction.          (ST_VITORIA)
0029   0000             
0030   0000             segment text
ttt.asm line 0030: Label not found: (segment)
ttt.asm line 0030: label value misalligned.           (segment)
ttt.asm line 0030: unrecognized instruction.          (segment)
0031   0000             ; variáveis
0032   0000             player_1            DB P1_CHAR, P1_COLOR, "Player 1                        $"
ttt.asm line 0032: Label not found: (player_1)
ttt.asm line 0032: label value misalligned.           (player_1)
ttt.asm line 0032: unrecognized instruction.          (player_1)
0033   0000             player_2            DB P2_CHAR, P2_COLOR, "Player 2                        $"
ttt.asm line 0033: Label not found: (player_2)
ttt.asm line 0033: label value misalligned.           (player_2)
ttt.asm line 0033: unrecognized instruction.          (player_2)
0034   0000             
0035   0000             game_state          DB 0  ; 0 = menu, 1 = playing, 2 = game over
ttt.asm line 0035: Label not found: (game_state)
ttt.asm line 0035: label value misalligned.           (game_state)
ttt.asm line 0035: unrecognized instruction.          (game_state)
0036   0000             current_player      DB 1      
ttt.asm line 0036: Label not found: (current_player)
ttt.asm line 0036: label value misalligned.           (current_player)
ttt.asm line 0036: unrecognized instruction.          (current_player)
0037   0000             current_color       DB 0
ttt.asm line 0037: Label not found: (current_color)
ttt.asm line 0037: label value misalligned.           (current_color)
ttt.asm line 0037: unrecognized instruction.          (current_color)
0038   0000             current_char        DB 0
ttt.asm line 0038: Label not found: (current_char)
ttt.asm line 0038: label value misalligned.           (current_char)
ttt.asm line 0038: unrecognized instruction.          (current_char)
0039   0000             new_line            DB 13,10,"$" ; new line chars    
ttt.asm line 0039: Label not found: (new_line)
ttt.asm line 0039: label value misalligned.           (new_line)
ttt.asm line 0039: unrecognized instruction.          (new_line)
0040   0000             game_over_message   DB "GAME OVER", 13, 10, "$"        
ttt.asm line 0040: Label not found: (game_over_message)
ttt.asm line 0040: label value misalligned.           (game_over_message)
ttt.asm line 0040: unrecognized instruction.          (game_over_message)
0041   0000             str_game_divider    DB '-------------------------------------------------------------------------------$'
ttt.asm line 0041: Label not found: (str_game_divider)
ttt.asm line 0041: label value misalligned.           (str_game_divider)
ttt.asm line 0041: unrecognized instruction.          (str_game_divider)
0042   0000             str_game_header     DB '                             [  ASM TIC TAC TOE  ]                             $'
ttt.asm line 0042: Label not found: (str_game_header)
ttt.asm line 0042: label value misalligned.           (str_game_header)
ttt.asm line 0042: unrecognized instruction.          (str_game_header)
0043   0000             grid                DB 9 DUP(0)  
ttt.asm line 0043: Label not found: (grid)
ttt.asm line 0043: label value misalligned.           (grid)
ttt.asm line 0043: unrecognized instruction.          (grid)
0044   0000             grid_buffer         DB '                                     |   |   ', 13, 10
ttt.asm line 0044: Label not found: (grid_buffer)
ttt.asm line 0044: label value misalligned.           (grid_buffer)
ttt.asm line 0044: unrecognized instruction.          (grid_buffer)
0045   0000                                 DB '                                  ---+---+---', 13, 10
ttt.asm line 0045: unrecognized instruction.          (DB)
0046   0000                                 DB '                                     |   |   ', 13, 10
ttt.asm line 0046: unrecognized instruction.          (DB)
0047   0000                                 DB '                                  ---+---+---', 13, 10
ttt.asm line 0047: unrecognized instruction.          (DB)
0048   0000                                 DB '                                     |   |   ', 13, 10, '$'                                                
ttt.asm line 0048: unrecognized instruction.          (DB)
0049   0000             str_player1_set_name  	DB 'Player 1, inform your name : $' 
ttt.asm line 0049: Label not found: (str_player1_set_name)
ttt.asm line 0049: label value misalligned.           (str_player1_set_name)
ttt.asm line 0049: unrecognized instruction.          (str_player1_set_name)
0050   0000             str_player2_set_name  	DB 'Player 2, inform your name : $' 
ttt.asm line 0050: Label not found: (str_player2_set_name)
ttt.asm line 0050: label value misalligned.           (str_player2_set_name)
ttt.asm line 0050: unrecognized instruction.          (str_player2_set_name)
0051   0000             str_player_set_color 	DB 'Choose your colour         : $'
ttt.asm line 0051: Label not found: (str_player_set_color)
ttt.asm line 0051: label value misalligned.           (str_player_set_color)
ttt.asm line 0051: unrecognized instruction.          (str_player_set_color)
0052   0000             str_player_set_char  	DB 'Choose your symbol         : $'
ttt.asm line 0052: Label not found: (str_player_set_char)
ttt.asm line 0052: label value misalligned.           (str_player_set_char)
ttt.asm line 0052: unrecognized instruction.          (str_player_set_char)
0053   0000             	str_ftr_cores       	DB 'Colors   : 1.white 2.blue 3.green 4.red$'
ttt.asm line 0053: unrecognized instruction.          (STR_FTR_CORES)
0054   0000             str_ftr_simbolos     	DB 'Symbols  : 1.', 01   ; sorriso claro
ttt.asm line 0054: Label not found: (str_ftr_simbolos)
ttt.asm line 0054: label value misalligned.           (str_ftr_simbolos)
ttt.asm line 0054: unrecognized instruction.          (str_ftr_simbolos)
0055   0000                                            DB ' 2.', 02    ; sorriso escuro
ttt.asm line 0055: unrecognized instruction.          (DB)
0056   0000                                            DB ' 3.', 03    ; copa (coração)
ttt.asm line 0056: unrecognized instruction.          (DB)
0057   0000                                            DB ' 4.', 04    ; losango (ouro)
ttt.asm line 0057: unrecognized instruction.          (DB)
0058   0000                                            DB ' 5.', 05    ; paus
ttt.asm line 0058: unrecognized instruction.          (DB)
0059   0000                                            DB ' 6.', 06    ; espadas
ttt.asm line 0059: unrecognized instruction.          (DB)
0060   0000                                            DB ' 7.', 11    ; macho  
ttt.asm line 0060: unrecognized instruction.          (DB)
0061   0000                                            DB ' 8.', 12    ; fêmea
ttt.asm line 0061: unrecognized instruction.          (DB)
0062   0000                                            DB ' 9.x 0.o  $'
ttt.asm line 0062: unrecognized instruction.          (DB)
0063   0000             
0064   0000             str_ok              DB 'Ok!$'
ttt.asm line 0064: Label not found: (str_ok)
ttt.asm line 0064: label value misalligned.           (str_ok)
ttt.asm line 0064: unrecognized instruction.          (str_ok)
0065   0000             str_iniciando       DB 'Starting...$'
ttt.asm line 0065: Label not found: (str_iniciando)
ttt.asm line 0065: label value misalligned.           (str_iniciando)
ttt.asm line 0065: unrecognized instruction.          (str_iniciando)
0066   0000             str_type_position   DB ', inform a position : $'
ttt.asm line 0066: Label not found: (str_type_position)
ttt.asm line 0066: label value misalligned.           (str_type_position)
ttt.asm line 0066: unrecognized instruction.          (str_type_position)
0067   0000             str_vitoria         DB 'VICTORY!!!', 13, 10
ttt.asm line 0067: Label not found: (str_vitoria)
ttt.asm line 0067: label value misalligned.           (str_vitoria)
ttt.asm line 0067: unrecognized instruction.          (str_vitoria)
0068   0000                                 DB 'The player $' 
ttt.asm line 0068: unrecognized instruction.          (DB)
0069   0000             str_votoria_suf     DB ' wins!$' ; sufixo;
ttt.asm line 0069: Label not found: (str_votoria_suf)
ttt.asm line 0069: label value misalligned.           (str_votoria_suf)
ttt.asm line 0069: unrecognized instruction.          (str_votoria_suf)
0070   0000             str_game_over       DB 'Game over!', 13, 10
ttt.asm line 0070: Label not found: (str_game_over)
ttt.asm line 0070: label value misalligned.           (str_game_over)
ttt.asm line 0070: unrecognized instruction.          (str_game_over)
0071   0000                                 DB 'TIE!$'   
ttt.asm line 0071: unrecognized instruction.          (DB)
0072   0000             str_bye             DB ' $'              
ttt.asm line 0072: Label not found: (str_bye)
ttt.asm line 0072: label value misalligned.           (str_bye)
ttt.asm line 0072: unrecognized instruction.          (str_bye)
0073   0000               
0074   0000             
0075   0000             segment main    
ttt.asm line 0075: Label not found: (segment)
ttt.asm line 0075: label value misalligned.           (segment)
ttt.asm line 0075: unrecognized instruction.          (segment)
0076   0000             
0077   0000             ; this macro prints a char in AL and advances
0078   0000             ; the current cursor position:
0079   0000             macro putc char {
ttt.asm line 0079: Label not found: (macro)
ttt.asm line 0079: label value misalligned.           (macro)
ttt.asm line 0079: unrecognized instruction.          (macro)
0080   0000             	push    ax
ttt.asm line 0080: unrecognized argument.             (ax)
ttt.asm line 0081: Label not found: (bytechar)
ttt.asm line 0081: Unused data in MS byte of argument. (200)
0081   0000 19 00       	mov     al, byte char
0082   0002 22 0E       	mov     ah, 0Eh
0083   0004             	int     10h     
ttt.asm line 0083: unrecognized instruction.          (INT)
0084   0004             	pop     ax
ttt.asm line 0084: unrecognized argument.             (ax)
0085   0004             }
ttt.asm line 0085: unrecognized directive.            (})
0086   0004             
0087   0004             
0088   0004             ; dx = endereço do texto
0089   0004             ; bx = cor 
0090   0004             ; cx = o número de caracteres a colorir
0091   0004             macro print texto, tamanho, cor{
ttt.asm line 0091: Label not found: (macro)
ttt.asm line 0091: label value misalligned.           (macro)
ttt.asm line 0091: unrecognized instruction.          (macro)
0092   0004             mov     dx, word texto
ttt.asm line 0092: Label not found: (mov)
ttt.asm line 0092: label value misalligned.           (mov)
ttt.asm line 0092: unrecognized instruction.          (mov)
0093   0004             mov     cx, tamanho 
ttt.asm line 0093: Label not found: (mov)
ttt.asm line 0093: label value misalligned.           (mov)
ttt.asm line 0093: unrecognized instruction.          (mov)
0094   0004             mov     bx, cor    
ttt.asm line 0094: Label not found: (mov)
ttt.asm line 0094: label value misalligned.           (mov)
ttt.asm line 0094: unrecognized instruction.          (mov)
0095   0004             mov     ax, 0920h           ; AH=Function number AL=Space character  
ttt.asm line 0095: Label not found: (mov)
ttt.asm line 0095: label value misalligned.           (mov)
ttt.asm line 0095: unrecognized instruction.          (mov)
0096   0004             int     10h                 ; INT 10h/AH=9 - write character and attribute at cursor position.
ttt.asm line 0096: Label not found: (int)
ttt.asm line 0096: label value misalligned.           (int)
ttt.asm line 0096: unrecognized directive.            (int)
0097   0004             int     21h                 ; INT 21h/AH=9 - output of a string at DS:DX. String must be terminated by '$'. 
ttt.asm line 0097: Label not found: (int)
ttt.asm line 0097: label value misalligned.           (int)
ttt.asm line 0097: unrecognized directive.            (int)
0098   0004             }
ttt.asm line 0098: unrecognized directive.            (})
0099   0004             
0100   0004             
0101   0004             start:    
0102   0004             ; set segment registers
0103   0004             mov     ax, text        ; load the data segment address into ax
ttt.asm line 0103: Label not found: (mov)
ttt.asm line 0103: label value misalligned.           (mov)
ttt.asm line 0103: unrecognized instruction.          (mov)
0104   0004             mov     ds, ax          ; set the data current segment
ttt.asm line 0104: Label not found: (mov)
ttt.asm line 0104: label value misalligned.           (mov)
ttt.asm line 0104: unrecognized instruction.          (mov)
0105   0004             
0106   0004             ; enable mode 3h (16 colors 80 x 25)
0107   0004             ; setup_screen 
0108   0004             mov     ax, 1003h   
ttt.asm line 0108: Label not found: (mov)
ttt.asm line 0108: label value misalligned.           (mov)
ttt.asm line 0108: unrecognized instruction.          (mov)
0109   0004             mov     bx, 0
ttt.asm line 0109: Label not found: (mov)
ttt.asm line 0109: label value misalligned.           (mov)
ttt.asm line 0109: unrecognized instruction.          (mov)
0110   0004             int     10h    
ttt.asm line 0110: Label not found: (int)
ttt.asm line 0110: label value misalligned.           (int)
ttt.asm line 0110: unrecognized directive.            (int)
0111   0004             
0112   0004             main_loop:  
0113   0004 07 0E 00        call    clear_screen
ttt.asm line 0114: Label not found: (draw_scene)
ttt.asm line 0114: Unused data in MS byte of argument. (2)
0114   0007 07 00 00        call    draw_scene
0115   000A 0A 04 00        jmp     main_loop  
0116   000D             
0117   000D             return_to_os:
0118   000D                 print   str_bye, 10, GAME_TEXT_COLOR      ; reseta a cor do console      
ttt.asm line 0118: unrecognized instruction.          (PRINT)
0119   000D                 mov     ax, 4C00h                       ; al = retur code = 0 ; no erros        
ttt.asm line 0119: unrecognized argument.             (ax,4C00h)
0120   000D                 int     21h                             ;INT 21h / AH=4Ch - return control to the operating system (stop program).    
ttt.asm line 0120: unrecognized instruction.          (INT)
0121   000D 09              ret
0122   000E                 
0123   000E                    
0124   000E                
0125   000E             ; set the video to mode 03 
0126   000E             ; (setar o modo de vídeo sempre apaga o buffer da tela)
0127   000E             ;   ah = 0 (set video mode function)
0128   000E             ;   al = 3 (text mode) 80 x 25 16 colors                                           
0129   000E             clear_screen:
0130   000E             mov     ax, 0003h     
ttt.asm line 0130: Label not found: (mov)
ttt.asm line 0130: label value misalligned.           (mov)
ttt.asm line 0130: unrecognized instruction.          (mov)
0131   000E             int     10h         
ttt.asm line 0131: Label not found: (int)
ttt.asm line 0131: label value misalligned.           (int)
ttt.asm line 0131: unrecognized directive.            (int)
0132   000E             ret
0133   000E             
0134   000E                                                 
0135   000E             ; read keyboard and return content in ah    
0136   000E             get_key:
0137   000E             mov     ah, 1       
ttt.asm line 0137: Label not found: (mov)
ttt.asm line 0137: label value misalligned.           (mov)
ttt.asm line 0137: unrecognized instruction.          (mov)
0138   000E             int     21h    
ttt.asm line 0138: Label not found: (int)
ttt.asm line 0138: label value misalligned.           (int)
ttt.asm line 0138: unrecognized directive.            (int)
0139   000E             mov     ah, 0
ttt.asm line 0139: Label not found: (mov)
ttt.asm line 0139: label value misalligned.           (mov)
ttt.asm line 0139: unrecognized instruction.          (mov)
0140   000E             ret     
0141   000E             
0142   000E             
0143   000E             macro gotoXY linha, coluna{
ttt.asm line 0143: Label not found: (macro)
ttt.asm line 0143: label value misalligned.           (macro)
ttt.asm line 0143: unrecognized instruction.          (macro)
0144   000E             push    ax
ttt.asm line 0144: Label not found: (push)
ttt.asm line 0144: label value misalligned.           (push)
ttt.asm line 0144: unrecognized instruction.          (push)
0145   000E             push    bx
ttt.asm line 0145: Label not found: (push)
ttt.asm line 0145: label value misalligned.           (push)
ttt.asm line 0145: unrecognized instruction.          (push)
0146   000E             push    dx    
ttt.asm line 0146: Label not found: (push)
ttt.asm line 0146: label value misalligned.           (push)
ttt.asm line 0146: unrecognized instruction.          (push)
0147   000E             ; configura parâmetros e função 
0148   000E             mov     ah, 02h    
ttt.asm line 0148: Label not found: (mov)
ttt.asm line 0148: label value misalligned.           (mov)
ttt.asm line 0148: unrecognized instruction.          (mov)
0149   000E             mov     bh, 0      
ttt.asm line 0149: Label not found: (mov)
ttt.asm line 0149: label value misalligned.           (mov)
ttt.asm line 0149: unrecognized instruction.          (mov)
0150   000E             mov     dh, coluna
ttt.asm line 0150: Label not found: (mov)
ttt.asm line 0150: label value misalligned.           (mov)
ttt.asm line 0150: unrecognized instruction.          (mov)
0151   000E             mov     dl, linha
ttt.asm line 0151: Label not found: (mov)
ttt.asm line 0151: label value misalligned.           (mov)
ttt.asm line 0151: unrecognized instruction.          (mov)
0152   000E             int     10h             ;chama a função          
ttt.asm line 0152: Label not found: (int)
ttt.asm line 0152: label value misalligned.           (int)
ttt.asm line 0152: unrecognized directive.            (int)
0153   000E             ; restauração dos registradores
0154   000E             pop     dx    
ttt.asm line 0154: Label not found: (pop)
ttt.asm line 0154: label value misalligned.           (pop)
ttt.asm line 0154: unrecognized instruction.          (pop)
0155   000E             pop     bx
ttt.asm line 0155: Label not found: (pop)
ttt.asm line 0155: label value misalligned.           (pop)
ttt.asm line 0155: unrecognized instruction.          (pop)
0156   000E             pop     ax
ttt.asm line 0156: Label not found: (pop)
ttt.asm line 0156: label value misalligned.           (pop)
ttt.asm line 0156: unrecognized instruction.          (pop)
0157   000E             }
ttt.asm line 0157: unrecognized directive.            (})
0158   000E             
0159   000E             
0160   000E             macro print_addr texto, position, tamanho, cor{
ttt.asm line 0160: Label not found: (macro)
ttt.asm line 0160: label value misalligned.           (macro)
ttt.asm line 0160: unrecognized instruction.          (macro)
0161   000E             mov     dx, texto
ttt.asm line 0161: Label not found: (mov)
ttt.asm line 0161: label value misalligned.           (mov)
ttt.asm line 0161: unrecognized instruction.          (mov)
0162   000E             add     dx, position  
ttt.asm line 0162: Label not found: (add)
ttt.asm line 0162: label value misalligned.           (add)
ttt.asm line 0162: unrecognized instruction.          (add)
0163   000E             mov     cx, tamanho 
ttt.asm line 0163: Label not found: (mov)
ttt.asm line 0163: label value misalligned.           (mov)
ttt.asm line 0163: unrecognized instruction.          (mov)
0164   000E             mov     bx, cor    
ttt.asm line 0164: Label not found: (mov)
ttt.asm line 0164: label value misalligned.           (mov)
ttt.asm line 0164: unrecognized instruction.          (mov)
0165   000E             mov     ax, 0920h           ; AH=Function number AL=Space character  
ttt.asm line 0165: Label not found: (mov)
ttt.asm line 0165: label value misalligned.           (mov)
ttt.asm line 0165: unrecognized instruction.          (mov)
0166   000E             int     10h                 ; BIOS function
ttt.asm line 0166: Label not found: (int)
ttt.asm line 0166: label value misalligned.           (int)
ttt.asm line 0166: unrecognized directive.            (int)
0167   000E             int     21h                 ; DOS function
ttt.asm line 0167: Label not found: (int)
ttt.asm line 0167: label value misalligned.           (int)
ttt.asm line 0167: unrecognized directive.            (int)
0168   000E             }
ttt.asm line 0168: unrecognized directive.            (})
0169   000E             
0170   000E             
0171   000E             ;
0172   000E             ; char must be in al register
0173   000E             ;
0174   000E             proc print_char 	
ttt.asm line 0174: Label not found: (proc)
ttt.asm line 0174: label value misalligned.           (proc)
ttt.asm line 0174: unrecognized instruction.          (proc)
0175   000E             cmp     al, 0
ttt.asm line 0175: Label not found: (cmp)
ttt.asm line 0175: label value misalligned.           (cmp)
ttt.asm line 0175: unrecognized instruction.          (cmp)
0176   000E             je      print_char_exit
ttt.asm line 0176: Label not found: (je)
ttt.asm line 0176: label value misalligned.           (je)
ttt.asm line 0176: unrecognized instruction.          (je)
0177   000E             
0178   000E             push    bx
ttt.asm line 0178: Label not found: (push)
ttt.asm line 0178: label value misalligned.           (push)
ttt.asm line 0178: unrecognized instruction.          (push)
0179   000E             push    cx                 
ttt.asm line 0179: Label not found: (push)
ttt.asm line 0179: label value misalligned.           (push)
ttt.asm line 0179: unrecognized instruction.          (push)
0180   000E             
0181   000E             mov     ah, 9h              ; function 9h write character and attribute at cursor position.        
ttt.asm line 0181: Label not found: (mov)
ttt.asm line 0181: label value misalligned.           (mov)
ttt.asm line 0181: unrecognized instruction.          (mov)
0182   000E             mov     bh, 0               ; page number
ttt.asm line 0182: Label not found: (mov)
ttt.asm line 0182: label value misalligned.           (mov)
ttt.asm line 0182: unrecognized instruction.          (mov)
0183   000E             mov     bl, [current_color] ; color atrib
ttt.asm line 0183: Label not found: (mov)
ttt.asm line 0183: label value misalligned.           (mov)
ttt.asm line 0183: unrecognized instruction.          (mov)
0184   000E             mov     cx, 1               ; number of times to print the char
ttt.asm line 0184: Label not found: (mov)
ttt.asm line 0184: label value misalligned.           (mov)
ttt.asm line 0184: unrecognized instruction.          (mov)
0185   000E             int     10h                 ; call the function
ttt.asm line 0185: Label not found: (int)
ttt.asm line 0185: label value misalligned.           (int)
ttt.asm line 0185: unrecognized directive.            (int)
0186   000E                                         
0187   000E             pop     cx
ttt.asm line 0187: Label not found: (pop)
ttt.asm line 0187: label value misalligned.           (pop)
ttt.asm line 0187: unrecognized instruction.          (pop)
0188   000E             pop     bx
ttt.asm line 0188: Label not found: (pop)
ttt.asm line 0188: label value misalligned.           (pop)
ttt.asm line 0188: unrecognized instruction.          (pop)
0189   000E                         
0190   000E             	print_char_exit:
ttt.asm line 0190: unrecognized instruction.          (PRINT_CHAR_EXIT)
0191   000E             ret
0192   000E             endp
0193   000E             
0194   000E             beep:
0195   000E             push dx
ttt.asm line 0195: Label not found: (push)
ttt.asm line 0195: label value misalligned.           (push)
ttt.asm line 0195: unrecognized instruction.          (push)
0196   000E             push ax
ttt.asm line 0196: Label not found: (push)
ttt.asm line 0196: label value misalligned.           (push)
ttt.asm line 0196: unrecognized instruction.          (push)
0197   000E             
0198   000E             mov dl, 07h
ttt.asm line 0198: Label not found: (mov)
ttt.asm line 0198: label value misalligned.           (mov)
ttt.asm line 0198: unrecognized instruction.          (mov)
0199   000E             mov ah, 2    
ttt.asm line 0199: Label not found: (mov)
ttt.asm line 0199: label value misalligned.           (mov)
ttt.asm line 0199: unrecognized instruction.          (mov)
0200   000E             int 21h
ttt.asm line 0200: Label not found: (int)
ttt.asm line 0200: label value misalligned.           (int)
ttt.asm line 0200: unrecognized directive.            (int)
0201   000E             
0202   000E             pop ax
ttt.asm line 0202: Label not found: (pop)
ttt.asm line 0202: label value misalligned.           (pop)
ttt.asm line 0202: unrecognized instruction.          (pop)
0203   000E             pop dx
ttt.asm line 0203: Label not found: (pop)
ttt.asm line 0203: label value misalligned.           (pop)
ttt.asm line 0203: unrecognized instruction.          (pop)
0204   000E             
0205   000E             ret
0206   000E             
0207   000E             ;
0208   000E             ; lê uma posião do teclado e salva o conteúdo no grid
0209   000E             ; (deve ser um input de 1 a 9)
0210   000E             ; o joga
0211   000E             ;le_jogada macro jogador
0212   000E             le_jogada:
0213   000E             	inicio:    
ttt.asm line 0213: unrecognized instruction.          (INICIO)
0214   000E 07 0E 00    		call    get_key                    ; l