0001   0000             .include "kernel.exp"
0001+  0000             PROC_TEXT_ORG    .EQU  $0400
0002+  0000             sys_bkpt         .EQU  $0000
0003+  0000             sys_rtc          .EQU  $0001
0004+  0000             sys_IDE          .EQU  $0002
0005+  0000             sys_io           .EQU  $0003
0006+  0000             sys_fileio       .EQU  $0004
0007+  0000             sys_fork         .EQU  $0005
0008+  0000             sys_list         .EQU  $0006
0009+  0000             sys_datetime     .EQU  $0007
0010+  0000             sys_reboot       .EQU  $0008
0011+  0000             sys_pauseproc    .EQU  $0009
0012+  0000             sys_resumeproc   .EQU  $000a
0013+  0000             sys_terminate_proc .EQU  $000b
0014+  0000             sys_system       .EQU  $000c
0015+  0000             sys_boot_install .EQU  $000d
0002   0000             
0003   0000             
0004   0000             main:
0005   0000 10 00 00    	mov a, 0
0006   0003             main_L0:
0007   0003 05 00       	syscall sys_bkpt
0008   0005 77          	inc a
0009   0006 AF 20 00    	cmp a, $20
0010   0009 C6 0F 00    	je end
0011   000C 0A 03 00    	jmp main_L0
0012   000F             end:
0013   000F 09          	ret
0014   0010             
0015   0010             .include "stdio.asm"
0001+  0010             ;;;;;;;;;;;;;;;;;;;;;;;;;;;;;;;;;;;;;;;;;;;;;;;;;;;;;;;;;;;;;;;;;;;;;;;;;;;;;;;;;;;;;;;;;;;;;;;;;;;;;;;;;;;;;;;;;;
0002+  0010             ; stdio.s
0003+  0010             ;;;;;;;;;;;;;;;;;;;;;;;;;;;;;;;;;;;;;;;;;;;;;;;;;;;;;;;;;;;;;;;;;;;;;;;;;;;;;;;;;;;;;;;;;;;;;;;;;;;;;;;;;;;;;;;;;;
0004+  0010             .include "string.asm"
0001++ 0010             ;;;;;;;;;;;;;;;;;;;;;;;;;;;;;;;;;;;;;;;;;;;;;;;;;;;;;;;;;;;;;;;;;;;;;;;;;;;;;;;;;;;;;;;;;;;;;;;;;;;;;;;;;;;;;;;;;;
0002++ 0010             ; string.s
0003++ 0010             ;;;;;;;;;;;;;;;;;;;;;;;;;;;;;;;;;;;;;;;;;;;;;;;;;;;;;;;;;;;;;;;;;;;;;;;;;;;;;;;;;;;;;;;;;;;;;;;;;;;;;;;;;;;;;;;;;;
0004++ 0010             
0005++ 0010             
0006++ 0010             ;;;;;;;;;;;;;;;;;;;;;;;;;;;;;;;;;;;;;;;;;;;;;;;;;;;;;;;;;;;;;;;;;;;;;;;;;;;;;;;;;;;;;;;;;;;;;;;;;;;;;;;;;;;;;;;;;;
0007++ 0010             ; strrev
0008++ 0010             ; reverse a string
0009++ 0010             ; D = string address
0010++ 0010             ;;;;;;;;;;;;;;;;;;;;;;;;;;;;;;;;;;;;;;;;;;;;;;;;;;;;;;;;;;;;;;;;;;;;;;;;;;;;;;;;;;;;;;;;;;;;;;;;;;;;;;;;;;;;;;;;;;
0011++ 0010             ; 01234
0012++ 0010             strrev:
0013++ 0010 4B          	pusha
0014++ 0011 07 57 00    	call strlen	; length in C
0015++ 0014 12          	mov a, c
0016++ 0015 AF 01 00    	cmp a, 1
0017++ 0018 D0 32 00    	jleu strrev_end	; check string length. string len must be > 1
0018++ 001B 7D          	dec a
0019++ 001C FD 4E       	mov si, d	; beginning of string
0020++ 001E FD 50       	mov di, d	; beginning of string (for destinations)
0021++ 0020 59          	add d, a	; end of string
0022++ 0021 12          	mov a, c
0023++ 0022 FD 9B       	shr a		; divide by 2
0024++ 0024 39          	mov c, a	; C now counts the steps
0025++ 0025             strrev_L0:
0026++ 0025 32          	mov bl, [d]	; save load right-side char into BL
0027++ 0026 F6          	lodsb		; load left-side char into AL; increase SI
0028++ 0027 3E          	mov [d], al	; store left char into right side
0029++ 0028 1B          	mov al, bl
0030++ 0029 F7          	stosb		; store right-side char into left-side; increase DI
0031++ 002A 7E          	dec c
0032++ 002B 7F          	dec d
0033++ 002C C2 00 00    	cmp c, 0
0034++ 002F C7 25 00    	jne strrev_L0
0035++ 0032             strrev_end:
0036++ 0032 4C          	popa
0037++ 0033 09          	ret
0038++ 0034             	
0039++ 0034             ;;;;;;;;;;;;;;;;;;;;;;;;;;;;;;;;;;;;;;;;;;;;;;;;;;;;;;;;;;;;;;;;;;;;;;;;;;;;;;;;;;;;;;;;;;;;;;;;;;;;;;;;;;;;;;;;;;
0040++ 0034             ; strchr
0041++ 0034             ; search string in D for char in AL
0042++ 0034             ;;;;;;;;;;;;;;;;;;;;;;;;;;;;;;;;;;;;;;;;;;;;;;;;;;;;;;;;;;;;;;;;;;;;;;;;;;;;;;;;;;;;;;;;;;;;;;;;;;;;;;;;;;;;;;;;;;
0043++ 0034             strchr:
0044++ 0034             strchr_L0:
0045++ 0034 32          	mov bl, [d]
0046++ 0035 C1 00       	cmp bl, 0
0047++ 0037 C6 42 00    	je strchr_end
0048++ 003A BA          	cmp al, bl
0049++ 003B C6 42 00    	je strchr_end
0050++ 003E 79          	inc d
0051++ 003F 0A 34 00    	jmp strchr_L0
0052++ 0042             strchr_end:
0053++ 0042 1B          	mov al, bl
0054++ 0043 09          	ret
0055++ 0044             
0056++ 0044             ;;;;;;;;;;;;;;;;;;;;;;;;;;;;;;;;;;;;;;;;;;;;;;;;;;;;;;;;;;;;;;;;;;;;;;;;;;;;;;;;;;;;;;;;;;;;;;;;;;;;;;;;;;;;;;;;;;
0057++ 0044             ; strstr
0058++ 0044             ; find sub-string
0059++ 0044             ; str1 in SI
0060++ 0044             ; str2 in DI
0061++ 0044             ; SI points to end of source string
0062++ 0044             ;;;;;;;;;;;;;;;;;;;;;;;;;;;;;;;;;;;;;;;;;;;;;;;;;;;;;;;;;;;;;;;;;;;;;;;;;;;;;;;;;;;;;;;;;;;;;;;;;;;;;;;;;;;;;;;;;;
0063++ 0044             strstr:
0064++ 0044 DB          	push al
0065++ 0045 DA          	push d
0066++ 0046 E3          	push di
0067++ 0047             strstr_loop:
0068++ 0047 F3          	cmpsb					; compare a byte of the strings
0069++ 0048 C7 53 00    	jne strstr_ret
0070++ 004B FC 00 00    	lea d, [di + 0]
0071++ 004E BD 00       	cmp byte[d], 0				; check if at end of string (null)
0072++ 0050 C7 47 00    	jne strstr_loop				; equal chars but not at end
0073++ 0053             strstr_ret:
0074++ 0053 F0          	pop di
0075++ 0054 E7          	pop d
0076++ 0055 E8          	pop al
0077++ 0056 09          	ret
0078++ 0057             ;;;;;;;;;;;;;;;;;;;;;;;;;;;;;;;;;;;;;;;;;;;;;;;;;;;;;;;;;;;;;;;;;;;;;;;;;;;;;;;;;;;;;;;
0079++ 0057             ; length of null terminated string
0080++ 0057             ; result in C
0081++ 0057             ; pointer in D
0082++ 0057             ;;;;;;;;;;;;;;;;;;;;;;;;;;;;;;;;;;;;;;;;;;;;;;;;;;;;;;;;;;;;;;;;;;;;;;;;;;;;;;;;;;;;;;;
0083++ 0057             strlen:
0084++ 0057 DA          	push d
0085++ 0058 38 00 00    	mov c, 0
0086++ 005B             strlen_L1:
0087++ 005B BD 00       	cmp byte [d], 0
0088++ 005D C6 65 00    	je strlen_ret
0089++ 0060 79          	inc d
0090++ 0061 78          	inc c
0091++ 0062 0A 5B 00    	jmp strlen_L1
0092++ 0065             strlen_ret:
0093++ 0065 E7          	pop d
0094++ 0066 09          	ret
0095++ 0067             
0096++ 0067             ;;;;;;;;;;;;;;;;;;;;;;;;;;;;;;;;;;;;;;;;;;;;;;;;;;;;;;;;;;;;;;;;;;;;;;;;;;;;;;;;;;;;;;;;;;;;;;;;;;;;;;;;;;;;;;;;;;
0097++ 0067             ; STRCMP
0098++ 0067             ; compare two strings
0099++ 0067             ; str1 in SI
0100++ 0067             ; str2 in DI
0101++ 0067             ; CREATE A STRING COMPAIRON INSTRUCION ?????
0102++ 0067             ;;;;;;;;;;;;;;;;;;;;;;;;;;;;;;;;;;;;;;;;;;;;;;;;;;;;;;;;;;;;;;;;;;;;;;;;;;;;;;;;;;;;;;;;;;;;;;;;;;;;;;;;;;;;;;;;;;
0103++ 0067             strcmp:
0104++ 0067 DB          	push al
0105++ 0068 DA          	push d
0106++ 0069 E3          	push di
0107++ 006A E2          	push si
0108++ 006B             strcmp_loop:
0109++ 006B F3          	cmpsb					; compare a byte of the strings
0110++ 006C C7 77 00    	jne strcmp_ret
0111++ 006F FB FF FF    	lea d, [si +- 1]
0112++ 0072 BD 00       	cmp byte[d], 0				; check if at end of string (null)
0113++ 0074 C7 6B 00    	jne strcmp_loop				; equal chars but not at end
0114++ 0077             strcmp_ret:
0115++ 0077 EF          	pop si
0116++ 0078 F0          	pop di
0117++ 0079 E7          	pop d
0118++ 007A E8          	pop al
0119++ 007B 09          	ret
0120++ 007C             
0121++ 007C             
0122++ 007C             ; STRCPY
0123++ 007C             ; copy null terminated string from SI to DI
0124++ 007C             ; source in SI
0125++ 007C             ; destination in DI
0126++ 007C             strcpy:
0127++ 007C E2          	push si
0128++ 007D E3          	push di
0129++ 007E DB          	push al
0130++ 007F             strcpy_L1:
0131++ 007F F6          	lodsb
0132++ 0080 F7          	stosb
0133++ 0081 B9 00       	cmp al, 0
0134++ 0083 C7 7F 00    	jne strcpy_L1
0135++ 0086             strcpy_end:
0136++ 0086 E8          	pop al
0137++ 0087 F0          	pop di
0138++ 0088 EF          	pop si
0139++ 0089 09          	ret
0140++ 008A             
0141++ 008A             ; STRCAT
0142++ 008A             ; concatenate a NULL terminated string into string at DI, from string at SI
0143++ 008A             ; source in SI
0144++ 008A             ; destination in DI
0145++ 008A             strcat:
0146++ 008A E2          	push si
0147++ 008B E3          	push di
0148++ 008C D7          	push a
0149++ 008D DA          	push d
0150++ 008E 50          	mov a, di
0151++ 008F 3C          	mov d, a
0152++ 0090             strcat_goto_end_L1:
0153++ 0090 BD 00       	cmp byte[d], 0
0154++ 0092 C6 99 00    	je strcat_start
0155++ 0095 79          	inc d
0156++ 0096 0A 90 00    	jmp strcat_goto_end_L1
0157++ 0099             strcat_start:
0158++ 0099 FD 50       	mov di, d
0159++ 009B             strcat_L1:
0160++ 009B F6          	lodsb
0161++ 009C F7          	stosb
0162++ 009D B9 00       	cmp al, 0
0163++ 009F C7 9B 00    	jne strcat_L1
0164++ 00A2             strcat_end:
0165++ 00A2 E7          	pop d
0166++ 00A3 E4          	pop a
0167++ 00A4 F0          	pop di
0168++ 00A5 EF          	pop si
0169++ 00A6 09          	ret
0005+  00A7             
0006+  00A7 30 31 32 33 s_hex_digits:	.db "0123456789ABCDEF"	
0006+  00AB 34 35 36 37 
0006+  00AF 38 39 41 42 
0006+  00B3 43 44 45 46 
0007+  00B7             
0008+  00B7 01 00       table_power:.dw 1
0009+  00B9 0A 00       			.dw 10
0010+  00BB 64 00       			.dw 100
0011+  00BD E8 03       			.dw 1000
0012+  00BF 10 27       			.dw 10000
0013+  00C1             
0014+  00C1             ;;;;;;;;;;;;;;;;;;;;;;;;;;;;;;;;;;;;;;;;;;;;;;;;;;;;;;;;;;;;;;;;;;;;;;;;;;;;;;;;;;;;;;;;;;;;;;;;;;;;;;;;;;;;;;;;;;
0015+  00C1             ; CONVERT ASCII 'O'..'F' TO INTEGER 0..15
0016+  00C1             ; ASCII in BL
0017+  00C1             ; result in AL
0018+  00C1             ; ascii for F = 0100 0110
0019+  00C1             ; ascii for 9 = 0011 1001
0020+  00C1             ;;;;;;;;;;;;;;;;;;;;;;;;;;;;;;;;;;;;;;;;;;;;;;;;;;;;;;;;;;;;;;;;;;;;;;;;;;;;;;;;;;;;;;;;;;;;;;;;;;;;;;;;;;;;;;;;;;
0021+  00C1             hex_ascii_encode:
0022+  00C1 1B          	mov al, bl
0023+  00C2 93 40       	test al, $40				; test if letter or number
0024+  00C4 C7 CA 00    	jnz hex_letter
0025+  00C7 87 0F       	and al, $0F				; get number
0026+  00C9 09          	ret
0027+  00CA             hex_letter:
0028+  00CA 87 0F       	and al, $0F				; get letter
0029+  00CC 6A 09       	add al, 9
0030+  00CE 09          	ret
0031+  00CF             
0032+  00CF             ;;;;;;;;;;;;;;;;;;;;;;;;;;;;;;;;;;;;;;;;;;;;;;;;;;;;;;;;;;;;;;;;;;;;;;;;;;;;;;;;;;;;;;;;;;;;;;;;;;;;;;;;;;;;;;;;;;
0033+  00CF             ; ATOI
0034+  00CF             ; 2 letter hex string in B
0035+  00CF             ; 8bit integer returned in AL
0036+  00CF             ;;;;;;;;;;;;;;;;;;;;;;;;;;;;;;;;;;;;;;;;;;;;;;;;;;;;;;;;;;;;;;;;;;;;;;;;;;;;;;;;;;;;;;;;;;;;;;;;;;;;;;;;;;;;;;;;;;
0037+  00CF             atoi:
0038+  00CF D8          	push b
0039+  00D0 07 C1 00    	call hex_ascii_encode			; convert BL to 4bit code in AL
0040+  00D3 30          	mov bl, bh
0041+  00D4 DB          	push al					; save a
0042+  00D5 07 C1 00    	call hex_ascii_encode
0043+  00D8 EA          	pop bl	
0044+  00D9 FD 9E 04    	shl al, 4
0045+  00DC 8C          	or al, bl
0046+  00DD E5          	pop b
0047+  00DE 09          	ret	
0048+  00DF             
0049+  00DF             
0050+  00DF             ;;;;;;;;;;;;;;;;;;;;;;;;;;;;;;;;;;;;;;;;;;;;;;;;;;;;;;;;;;;;;;;;;;;;;;;;;;;;;;;;;;;;;;;;;;;;;;;;;;;;;;;;;;;;;;;;;;
0051+  00DF             ; printf
0052+  00DF             ; no need for explanations!
0053+  00DF             ;;;;;;;;;;;;;;;;;;;;;;;;;;;;;;;;;;;;;;;;;;;;;;;;;;;;;;;;;;;;;;;;;;;;;;;;;;;;;;;;;;;;;;;;;;;;;;;;;;;;;;;;;;;;;;;;;;
0054+  00DF             printf:
0055+  00DF 09          	ret
0056+  00E0             
0057+  00E0             
0058+  00E0             ;;;;;;;;;;;;;;;;;;;;;;;;;;;;;;;;;;;;;;;;;;;;;;;;;;;;;;;;;;;;;;;;;;;;;;;;;;;;;;;;;;;;;;;;;;;;;;;;;;;;;;;;;;;;;;;;;;
0059+  00E0             ; scanf
0060+  00E0             ; no need for explanations!
0061+  00E0             ;;;;;;;;;;;;;;;;;;;;;;;;;;;;;;;;;;;;;;;;;;;;;;;;;;;;;;;;;;;;;;;;;;;;;;;;;;;;;;;;;;;;;;;;;;;;;;;;;;;;;;;;;;;;;;;;;;
0062+  00E0             scanf:
0063+  00E0 09          	ret
0064+  00E1             
0065+  00E1             ;;;;;;;;;;;;;;;;;;;;;;;;;;;;;;;;;;;;;;;;;;;;;;;;;;;;;;;;;;;;;;;;;;;;;;;;;;;;;;;;;;;;;;;;;;;;;;;;;;;;;;;;;;;;;;;;;;
0066+  00E1             ; ITOA
0067+  00E1             ; 8bit value in BL
0068+  00E1             ; 2 byte ASCII result in A
0069+  00E1             ;;;;;;;;;;;;;;;;;;;;;;;;;;;;;;;;;;;;;;;;;;;;;;;;;;;;;;;;;;;;;;;;;;;;;;;;;;;;;;;;;;;;;;;;;;;;;;;;;;;;;;;;;;;;;;;;;;
0070+  00E1             itoa:
0071+  00E1 DA          	push d
0072+  00E2 D8          	push b
0073+  00E3 A7 00       	mov bh, 0
0074+  00E5 FD A4 04    	shr bl, 4	
0075+  00E8 74          	mov d, b
0076+  00E9 1F A7 00    	mov al, [d + s_hex_digits]
0077+  00EC 23          	mov ah, al
0078+  00ED             	
0079+  00ED E5          	pop b
0080+  00EE D8          	push b
0081+  00EF A7 00       	mov bh, 0
0082+  00F1 FD 87 0F    	and bl, $0F
0083+  00F4 74          	mov d, b
0084+  00F5 1F A7 00    	mov al, [d + s_hex_digits]
0085+  00F8 E5          	pop b
0086+  00F9 E7          	pop d
0087+  00FA 09          	ret
0088+  00FB             
0089+  00FB             ;;;;;;;;;;;;;;;;;;;;;;;;;;;;;;;;;;;;;;;;;;;;;;;;;;;;;;;;;;;;;;;;;;;;;;;;;;;;;;;;;;;;;;;;;;;;;;;;;;;;;;;;;;;;;;;;;;
0090+  00FB             ; HEX STRING TO BINARY
0091+  00FB             ; di = destination address
0092+  00FB             ; si = source
0093+  00FB             ;;;;;;;;;;;;;;;;;;;;;;;;;;;;;;;;;;;;;;;;;;;;;;;;;;;;;;;;;;;;;;;;;;;;;;;;;;;;;;;;;;;;;;;;;;;;;;;;;;;;;;;;;;;;;;;;;;
0094+  00FB             hex_to_int:
0095+  00FB             hex_to_int_L1:
0096+  00FB F6          	lodsb					; load from [SI] to AL
0097+  00FC B9 00       	cmp al, 0				; check if ASCII 0
0098+  00FE C6 0B 01    	jz hex_to_int_ret
0099+  0101 36          	mov bh, al
0100+  0102 F6          	lodsb
0101+  0103 2F          	mov bl, al
0102+  0104 07 CF 00    	call atoi				; convert ASCII byte in B to int (to AL)
0103+  0107 F7          	stosb					; store AL to [DI]
0104+  0108 0A FB 00    	jmp hex_to_int_L1
0105+  010B             hex_to_int_ret:
0106+  010B 09          	ret		
0107+  010C             
0108+  010C             
0109+  010C             
0110+  010C             ;;;;;;;;;;;;;;;;;;;;;;;;;;;;;;;;;;;;;;;;;;;;;;;;;;;;;;;;;;;;;;;;;;;;;;;;;;;;;;;;;;;;;;;;;;;;;;;;;;;;;;;;;;;;;;;;;;
0111+  010C             ; GETCHAR
0112+  010C             ; char in ah
0113+  010C             ;;;;;;;;;;;;;;;;;;;;;;;;;;;;;;;;;;;;;;;;;;;;;;;;;;;;;;;;;;;;;;;;;;;;;;;;;;;;;;;;;;;;;;;;;;;;;;;;;;;;;;;;;;;;;;;;;;
0114+  010C             getchar:
0115+  010C DB          	push al
0116+  010D             getchar_retry:
0117+  010D FD 0C       	sti
0118+  010F 19 01       	mov al, 1
0119+  0111 05 03       	syscall sys_io			; receive in AH
0120+  0113 B9 00       	cmp al, 0			; check if any char was receive
0121+  0115 C6 0D 01    	je getchar_retry
0122+  0118 E8          	pop al
0123+  0119 09          	ret
0124+  011A             
0125+  011A             ;;;;;;;;;;;;;;;;;;;;;;;;;;;;;;;;;;;;;;;;;;;;;;;;;;;;;;;;;;;;;;;;;;;;;;;;;;;;;;;;;;;;;;;;;;;;;;;;;;;;;;;;;;;;;;;;;;
0126+  011A             ; PUTCHAR
0127+  011A             ; char in ah
0128+  011A             ;;;;;;;;;;;;;;;;;;;;;;;;;;;;;;;;;;;;;;;;;;;;;;;;;;;;;;;;;;;;;;;;;;;;;;;;;;;;;;;;;;;;;;;;;;;;;;;;;;;;;;;;;;;;;;;;;;
0129+  011A             putchar:
0130+  011A D7          	push a
0131+  011B 19 00       	mov al, 0
0132+  011D 05 03       	syscall sys_io			; char in AH
0133+  011F E4          	pop a
0134+  0120 09          	ret
0135+  0121             
0136+  0121             ;;;;;;;;;;;;;;;;;;;;;;;;;;;;;;;;;;;;;;;;;;;;;;;;;;;;;;;;;;;;;;;;;;;;;;;;;;;;;;;;;;;;;;;;;;;;;;;;;;;;;;;;;;;;;;;;;;
0137+  0121             ;; INPUT A STRING
0138+  0121             ;; terminates with null
0139+  0121             ;; pointer in D
0140+  0121             ;;;;;;;;;;;;;;;;;;;;;;;;;;;;;;;;;;;;;;;;;;;;;;;;;;;;;;;;;;;;;;;;;;;;;;;;;;;;;;;;;;;;;;;;;;;;;;;;;;;;;;;;;;;;;;;;;;
0141+  0121             gets:
0142+  0121 D7          	push a
0143+  0122 DA          	push d
0144+  0123             gets_loop:
0145+  0123 FD 0C       	sti
0146+  0125 19 01       	mov al, 1
0147+  0127 05 03       	syscall sys_io			; receive in AH
0148+  0129 B9 00       	cmp al, 0				; check error code (AL)
0149+  012B C6 23 01    	je gets_loop			; if no char received, retry
0150+  012E             
0151+  012E 76 1B       	cmp ah, 27
0152+  0130 C6 4C 01    	je gets_telnet_escape
0153+  0133 76 0A       	cmp ah, $0A				; LF
0154+  0135 C6 A5 01    	je gets_end
0155+  0138 76 5C       	cmp ah, $5C				; '\\'
0156+  013A C6 7C 01    	je gets_escape
0157+  013D             	
0158+  013D 76 08       	cmp ah, $08			; check for backspace
0159+  013F C6 48 01    	je gets_backspace
0160+  0142             
0161+  0142 1A          	mov al, ah
0162+  0143 3E          	mov [d], al
0163+  0144 79          	inc d
0164+  0145 0A 23 01    	jmp gets_loop
0165+  0148             gets_backspace:
0166+  0148 7F          	dec d
0167+  0149 0A 23 01    	jmp gets_loop
0168+  014C             gets_telnet_escape:
0169+  014C FD 0C       	sti
0170+  014E 19 01       	mov al, 1
0171+  0150 05 03       	syscall sys_io				; receive in AH without echo
0172+  0152 B9 00       	cmp al, 0					; check error code (AL)
0173+  0154 C6 4C 01    	je gets_telnet_escape		; if no char received, retry
0174+  0157 76 5B       	cmp ah, '['
0175+  0159 C7 23 01    	jne gets_loop
0176+  015C             gets_telnet_escape_phase2:
0177+  015C FD 0C       	sti
0178+  015E 19 01       	mov al, 1
0179+  0160 05 03       	syscall sys_io					; receive in AH without echo
0180+  0162 B9 00       	cmp al, 0						; check error code (AL)
0181+  0164 C6 5C 01    	je gets_telnet_escape_phase2	; if no char received, retry
0182+  0167 76 44       	cmp ah, 'D'
0183+  0169 C6 74 01    	je gets_left_arrow
0184+  016C 76 43       	cmp ah, 'C'
0185+  016E C6 78 01    	je gets_right_arrow
0186+  0171 0A 23 01    	jmp gets_loop
0187+  0174             gets_left_arrow:
0188+  0174 7F          	dec d
0189+  0175 0A 23 01    	jmp gets_loop
0190+  0178             gets_right_arrow:
0191+  0178 79          	inc d
0192+  0179 0A 23 01    	jmp gets_loop
0193+  017C             gets_escape:
0194+  017C FD 0C       	sti
0195+  017E 19 01       	mov al, 1
0196+  0180 05 03       	syscall sys_io			; receive in AH
0197+  0182 B9 00       	cmp al, 0				; check error code (AL)
0198+  0184 C6 7C 01    	je gets_escape			; if no char received, retry
0199+  0187 76 6E       	cmp ah, 'n'
0200+  0189 C6 97 01    	je gets_LF
0201+  018C 76 72       	cmp ah, 'r'
0202+  018E C6 9E 01    	je gets_CR
0203+  0191 1A          	mov al, ah				; if not a known escape, it is just a normal letter
0204+  0192 3E          	mov [d], al
0205+  0193 79          	inc d
0206+  0194 0A 23 01    	jmp gets_loop
0207+  0197             gets_LF:
0208+  0197 19 0A       	mov al, $0A
0209+  0199 3E          	mov [d], al
0210+  019A 79          	inc d
0211+  019B 0A 23 01    	jmp gets_loop
0212+  019E             gets_CR:
0213+  019E 19 0D       	mov al, $0D
0214+  01A0 3E          	mov [d], al
0215+  01A1 79          	inc d
0216+  01A2 0A 23 01    	jmp gets_loop
0217+  01A5             gets_end:
0218+  01A5 19 00       	mov al, 0
0219+  01A7 3E          	mov [d], al				; terminate string
0220+  01A8 E7          	pop d
0221+  01A9 E4          	pop a
0222+  01AA 09          	ret
0223+  01AB             
0224+  01AB             
0225+  01AB             
0226+  01AB             
0227+  01AB             ;;;;;;;;;;;;;;;;;;;;;;;;;;;;;;;;;;;;;;;;;;;;;;;;;;;;;;;;;;;;;;;;;;;;;;;;;;;;;;;;;;;;;;;;;;;;;;;;;;;;;;;;;;;;;;;;;;
0228+  01AB             ;; INPUT TEXT
0229+  01AB             ;; terminated with CTRL+D
0230+  01AB             ;; pointer in D
0231+  01AB             ;;;;;;;;;;;;;;;;;;;;;;;;;;;;;;;;;;;;;;;;;;;;;;;;;;;;;;;;;;;;;;;;;;;;;;;;;;;;;;;;;;;;;;;;;;;;;;;;;;;;;;;;;;;;;;;;;;
0232+  01AB             gettxt:
0233+  01AB D7          	push a
0234+  01AC DA          	push d
0235+  01AD             gettxt_loop:
0236+  01AD 19 01       	mov al, 1
0237+  01AF 05 03       	syscall sys_io			; receive in AH
0238+  01B1 B9 00       	cmp al, 0				; check error code (AL)
0239+  01B3 C6 AD 01    	je gettxt_loop		; if no char received, retry
0240+  01B6 76 04       	cmp ah, 4			; EOT
0241+  01B8 C6 F6 01    	je gettxt_end
0242+  01BB 76 08       	cmp ah, $08			; check for backspace
0243+  01BD C6 F2 01    	je gettxt_backspace
0244+  01C0 76 5C       	cmp ah, $5C				; '\\'
0245+  01C2 C6 CB 01    	je gettxt_escape
0246+  01C5 1A          	mov al, ah
0247+  01C6 3E          	mov [d], al
0248+  01C7 79          	inc d
0249+  01C8 0A AD 01    	jmp gettxt_loop
0250+  01CB             gettxt_escape:
0251+  01CB 19 01       	mov al, 1
0252+  01CD 05 03       	syscall sys_io			; receive in AH
0253+  01CF B9 00       	cmp al, 0				; check error code (AL)
0254+  01D1 C6 CB 01    	je gettxt_escape		; if no char received, retry
0255+  01D4 76 6E       	cmp ah, 'n'
0256+  01D6 C6 E4 01    	je gettxt_LF
0257+  01D9 76 72       	cmp ah, 'r'
0258+  01DB C6 EB 01    	je gettxt_CR
0259+  01DE 1A          	mov al, ah				; if not a known escape, it is just a normal letter
0260+  01DF 3E          	mov [d], al
0261+  01E0 79          	inc d
0262+  01E1 0A AD 01    	jmp gettxt_loop
0263+  01E4             gettxt_LF:
0264+  01E4 19 0A       	mov al, $0A
0265+  01E6 3E          	mov [d], al
0266+  01E7 79          	inc d
0267+  01E8 0A AD 01    	jmp gettxt_loop
0268+  01EB             gettxt_CR:
0269+  01EB 19 0D       	mov al, $0D
0270+  01ED 3E          	mov [d], al
0271+  01EE 79          	inc d
0272+  01EF 0A AD 01    	jmp gettxt_loop
0273+  01F2             gettxt_backspace:
0274+  01F2 7F          	dec d
0275+  01F3 0A AD 01    	jmp gettxt_loop
0276+  01F6             gettxt_end:
0277+  01F6 19 00       	mov al, 0
0278+  01F8 3E          	mov [d], al				; terminate string
0279+  01F9 E7          	pop d
0280+  01FA E4          	pop a
0281+  01FB 09          	ret
0282+  01FC             
0283+  01FC             ;;;;;;;;;;;;;;;;;;;;;;;;;;;;;;;;;;;;;;;;;;;;;;;;;;;;;;;;;;;;;;;;;;;;;;;;;;;;;;;;;;;;;;;;;;;;;;;;;;;;;;;;;;;;;;;;;;
0284+  01FC             ; PRINT NEW LINE
0285+  01FC             ;;;;;;;;;;;;;;;;;;;;;;;;;;;;;;;;;;;;;;;;;;;;;;;;;;;;;;;;;;;;;;;;;;;;;;;;;;;;;;;;;;;;;;;;;;;;;;;;;;;;;;;;;;;;;;;;;;
0286+  01FC             printnl:
0287+  01FC D7          	push a
0288+  01FD 10 00 0A    	mov a, $0A00
0289+  0200 05 03       	syscall sys_io
0290+  0202 10 00 0D    	mov a, $0D00
0291+  0205 05 03       	syscall sys_io
0292+  0207 E4          	pop a
0293+  0208 09          	ret
0294+  0209             
0295+  0209             ;;;;;;;;;;;;;;;;;;;;;;;;;;;;;;;;;;;;;;;;;;;;;;;;;;;;;;;;;;;;;;;;;;;;;;;;;;;;;;;;;;;;;;;;;;;;;;;;;;;;;;;;;;;;;;;;;;
0296+  0209             ; strtoint
0297+  0209             ; 4 digit hex string number in d
0298+  0209             ; integer returned in A
0299+  0209             ;;;;;;;;;;;;;;;;;;;;;;;;;;;;;;;;;;;;;;;;;;;;;;;;;;;;;;;;;;;;;;;;;;;;;;;;;;;;;;;;;;;;;;;;;;;;;;;;;;;;;;;;;;;;;;;;;;
0300+  0209             strtointx:
0301+  0209 D8          	push b
0302+  020A 32          	mov bl, [d]
0303+  020B 37          	mov bh, bl
0304+  020C 33 01 00    	mov bl, [d + 1]
0305+  020F 07 CF 00    	call atoi				; convert to int in AL
0306+  0212 23          	mov ah, al				; move to AH
0307+  0213 33 02 00    	mov bl, [d + 2]
0308+  0216 37          	mov bh, bl
0309+  0217 33 03 00    	mov bl, [d + 3]
0310+  021A 07 CF 00    	call atoi				; convert to int in AL
0311+  021D E5          	pop b
0312+  021E 09          	ret
0313+  021F             
0314+  021F             ;;;;;;;;;;;;;;;;;;;;;;;;;;;;;;;;;;;;;;;;;;;;;;;;;;;;;;;;;;;;;;;;;;;;;;;;;;;;;;;;;;;;;;;;;;;;;;;;;;;;;;;;;;;;;;;;;;
0315+  021F             ; strtoint
0316+  021F             ; 5 digit base10 string number in d
0317+  021F             ; integer returned in A
0318+  021F             ;;;;;;;;;;;;;;;;;;;;;;;;;;;;;;;;;;;;;;;;;;;;;;;;;;;;;;;;;;;;;;;;;;;;;;;;;;;;;;;;;;;;;;;;;;;;;;;;;;;;;;;;;;;;;;;;;;
0319+  021F             strtoint:
0320+  021F E2          	push si
0321+  0220 D8          	push b
0322+  0221 D9          	push c
0323+  0222 DA          	push d
0324+  0223 07 57 00    	call strlen			; get string length in C
0325+  0226 7E          	dec c
0326+  0227 FD 4E       	mov si, d
0327+  0229 12          	mov a, c
0328+  022A FD 99       	shl a
0329+  022C 3B B7 00    	mov d, table_power
0330+  022F 59          	add d, a
0331+  0230 38 00 00    	mov c, 0
0332+  0233             strtoint_L0:
0333+  0233 F6          	lodsb			; load ASCII to al
0334+  0234 B9 00       	cmp al, 0
0335+  0236 C6 49 02    	je strtoint_end
0336+  0239 6F 30       	sub al, $30		; make into integer
0337+  023B 22 00       	mov ah, 0
0338+  023D 2A          	mov b, [d]
0339+  023E AC          	mul a, b			; result in B since it fits in 16bits
0340+  023F 11          	mov a, b
0341+  0240 28          	mov b, c
0342+  0241 54          	add a, b
0343+  0242 39          	mov c, a
0344+  0243 63 02 00    	sub d, 2
0345+  0246 0A 33 02    	jmp strtoint_L0
0346+  0249             strtoint_end:
0347+  0249 12          	mov a, c
0348+  024A E7          	pop d
0349+  024B E6          	pop c
0350+  024C E5          	pop b
0351+  024D EF          	pop si
0352+  024E 09          	ret
0353+  024F             
0354+  024F             
0355+  024F             ;;;;;;;;;;;;;;;;;;;;;;;;;;;;;;;;;;;;;;;;;;;;;;;;;;;;;;;;;;;;;;;;;;;;;;;;;;;;;;;;;;;;;;;;;;;;;;;;;;;;;;;;;;;;;;;;;;
0356+  024F             ; PRINT NULL TERMINATED STRING
0357+  024F             ; pointer in D
0358+  024F             ;;;;;;;;;;;;;;;;;;;;;;;;;;;;;;;;;;;;;;;;;;;;;;;;;;;;;;;;;;;;;;;;;;;;;;;;;;;;;;;;;;;;;;;;;;;;;;;;;;;;;;;;;;;;;;;;;;
0359+  024F             puts:
0360+  024F D7          	push a
0361+  0250 DA          	push d
0362+  0251             puts_L1:
0363+  0251 1E          	mov al, [d]
0364+  0252 B9 00       	cmp al, 0
0365+  0254 C6 60 02    	jz puts_END
0366+  0257 23          	mov ah, al
0367+  0258 19 00       	mov al, 0
0368+  025A 05 03       	syscall sys_io
0369+  025C 79          	inc d
0370+  025D 0A 51 02    	jmp puts_L1
0371+  0260             puts_END:
0372+  0260 E7          	pop d
0373+  0261 E4          	pop a
0374+  0262 09          	ret
0375+  0263             
0376+  0263             ;;;;;;;;;;;;;;;;;;;;;;;;;;;;;;;;;;;;;;;;;;;;;;;;;;;;;;;;;;;;;;;;;;;;;;;;;;;;;;;;;;;;;;;;;;;;;;;;;;;;;;;;;;;;;;;;;;
0377+  0263             ; PRINT N SIZE STRING
0378+  0263             ; pointer in D
0379+  0263             ; size in C
0380+  0263             ;;;;;;;;;;;;;;;;;;;;;;;;;;;;;;;;;;;;;;;;;;;;;;;;;;;;;;;;;;;;;;;;;;;;;;;;;;;;;;;;;;;;;;;;;;;;;;;;;;;;;;;;;;;;;;;;;;
0381+  0263             putsn:
0382+  0263 DB          	push al
0383+  0264 DA          	push d
0384+  0265 D9          	push c
0385+  0266             putsn_L0:
0386+  0266 1E          	mov al, [d]
0387+  0267 23          	mov ah, al
0388+  0268 19 00       	mov al, 0
0389+  026A 05 03       	syscall sys_io
0390+  026C 79          	inc d
0391+  026D 7E          	dec c	
0392+  026E C2 00 00    	cmp c, 0
0393+  0271 C7 66 02    	jne putsn_L0
0394+  0274             putsn_end:
0395+  0274 E6          	pop c
0396+  0275 E7          	pop d
0397+  0276 E8          	pop al
0398+  0277 09          	ret
0399+  0278             
0400+  0278             ;;;;;;;;;;;;;;;;;;;;;;;;;;;;;;;;;;;;;;;;;;;;;;;;;;;;;;;;;;;;;;;;;;;;;;;;;;;;;;;;;;;;;;;
0401+  0278             ; print 16bit decimal number
0402+  0278             ; input number in A
0403+  0278             ;;;;;;;;;;;;;;;;;;;;;;;;;;;;;;;;;;;;;;;;;;;;;;;;;;;;;;;;;;;;;;;;;;;;;;;;;;;;;;;;;;;;;;;
0404+  0278             print_u16d:
0405+  0278 D7          	push a
0406+  0279 D8          	push b
0407+  027A 26 10 27    	mov b, 10000
0408+  027D AE          	div a, b			; get 10000 coeff.
0409+  027E 07 A4 02    	call print_zero_or_space
0410+  0281 11          	mov a, b
0411+  0282 26 E8 03    	mov b, 1000
0412+  0285 AE          	div a, b			; get 10000 coeff.
0413+  0286 07 A4 02    	call print_zero_or_space
0414+  0289 11          	mov a, b
0415+  028A 26 64 00    	mov b, 100
0416+  028D AE          	div a, b
0417+  028E 07 A4 02    	call print_zero_or_space
0418+  0291 11          	mov a, b
0419+  0292 26 0A 00    	mov b, 10
0420+  0295 AE          	div a, b
0421+  0296 07 A4 02    	call print_zero_or_space
0422+  0299 11          	mov a, b
0423+  029A 6A 30       	add al, $30
0424+  029C 23          	mov ah, al
0425+  029D 19 00       	mov al, 0
0426+  029F 05 03       	syscall sys_io	; print coeff
0427+  02A1 E5          	pop b
0428+  02A2 E4          	pop a
0429+  02A3 09          	ret
0430+  02A4             
0431+  02A4             
0432+  02A4             ;;;;;;;;;;;;;;;;;;;;;;;;;;;;;;;;;;;;;;;;;;;;;;;;;;;;;;;;;;;;;;;;;;;;;;;;;;;;;;;;;;;;;;;
0433+  02A4             ; if A == 0, print space
0434+  02A4             ; else print A
0435+  02A4             ;;;;;;;;;;;;;;;;;;;;;;;;;;;;;;;;;;;;;;;;;;;;;;;;;;;;;;;;;;;;;;;;;;;;;;;;;;;;;;;;;;;;;;;
0436+  02A4             print_zero_or_space:
0437+  02A4             	; cmp a, 0
0438+  02A4             	; jne print_number
0439+  02A4             	; mov ah, $20
0440+  02A4             	; call putchar
0441+  02A4             	; ret
0442+  02A4             print_number:
0443+  02A4 6A 30       	add al, $30
0444+  02A6 23          	mov ah, al
0445+  02A7 07 1A 01    	call putchar
0446+  02AA 09          	ret
0447+  02AB             
0448+  02AB             ;;;;;;;;;;;;;;;;;;;;;;;;;;;;;;;;;;;;;;;;;;;;;;;;;;;;;;;;;;;;;;;;;;;;;;;;;;;;;;;;;;;;;;;;;;;;;;;;;;;;;;;;;;;;;;;;;;
0449+  02AB             ; PRINT 16BIT HEX INTEGER
0450+  02AB             ; integer value in reg B
0451+  02AB             ;;;;;;;;;;;;;;;;;;;;;;;;;;;;;;;;;;;;;;;;;;;;;;;;;;;;;;;;;;;;;;;;;;;;;;;;;;;;;;;;;;;;;;;;;;;;;;;;;;;;;;;;;;;;;;;;;;
0452+  02AB             print_u16x:
0453+  02AB D7          	push a
0454+  02AC D8          	push b
0455+  02AD DD          	push bl
0456+  02AE 30          	mov bl, bh
0457+  02AF 07 E1 00    	call itoa				; convert bh to char in A
0458+  02B2 2F          	mov bl, al				; save al
0459+  02B3 19 00       	mov al, 0
0460+  02B5 05 03       	syscall sys_io				; display AH
0461+  02B7 24          	mov ah, bl				; retrieve al
0462+  02B8 19 00       	mov al, 0
0463+  02BA 05 03       	syscall sys_io				; display AL
0464+  02BC             
0465+  02BC EA          	pop bl
0466+  02BD 07 E1 00    	call itoa				; convert bh to char in A
0467+  02C0 2F          	mov bl, al				; save al
0468+  02C1 19 00       	mov al, 0
0469+  02C3 05 03       	syscall sys_io				; display AH
0470+  02C5 24          	mov ah, bl				; retrieve al
0471+  02C6 19 00       	mov al, 0
0472+  02C8 05 03       	syscall sys_io				; display AL
0473+  02CA             
0474+  02CA E5          	pop b
0475+  02CB E4          	pop a
0476+  02CC 09          	ret
0477+  02CD             
0478+  02CD             ;;;;;;;;;;;;;;;;;;;;;;;;;;;;;;;;;;;;;;;;;;;;;;;;;;;;;;;;;;;;;;;;;;;;;;;;;;;;;;;;;;;;;;;;;;;;;;;;;;;;;;;;;;;;;;;;;;
0479+  02CD             ; INPUT 16BIT HEX INTEGER
0480+  02CD             ; read 16bit integer into A
0481+  02CD             ;;;;;;;;;;;;;;;;;;;;;;;;;;;;;;;;;;;;;;;;;;;;;;;;;;;;;;;;;;;;;;;;;;;;;;;;;;;;;;;;;;;;;;;;;;;;;;;;;;;;;;;;;;;;;;;;;;
0482+  02CD             scan_u16x:
0483+  02CD F8 10 00    	enter 16
0484+  02D0 D8          	push b
0485+  02D1 DA          	push d
0486+  02D2             
0487+  02D2 FA F1 FF    	lea d, [bp + -15]
0488+  02D5 07 21 01    	call gets				; get number
0489+  02D8             
0490+  02D8 32          	mov bl, [d]
0491+  02D9 37          	mov bh, bl
0492+  02DA 33 01 00    	mov bl, [d + 1]
0493+  02DD 07 CF 00    	call atoi				; convert to int in AL
0494+  02E0 23          	mov ah, al				; move to AH
0495+  02E1             
0496+  02E1 33 02 00    	mov bl, [d + 2]
0497+  02E4 37          	mov bh, bl
0498+  02E5 33 03 00    	mov bl, [d + 3]
0499+  02E8 07 CF 00    	call atoi				; convert to int in AL
0500+  02EB             
0501+  02EB E7          	pop d
0502+  02EC E5          	pop b
0503+  02ED F9          	leave
0504+  02EE 09          	ret
0505+  02EF             
0506+  02EF             ;;;;;;;;;;;;;;;;;;;;;;;;;;;;;;;;;;;;;;;;;;;;;;;;;;;;;;;;;;;;;;;;;;;;;;;;;;;;;;;;;;;;;;;;;;;;;;;;;;;;;;;;;;;;;;;;;;
0507+  02EF             ; PRINT 8bit HEX INTEGER
0508+  02EF             ; integer value in reg bl
0509+  02EF             ;;;;;;;;;;;;;;;;;;;;;;;;;;;;;;;;;;;;;;;;;;;;;;;;;;;;;;;;;;;;;;;;;;;;;;;;;;;;;;;;;;;;;;;;;;;;;;;;;;;;;;;;;;;;;;;;;;
0510+  02EF             print_u8x:
0511+  02EF D7          	push a
0512+  02F0 DD          	push bl
0513+  02F1             
0514+  02F1 07 E1 00    	call itoa				; convert bl to char in A
0515+  02F4 2F          	mov bl, al				; save al
0516+  02F5 19 00       	mov al, 0
0517+  02F7 05 03       	syscall sys_io				; display AH
0518+  02F9 24          	mov ah, bl				; retrieve al
0519+  02FA 19 00       	mov al, 0
0520+  02FC 05 03       	syscall sys_io				; display AL
0521+  02FE             
0522+  02FE EA          	pop bl
0523+  02FF E4          	pop a
0524+  0300 09          	ret
0525+  0301             
0526+  0301             ;;;;;;;;;;;;;;;;;;;;;;;;;;;;;;;;;;;;;;;;;;;;;;;;;;;;;;;;;;;;;;;;;;;;;;;;;;;;;;;;;;;;;;;
0527+  0301             ; print 8bit decimal unsigned number
0528+  0301             ; input number in AL
0529+  0301             ;;;;;;;;;;;;;;;;;;;;;;;;;;;;;;;;;;;;;;;;;;;;;;;;;;;;;;;;;;;;;;;;;;;;;;;;;;;;;;;;;;;;;;;
0530+  0301             print_u8d:
0531+  0301 D7          	push a
0532+  0302 D8          	push b
0533+  0303             
0534+  0303 22 00       	mov ah, 0
0535+  0305 26 64 00    	mov b, 100
0536+  0308 AE          	div a, b
0537+  0309 D8          	push b			; save remainder
0538+  030A B9 00       	cmp al, 0
0539+  030C C6 16 03    	je skip100
0540+  030F 6A 30       	add al, $30
0541+  0311 23          	mov ah, al
0542+  0312 19 00       	mov al, 0
0543+  0314 05 03       	syscall sys_io	; print coeff
0544+  0316             skip100:
0545+  0316 E4          	pop a
0546+  0317 22 00       	mov ah, 0
0547+  0319 26 0A 00    	mov b, 10
0548+  031C AE          	div a, b
0549+  031D D8          	push b			; save remainder
0550+  031E B9 00       	cmp al, 0
0551+  0320 C6 2A 03    	je skip10
0552+  0323 6A 30       	add al, $30
0553+  0325 23          	mov ah, al
0554+  0326 19 00       	mov al, 0
0555+  0328 05 03       	syscall sys_io	; print coeff
0556+  032A             skip10:
0557+  032A E4          	pop a
0558+  032B 1B          	mov al, bl
0559+  032C 6A 30       	add al, $30
0560+  032E 23          	mov ah, al
0561+  032F 19 00       	mov al, 0
0562+  0331 05 03       	syscall sys_io	; print coeff
0563+  0333 E5          	pop b
0564+  0334 E4          	pop a
0565+  0335 09          	ret
0566+  0336             
0567+  0336             ;;;;;;;;;;;;;;;;;;;;;;;;;;;;;;;;;;;;;;;;;;;;;;;;;;;;;;;;;;;;;;;;;;;;;;;;;;;;;;;;;;;;;;;;;;;;;;;;;;;;;;;;;;;;;;;;;;
0568+  0336             ; INPUT 8BIT HEX INTEGER
0569+  0336             ; read 8bit integer into AL
0570+  0336             ;;;;;;;;;;;;;;;;;;;;;;;;;;;;;;;;;;;;;;;;;;;;;;;;;;;;;;;;;;;;;;;;;;;;;;;;;;;;;;;;;;;;;;;;;;;;;;;;;;;;;;;;;;;;;;;;;;
0571+  0336             scan_u8x:
0572+  0336 F8 04 00    	enter 4
0573+  0339 D8          	push b
0574+  033A DA          	push d
0575+  033B             
0576+  033B FA FD FF    	lea d, [bp + -3]
0577+  033E 07 21 01    	call gets				; get number
0578+  0341             
0579+  0341 32          	mov bl, [d]
0580+  0342 37          	mov bh, bl
0581+  0343 33 01 00    	mov bl, [d + 1]
0582+  0346 07 CF 00    	call atoi				; convert to int in AL
0583+  0349             
0584+  0349 E7          	pop d
0585+  034A E5          	pop b
0586+  034B F9          	leave
0587+  034C 09          	ret
0588+  034D             
0589+  034D             ;;;;;;;;;;;;;;;;;;;;;;;;;;;;;;;;;;;;;;;;;;;;;;;;;;;;;;;;;;;;;;;;;;;;;;;;;;;;;;;;;;;;;;;
0590+  034D             ; input decimal number
0591+  034D             ; result in A
0592+  034D             ; 655'\0'
0593+  034D             ; low--------high
0594+  034D             ;;;;;;;;;;;;;;;;;;;;;;;;;;;;;;;;;;;;;;;;;;;;;;;;;;;;;;;;;;;;;;;;;;;;;;;;;;;;;;;;;;;;;;;
0595+  034D             scan_u16d:
0596+  034D F8 08 00    	enter 8
0597+  0350 E2          	push si
0598+  0351 D8          	push b
0599+  0352 D9          	push c
0600+  0353 DA          	push d
0601+  0354 FA F9 FF    	lea d, [bp +- 7]
0602+  0357 07 21 01    	call gets
0603+  035A 07 57 00    	call strlen			; get string length in C
0604+  035D 7E          	dec c
0605+  035E FD 4E       	mov si, d
0606+  0360 12          	mov a, c
0607+  0361 FD 99       	shl a
0608+  0363 3B B7 00    	mov d, table_power
0609+  0366 59          	add d, a
0610+  0367 38 00 00    	mov c, 0
0611+  036A             mul_loop:
0612+  036A F6          	lodsb			; load ASCII to al
0613+  036B B9 00       	cmp al, 0
0614+  036D C6 80 03    	je mul_exit
0615+  0370 6F 30       	sub al, $30		; make into integer
0616+  0372 22 00       	mov ah, 0
0617+  0374 2A          	mov b, [d]
0618+  0375 AC          	mul a, b			; result in B since it fits in 16bits
0619+  0376 11          	mov a, b
0620+  0377 28          	mov b, c
0621+  0378 54          	add a, b
0622+  0379 39          	mov c, a
0623+  037A 63 02 00    	sub d, 2
0624+  037D 0A 6A 03    	jmp mul_loop
0625+  0380             mul_exit:
0626+  0380 12          	mov a, c
0627+  0381 E7          	pop d
0628+  0382 E6          	pop c
0629+  0383 E5          	pop b
0630+  0384 EF          	pop si
0631+  0385 F9          	leave
0632+  0386 09          	ret
0016   0387             
0017   0387             
0018   0387             
0019   0387             .end
tasm: Number of errors = 0
