0001   0000             .include "kernel.exp"
0001+  0000             PROC_TEXT_ORG    .EQU  $0400
0002+  0000             sys_bkpt         .EQU  $0000
0003+  0000             sys_rtc          .EQU  $0001
0004+  0000             sys_IDE          .EQU  $0002
0005+  0000             sys_io           .EQU  $0003
0006+  0000             sys_fileio       .EQU  $0004
0007+  0000             sys_fork         .EQU  $0005
0008+  0000             sys_list         .EQU  $0006
0009+  0000             sys_datetime     .EQU  $0007
0010+  0000             sys_reboot       .EQU  $0008
0011+  0000             sys_pauseproc    .EQU  $0009
0012+  0000             sys_resumeproc   .EQU  $000a
0013+  0000             sys_terminate_proc .EQU  $000b
0014+  0000             sys_system       .EQU  $000c
0015+  0000             sys_boot_install .EQU  $000d
0002   0000             
0003   0000             ;;;;;;;;;;;;;;;;;;;;;;;;;;;;;;;;;;;;;;;;;;;;;;;;;;;;;;;;;;;;;;;;;;;;;;;;;;;;;;;;
0004   0000             ;; ls /usr/bin
0005   0000             ;;;;;;;;;;;;;;;;;;;;;;;;;;;;;;;;;;;;;;;;;;;;;;;;;;;;;;;;;;;;;;;;;;;;;;;;;;;;;;;;
0006   0000             
0007   0400             .org PROC_TEXT_ORG			; origin at 1024
0008   0400             
0009   0400             cmd_ls:
0010   0400 10 00 00    	mov a, 0
0011   0403 42 59 06    	mov [prog], a			; move tokennizer pointer to the beginning of the arguments area (address 0)
0012   0406 07 BA 04    	call get_token
0013   0409 1D 5C 06    	mov al, [tok]
0014   040C B9 14       	cmp al, TOK_END
0015   040E C6 25 04    	je cmd_ls_current
0016   0411             cmd_ls_arg_given:
0017   0411 07 40 06    	call putback
0018   0414 07 63 04    	call get_path
0019   0417 3B 5D 06    	mov d, tokstr
0020   041A 19 13       	mov al, 19
0021   041C 05 04       	syscall sys_fileio	; get dirID in A
0022   041E 27          	mov b, a
0023   041F 19 04       	mov al, 4
0024   0421 05 04       	syscall sys_fileio
0025   0423 05 0B       	syscall sys_terminate_proc
0026   0425             cmd_ls_current:
0027   0425 19 11       	mov al, 17
0028   0427 05 04       	syscall sys_fileio		; get current dirID in B
0029   0429 19 04       	mov al, 4
0030   042B 05 04       	syscall sys_fileio
0031   042D             
0032   042D 05 0B       	syscall sys_terminate_proc
0033   042F             
0034   042F             
0035   042F             .include "token.asm"
0001+  042F             TOKTYP_IDENTIFIER	.equ 0
0002+  042F             TOKTYP_KEYWORD		.equ 1
0003+  042F             TOKTYP_DELIMITER	.equ 2
0004+  042F             TOKTYP_STRING		.equ 3
0005+  042F             TOKTYP_CHAR			.equ 4
0006+  042F             TOKTYP_NUMERIC		.equ 5
0007+  042F             TOKTYP_END			.equ 6
0008+  042F             
0009+  042F             TOK_NULL			.equ 0
0010+  042F             TOK_FSLASH			.equ 1
0011+  042F             TOK_TIMES 			.equ 2
0012+  042F             TOK_PLUS 			.equ 3
0013+  042F             TOK_MINUS 			.equ 4
0014+  042F             TOK_DOT				.equ 5
0015+  042F             TOK_SEMI			.equ 6
0016+  042F             TOK_ANGLE			.equ 7
0017+  042F             TOK_TILDE			.equ 8
0018+  042F             TOK_EQUAL			.equ 9
0019+  042F             TOK_COLON			.equ 10
0020+  042F             TOK_COMMA			.equ 11
0021+  042F             
0022+  042F             TOK_END				.equ 20
0023+  042F             
0024+  042F             
0025+  042F             ;;;;;;;;;;;;;;;;;;;;;;;;;;;;;;;;;;;;;;;;;;;;;;;;;;;;;;;;;;;;;;;;;;;;;;;;;;;;;;;;;;
0026+  042F             ;; read a full command argment from shell input buffer
0027+  042F             ;; argument is written into tokstr
0028+  042F             ;;;;;;;;;;;;;;;;;;;;;;;;;;;;;;;;;;;;;;;;;;;;;;;;;;;;;;;;;;;;;;;;;;;;;;;;;;;;;;;;;;
0029+  042F             get_arg:
0030+  042F D7          	push a
0031+  0430 E2          	push si
0032+  0431 E3          	push di
0033+  0432 19 00       	mov al, 0
0034+  0434 3D 5D 06    	mov [tokstr], al			; nullify tokstr string
0035+  0437 14 59 06    	mov a, [prog]
0036+  043A 4D          	mov si, a
0037+  043B FD 4F 5D 06 	mov di, tokstr
0038+  043F             get_arg_skip_spaces:
0039+  043F F6          	lodsb
0040+  0440 07 4F 0B    	call isspace
0041+  0443 C6 3F 04    	je get_arg_skip_spaces
0042+  0446             get_arg_L0:
0043+  0446 B9 3B       	cmp al, $3B				; check if is ';'
0044+  0448 C6 55 04    	je get_arg_end
0045+  044B B9 00       	cmp al, 0
0046+  044D C6 55 04    	je get_arg_end			; check if end of input
0047+  0450 F7          	stosb
0048+  0451 F6          	lodsb
0049+  0452 0A 46 04    	jmp get_arg_L0
0050+  0455             get_arg_end:
0051+  0455 19 00       	mov al, 0
0052+  0457 F7          	stosb
0053+  0458 D5 01 00    	sub si, 1
0054+  045B 4E          	mov a, si
0055+  045C 42 59 06    	mov [prog], a		; update pointer
0056+  045F F0          	pop di
0057+  0460 EF          	pop si
0058+  0461 E4          	pop a
0059+  0462 09          	ret
0060+  0463             
0061+  0463             ;;;;;;;;;;;;;;;;;;;;;;;;;;;;;;;;;;;;;;;;;;;;;;;;;;;;;;;;;;;;;;;;;;;;;;;;;;;;;;;;;;
0062+  0463             ;; read a path formation from shell input buffer
0063+  0463             ;; path is written into tokstr
0064+  0463             ;; /usr/bin
0065+  0463             ;;;;;;;;;;;;;;;;;;;;;;;;;;;;;;;;;;;;;;;;;;;;;;;;;;;;;;;;;;;;;;;;;;;;;;;;;;;;;;;;;;
0066+  0463             get_path:
0067+  0463 D7          	push a
0068+  0464 E2          	push si
0069+  0465 E3          	push di
0070+  0466 19 00       	mov al, 0
0071+  0468 3D 5D 06    	mov [tokstr], al			; nullify tokstr string
0072+  046B 14 59 06    	mov a, [prog]
0073+  046E 4D          	mov si, a
0074+  046F FD 4F 5D 06 	mov di, tokstr
0075+  0473             get_path_skip_spaces:
0076+  0473 F6          	lodsb
0077+  0474 07 4F 0B    	call isspace
0078+  0477 C6 73 04    	je get_path_skip_spaces
0079+  047A             get_path_is_pathchar:
0080+  047A F7          	stosb
0081+  047B F6          	lodsb
0082+  047C 07 D9 0A    	call isalnum			;check if is alphanumeric
0083+  047F C6 7A 04    	je get_path_is_pathchar
0084+  0482 B9 2F       	cmp al, '/'				; check if is '/'
0085+  0484 C6 7A 04    	je get_path_is_pathchar
0086+  0487 19 00       	mov al, 0
0087+  0489 F7          	stosb
0088+  048A D5 01 00    	sub si, 1
0089+  048D 4E          	mov a, si
0090+  048E 42 59 06    	mov [prog], a		; update pointer
0091+  0491             get_path_end:
0092+  0491 F0          	pop di
0093+  0492 EF          	pop si
0094+  0493 E4          	pop a
0095+  0494 09          	ret
0096+  0495             
0097+  0495             ;;;;;;;;;;;;;;;;;;;;;;;;;;;;;;;;;;;;;;;;;;;;;;;;;;;;;;;;;;;;;;;;;;;;;;;;;;;;;;;;;;
0098+  0495             ;; read a line
0099+  0495             ;; line is written into tokstr
0100+  0495             ;;;;;;;;;;;;;;;;;;;;;;;;;;;;;;;;;;;;;;;;;;;;;;;;;;;;;;;;;;;;;;;;;;;;;;;;;;;;;;;;;;
0101+  0495             get_line:
0102+  0495 D7          	push a
0103+  0496 E2          	push si
0104+  0497 E3          	push di
0105+  0498 19 00       	mov al, 0
0106+  049A 3D 5D 06    	mov [tokstr], al			; nullify tokstr string
0107+  049D 14 59 06    	mov a, [prog]
0108+  04A0 4D          	mov si, a
0109+  04A1 FD 4F 5D 06 	mov di, tokstr
0110+  04A5             get_line_L0:
0111+  04A5 F6          	lodsb
0112+  04A6 B9 0A       	cmp al, $0A		; check for new line
0113+  04A8 C6 AF 04    	je get_line_exit
0114+  04AB F7          	stosb
0115+  04AC 0A A5 04    	jmp get_line_L0
0116+  04AF             get_line_exit:
0117+  04AF 19 00       	mov al, 0
0118+  04B1 F7          	stosb
0119+  04B2 4E          	mov a, si
0120+  04B3 42 59 06    	mov [prog], a		; update pointer
0121+  04B6 F0          	pop di
0122+  04B7 EF          	pop si
0123+  04B8 E4          	pop a
0124+  04B9 09          	ret
0125+  04BA             
0126+  04BA             ;;;;;;;;;;;;;;;;;;;;;;;;;;;;;;;;;;;;;;;;;;;;;;;;;;;;;;;;;;;;;;;;;;;;;;;;;;;;;;;;;;
0127+  04BA             ;; token parser
0128+  04BA             ;;;;;;;;;;;;;;;;;;;;;;;;;;;;;;;;;;;;;;;;;;;;;;;;;;;;;;;;;;;;;;;;;;;;;;;;;;;;;;;;;;
0129+  04BA             get_token:
0130+  04BA D7          	push a
0131+  04BB DA          	push d
0132+  04BC E2          	push si
0133+  04BD E3          	push di
0134+  04BE 19 00       	mov al, 0
0135+  04C0 3D 5D 06    	mov [tokstr], al			; nullify tokstr string
0136+  04C3 19 00       	mov al, TOK_NULL
0137+  04C5 3D 5C 06    	mov [tok], al				; nullify token
0138+  04C8 14 59 06    	mov a, [prog]
0139+  04CB 4D          	mov si, a
0140+  04CC FD 4F 5D 06 	mov di, tokstr
0141+  04D0             get_tok_skip_spaces:
0142+  04D0 F6          	lodsb
0143+  04D1 07 4F 0B    	call isspace
0144+  04D4 C6 D0 04    	je get_tok_skip_spaces
0145+  04D7 B9 00       	cmp al, 0			; check for end of input (NULL)
0146+  04D9 C6 BE 05    	je get_token_end
0147+  04DC B9 23       	cmp al, '#'			; comments!
0148+  04DE C6 EC 05    	je get_tok_comment
0149+  04E1 07 D9 0A    	call isalnum
0150+  04E4 C6 CB 05    	jz is_alphanumeric
0151+  04E7             ; other token types
0152+  04E7             get_token_slash:
0153+  04E7 B9 2F       	cmp al, '/'				; check if '/'
0154+  04E9 C7 01 05    	jne get_token_minus
0155+  04EC F7          	stosb					; store '/' into token string
0156+  04ED 19 00       	mov al, 0
0157+  04EF F7          	stosb					; terminate token string
0158+  04F0 19 01       	mov al, TOK_FSLASH
0159+  04F2 3D 5C 06    	mov [tok], al			
0160+  04F5 19 02       	mov al, TOKTYP_DELIMITER
0161+  04F7 3D 5B 06    	mov [toktyp], al
0162+  04FA 4E          	mov a, si
0163+  04FB 42 59 06    	mov [prog], a		; update pointer
0164+  04FE 0A E7 05    	jmp get_token_return
0165+  0501             get_token_minus:
0166+  0501 B9 2D       	cmp al, '-'				; check if '-'
0167+  0503 C7 1B 05    	jne get_token_comma
0168+  0506 F7          	stosb					; store '-' into token string
0169+  0507 19 00       	mov al, 0
0170+  0509 F7          	stosb					; terminate token string
0171+  050A 19 04       	mov al, TOK_MINUS
0172+  050C 3D 5C 06    	mov [tok], al			
0173+  050F 19 02       	mov al, TOKTYP_DELIMITER
0174+  0511 3D 5B 06    	mov [toktyp], al
0175+  0514 4E          	mov a, si
0176+  0515 42 59 06    	mov [prog], a		; update pointer
0177+  0518 0A E7 05    	jmp get_token_return
0178+  051B             get_token_comma:
0179+  051B B9 2C       	cmp al, ','				; check if ','
0180+  051D C7 35 05    	jne get_token_semi
0181+  0520 F7          	stosb					; store ',' into token string
0182+  0521 19 00       	mov al, 0
0183+  0523 F7          	stosb					; terminate token string
0184+  0524 19 0B       	mov al, TOK_COMMA
0185+  0526 3D 5C 06    	mov [tok], al			
0186+  0529 19 02       	mov al, TOKTYP_DELIMITER
0187+  052B 3D 5B 06    	mov [toktyp], al
0188+  052E 4E          	mov a, si
0189+  052F 42 59 06    	mov [prog], a		; update pointer
0190+  0532 0A E7 05    	jmp get_token_return
0191+  0535             get_token_semi:
0192+  0535 B9 3B       	cmp al, $3B				; check if ';'
0193+  0537 C7 4F 05    	jne get_token_colon
0194+  053A F7          	stosb					; store ';' into token string
0195+  053B 19 00       	mov al, 0
0196+  053D F7          	stosb					; terminate token string
0197+  053E 19 06       	mov al, TOK_SEMI
0198+  0540 3D 5C 06    	mov [tok], al			
0199+  0543 19 02       	mov al, TOKTYP_DELIMITER
0200+  0545 3D 5B 06    	mov [toktyp], al
0201+  0548 4E          	mov a, si
0202+  0549 42 59 06    	mov [prog], a		; update pointer
0203+  054C 0A E7 05    	jmp get_token_return
0204+  054F             get_token_colon:
0205+  054F B9 3A       	cmp al, $3A				; check if ':'
0206+  0551 C7 69 05    	jne get_token_angle
0207+  0554 F7          	stosb					; store ':' into token string
0208+  0555 19 00       	mov al, 0
0209+  0557 F7          	stosb					; terminate token string
0210+  0558 19 0A       	mov al, TOK_COLON
0211+  055A 3D 5C 06    	mov [tok], al			
0212+  055D 19 02       	mov al, TOKTYP_DELIMITER
0213+  055F 3D 5B 06    	mov [toktyp], al
0214+  0562 4E          	mov a, si
0215+  0563 42 59 06    	mov [prog], a		; update pointer
0216+  0566 0A E7 05    	jmp get_token_return
0217+  0569             get_token_angle:
0218+  0569 B9 3E       	cmp al, $3E				; check if '>'
0219+  056B C7 83 05    	jne get_token_tilde
0220+  056E F7          	stosb					; store '>' into token string
0221+  056F 19 00       	mov al, 0
0222+  0571 F7          	stosb					; terminate token string
0223+  0572 19 07       	mov al, TOK_ANGLE
0224+  0574 3D 5C 06    	mov [tok], al			
0225+  0577 19 02       	mov al, TOKTYP_DELIMITER
0226+  0579 3D 5B 06    	mov [toktyp], al
0227+  057C 4E          	mov a, si
0228+  057D 42 59 06    	mov [prog], a		; update pointer
0229+  0580 0A E7 05    	jmp get_token_return
0230+  0583             get_token_tilde:
0231+  0583 B9 7E       	cmp al, '~'				; check if '~'
0232+  0585 C7 9D 05    	jne get_token_equal
0233+  0588 F7          	stosb					; store '~' into token string
0234+  0589 19 00       	mov al, 0
0235+  058B F7          	stosb					; terminate token string
0236+  058C 19 08       	mov al, TOK_TILDE
0237+  058E 3D 5C 06    	mov [tok], al			
0238+  0591 19 02       	mov al, TOKTYP_DELIMITER
0239+  0593 3D 5B 06    	mov [toktyp], al
0240+  0596 4E          	mov a, si
0241+  0597 42 59 06    	mov [prog], a		; update pointer
0242+  059A 0A E7 05    	jmp get_token_return
0243+  059D             get_token_equal:
0244+  059D B9 3D       	cmp al, '='				; check if '='
0245+  059F C7 B7 05    	jne get_token_skip
0246+  05A2 F7          	stosb					; store '=' into token string
0247+  05A3 19 00       	mov al, 0
0248+  05A5 F7          	stosb					; terminate token string
0249+  05A6 19 09       	mov al, TOK_EQUAL
0250+  05A8 3D 5C 06    	mov [tok], al			
0251+  05AB 19 02       	mov al, TOKTYP_DELIMITER
0252+  05AD 3D 5B 06    	mov [toktyp], al
0253+  05B0 4E          	mov a, si
0254+  05B1 42 59 06    	mov [prog], a		; update pointer
0255+  05B4 0A E7 05    	jmp get_token_return
0256+  05B7             get_token_skip:
0257+  05B7 4E          	mov a, si
0258+  05B8 42 59 06    	mov [prog], a		; update pointer
0259+  05BB 0A E7 05    	jmp get_token_return
0260+  05BE             get_token_end:				; end of file token
0261+  05BE 19 14       	mov al, TOK_END
0262+  05C0 3D 5C 06    	mov [tok], al
0263+  05C3 19 06       	mov al, TOKTYP_END
0264+  05C5 3D 5B 06    	mov [toktyp], al
0265+  05C8 0A E7 05    	jmp get_token_return
0266+  05CB             is_alphanumeric:
0267+  05CB F7          	stosb
0268+  05CC F6          	lodsb
0269+  05CD 07 D9 0A    	call isalnum			;check if is alphanumeric
0270+  05D0 C6 CB 05    	jz is_alphanumeric
0271+  05D3 B9 2E       	cmp al, $2E				; check if is '.'
0272+  05D5 C6 CB 05    	je is_alphanumeric
0273+  05D8 19 00       	mov al, 0
0274+  05DA F7          	stosb
0275+  05DB 19 00       	mov al, TOKTYP_IDENTIFIER
0276+  05DD 3D 5B 06    	mov [toktyp], al
0277+  05E0 D5 01 00    	sub si, 1
0278+  05E3 4E          	mov a, si
0279+  05E4 42 59 06    	mov [prog], a		; update pointer
0280+  05E7             get_token_return:
0281+  05E7 F0          	pop di
0282+  05E8 EF          	pop si
0283+  05E9 E7          	pop d
0284+  05EA E4          	pop a
0285+  05EB 09          	ret
0286+  05EC             get_tok_comment:
0287+  05EC F6          	lodsb
0288+  05ED B9 0A       	cmp al, $0A			; new line
0289+  05EF C7 EC 05    	jne get_tok_comment
0290+  05F2 0A D0 04    	jmp get_tok_skip_spaces
0291+  05F5             
0292+  05F5             
0293+  05F5             get_number:
0294+  05F5 D7          	push a
0295+  05F6 DA          	push d
0296+  05F7 E2          	push si
0297+  05F8 E3          	push di
0298+  05F9 19 00       	mov al, 0
0299+  05FB 3D 5D 06    	mov [tokstr], al			; nullify tokstr string
0300+  05FE 19 00       	mov al, TOK_NULL
0301+  0600 3D 5C 06    	mov [tok], al				; nullify token
0302+  0603 14 59 06    	mov a, [prog]
0303+  0606 4D          	mov si, a
0304+  0607 FD 4F 5D 06 	mov di, tokstr
0305+  060B             get_number_skip_spaces:
0306+  060B F6          	lodsb
0307+  060C 07 4F 0B    	call isspace
0308+  060F C6 0B 06    	je get_number_skip_spaces
0309+  0612 B9 00       	cmp al, 0			; check for end of input (NULL)
0310+  0614 C7 24 06    	jne get_number_L0
0311+  0617 19 14       	mov al, TOK_END
0312+  0619 3D 5C 06    	mov [tok], al
0313+  061C 19 06       	mov al, TOKTYP_END
0314+  061E 3D 5B 06    	mov [toktyp], al
0315+  0621 0A 3B 06    	jmp get_number_return
0316+  0624             get_number_L0:
0317+  0624 F7          	stosb
0318+  0625 F6          	lodsb
0319+  0626 07 E3 0A    	call isdigit			;check if is numeric
0320+  0629 C6 24 06    	jz get_number_L0
0321+  062C 19 00       	mov al, 0
0322+  062E F7          	stosb
0323+  062F 19 05       	mov al, TOKTYP_NUMERIC
0324+  0631 3D 5B 06    	mov [toktyp], al
0325+  0634 D5 01 00    	sub si, 1
0326+  0637 4E          	mov a, si
0327+  0638 42 59 06    	mov [prog], a		; update pointer
0328+  063B             get_number_return:
0329+  063B F0          	pop di
0330+  063C EF          	pop si
0331+  063D E7          	pop d
0332+  063E E4          	pop a
0333+  063F 09          	ret
0334+  0640             
0335+  0640             ;;;;;;;;;;;;;;;;;;;;;;;;;;;;;;;;;;;;;;;;;;;;;;;;;;;;;;;;;;;;;;;;;;;;;;;;;;;;;;;;;;
0336+  0640             ;; PUT BACK TOKEN
0337+  0640             ;;;;;;;;;;;;;;;;;;;;;;;;;;;;;;;;;;;;;;;;;;;;;;;;;;;;;;;;;;;;;;;;;;;;;;;;;;;;;;;;;;	
0338+  0640             putback:
0339+  0640 D7          	push a
0340+  0641 E2          	push si
0341+  0642 FD 4D 5D 06 	mov si, tokstr	
0342+  0646             putback_loop:
0343+  0646 F6          	lodsb
0344+  0647 B9 00       	cmp al, 0
0345+  0649 C6 56 06    	je putback_end
0346+  064C 14 59 06    	mov a, [prog]
0347+  064F 7D          	dec a
0348+  0650 42 59 06    	mov [prog], a			; update pointer
0349+  0653 0A 46 06    	jmp putback_loop
0350+  0656             putback_end:
0351+  0656 EF          	pop si
0352+  0657 E4          	pop a
0353+  0658 09          	ret
0354+  0659             
0355+  0659             
0356+  0659             
0357+  0659             
0358+  0659 00 00       prog:		.dw 0			; pointer to current position in buffer
0359+  065B             
0360+  065B 00          toktyp: 	.db 0			; token type symbol
0361+  065C 00          tok:		.db 0			; current token symbol
0362+  065D 00 00 00 00 tokstr:		.fill 256, 0	; token as a string
0362+  0661 00 00 00 00 
0362+  0665 00 00 00 00 
0362+  0669 00 00 00 00 
0362+  066D 00 00 00 00 
0362+  0671 00 00 00 00 
0362+  0675 00 00 00 00 
0362+  0679 00 00 00 00 
0362+  067D 00 00 00 00 
0362+  0681 00 00 00 00 
0362+  0685 00 00 00 00 
0362+  0689 00 00 00 00 
0362+  068D 00 00 00 00 
0362+  0691 00 00 00 00 
0362+  0695 00 00 00 00 
0362+  0699 00 00 00 00 
0362+  069D 00 00 00 00 
0362+  06A1 00 00 00 00 
0362+  06A5 00 00 00 00 
0362+  06A9 00 00 00 00 
0362+  06AD 00 00 00 00 
0362+  06B1 00 00 00 00 
0362+  06B5 00 00 00 00 
0362+  06B9 00 00 00 00 
0362+  06BD 00 00 00 00 
0362+  06C1 00 00 00 00 
0362+  06C5 00 00 00 00 
0362+  06C9 00 00 00 00 
0362+  06CD 00 00 00 00 
0362+  06D1 00 00 00 00 
0362+  06D5 00 00 00 00 
0362+  06D9 00 00 00 00 
0362+  06DD 00 00 00 00 
0362+  06E1 00 00 00 00 
0362+  06E5 00 00 00 00 
0362+  06E9 00 00 00 00 
0362+  06ED 00 00 00 00 
0362+  06F1 00 00 00 00 
0362+  06F5 00 00 00 00 
0362+  06F9 00 00 00 00 
0362+  06FD 00 00 00 00 
0362+  0701 00 00 00 00 
0362+  0705 00 00 00 00 
0362+  0709 00 00 00 00 
0362+  070D 00 00 00 00 
0362+  0711 00 00 00 00 
0362+  0715 00 00 00 00 
0362+  0719 00 00 00 00 
0362+  071D 00 00 00 00 
0362+  0721 00 00 00 00 
0362+  0725 00 00 00 00 
0362+  0729 00 00 00 00 
0362+  072D 00 00 00 00 
0362+  0731 00 00 00 00 
0362+  0735 00 00 00 00 
0362+  0739 00 00 00 00 
0362+  073D 00 00 00 00 
0362+  0741 00 00 00 00 
0362+  0745 00 00 00 00 
0362+  0749 00 00 00 00 
0362+  074D 00 00 00 00 
0362+  0751 00 00 00 00 
0362+  0755 00 00 00 00 
0362+  0759 00 00 00 00 
0036   075D             .include "stdio.asm"
0001+  075D             ;;;;;;;;;;;;;;;;;;;;;;;;;;;;;;;;;;;;;;;;;;;;;;;;;;;;;;;;;;;;;;;;;;;;;;;;;;;;;;;;;;;;;;;;;;;;;;;;;;;;;;;;;;;;;;;;;;
0002+  075D             ; stdio.s
0003+  075D             ;;;;;;;;;;;;;;;;;;;;;;;;;;;;;;;;;;;;;;;;;;;;;;;;;;;;;;;;;;;;;;;;;;;;;;;;;;;;;;;;;;;;;;;;;;;;;;;;;;;;;;;;;;;;;;;;;;
0004+  075D             .include "string.asm"
0001++ 075D             ;;;;;;;;;;;;;;;;;;;;;;;;;;;;;;;;;;;;;;;;;;;;;;;;;;;;;;;;;;;;;;;;;;;;;;;;;;;;;;;;;;;;;;;;;;;;;;;;;;;;;;;;;;;;;;;;;;
0002++ 075D             ; string.s
0003++ 075D             ;;;;;;;;;;;;;;;;;;;;;;;;;;;;;;;;;;;;;;;;;;;;;;;;;;;;;;;;;;;;;;;;;;;;;;;;;;;;;;;;;;;;;;;;;;;;;;;;;;;;;;;;;;;;;;;;;;
0004++ 075D             
0005++ 075D             
0006++ 075D             ;;;;;;;;;;;;;;;;;;;;;;;;;;;;;;;;;;;;;;;;;;;;;;;;;;;;;;;;;;;;;;;;;;;;;;;;;;;;;;;;;;;;;;;;;;;;;;;;;;;;;;;;;;;;;;;;;;
0007++ 075D             ; strrev
0008++ 075D             ; reverse a string
0009++ 075D             ; D = string address
0010++ 075D             ;;;;;;;;;;;;;;;;;;;;;;;;;;;;;;;;;;;;;;;;;;;;;;;;;;;;;;;;;;;;;;;;;;;;;;;;;;;;;;;;;;;;;;;;;;;;;;;;;;;;;;;;;;;;;;;;;;
0011++ 075D             ; 01234
0012++ 075D             strrev:
0013++ 075D 4B          	pusha
0014++ 075E 07 A4 07    	call strlen	; length in C
0015++ 0761 12          	mov a, c
0016++ 0762 AF 01 00    	cmp a, 1
0017++ 0765 D0 7F 07    	jleu strrev_end	; check string length. string len must be > 1
0018++ 0768 7D          	dec a
0019++ 0769 FD 4E       	mov si, d	; beginning of string
0020++ 076B FD 50       	mov di, d	; beginning of string (for destinations)
0021++ 076D 59          	add d, a	; end of string
0022++ 076E 12          	mov a, c
0023++ 076F FD 9B       	shr a		; divide by 2
0024++ 0771 39          	mov c, a	; C now counts the steps
0025++ 0772             strrev_L0:
0026++ 0772 32          	mov bl, [d]	; save load right-side char into BL
0027++ 0773 F6          	lodsb		; load left-side char into AL; increase SI
0028++ 0774 3E          	mov [d], al	; store left char into right side
0029++ 0775 1B          	mov al, bl
0030++ 0776 F7          	stosb		; store right-side char into left-side; increase DI
0031++ 0777 7E          	dec c
0032++ 0778 7F          	dec d
0033++ 0779 C2 00 00    	cmp c, 0
0034++ 077C C7 72 07    	jne strrev_L0
0035++ 077F             strrev_end:
0036++ 077F 4C          	popa
0037++ 0780 09          	ret
0038++ 0781             	
0039++ 0781             ;;;;;;;;;;;;;;;;;;;;;;;;;;;;;;;;;;;;;;;;;;;;;;;;;;;;;;;;;;;;;;;;;;;;;;;;;;;;;;;;;;;;;;;;;;;;;;;;;;;;;;;;;;;;;;;;;;
0040++ 0781             ; strchr
0041++ 0781             ; search string in D for char in AL
0042++ 0781             ;;;;;;;;;;;;;;;;;;;;;;;;;;;;;;;;;;;;;;;;;;;;;;;;;;;;;;;;;;;;;;;;;;;;;;;;;;;;;;;;;;;;;;;;;;;;;;;;;;;;;;;;;;;;;;;;;;
0043++ 0781             strchr:
0044++ 0781             strchr_L0:
0045++ 0781 32          	mov bl, [d]
0046++ 0782 C1 00       	cmp bl, 0
0047++ 0784 C6 8F 07    	je strchr_end
0048++ 0787 BA          	cmp al, bl
0049++ 0788 C6 8F 07    	je strchr_end
0050++ 078B 79          	inc d
0051++ 078C 0A 81 07    	jmp strchr_L0
0052++ 078F             strchr_end:
0053++ 078F 1B          	mov al, bl
0054++ 0790 09          	ret
0055++ 0791             
0056++ 0791             ;;;;;;;;;;;;;;;;;;;;;;;;;;;;;;;;;;;;;;;;;;;;;;;;;;;;;;;;;;;;;;;;;;;;;;;;;;;;;;;;;;;;;;;;;;;;;;;;;;;;;;;;;;;;;;;;;;
0057++ 0791             ; strstr
0058++ 0791             ; find sub-string
0059++ 0791             ; str1 in SI
0060++ 0791             ; str2 in DI
0061++ 0791             ; SI points to end of source string
0062++ 0791             ;;;;;;;;;;;;;;;;;;;;;;;;;;;;;;;;;;;;;;;;;;;;;;;;;;;;;;;;;;;;;;;;;;;;;;;;;;;;;;;;;;;;;;;;;;;;;;;;;;;;;;;;;;;;;;;;;;
0063++ 0791             strstr:
0064++ 0791 DB          	push al
0065++ 0792 DA          	push d
0066++ 0793 E3          	push di
0067++ 0794             strstr_loop:
0068++ 0794 F3          	cmpsb					; compare a byte of the strings
0069++ 0795 C7 A0 07    	jne strstr_ret
0070++ 0798 FC 00 00    	lea d, [di + 0]
0071++ 079B BD 00       	cmp byte[d], 0				; check if at end of string (null)
0072++ 079D C7 94 07    	jne strstr_loop				; equal chars but not at end
0073++ 07A0             strstr_ret:
0074++ 07A0 F0          	pop di
0075++ 07A1 E7          	pop d
0076++ 07A2 E8          	pop al
0077++ 07A3 09          	ret
0078++ 07A4             ;;;;;;;;;;;;;;;;;;;;;;;;;;;;;;;;;;;;;;;;;;;;;;;;;;;;;;;;;;;;;;;;;;;;;;;;;;;;;;;;;;;;;;;
0079++ 07A4             ; length of null terminated string
0080++ 07A4             ; result in C
0081++ 07A4             ; pointer in D
0082++ 07A4             ;;;;;;;;;;;;;;;;;;;;;;;;;;;;;;;;;;;;;;;;;;;;;;;;;;;;;;;;;;;;;;;;;;;;;;;;;;;;;;;;;;;;;;;
0083++ 07A4             strlen:
0084++ 07A4 DA          	push d
0085++ 07A5 38 00 00    	mov c, 0
0086++ 07A8             strlen_L1:
0087++ 07A8 BD 00       	cmp byte [d], 0
0088++ 07AA C6 B2 07    	je strlen_ret
0089++ 07AD 79          	inc d
0090++ 07AE 78          	inc c
0091++ 07AF 0A A8 07    	jmp strlen_L1
0092++ 07B2             strlen_ret:
0093++ 07B2 E7          	pop d
0094++ 07B3 09          	ret
0095++ 07B4             
0096++ 07B4             ;;;;;;;;;;;;;;;;;;;;;;;;;;;;;;;;;;;;;;;;;;;;;;;;;;;;;;;;;;;;;;;;;;;;;;;;;;;;;;;;;;;;;;;;;;;;;;;;;;;;;;;;;;;;;;;;;;
0097++ 07B4             ; STRCMP
0098++ 07B4             ; compare two strings
0099++ 07B4             ; str1 in SI
0100++ 07B4             ; str2 in DI
0101++ 07B4             ; CREATE A STRING COMPAIRON INSTRUCION ?????
0102++ 07B4             ;;;;;;;;;;;;;;;;;;;;;;;;;;;;;;;;;;;;;;;;;;;;;;;;;;;;;;;;;;;;;;;;;;;;;;;;;;;;;;;;;;;;;;;;;;;;;;;;;;;;;;;;;;;;;;;;;;
0103++ 07B4             strcmp:
0104++ 07B4 DB          	push al
0105++ 07B5 DA          	push d
0106++ 07B6 E3          	push di
0107++ 07B7 E2          	push si
0108++ 07B8             strcmp_loop:
0109++ 07B8 F3          	cmpsb					; compare a byte of the strings
0110++ 07B9 C7 C4 07    	jne strcmp_ret
0111++ 07BC FB FF FF    	lea d, [si +- 1]
0112++ 07BF BD 00       	cmp byte[d], 0				; check if at end of string (null)
0113++ 07C1 C7 B8 07    	jne strcmp_loop				; equal chars but not at end
0114++ 07C4             strcmp_ret:
0115++ 07C4 EF          	pop si
0116++ 07C5 F0          	pop di
0117++ 07C6 E7          	pop d
0118++ 07C7 E8          	pop al
0119++ 07C8 09          	ret
0120++ 07C9             
0121++ 07C9             
0122++ 07C9             ; STRCPY
0123++ 07C9             ; copy null terminated string from SI to DI
0124++ 07C9             ; source in SI
0125++ 07C9             ; destination in DI
0126++ 07C9             strcpy:
0127++ 07C9 E2          	push si
0128++ 07CA E3          	push di
0129++ 07CB DB          	push al
0130++ 07CC             strcpy_L1:
0131++ 07CC F6          	lodsb
0132++ 07CD F7          	stosb
0133++ 07CE B9 00       	cmp al, 0
0134++ 07D0 C7 CC 07    	jne strcpy_L1
0135++ 07D3             strcpy_end:
0136++ 07D3 E8          	pop al
0137++ 07D4 F0          	pop di
0138++ 07D5 EF          	pop si
0139++ 07D6 09          	ret
0140++ 07D7             
0141++ 07D7             ; STRCAT
0142++ 07D7             ; concatenate a NULL terminated string into string at DI, from string at SI
0143++ 07D7             ; source in SI
0144++ 07D7             ; destination in DI
0145++ 07D7             strcat:
0146++ 07D7 E2          	push si
0147++ 07D8 E3          	push di
0148++ 07D9 D7          	push a
0149++ 07DA DA          	push d
0150++ 07DB 50          	mov a, di
0151++ 07DC 3C          	mov d, a
0152++ 07DD             strcat_goto_end_L1:
0153++ 07DD BD 00       	cmp byte[d], 0
0154++ 07DF C6 E6 07    	je strcat_start
0155++ 07E2 79          	inc d
0156++ 07E3 0A DD 07    	jmp strcat_goto_end_L1
0157++ 07E6             strcat_start:
0158++ 07E6 FD 50       	mov di, d
0159++ 07E8             strcat_L1:
0160++ 07E8 F6          	lodsb
0161++ 07E9 F7          	stosb
0162++ 07EA B9 00       	cmp al, 0
0163++ 07EC C7 E8 07    	jne strcat_L1
0164++ 07EF             strcat_end:
0165++ 07EF E7          	pop d
0166++ 07F0 E4          	pop a
0167++ 07F1 F0          	pop di
0168++ 07F2 EF          	pop si
0169++ 07F3 09          	ret
0005+  07F4             
0006+  07F4 30 31 32 33 s_hex_digits:	.db "0123456789ABCDEF"	
0006+  07F8 34 35 36 37 
0006+  07FC 38 39 41 42 
0006+  0800 43 44 45 46 
0007+  0804             
0008+  0804 01 00       table_power:.dw 1
0009+  0806 0A 00       			.dw 10
0010+  0808 64 00       			.dw 100
0011+  080A E8 03       			.dw 1000
0012+  080C 10 27       			.dw 10000
0013+  080E             
0014+  080E             ;;;;;;;;;;;;;;;;;;;;;;;;;;;;;;;;;;;;;;;;;;;;;;;;;;;;;;;;;;;;;;;;;;;;;;;;;;;;;;;;;;;;;;;;;;;;;;;;;;;;;;;;;;;;;;;;;;
0015+  080E             ; CONVERT ASCII 'O'..'F' TO INTEGER 0..15
0016+  080E             ; ASCII in BL
0017+  080E             ; result in AL
0018+  080E             ; ascii for F = 0100 0110
0019+  080E             ; ascii for 9 = 0011 1001
0020+  080E             ;;;;;;;;;;;;;;;;;;;;;;;;;;;;;;;;;;;;;;;;;;;;;;;;;;;;;;;;;;;;;;;;;;;;;;;;;;;;;;;;;;;;;;;;;;;;;;;;;;;;;;;;;;;;;;;;;;
0021+  080E             hex_ascii_encode:
0022+  080E 1B          	mov al, bl
0023+  080F 93 40       	test al, $40				; test if letter or number
0024+  0811 C7 17 08    	jnz hex_letter
0025+  0814 87 0F       	and al, $0F				; get number
0026+  0816 09          	ret
0027+  0817             hex_letter:
0028+  0817 87 0F       	and al, $0F				; get letter
0029+  0819 6A 09       	add al, 9
0030+  081B 09          	ret
0031+  081C             
0032+  081C             ;;;;;;;;;;;;;;;;;;;;;;;;;;;;;;;;;;;;;;;;;;;;;;;;;;;;;;;;;;;;;;;;;;;;;;;;;;;;;;;;;;;;;;;;;;;;;;;;;;;;;;;;;;;;;;;;;;
0033+  081C             ; ATOI
0034+  081C             ; 2 letter hex string in B
0035+  081C             ; 8bit integer returned in AL
0036+  081C             ;;;;;;;;;;;;;;;;;;;;;;;;;;;;;;;;;;;;;;;;;;;;;;;;;;;;;;;;;;;;;;;;;;;;;;;;;;;;;;;;;;;;;;;;;;;;;;;;;;;;;;;;;;;;;;;;;;
0037+  081C             atoi:
0038+  081C D8          	push b
0039+  081D 07 0E 08    	call hex_ascii_encode			; convert BL to 4bit code in AL
0040+  0820 30          	mov bl, bh
0041+  0821 DB          	push al					; save a
0042+  0822 07 0E 08    	call hex_ascii_encode
0043+  0825 EA          	pop bl	
0044+  0826 FD 9E 04    	shl al, 4
0045+  0829 8C          	or al, bl
0046+  082A E5          	pop b
0047+  082B 09          	ret	
0048+  082C             
0049+  082C             
0050+  082C             ;;;;;;;;;;;;;;;;;;;;;;;;;;;;;;;;;;;;;;;;;;;;;;;;;;;;;;;;;;;;;;;;;;;;;;;;;;;;;;;;;;;;;;;;;;;;;;;;;;;;;;;;;;;;;;;;;;
0051+  082C             ; printf
0052+  082C             ; no need for explanations!
0053+  082C             ;;;;;;;;;;;;;;;;;;;;;;;;;;;;;;;;;;;;;;;;;;;;;;;;;;;;;;;;;;;;;;;;;;;;;;;;;;;;;;;;;;;;;;;;;;;;;;;;;;;;;;;;;;;;;;;;;;
0054+  082C             printf:
0055+  082C 09          	ret
0056+  082D             
0057+  082D             
0058+  082D             ;;;;;;;;;;;;;;;;;;;;;;;;;;;;;;;;;;;;;;;;;;;;;;;;;;;;;;;;;;;;;;;;;;;;;;;;;;;;;;;;;;;;;;;;;;;;;;;;;;;;;;;;;;;;;;;;;;
0059+  082D             ; scanf
0060+  082D             ; no need for explanations!
0061+  082D             ;;;;;;;;;;;;;;;;;;;;;;;;;;;;;;;;;;;;;;;;;;;;;;;;;;;;;;;;;;;;;;;;;;;;;;;;;;;;;;;;;;;;;;;;;;;;;;;;;;;;;;;;;;;;;;;;;;
0062+  082D             scanf:
0063+  082D 09          	ret
0064+  082E             
0065+  082E             ;;;;;;;;;;;;;;;;;;;;;;;;;;;;;;;;;;;;;;;;;;;;;;;;;;;;;;;;;;;;;;;;;;;;;;;;;;;;;;;;;;;;;;;;;;;;;;;;;;;;;;;;;;;;;;;;;;
0066+  082E             ; ITOA
0067+  082E             ; 8bit value in BL
0068+  082E             ; 2 byte ASCII result in A
0069+  082E             ;;;;;;;;;;;;;;;;;;;;;;;;;;;;;;;;;;;;;;;;;;;;;;;;;;;;;;;;;;;;;;;;;;;;;;;;;;;;;;;;;;;;;;;;;;;;;;;;;;;;;;;;;;;;;;;;;;
0070+  082E             itoa:
0071+  082E DA          	push d
0072+  082F D8          	push b
0073+  0830 A7 00       	mov bh, 0
0074+  0832 FD A4 04    	shr bl, 4	
0075+  0835 74          	mov d, b
0076+  0836 1F F4 07    	mov al, [d + s_hex_digits]
0077+  0839 23          	mov ah, al
0078+  083A             	
0079+  083A E5          	pop b
0080+  083B D8          	push b
0081+  083C A7 00       	mov bh, 0
0082+  083E FD 87 0F    	and bl, $0F
0083+  0841 74          	mov d, b
0084+  0842 1F F4 07    	mov al, [d + s_hex_digits]
0085+  0845 E5          	pop b
0086+  0846 E7          	pop d
0087+  0847 09          	ret
0088+  0848             
0089+  0848             ;;;;;;;;;;;;;;;;;;;;;;;;;;;;;;;;;;;;;;;;;;;;;;;;;;;;;;;;;;;;;;;;;;;;;;;;;;;;;;;;;;;;;;;;;;;;;;;;;;;;;;;;;;;;;;;;;;
0090+  0848             ; HEX STRING TO BINARY
0091+  0848             ; di = destination address
0092+  0848             ; si = source
0093+  0848             ;;;;;;;;;;;;;;;;;;;;;;;;;;;;;;;;;;;;;;;;;;;;;;;;;;;;;;;;;;;;;;;;;;;;;;;;;;;;;;;;;;;;;;;;;;;;;;;;;;;;;;;;;;;;;;;;;;
0094+  0848             hex_to_int:
0095+  0848             hex_to_int_L1:
0096+  0848 F6          	lodsb					; load from [SI] to AL
0097+  0849 B9 00       	cmp al, 0				; check if ASCII 0
0098+  084B C6 58 08    	jz hex_to_int_ret
0099+  084E 36          	mov bh, al
0100+  084F F6          	lodsb
0101+  0850 2F          	mov bl, al
0102+  0851 07 1C 08    	call atoi				; convert ASCII byte in B to int (to AL)
0103+  0854 F7          	stosb					; store AL to [DI]
0104+  0855 0A 48 08    	jmp hex_to_int_L1
0105+  0858             hex_to_int_ret:
0106+  0858 09          	ret		
0107+  0859             
0108+  0859             
0109+  0859             
0110+  0859             ;;;;;;;;;;;;;;;;;;;;;;;;;;;;;;;;;;;;;;;;;;;;;;;;;;;;;;;;;;;;;;;;;;;;;;;;;;;;;;;;;;;;;;;;;;;;;;;;;;;;;;;;;;;;;;;;;;
0111+  0859             ; GETCHAR
0112+  0859             ; char in ah
0113+  0859             ;;;;;;;;;;;;;;;;;;;;;;;;;;;;;;;;;;;;;;;;;;;;;;;;;;;;;;;;;;;;;;;;;;;;;;;;;;;;;;;;;;;;;;;;;;;;;;;;;;;;;;;;;;;;;;;;;;
0114+  0859             getchar:
0115+  0859 DB          	push al
0116+  085A             getchar_retry:
0117+  085A FD 0C       	sti
0118+  085C 19 01       	mov al, 1
0119+  085E 05 03       	syscall sys_io			; receive in AH
0120+  0860 B9 00       	cmp al, 0			; check if any char was receive
0121+  0862 C6 5A 08    	je getchar_retry
0122+  0865 E8          	pop al
0123+  0866 09          	ret
0124+  0867             
0125+  0867             ;;;;;;;;;;;;;;;;;;;;;;;;;;;;;;;;;;;;;;;;;;;;;;;;;;;;;;;;;;;;;;;;;;;;;;;;;;;;;;;;;;;;;;;;;;;;;;;;;;;;;;;;;;;;;;;;;;
0126+  0867             ; PUTCHAR
0127+  0867             ; char in ah
0128+  0867             ;;;;;;;;;;;;;;;;;;;;;;;;;;;;;;;;;;;;;;;;;;;;;;;;;;;;;;;;;;;;;;;;;;;;;;;;;;;;;;;;;;;;;;;;;;;;;;;;;;;;;;;;;;;;;;;;;;
0129+  0867             putchar:
0130+  0867 D7          	push a
0131+  0868 19 00       	mov al, 0
0132+  086A 05 03       	syscall sys_io			; char in AH
0133+  086C E4          	pop a
0134+  086D 09          	ret
0135+  086E             
0136+  086E             ;;;;;;;;;;;;;;;;;;;;;;;;;;;;;;;;;;;;;;;;;;;;;;;;;;;;;;;;;;;;;;;;;;;;;;;;;;;;;;;;;;;;;;;;;;;;;;;;;;;;;;;;;;;;;;;;;;
0137+  086E             ;; INPUT A STRING
0138+  086E             ;; terminates with null
0139+  086E             ;; pointer in D
0140+  086E             ;;;;;;;;;;;;;;;;;;;;;;;;;;;;;;;;;;;;;;;;;;;;;;;;;;;;;;;;;;;;;;;;;;;;;;;;;;;;;;;;;;;;;;;;;;;;;;;;;;;;;;;;;;;;;;;;;;
0141+  086E             gets:
0142+  086E D7          	push a
0143+  086F DA          	push d
0144+  0870             gets_loop:
0145+  0870 FD 0C       	sti
0146+  0872 19 01       	mov al, 1
0147+  0874 05 03       	syscall sys_io			; receive in AH
0148+  0876 B9 00       	cmp al, 0				; check error code (AL)
0149+  0878 C6 70 08    	je gets_loop			; if no char received, retry
0150+  087B             
0151+  087B 76 1B       	cmp ah, 27
0152+  087D C6 9E 08    	je gets_telnet_escape
0153+  0880 76 0A       	cmp ah, $0A				; LF
0154+  0882 C6 F7 08    	je gets_end
0155+  0885 76 0D       	cmp ah, $0D				; CR
0156+  0887 C6 F7 08    	je gets_end
0157+  088A 76 5C       	cmp ah, $5C				; '\\'
0158+  088C C6 CE 08    	je gets_escape
0159+  088F             	
0160+  088F 76 08       	cmp ah, $08			; check for backspace
0161+  0891 C6 9A 08    	je gets_backspace
0162+  0894             
0163+  0894 1A          	mov al, ah
0164+  0895 3E          	mov [d], al
0165+  0896 79          	inc d
0166+  0897 0A 70 08    	jmp gets_loop
0167+  089A             gets_backspace:
0168+  089A 7F          	dec d
0169+  089B 0A 70 08    	jmp gets_loop
0170+  089E             gets_telnet_escape:
0171+  089E FD 0C       	sti
0172+  08A0 19 01       	mov al, 1
0173+  08A2 05 03       	syscall sys_io				; receive in AH without echo
0174+  08A4 B9 00       	cmp al, 0					; check error code (AL)
0175+  08A6 C6 9E 08    	je gets_telnet_escape		; if no char received, retry
0176+  08A9 76 5B       	cmp ah, '['
0177+  08AB C7 70 08    	jne gets_loop
0178+  08AE             gets_telnet_escape_phase2:
0179+  08AE FD 0C       	sti
0180+  08B0 19 01       	mov al, 1
0181+  08B2 05 03       	syscall sys_io					; receive in AH without echo
0182+  08B4 B9 00       	cmp al, 0						; check error code (AL)
0183+  08B6 C6 AE 08    	je gets_telnet_escape_phase2	; if no char received, retry
0184+  08B9 76 44       	cmp ah, 'D'
0185+  08BB C6 C6 08    	je gets_left_arrow
0186+  08BE 76 43       	cmp ah, 'C'
0187+  08C0 C6 CA 08    	je gets_right_arrow
0188+  08C3 0A 70 08    	jmp gets_loop
0189+  08C6             gets_left_arrow:
0190+  08C6 7F          	dec d
0191+  08C7 0A 70 08    	jmp gets_loop
0192+  08CA             gets_right_arrow:
0193+  08CA 79          	inc d
0194+  08CB 0A 70 08    	jmp gets_loop
0195+  08CE             gets_escape:
0196+  08CE FD 0C       	sti
0197+  08D0 19 01       	mov al, 1
0198+  08D2 05 03       	syscall sys_io			; receive in AH
0199+  08D4 B9 00       	cmp al, 0				; check error code (AL)
0200+  08D6 C6 CE 08    	je gets_escape			; if no char received, retry
0201+  08D9 76 6E       	cmp ah, 'n'
0202+  08DB C6 E9 08    	je gets_LF
0203+  08DE 76 72       	cmp ah, 'r'
0204+  08E0 C6 F0 08    	je gets_CR
0205+  08E3 1A          	mov al, ah				; if not a known escape, it is just a normal letter
0206+  08E4 3E          	mov [d], al
0207+  08E5 79          	inc d
0208+  08E6 0A 70 08    	jmp gets_loop
0209+  08E9             gets_LF:
0210+  08E9 19 0A       	mov al, $0A
0211+  08EB 3E          	mov [d], al
0212+  08EC 79          	inc d
0213+  08ED 0A 70 08    	jmp gets_loop
0214+  08F0             gets_CR:
0215+  08F0 19 0D       	mov al, $0D
0216+  08F2 3E          	mov [d], al
0217+  08F3 79          	inc d
0218+  08F4 0A 70 08    	jmp gets_loop
0219+  08F7             gets_end:
0220+  08F7 19 00       	mov al, 0
0221+  08F9 3E          	mov [d], al				; terminate string
0222+  08FA E7          	pop d
0223+  08FB E4          	pop a
0224+  08FC 09          	ret
0225+  08FD             
0226+  08FD             
0227+  08FD             
0228+  08FD             
0229+  08FD             ;;;;;;;;;;;;;;;;;;;;;;;;;;;;;;;;;;;;;;;;;;;;;;;;;;;;;;;;;;;;;;;;;;;;;;;;;;;;;;;;;;;;;;;;;;;;;;;;;;;;;;;;;;;;;;;;;;
0230+  08FD             ;; INPUT TEXT
0231+  08FD             ;; terminated with CTRL+D
0232+  08FD             ;; pointer in D
0233+  08FD             ;;;;;;;;;;;;;;;;;;;;;;;;;;;;;;;;;;;;;;;;;;;;;;;;;;;;;;;;;;;;;;;;;;;;;;;;;;;;;;;;;;;;;;;;;;;;;;;;;;;;;;;;;;;;;;;;;;
0234+  08FD             gettxt:
0235+  08FD D7          	push a
0236+  08FE DA          	push d
0237+  08FF             gettxt_loop:
0238+  08FF 19 01       	mov al, 1
0239+  0901 05 03       	syscall sys_io			; receive in AH
0240+  0903 B9 00       	cmp al, 0				; check error code (AL)
0241+  0905 C6 FF 08    	je gettxt_loop		; if no char received, retry
0242+  0908 76 04       	cmp ah, 4			; EOT
0243+  090A C6 48 09    	je gettxt_end
0244+  090D 76 08       	cmp ah, $08			; check for backspace
0245+  090F C6 44 09    	je gettxt_backspace
0246+  0912 76 5C       	cmp ah, $5C				; '\\'
0247+  0914 C6 1D 09    	je gettxt_escape
0248+  0917 1A          	mov al, ah
0249+  0918 3E          	mov [d], al
0250+  0919 79          	inc d
0251+  091A 0A FF 08    	jmp gettxt_loop
0252+  091D             gettxt_escape:
0253+  091D 19 01       	mov al, 1
0254+  091F 05 03       	syscall sys_io			; receive in AH
0255+  0921 B9 00       	cmp al, 0				; check error code (AL)
0256+  0923 C6 1D 09    	je gettxt_escape		; if no char received, retry
0257+  0926 76 6E       	cmp ah, 'n'
0258+  0928 C6 36 09    	je gettxt_LF
0259+  092B 76 72       	cmp ah, 'r'
0260+  092D C6 3D 09    	je gettxt_CR
0261+  0930 1A          	mov al, ah				; if not a known escape, it is just a normal letter
0262+  0931 3E          	mov [d], al
0263+  0932 79          	inc d
0264+  0933 0A FF 08    	jmp gettxt_loop
0265+  0936             gettxt_LF:
0266+  0936 19 0A       	mov al, $0A
0267+  0938 3E          	mov [d], al
0268+  0939 79          	inc d
0269+  093A 0A FF 08    	jmp gettxt_loop
0270+  093D             gettxt_CR:
0271+  093D 19 0D       	mov al, $0D
0272+  093F 3E          	mov [d], al
0273+  0940 79          	inc d
0274+  0941 0A FF 08    	jmp gettxt_loop
0275+  0944             gettxt_backspace:
0276+  0944 7F          	dec d
0277+  0945 0A FF 08    	jmp gettxt_loop
0278+  0948             gettxt_end:
0279+  0948 19 00       	mov al, 0
0280+  094A 3E          	mov [d], al				; terminate string
0281+  094B E7          	pop d
0282+  094C E4          	pop a
0283+  094D 09          	ret
0284+  094E             
0285+  094E             ;;;;;;;;;;;;;;;;;;;;;;;;;;;;;;;;;;;;;;;;;;;;;;;;;;;;;;;;;;;;;;;;;;;;;;;;;;;;;;;;;;;;;;;;;;;;;;;;;;;;;;;;;;;;;;;;;;
0286+  094E             ; PRINT NEW LINE
0287+  094E             ;;;;;;;;;;;;;;;;;;;;;;;;;;;;;;;;;;;;;;;;;;;;;;;;;;;;;;;;;;;;;;;;;;;;;;;;;;;;;;;;;;;;;;;;;;;;;;;;;;;;;;;;;;;;;;;;;;
0288+  094E             printnl:
0289+  094E D7          	push a
0290+  094F 10 00 0A    	mov a, $0A00
0291+  0952 05 03       	syscall sys_io
0292+  0954 10 00 0D    	mov a, $0D00
0293+  0957 05 03       	syscall sys_io
0294+  0959 E4          	pop a
0295+  095A 09          	ret
0296+  095B             
0297+  095B             ;;;;;;;;;;;;;;;;;;;;;;;;;;;;;;;;;;;;;;;;;;;;;;;;;;;;;;;;;;;;;;;;;;;;;;;;;;;;;;;;;;;;;;;;;;;;;;;;;;;;;;;;;;;;;;;;;;
0298+  095B             ; strtoint
0299+  095B             ; 4 digit hex string number in d
0300+  095B             ; integer returned in A
0301+  095B             ;;;;;;;;;;;;;;;;;;;;;;;;;;;;;;;;;;;;;;;;;;;;;;;;;;;;;;;;;;;;;;;;;;;;;;;;;;;;;;;;;;;;;;;;;;;;;;;;;;;;;;;;;;;;;;;;;;
0302+  095B             strtointx:
0303+  095B D8          	push b
0304+  095C 32          	mov bl, [d]
0305+  095D 37          	mov bh, bl
0306+  095E 33 01 00    	mov bl, [d + 1]
0307+  0961 07 1C 08    	call atoi				; convert to int in AL
0308+  0964 23          	mov ah, al				; move to AH
0309+  0965 33 02 00    	mov bl, [d + 2]
0310+  0968 37          	mov bh, bl
0311+  0969 33 03 00    	mov bl, [d + 3]
0312+  096C 07 1C 08    	call atoi				; convert to int in AL
0313+  096F E5          	pop b
0314+  0970 09          	ret
0315+  0971             
0316+  0971             ;;;;;;;;;;;;;;;;;;;;;;;;;;;;;;;;;;;;;;;;;;;;;;;;;;;;;;;;;;;;;;;;;;;;;;;;;;;;;;;;;;;;;;;;;;;;;;;;;;;;;;;;;;;;;;;;;;
0317+  0971             ; strtoint
0318+  0971             ; 5 digit base10 string number in d
0319+  0971             ; integer returned in A
0320+  0971             ;;;;;;;;;;;;;;;;;;;;;;;;;;;;;;;;;;;;;;;;;;;;;;;;;;;;;;;;;;;;;;;;;;;;;;;;;;;;;;;;;;;;;;;;;;;;;;;;;;;;;;;;;;;;;;;;;;
0321+  0971             strtoint:
0322+  0971 E2          	push si
0323+  0972 D8          	push b
0324+  0973 D9          	push c
0325+  0974 DA          	push d
0326+  0975 07 A4 07    	call strlen			; get string length in C
0327+  0978 7E          	dec c
0328+  0979 FD 4E       	mov si, d
0329+  097B 12          	mov a, c
0330+  097C FD 99       	shl a
0331+  097E 3B 04 08    	mov d, table_power
0332+  0981 59          	add d, a
0333+  0982 38 00 00    	mov c, 0
0334+  0985             strtoint_L0:
0335+  0985 F6          	lodsb			; load ASCII to al
0336+  0986 B9 00       	cmp al, 0
0337+  0988 C6 9B 09    	je strtoint_end
0338+  098B 6F 30       	sub al, $30		; make into integer
0339+  098D 22 00       	mov ah, 0
0340+  098F 2A          	mov b, [d]
0341+  0990 AC          	mul a, b			; result in B since it fits in 16bits
0342+  0991 11          	mov a, b
0343+  0992 28          	mov b, c
0344+  0993 54          	add a, b
0345+  0994 39          	mov c, a
0346+  0995 63 02 00    	sub d, 2
0347+  0998 0A 85 09    	jmp strtoint_L0
0348+  099B             strtoint_end:
0349+  099B 12          	mov a, c
0350+  099C E7          	pop d
0351+  099D E6          	pop c
0352+  099E E5          	pop b
0353+  099F EF          	pop si
0354+  09A0 09          	ret
0355+  09A1             
0356+  09A1             
0357+  09A1             ;;;;;;;;;;;;;;;;;;;;;;;;;;;;;;;;;;;;;;;;;;;;;;;;;;;;;;;;;;;;;;;;;;;;;;;;;;;;;;;;;;;;;;;;;;;;;;;;;;;;;;;;;;;;;;;;;;
0358+  09A1             ; PRINT NULL TERMINATED STRING
0359+  09A1             ; pointer in D
0360+  09A1             ;;;;;;;;;;;;;;;;;;;;;;;;;;;;;;;;;;;;;;;;;;;;;;;;;;;;;;;;;;;;;;;;;;;;;;;;;;;;;;;;;;;;;;;;;;;;;;;;;;;;;;;;;;;;;;;;;;
0361+  09A1             puts:
0362+  09A1 D7          	push a
0363+  09A2 DA          	push d
0364+  09A3             puts_L1:
0365+  09A3 1E          	mov al, [d]
0366+  09A4 B9 00       	cmp al, 0
0367+  09A6 C6 B2 09    	jz puts_END
0368+  09A9 23          	mov ah, al
0369+  09AA 19 00       	mov al, 0
0370+  09AC 05 03       	syscall sys_io
0371+  09AE 79          	inc d
0372+  09AF 0A A3 09    	jmp puts_L1
0373+  09B2             puts_END:
0374+  09B2 E7          	pop d
0375+  09B3 E4          	pop a
0376+  09B4 09          	ret
0377+  09B5             
0378+  09B5             ;;;;;;;;;;;;;;;;;;;;;;;;;;;;;;;;;;;;;;;;;;;;;;;;;;;;;;;;;;;;;;;;;;;;;;;;;;;;;;;;;;;;;;;;;;;;;;;;;;;;;;;;;;;;;;;;;;
0379+  09B5             ; PRINT N SIZE STRING
0380+  09B5             ; pointer in D
0381+  09B5             ; size in C
0382+  09B5             ;;;;;;;;;;;;;;;;;;;;;;;;;;;;;;;;;;;;;;;;;;;;;;;;;;;;;;;;;;;;;;;;;;;;;;;;;;;;;;;;;;;;;;;;;;;;;;;;;;;;;;;;;;;;;;;;;;
0383+  09B5             putsn:
0384+  09B5 DB          	push al
0385+  09B6 DA          	push d
0386+  09B7 D9          	push c
0387+  09B8             putsn_L0:
0388+  09B8 1E          	mov al, [d]
0389+  09B9 23          	mov ah, al
0390+  09BA 19 00       	mov al, 0
0391+  09BC 05 03       	syscall sys_io
0392+  09BE 79          	inc d
0393+  09BF 7E          	dec c	
0394+  09C0 C2 00 00    	cmp c, 0
0395+  09C3 C7 B8 09    	jne putsn_L0
0396+  09C6             putsn_end:
0397+  09C6 E6          	pop c
0398+  09C7 E7          	pop d
0399+  09C8 E8          	pop al
0400+  09C9 09          	ret
0401+  09CA             
0402+  09CA             ;;;;;;;;;;;;;;;;;;;;;;;;;;;;;;;;;;;;;;;;;;;;;;;;;;;;;;;;;;;;;;;;;;;;;;;;;;;;;;;;;;;;;;;
0403+  09CA             ; print 16bit decimal number
0404+  09CA             ; input number in A
0405+  09CA             ;;;;;;;;;;;;;;;;;;;;;;;;;;;;;;;;;;;;;;;;;;;;;;;;;;;;;;;;;;;;;;;;;;;;;;;;;;;;;;;;;;;;;;;
0406+  09CA             print_u16d:
0407+  09CA D7          	push a
0408+  09CB D8          	push b
0409+  09CC 26 10 27    	mov b, 10000
0410+  09CF AE          	div a, b			; get 10000 coeff.
0411+  09D0 07 F6 09    	call print_number
0412+  09D3 11          	mov a, b
0413+  09D4 26 E8 03    	mov b, 1000
0414+  09D7 AE          	div a, b			; get 10000 coeff.
0415+  09D8 07 F6 09    	call print_number
0416+  09DB 11          	mov a, b
0417+  09DC 26 64 00    	mov b, 100
0418+  09DF AE          	div a, b
0419+  09E0 07 F6 09    	call print_number
0420+  09E3 11          	mov a, b
0421+  09E4 26 0A 00    	mov b, 10
0422+  09E7 AE          	div a, b
0423+  09E8 07 F6 09    	call print_number
0424+  09EB 11          	mov a, b
0425+  09EC 6A 30       	add al, $30
0426+  09EE 23          	mov ah, al
0427+  09EF 19 00       	mov al, 0
0428+  09F1 05 03       	syscall sys_io	; print coeff
0429+  09F3 E5          	pop b
0430+  09F4 E4          	pop a
0431+  09F5 09          	ret
0432+  09F6             
0433+  09F6             
0434+  09F6             ;;;;;;;;;;;;;;;;;;;;;;;;;;;;;;;;;;;;;;;;;;;;;;;;;;;;;;;;;;;;;;;;;;;;;;;;;;;;;;;;;;;;;;;
0435+  09F6             ; if A == 0, print space
0436+  09F6             ; else print A
0437+  09F6             ;;;;;;;;;;;;;;;;;;;;;;;;;;;;;;;;;;;;;;;;;;;;;;;;;;;;;;;;;;;;;;;;;;;;;;;;;;;;;;;;;;;;;;;
0438+  09F6             print_number:
0439+  09F6 6A 30       	add al, $30
0440+  09F8 23          	mov ah, al
0441+  09F9 07 67 08    	call putchar
0442+  09FC 09          	ret
0443+  09FD             
0444+  09FD             ;;;;;;;;;;;;;;;;;;;;;;;;;;;;;;;;;;;;;;;;;;;;;;;;;;;;;;;;;;;;;;;;;;;;;;;;;;;;;;;;;;;;;;;;;;;;;;;;;;;;;;;;;;;;;;;;;;
0445+  09FD             ; PRINT 16BIT HEX INTEGER
0446+  09FD             ; integer value in reg B
0447+  09FD             ;;;;;;;;;;;;;;;;;;;;;;;;;;;;;;;;;;;;;;;;;;;;;;;;;;;;;;;;;;;;;;;;;;;;;;;;;;;;;;;;;;;;;;;;;;;;;;;;;;;;;;;;;;;;;;;;;;
0448+  09FD             print_u16x:
0449+  09FD D7          	push a
0450+  09FE D8          	push b
0451+  09FF DD          	push bl
0452+  0A00 30          	mov bl, bh
0453+  0A01 07 2E 08    	call itoa				; convert bh to char in A
0454+  0A04 2F          	mov bl, al				; save al
0455+  0A05 19 00       	mov al, 0
0456+  0A07 05 03       	syscall sys_io				; display AH
0457+  0A09 24          	mov ah, bl				; retrieve al
0458+  0A0A 19 00       	mov al, 0
0459+  0A0C 05 03       	syscall sys_io				; display AL
0460+  0A0E             
0461+  0A0E EA          	pop bl
0462+  0A0F 07 2E 08    	call itoa				; convert bh to char in A
0463+  0A12 2F          	mov bl, al				; save al
0464+  0A13 19 00       	mov al, 0
0465+  0A15 05 03       	syscall sys_io				; display AH
0466+  0A17 24          	mov ah, bl				; retrieve al
0467+  0A18 19 00       	mov al, 0
0468+  0A1A 05 03       	syscall sys_io				; display AL
0469+  0A1C             
0470+  0A1C E5          	pop b
0471+  0A1D E4          	pop a
0472+  0A1E 09          	ret
0473+  0A1F             
0474+  0A1F             ;;;;;;;;;;;;;;;;;;;;;;;;;;;;;;;;;;;;;;;;;;;;;;;;;;;;;;;;;;;;;;;;;;;;;;;;;;;;;;;;;;;;;;;;;;;;;;;;;;;;;;;;;;;;;;;;;;
0475+  0A1F             ; INPUT 16BIT HEX INTEGER
0476+  0A1F             ; read 16bit integer into A
0477+  0A1F             ;;;;;;;;;;;;;;;;;;;;;;;;;;;;;;;;;;;;;;;;;;;;;;;;;;;;;;;;;;;;;;;;;;;;;;;;;;;;;;;;;;;;;;;;;;;;;;;;;;;;;;;;;;;;;;;;;;
0478+  0A1F             scan_u16x:
0479+  0A1F F8 10 00    	enter 16
0480+  0A22 D8          	push b
0481+  0A23 DA          	push d
0482+  0A24             
0483+  0A24 FA F1 FF    	lea d, [bp + -15]
0484+  0A27 07 6E 08    	call gets				; get number
0485+  0A2A             
0486+  0A2A 32          	mov bl, [d]
0487+  0A2B 37          	mov bh, bl
0488+  0A2C 33 01 00    	mov bl, [d + 1]
0489+  0A2F 07 1C 08    	call atoi				; convert to int in AL
0490+  0A32 23          	mov ah, al				; move to AH
0491+  0A33             
0492+  0A33 33 02 00    	mov bl, [d + 2]
0493+  0A36 37          	mov bh, bl
0494+  0A37 33 03 00    	mov bl, [d + 3]
0495+  0A3A 07 1C 08    	call atoi				; convert to int in AL
0496+  0A3D             
0497+  0A3D E7          	pop d
0498+  0A3E E5          	pop b
0499+  0A3F F9          	leave
0500+  0A40 09          	ret
0501+  0A41             
0502+  0A41             ;;;;;;;;;;;;;;;;;;;;;;;;;;;;;;;;;;;;;;;;;;;;;;;;;;;;;;;;;;;;;;;;;;;;;;;;;;;;;;;;;;;;;;;;;;;;;;;;;;;;;;;;;;;;;;;;;;
0503+  0A41             ; PRINT 8bit HEX INTEGER
0504+  0A41             ; integer value in reg bl
0505+  0A41             ;;;;;;;;;;;;;;;;;;;;;;;;;;;;;;;;;;;;;;;;;;;;;;;;;;;;;;;;;;;;;;;;;;;;;;;;;;;;;;;;;;;;;;;;;;;;;;;;;;;;;;;;;;;;;;;;;;
0506+  0A41             print_u8x:
0507+  0A41 D7          	push a
0508+  0A42 DD          	push bl
0509+  0A43             
0510+  0A43 07 2E 08    	call itoa				; convert bl to char in A
0511+  0A46 2F          	mov bl, al				; save al
0512+  0A47 19 00       	mov al, 0
0513+  0A49 05 03       	syscall sys_io				; display AH
0514+  0A4B 24          	mov ah, bl				; retrieve al
0515+  0A4C 19 00       	mov al, 0
0516+  0A4E 05 03       	syscall sys_io				; display AL
0517+  0A50             
0518+  0A50 EA          	pop bl
0519+  0A51 E4          	pop a
0520+  0A52 09          	ret
0521+  0A53             
0522+  0A53             ;;;;;;;;;;;;;;;;;;;;;;;;;;;;;;;;;;;;;;;;;;;;;;;;;;;;;;;;;;;;;;;;;;;;;;;;;;;;;;;;;;;;;;;
0523+  0A53             ; print 8bit decimal unsigned number
0524+  0A53             ; input number in AL
0525+  0A53             ;;;;;;;;;;;;;;;;;;;;;;;;;;;;;;;;;;;;;;;;;;;;;;;;;;;;;;;;;;;;;;;;;;;;;;;;;;;;;;;;;;;;;;;
0526+  0A53             print_u8d:
0527+  0A53 D7          	push a
0528+  0A54 D8          	push b
0529+  0A55             
0530+  0A55 22 00       	mov ah, 0
0531+  0A57 26 64 00    	mov b, 100
0532+  0A5A AE          	div a, b
0533+  0A5B D8          	push b			; save remainder
0534+  0A5C B9 00       	cmp al, 0
0535+  0A5E C6 68 0A    	je skip100
0536+  0A61 6A 30       	add al, $30
0537+  0A63 23          	mov ah, al
0538+  0A64 19 00       	mov al, 0
0539+  0A66 05 03       	syscall sys_io	; print coeff
0540+  0A68             skip100:
0541+  0A68 E4          	pop a
0542+  0A69 22 00       	mov ah, 0
0543+  0A6B 26 0A 00    	mov b, 10
0544+  0A6E AE          	div a, b
0545+  0A6F D8          	push b			; save remainder
0546+  0A70 B9 00       	cmp al, 0
0547+  0A72 C6 7C 0A    	je skip10
0548+  0A75 6A 30       	add al, $30
0549+  0A77 23          	mov ah, al
0550+  0A78 19 00       	mov al, 0
0551+  0A7A 05 03       	syscall sys_io	; print coeff
0552+  0A7C             skip10:
0553+  0A7C E4          	pop a
0554+  0A7D 1B          	mov al, bl
0555+  0A7E 6A 30       	add al, $30
0556+  0A80 23          	mov ah, al
0557+  0A81 19 00       	mov al, 0
0558+  0A83 05 03       	syscall sys_io	; print coeff
0559+  0A85 E5          	pop b
0560+  0A86 E4          	pop a
0561+  0A87 09          	ret
0562+  0A88             
0563+  0A88             ;;;;;;;;;;;;;;;;;;;;;;;;;;;;;;;;;;;;;;;;;;;;;;;;;;;;;;;;;;;;;;;;;;;;;;;;;;;;;;;;;;;;;;;;;;;;;;;;;;;;;;;;;;;;;;;;;;
0564+  0A88             ; INPUT 8BIT HEX INTEGER
0565+  0A88             ; read 8bit integer into AL
0566+  0A88             ;;;;;;;;;;;;;;;;;;;;;;;;;;;;;;;;;;;;;;;;;;;;;;;;;;;;;;;;;;;;;;;;;;;;;;;;;;;;;;;;;;;;;;;;;;;;;;;;;;;;;;;;;;;;;;;;;;
0567+  0A88             scan_u8x:
0568+  0A88 F8 04 00    	enter 4
0569+  0A8B D8          	push b
0570+  0A8C DA          	push d
0571+  0A8D             
0572+  0A8D FA FD FF    	lea d, [bp + -3]
0573+  0A90 07 6E 08    	call gets				; get number
0574+  0A93             
0575+  0A93 32          	mov bl, [d]
0576+  0A94 37          	mov bh, bl
0577+  0A95 33 01 00    	mov bl, [d + 1]
0578+  0A98 07 1C 08    	call atoi				; convert to int in AL
0579+  0A9B             
0580+  0A9B E7          	pop d
0581+  0A9C E5          	pop b
0582+  0A9D F9          	leave
0583+  0A9E 09          	ret
0584+  0A9F             
0585+  0A9F             ;;;;;;;;;;;;;;;;;;;;;;;;;;;;;;;;;;;;;;;;;;;;;;;;;;;;;;;;;;;;;;;;;;;;;;;;;;;;;;;;;;;;;;;
0586+  0A9F             ; input decimal number
0587+  0A9F             ; result in A
0588+  0A9F             ; 655'\0'
0589+  0A9F             ; low--------high
0590+  0A9F             ;;;;;;;;;;;;;;;;;;;;;;;;;;;;;;;;;;;;;;;;;;;;;;;;;;;;;;;;;;;;;;;;;;;;;;;;;;;;;;;;;;;;;;;
0591+  0A9F             scan_u16d:
0592+  0A9F F8 08 00    	enter 8
0593+  0AA2 E2          	push si
0594+  0AA3 D8          	push b
0595+  0AA4 D9          	push c
0596+  0AA5 DA          	push d
0597+  0AA6 FA F9 FF    	lea d, [bp +- 7]
0598+  0AA9 07 6E 08    	call gets
0599+  0AAC 07 A4 07    	call strlen			; get string length in C
0600+  0AAF 7E          	dec c
0601+  0AB0 FD 4E       	mov si, d
0602+  0AB2 12          	mov a, c
0603+  0AB3 FD 99       	shl a
0604+  0AB5 3B 04 08    	mov d, table_power
0605+  0AB8 59          	add d, a
0606+  0AB9 38 00 00    	mov c, 0
0607+  0ABC             mul_loop:
0608+  0ABC F6          	lodsb			; load ASCII to al
0609+  0ABD B9 00       	cmp al, 0
0610+  0ABF C6 D2 0A    	je mul_exit
0611+  0AC2 6F 30       	sub al, $30		; make into integer
0612+  0AC4 22 00       	mov ah, 0
0613+  0AC6 2A          	mov b, [d]
0614+  0AC7 AC          	mul a, b			; result in B since it fits in 16bits
0615+  0AC8 11          	mov a, b
0616+  0AC9 28          	mov b, c
0617+  0ACA 54          	add a, b
0618+  0ACB 39          	mov c, a
0619+  0ACC 63 02 00    	sub d, 2
0620+  0ACF 0A BC 0A    	jmp mul_loop
0621+  0AD2             mul_exit:
0622+  0AD2 12          	mov a, c
0623+  0AD3 E7          	pop d
0624+  0AD4 E6          	pop c
0625+  0AD5 E5          	pop b
0626+  0AD6 EF          	pop si
0627+  0AD7 F9          	leave
0628+  0AD8 09          	ret
0037   0AD9             .include "ctype.asm"
0001+  0AD9             ;;;;;;;;;;;;;;;;;;;;;;;;;;;;;;;;;;;;;;;;;;;;;;;;;;;;;;;;;;;;;;;;;;;;;;;;;;;;;;;;;;;;;;;;;;;;;;;;;;;;;;;;;;;;;;;;;;
0002+  0AD9             ; ctype.s
0003+  0AD9             ;;;;;;;;;;;;;;;;;;;;;;;;;;;;;;;;;;;;;;;;;;;;;;;;;;;;;;;;;;;;;;;;;;;;;;;;;;;;;;;;;;;;;;;;;;;;;;;;;;;;;;;;;;;;;;;;;;
0004+  0AD9             
0005+  0AD9             ;;;;;;;;;;;;;;;;;;;;;;;;;;;;;;;;;;;;;;;;;;;;;;;;;;;;;;;;;;;;;;;;;;;;;;;;;;;;;;;;;;;;;;;;;;;;;;;;;;;;;;;;;;;;;;;;;;
0006+  0AD9             ;; C character classification is an operation provided by a group of functions in the ANSI C Standard Library
0007+  0AD9             ;; for the C programming language. These functions are used to test characters for membership in a particular
0008+  0AD9             ;; class of characters, such as alphabetic characters, control characters, etc. Both single-byte, and wide
0009+  0AD9             ;; characters are supported.
0010+  0AD9             ;;;;;;;;;;;;;;;;;;;;;;;;;;;;;;;;;;;;;;;;;;;;;;;;;;;;;;;;;;;;;;;;;;;;;;;;;;;;;;;;;;;;;;;;;;;;;;;;;;;;;;;;;;;;;;;;;;
0011+  0AD9             ;; isalnum 
0012+  0AD9             ;; isalpha 
0013+  0AD9             ;; islower 
0014+  0AD9             ;; isupper 
0015+  0AD9             ;; isdigit 
0016+  0AD9             ;; isxdigit
0017+  0AD9             ;; iscntrl 
0018+  0AD9             ;; isgraph 
0019+  0AD9             ;; isspace 
0020+  0AD9             ;; isblank 
0021+  0AD9             ;; isprint 
0022+  0AD9             ;; ispunct 
0023+  0AD9             ;; tolower 
0024+  0AD9             ;; toupper
0025+  0AD9             
0026+  0AD9             
0027+  0AD9             ;;;;;;;;;;;;;;;;;;;;;;;;;;;;;;;;;;;;;;;;;;;;;;;;;;;;;;;;;;;;;;;;;;;;;;;;;;;;;;;;;;
0028+  0AD9             ;; IS ALPHANUMERIC
0029+  0AD9             ;; sets ZF according with result
0030+  0AD9             ;;;;;;;;;;;;;;;;;;;;;;;;;;;;;;;;;;;;;;;;;;;;;;;;;;;;;;;;;;;;;;;;;;;;;;;;;;;;;;;;;;
0031+  0AD9             isalnum:
0032+  0AD9 07 F6 0A    	call isalpha
0033+  0ADC C6 E2 0A    	je isalnum_exit
0034+  0ADF 07 E3 0A    	call isdigit
0035+  0AE2             isalnum_exit:
0036+  0AE2 09          	ret	
0037+  0AE3             ;;;;;;;;;;;;;;;;;;;;;;;;;;;;;;;;;;;;;;;;;;;;;;;;;;;;;;;;;;;;;;;;;;;;;;;;;;;;;;;;;;
0038+  0AE3             ;; IS DIGIT
0039+  0AE3             ;; sets ZF according with result
0040+  0AE3             ;;;;;;;;;;;;;;;;;;;;;;;;;;;;;;;;;;;;;;;;;;;;;;;;;;;;;;;;;;;;;;;;;;;;;;;;;;;;;;;;;;
0041+  0AE3             isdigit:
0042+  0AE3 DB          	push al
0043+  0AE4 B9 30       	cmp al, '0'
0044+  0AE6 C8 F2 0A    	jlu isdigit_false
0045+  0AE9 B9 39       	cmp al, '9'
0046+  0AEB D1 F2 0A    	jgu isdigit_false
0047+  0AEE 87 00       	and al, 0	; set ZF
0048+  0AF0 E8          	pop al
0049+  0AF1 09          	ret
0050+  0AF2             isdigit_false:
0051+  0AF2 8B 01       	or al, 1	; clear ZF
0052+  0AF4 E8          	pop al
0053+  0AF5 09          	ret	
0054+  0AF6             	
0055+  0AF6             ;;;;;;;;;;;;;;;;;;;;;;;;;;;;;;;;;;;;;;;;;;;;;;;;;;;;;;;;;;;;;;;;;;;;;;;;;;;;;;;;;;
0056+  0AF6             ;; IS ALPHA
0057+  0AF6             ;; sets ZF according with result
0058+  0AF6             ;;;;;;;;;;;;;;;;;;;;;;;;;;;;;;;;;;;;;;;;;;;;;;;;;;;;;;;;;;;;;;;;;;;;;;;;;;;;;;;;;;
0059+  0AF6             isalpha:
0060+  0AF6 DB          	push al
0061+  0AF7 B9 5F       	cmp al, '_'
0062+  0AF9 C6 19 0B    	je isalpha_true
0063+  0AFC B9 2E       	cmp al, '.'
0064+  0AFE C6 19 0B    	je isalpha_true
0065+  0B01 B9 41       	cmp al, 'A'
0066+  0B03 C8 15 0B    	jlu isalpha_false
0067+  0B06 B9 7A       	cmp al, 'z'
0068+  0B08 D1 15 0B    	jgu isalpha_false
0069+  0B0B B9 5A       	cmp al, 'Z'
0070+  0B0D D0 19 0B    	jleu isalpha_true
0071+  0B10 B9 61       	cmp al, 'a'
0072+  0B12 C9 19 0B    	jgeu isalpha_true
0073+  0B15             isalpha_false:
0074+  0B15 8B 01       	or al, 1	; clear ZF
0075+  0B17 E8          	pop al
0076+  0B18 09          	ret
0077+  0B19             isalpha_true:
0078+  0B19 87 00       	and al, 0	; set ZF
0079+  0B1B E8          	pop al
0080+  0B1C 09          	ret
0081+  0B1D             
0082+  0B1D             ;;;;;;;;;;;;;;;;;;;;;;;;;;;;;;;;;;;;;;;;;;;;;;;;;;;;;;;;;;;;;;;;;;;;;;;;;;;;;;;;;;
0083+  0B1D             ;; IS PATH-ALPHA
0084+  0B1D             ;; sets ZF according with result
0085+  0B1D             ;;;;;;;;;;;;;;;;;;;;;;;;;;;;;;;;;;;;;;;;;;;;;;;;;;;;;;;;;;;;;;;;;;;;;;;;;;;;;;;;;;
0086+  0B1D             ispath:
0087+  0B1D DB          	push al
0088+  0B1E 07 E3 0A    	call isdigit
0089+  0B21 C6 4B 0B    	je ispath_true
0090+  0B24 B9 5F       	cmp al, '_'
0091+  0B26 C6 4B 0B    	je ispath_true
0092+  0B29 B9 2F       	cmp al, '/'
0093+  0B2B C6 4B 0B    	je ispath_true
0094+  0B2E B9 2E       	cmp al, '.'
0095+  0B30 C6 4B 0B    	je ispath_true
0096+  0B33 B9 41       	cmp al, 'A'
0097+  0B35 C8 47 0B    	jlu ispath_false
0098+  0B38 B9 7A       	cmp al, 'z'
0099+  0B3A D1 47 0B    	jgu ispath_false
0100+  0B3D B9 5A       	cmp al, 'Z'
0101+  0B3F D0 4B 0B    	jleu ispath_true
0102+  0B42 B9 61       	cmp al, 'a'
0103+  0B44 C9 4B 0B    	jgeu ispath_true
0104+  0B47             ispath_false:
0105+  0B47 8B 01       	or al, 1	; clear ZF
0106+  0B49 E8          	pop al
0107+  0B4A 09          	ret
0108+  0B4B             ispath_true:
0109+  0B4B 87 00       	and al, 0	; set ZF
0110+  0B4D E8          	pop al
0111+  0B4E 09          	ret
0112+  0B4F             ;;;;;;;;;;;;;;;;;;;;;;;;;;;;;;;;;;;;;;;;;;;;;;;;;;;;;;;;;;;;;;;;;;;;;;;;;;;;;;;;;;
0113+  0B4F             ;; IS SPACE
0114+  0B4F             ;; sets ZF according with result
0115+  0B4F             ;;;;;;;;;;;;;;;;;;;;;;;;;;;;;;;;;;;;;;;;;;;;;;;;;;;;;;;;;;;;;;;;;;;;;;;;;;;;;;;;;;
0116+  0B4F             isspace:
0117+  0B4F B9 20       	cmp al, $20		; ' '
0118+  0B51 C6 65 0B    	je isspace_exit
0119+  0B54 B9 09       	cmp al, $09		; '\t'
0120+  0B56 C6 65 0B    	je isspace_exit
0121+  0B59 B9 0A       	cmp al, $0A		; '\n'
0122+  0B5B C6 65 0B    	je isspace_exit
0123+  0B5E B9 0D       	cmp al, $0D		; '\r'
0124+  0B60 C6 65 0B    	je isspace_exit
0125+  0B63 B9 0B       	cmp al, $0B		; '\v'
0126+  0B65             isspace_exit:
0127+  0B65 09          	ret	
0128+  0B66             
0129+  0B66             ;;;;;;;;;;;;;;;;;;;;;;;;;;;;;;;;;;;;;;;;;;;;;;;;;;;;;;;;;;;;;;;;;;;;;;;;;;;;;;;;;;;;;;;;;;;;;;;;;;;;;;;;;;;;;;;;;;
0130+  0B66             ; TO LOWER
0131+  0B66             ; input in AL
0132+  0B66             ; output in AL
0133+  0B66             ;;;;;;;;;;;;;;;;;;;;;;;;;;;;;;;;;;;;;;;;;;;;;;;;;;;;;;;;;;;;;;;;;;;;;;;;;;;;;;;;;;;;;;;;;;;;;;;;;;;;;;;;;;;;;;;;;;
0134+  0B66             to_lower:
0135+  0B66 B9 5A       	cmp al, 'Z'
0136+  0B68 D1 6D 0B    	jgu to_lower_ret
0137+  0B6B 6A 20       	add al, $20				; convert to lower case
0138+  0B6D             to_lower_ret:
0139+  0B6D 09          	ret
0140+  0B6E             ;;;;;;;;;;;;;;;;;;;;;;;;;;;;;;;;;;;;;;;;;;;;;;;;;;;;;;;;;;;;;;;;;;;;;;;;;;;;;;;;;;;;;;;;;;;;;;;;;;;;;;;;;;;;;;;;;;
0141+  0B6E             ; TO UPPER
0142+  0B6E             ; input in AL
0143+  0B6E             ; output in AL
0144+  0B6E             ;;;;;;;;;;;;;;;;;;;;;;;;;;;;;;;;;;;;;;;;;;;;;;;;;;;;;;;;;;;;;;;;;;;;;;;;;;;;;;;;;;;;;;;;;;;;;;;;;;;;;;;;;;;;;;;;;;
0145+  0B6E             to_upper:
0146+  0B6E B9 61       	cmp al, 'a'
0147+  0B70 C8 75 0B    	jlu to_upper_ret
0148+  0B73 6F 20       	sub al, $20			; convert to upper case
0149+  0B75             to_upper_ret:
0150+  0B75 09          	ret
0151+  0B76             
0038   0B76             
0039   0B76             .end
0040   0B76             
0041   0B76             
0042   0B76             
tasm: Number of errors = 0
