0001   0000             .include "kernel.exp"
0001+  0000             PROC_TEXT_ORG    .EQU  $0400
0002+  0000             sys_bkpt         .EQU  $0000
0003+  0000             sys_rtc          .EQU  $0001
0004+  0000             sys_IDE          .EQU  $0002
0005+  0000             sys_io           .EQU  $0003
0006+  0000             sys_fileio       .EQU  $0004
0007+  0000             sys_fork         .EQU  $0005
0008+  0000             sys_list         .EQU  $0006
0009+  0000             sys_datetime     .EQU  $0007
0010+  0000             sys_reboot       .EQU  $0008
0011+  0000             sys_pauseproc    .EQU  $0009
0012+  0000             sys_resumeproc   .EQU  $000a
0013+  0000             sys_terminate_proc .EQU  $000b
0014+  0000             sys_system       .EQU  $000c
0015+  0000             sys_boot_install .EQU  $000d
0002   0000             
0003   0400             .org PROC_TEXT_ORG			; origin at 1024
0004   0400             
0005   0400             ;;;;;;;;;;;;;;;;;;;;;;;;;;;;;;;;;;;;;;;;;;;;;;;;;;;;;;;;;;;;;;;;;;;;;;;;;;;;;;;;;
0006   0400             ;; mv - move / change file name
0007   0400             ;;;;;;;;;;;;;;;;;;;;;;;;;;;;;;;;;;;;;;;;;;;;;;;;;;;;;;;;;;;;;;;;;;;;;;;;;;;;;;;;;;
0008   0400             cmd_mv:
0009   0400 10 00 00    	mov a, 0
0010   0403 42 55 06    	mov [prog], a
0011   0406 07 B6 04    	call get_token
0012   0409 FD 4D 59 06 	mov si, tokstr
0013   040D FD 4F 72 0B 	mov di, transient_data
0014   0411 07 C5 07    	call strcpy
0015   0414             	
0016   0414 07 B6 04    	call get_token
0017   0417 FD 4D 59 06 	mov si, tokstr
0018   041B FD 4F F2 0B 	mov di, transient_data + 128
0019   041F 07 C5 07    	call strcpy
0020   0422             
0021   0422 3B 72 0B    	mov d, transient_data
0022   0425 19 0F       	mov al, 15	; mv command
0023   0427 05 04       	syscall sys_fileio
0024   0429             	
0025   0429 05 0B       	syscall sys_terminate_proc
0026   042B             
0027   042B             
0028   042B             .include "token.asm"
0001+  042B             TOKTYP_IDENTIFIER	.equ 0
0002+  042B             TOKTYP_KEYWORD		.equ 1
0003+  042B             TOKTYP_DELIMITER	.equ 2
0004+  042B             TOKTYP_STRING		.equ 3
0005+  042B             TOKTYP_CHAR			.equ 4
0006+  042B             TOKTYP_NUMERIC		.equ 5
0007+  042B             TOKTYP_END			.equ 6
0008+  042B             
0009+  042B             TOK_NULL			.equ 0
0010+  042B             TOK_FSLASH			.equ 1
0011+  042B             TOK_TIMES 			.equ 2
0012+  042B             TOK_PLUS 			.equ 3
0013+  042B             TOK_MINUS 			.equ 4
0014+  042B             TOK_DOT				.equ 5
0015+  042B             TOK_SEMI			.equ 6
0016+  042B             TOK_ANGLE			.equ 7
0017+  042B             TOK_TILDE			.equ 8
0018+  042B             TOK_EQUAL			.equ 9
0019+  042B             TOK_COLON			.equ 10
0020+  042B             TOK_COMMA			.equ 11
0021+  042B             
0022+  042B             TOK_END				.equ 20
0023+  042B             
0024+  042B             
0025+  042B             ;;;;;;;;;;;;;;;;;;;;;;;;;;;;;;;;;;;;;;;;;;;;;;;;;;;;;;;;;;;;;;;;;;;;;;;;;;;;;;;;;;
0026+  042B             ;; read a full command argment from shell input buffer
0027+  042B             ;; argument is written into tokstr
0028+  042B             ;;;;;;;;;;;;;;;;;;;;;;;;;;;;;;;;;;;;;;;;;;;;;;;;;;;;;;;;;;;;;;;;;;;;;;;;;;;;;;;;;;
0029+  042B             get_arg:
0030+  042B D7          	push a
0031+  042C E2          	push si
0032+  042D E3          	push di
0033+  042E 19 00       	mov al, 0
0034+  0430 3D 59 06    	mov [tokstr], al			; nullify tokstr string
0035+  0433 14 55 06    	mov a, [prog]
0036+  0436 4D          	mov si, a
0037+  0437 FD 4F 59 06 	mov di, tokstr
0038+  043B             get_arg_skip_spaces:
0039+  043B F6          	lodsb
0040+  043C 07 4B 0B    	call isspace
0041+  043F C6 3B 04    	je get_arg_skip_spaces
0042+  0442             get_arg_L0:
0043+  0442 B9 3B       	cmp al, $3B				; check if is ';'
0044+  0444 C6 51 04    	je get_arg_end
0045+  0447 B9 00       	cmp al, 0
0046+  0449 C6 51 04    	je get_arg_end			; check if end of input
0047+  044C F7          	stosb
0048+  044D F6          	lodsb
0049+  044E 0A 42 04    	jmp get_arg_L0
0050+  0451             get_arg_end:
0051+  0451 19 00       	mov al, 0
0052+  0453 F7          	stosb
0053+  0454 D5 01 00    	sub si, 1
0054+  0457 4E          	mov a, si
0055+  0458 42 55 06    	mov [prog], a		; update pointer
0056+  045B F0          	pop di
0057+  045C EF          	pop si
0058+  045D E4          	pop a
0059+  045E 09          	ret
0060+  045F             
0061+  045F             ;;;;;;;;;;;;;;;;;;;;;;;;;;;;;;;;;;;;;;;;;;;;;;;;;;;;;;;;;;;;;;;;;;;;;;;;;;;;;;;;;;
0062+  045F             ;; read a path formation from shell input buffer
0063+  045F             ;; path is written into tokstr
0064+  045F             ;; /usr/bin
0065+  045F             ;;;;;;;;;;;;;;;;;;;;;;;;;;;;;;;;;;;;;;;;;;;;;;;;;;;;;;;;;;;;;;;;;;;;;;;;;;;;;;;;;;
0066+  045F             get_path:
0067+  045F D7          	push a
0068+  0460 E2          	push si
0069+  0461 E3          	push di
0070+  0462 19 00       	mov al, 0
0071+  0464 3D 59 06    	mov [tokstr], al			; nullify tokstr string
0072+  0467 14 55 06    	mov a, [prog]
0073+  046A 4D          	mov si, a
0074+  046B FD 4F 59 06 	mov di, tokstr
0075+  046F             get_path_skip_spaces:
0076+  046F F6          	lodsb
0077+  0470 07 4B 0B    	call isspace
0078+  0473 C6 6F 04    	je get_path_skip_spaces
0079+  0476             get_path_is_pathchar:
0080+  0476 F7          	stosb
0081+  0477 F6          	lodsb
0082+  0478 07 D5 0A    	call isalnum			;check if is alphanumeric
0083+  047B C6 76 04    	je get_path_is_pathchar
0084+  047E B9 2F       	cmp al, '/'				; check if is '/'
0085+  0480 C6 76 04    	je get_path_is_pathchar
0086+  0483 19 00       	mov al, 0
0087+  0485 F7          	stosb
0088+  0486 D5 01 00    	sub si, 1
0089+  0489 4E          	mov a, si
0090+  048A 42 55 06    	mov [prog], a		; update pointer
0091+  048D             get_path_end:
0092+  048D F0          	pop di
0093+  048E EF          	pop si
0094+  048F E4          	pop a
0095+  0490 09          	ret
0096+  0491             
0097+  0491             ;;;;;;;;;;;;;;;;;;;;;;;;;;;;;;;;;;;;;;;;;;;;;;;;;;;;;;;;;;;;;;;;;;;;;;;;;;;;;;;;;;
0098+  0491             ;; read a line
0099+  0491             ;; line is written into tokstr
0100+  0491             ;;;;;;;;;;;;;;;;;;;;;;;;;;;;;;;;;;;;;;;;;;;;;;;;;;;;;;;;;;;;;;;;;;;;;;;;;;;;;;;;;;
0101+  0491             get_line:
0102+  0491 D7          	push a
0103+  0492 E2          	push si
0104+  0493 E3          	push di
0105+  0494 19 00       	mov al, 0
0106+  0496 3D 59 06    	mov [tokstr], al			; nullify tokstr string
0107+  0499 14 55 06    	mov a, [prog]
0108+  049C 4D          	mov si, a
0109+  049D FD 4F 59 06 	mov di, tokstr
0110+  04A1             get_line_L0:
0111+  04A1 F6          	lodsb
0112+  04A2 B9 0A       	cmp al, $0A		; check for new line
0113+  04A4 C6 AB 04    	je get_line_exit
0114+  04A7 F7          	stosb
0115+  04A8 0A A1 04    	jmp get_line_L0
0116+  04AB             get_line_exit:
0117+  04AB 19 00       	mov al, 0
0118+  04AD F7          	stosb
0119+  04AE 4E          	mov a, si
0120+  04AF 42 55 06    	mov [prog], a		; update pointer
0121+  04B2 F0          	pop di
0122+  04B3 EF          	pop si
0123+  04B4 E4          	pop a
0124+  04B5 09          	ret
0125+  04B6             
0126+  04B6             ;;;;;;;;;;;;;;;;;;;;;;;;;;;;;;;;;;;;;;;;;;;;;;;;;;;;;;;;;;;;;;;;;;;;;;;;;;;;;;;;;;
0127+  04B6             ;; token parser
0128+  04B6             ;;;;;;;;;;;;;;;;;;;;;;;;;;;;;;;;;;;;;;;;;;;;;;;;;;;;;;;;;;;;;;;;;;;;;;;;;;;;;;;;;;
0129+  04B6             get_token:
0130+  04B6 D7          	push a
0131+  04B7 DA          	push d
0132+  04B8 E2          	push si
0133+  04B9 E3          	push di
0134+  04BA 19 00       	mov al, 0
0135+  04BC 3D 59 06    	mov [tokstr], al			; nullify tokstr string
0136+  04BF 19 00       	mov al, TOK_NULL
0137+  04C1 3D 58 06    	mov [tok], al				; nullify token
0138+  04C4 14 55 06    	mov a, [prog]
0139+  04C7 4D          	mov si, a
0140+  04C8 FD 4F 59 06 	mov di, tokstr
0141+  04CC             get_tok_skip_spaces:
0142+  04CC F6          	lodsb
0143+  04CD 07 4B 0B    	call isspace
0144+  04D0 C6 CC 04    	je get_tok_skip_spaces
0145+  04D3 B9 00       	cmp al, 0			; check for end of input (NULL)
0146+  04D5 C6 BA 05    	je get_token_end
0147+  04D8 B9 23       	cmp al, '#'			; comments!
0148+  04DA C6 E8 05    	je get_tok_comment
0149+  04DD 07 D5 0A    	call isalnum
0150+  04E0 C6 C7 05    	jz is_alphanumeric
0151+  04E3             ; other token types
0152+  04E3             get_token_slash:
0153+  04E3 B9 2F       	cmp al, '/'				; check if '/'
0154+  04E5 C7 FD 04    	jne get_token_minus
0155+  04E8 F7          	stosb					; store '/' into token string
0156+  04E9 19 00       	mov al, 0
0157+  04EB F7          	stosb					; terminate token string
0158+  04EC 19 01       	mov al, TOK_FSLASH
0159+  04EE 3D 58 06    	mov [tok], al			
0160+  04F1 19 02       	mov al, TOKTYP_DELIMITER
0161+  04F3 3D 57 06    	mov [toktyp], al
0162+  04F6 4E          	mov a, si
0163+  04F7 42 55 06    	mov [prog], a		; update pointer
0164+  04FA 0A E3 05    	jmp get_token_return
0165+  04FD             get_token_minus:
0166+  04FD B9 2D       	cmp al, '-'				; check if '-'
0167+  04FF C7 17 05    	jne get_token_comma
0168+  0502 F7          	stosb					; store '-' into token string
0169+  0503 19 00       	mov al, 0
0170+  0505 F7          	stosb					; terminate token string
0171+  0506 19 04       	mov al, TOK_MINUS
0172+  0508 3D 58 06    	mov [tok], al			
0173+  050B 19 02       	mov al, TOKTYP_DELIMITER
0174+  050D 3D 57 06    	mov [toktyp], al
0175+  0510 4E          	mov a, si
0176+  0511 42 55 06    	mov [prog], a		; update pointer
0177+  0514 0A E3 05    	jmp get_token_return
0178+  0517             get_token_comma:
0179+  0517 B9 2C       	cmp al, ','				; check if ','
0180+  0519 C7 31 05    	jne get_token_semi
0181+  051C F7          	stosb					; store ',' into token string
0182+  051D 19 00       	mov al, 0
0183+  051F F7          	stosb					; terminate token string
0184+  0520 19 0B       	mov al, TOK_COMMA
0185+  0522 3D 58 06    	mov [tok], al			
0186+  0525 19 02       	mov al, TOKTYP_DELIMITER
0187+  0527 3D 57 06    	mov [toktyp], al
0188+  052A 4E          	mov a, si
0189+  052B 42 55 06    	mov [prog], a		; update pointer
0190+  052E 0A E3 05    	jmp get_token_return
0191+  0531             get_token_semi:
0192+  0531 B9 3B       	cmp al, $3B				; check if ';'
0193+  0533 C7 4B 05    	jne get_token_colon
0194+  0536 F7          	stosb					; store ';' into token string
0195+  0537 19 00       	mov al, 0
0196+  0539 F7          	stosb					; terminate token string
0197+  053A 19 06       	mov al, TOK_SEMI
0198+  053C 3D 58 06    	mov [tok], al			
0199+  053F 19 02       	mov al, TOKTYP_DELIMITER
0200+  0541 3D 57 06    	mov [toktyp], al
0201+  0544 4E          	mov a, si
0202+  0545 42 55 06    	mov [prog], a		; update pointer
0203+  0548 0A E3 05    	jmp get_token_return
0204+  054B             get_token_colon:
0205+  054B B9 3A       	cmp al, $3A				; check if ':'
0206+  054D C7 65 05    	jne get_token_angle
0207+  0550 F7          	stosb					; store ':' into token string
0208+  0551 19 00       	mov al, 0
0209+  0553 F7          	stosb					; terminate token string
0210+  0554 19 0A       	mov al, TOK_COLON
0211+  0556 3D 58 06    	mov [tok], al			
0212+  0559 19 02       	mov al, TOKTYP_DELIMITER
0213+  055B 3D 57 06    	mov [toktyp], al
0214+  055E 4E          	mov a, si
0215+  055F 42 55 06    	mov [prog], a		; update pointer
0216+  0562 0A E3 05    	jmp get_token_return
0217+  0565             get_token_angle:
0218+  0565 B9 3E       	cmp al, $3E				; check if '>'
0219+  0567 C7 7F 05    	jne get_token_tilde
0220+  056A F7          	stosb					; store '>' into token string
0221+  056B 19 00       	mov al, 0
0222+  056D F7          	stosb					; terminate token string
0223+  056E 19 07       	mov al, TOK_ANGLE
0224+  0570 3D 58 06    	mov [tok], al			
0225+  0573 19 02       	mov al, TOKTYP_DELIMITER
0226+  0575 3D 57 06    	mov [toktyp], al
0227+  0578 4E          	mov a, si
0228+  0579 42 55 06    	mov [prog], a		; update pointer
0229+  057C 0A E3 05    	jmp get_token_return
0230+  057F             get_token_tilde:
0231+  057F B9 7E       	cmp al, '~'				; check if '~'
0232+  0581 C7 99 05    	jne get_token_equal
0233+  0584 F7          	stosb					; store '~' into token string
0234+  0585 19 00       	mov al, 0
0235+  0587 F7          	stosb					; terminate token string
0236+  0588 19 08       	mov al, TOK_TILDE
0237+  058A 3D 58 06    	mov [tok], al			
0238+  058D 19 02       	mov al, TOKTYP_DELIMITER
0239+  058F 3D 57 06    	mov [toktyp], al
0240+  0592 4E          	mov a, si
0241+  0593 42 55 06    	mov [prog], a		; update pointer
0242+  0596 0A E3 05    	jmp get_token_return
0243+  0599             get_token_equal:
0244+  0599 B9 3D       	cmp al, '='				; check if '='
0245+  059B C7 B3 05    	jne get_token_skip
0246+  059E F7          	stosb					; store '=' into token string
0247+  059F 19 00       	mov al, 0
0248+  05A1 F7          	stosb					; terminate token string
0249+  05A2 19 09       	mov al, TOK_EQUAL
0250+  05A4 3D 58 06    	mov [tok], al			
0251+  05A7 19 02       	mov al, TOKTYP_DELIMITER
0252+  05A9 3D 57 06    	mov [toktyp], al
0253+  05AC 4E          	mov a, si
0254+  05AD 42 55 06    	mov [prog], a		; update pointer
0255+  05B0 0A E3 05    	jmp get_token_return
0256+  05B3             get_token_skip:
0257+  05B3 4E          	mov a, si
0258+  05B4 42 55 06    	mov [prog], a		; update pointer
0259+  05B7 0A E3 05    	jmp get_token_return
0260+  05BA             get_token_end:				; end of file token
0261+  05BA 19 14       	mov al, TOK_END
0262+  05BC 3D 58 06    	mov [tok], al
0263+  05BF 19 06       	mov al, TOKTYP_END
0264+  05C1 3D 57 06    	mov [toktyp], al
0265+  05C4 0A E3 05    	jmp get_token_return
0266+  05C7             is_alphanumeric:
0267+  05C7 F7          	stosb
0268+  05C8 F6          	lodsb
0269+  05C9 07 D5 0A    	call isalnum			;check if is alphanumeric
0270+  05CC C6 C7 05    	jz is_alphanumeric
0271+  05CF B9 2E       	cmp al, $2E				; check if is '.'
0272+  05D1 C6 C7 05    	je is_alphanumeric
0273+  05D4 19 00       	mov al, 0
0274+  05D6 F7          	stosb
0275+  05D7 19 00       	mov al, TOKTYP_IDENTIFIER
0276+  05D9 3D 57 06    	mov [toktyp], al
0277+  05DC D5 01 00    	sub si, 1
0278+  05DF 4E          	mov a, si
0279+  05E0 42 55 06    	mov [prog], a		; update pointer
0280+  05E3             get_token_return:
0281+  05E3 F0          	pop di
0282+  05E4 EF          	pop si
0283+  05E5 E7          	pop d
0284+  05E6 E4          	pop a
0285+  05E7 09          	ret
0286+  05E8             get_tok_comment:
0287+  05E8 F6          	lodsb
0288+  05E9 B9 0A       	cmp al, $0A			; new line
0289+  05EB C7 E8 05    	jne get_tok_comment
0290+  05EE 0A CC 04    	jmp get_tok_skip_spaces
0291+  05F1             
0292+  05F1             
0293+  05F1             get_number:
0294+  05F1 D7          	push a
0295+  05F2 DA          	push d
0296+  05F3 E2          	push si
0297+  05F4 E3          	push di
0298+  05F5 19 00       	mov al, 0
0299+  05F7 3D 59 06    	mov [tokstr], al			; nullify tokstr string
0300+  05FA 19 00       	mov al, TOK_NULL
0301+  05FC 3D 58 06    	mov [tok], al				; nullify token
0302+  05FF 14 55 06    	mov a, [prog]
0303+  0602 4D          	mov si, a
0304+  0603 FD 4F 59 06 	mov di, tokstr
0305+  0607             get_number_skip_spaces:
0306+  0607 F6          	lodsb
0307+  0608 07 4B 0B    	call isspace
0308+  060B C6 07 06    	je get_number_skip_spaces
0309+  060E B9 00       	cmp al, 0			; check for end of input (NULL)
0310+  0610 C7 20 06    	jne get_number_L0
0311+  0613 19 14       	mov al, TOK_END
0312+  0615 3D 58 06    	mov [tok], al
0313+  0618 19 06       	mov al, TOKTYP_END
0314+  061A 3D 57 06    	mov [toktyp], al
0315+  061D 0A 37 06    	jmp get_number_return
0316+  0620             get_number_L0:
0317+  0620 F7          	stosb
0318+  0621 F6          	lodsb
0319+  0622 07 DF 0A    	call isdigit			;check if is numeric
0320+  0625 C6 20 06    	jz get_number_L0
0321+  0628 19 00       	mov al, 0
0322+  062A F7          	stosb
0323+  062B 19 05       	mov al, TOKTYP_NUMERIC
0324+  062D 3D 57 06    	mov [toktyp], al
0325+  0630 D5 01 00    	sub si, 1
0326+  0633 4E          	mov a, si
0327+  0634 42 55 06    	mov [prog], a		; update pointer
0328+  0637             get_number_return:
0329+  0637 F0          	pop di
0330+  0638 EF          	pop si
0331+  0639 E7          	pop d
0332+  063A E4          	pop a
0333+  063B 09          	ret
0334+  063C             
0335+  063C             ;;;;;;;;;;;;;;;;;;;;;;;;;;;;;;;;;;;;;;;;;;;;;;;;;;;;;;;;;;;;;;;;;;;;;;;;;;;;;;;;;;
0336+  063C             ;; PUT BACK TOKEN
0337+  063C             ;;;;;;;;;;;;;;;;;;;;;;;;;;;;;;;;;;;;;;;;;;;;;;;;;;;;;;;;;;;;;;;;;;;;;;;;;;;;;;;;;;	
0338+  063C             putback:
0339+  063C D7          	push a
0340+  063D E2          	push si
0341+  063E FD 4D 59 06 	mov si, tokstr	
0342+  0642             putback_loop:
0343+  0642 F6          	lodsb
0344+  0643 B9 00       	cmp al, 0
0345+  0645 C6 52 06    	je putback_end
0346+  0648 14 55 06    	mov a, [prog]
0347+  064B 7D          	dec a
0348+  064C 42 55 06    	mov [prog], a			; update pointer
0349+  064F 0A 42 06    	jmp putback_loop
0350+  0652             putback_end:
0351+  0652 EF          	pop si
0352+  0653 E4          	pop a
0353+  0654 09          	ret
0354+  0655             
0355+  0655             
0356+  0655             
0357+  0655             
0358+  0655 00 00       prog:		.dw 0			; pointer to current position in buffer
0359+  0657             
0360+  0657 00          toktyp: 	.db 0			; token type symbol
0361+  0658 00          tok:		.db 0			; current token symbol
0362+  0659 00 00 00 00 tokstr:		.fill 256, 0	; token as a string
0362+  065D 00 00 00 00 
0362+  0661 00 00 00 00 
0362+  0665 00 00 00 00 
0362+  0669 00 00 00 00 
0362+  066D 00 00 00 00 
0362+  0671 00 00 00 00 
0362+  0675 00 00 00 00 
0362+  0679 00 00 00 00 
0362+  067D 00 00 00 00 
0362+  0681 00 00 00 00 
0362+  0685 00 00 00 00 
0362+  0689 00 00 00 00 
0362+  068D 00 00 00 00 
0362+  0691 00 00 00 00 
0362+  0695 00 00 00 00 
0362+  0699 00 00 00 00 
0362+  069D 00 00 00 00 
0362+  06A1 00 00 00 00 
0362+  06A5 00 00 00 00 
0362+  06A9 00 00 00 00 
0362+  06AD 00 00 00 00 
0362+  06B1 00 00 00 00 
0362+  06B5 00 00 00 00 
0362+  06B9 00 00 00 00 
0362+  06BD 00 00 00 00 
0362+  06C1 00 00 00 00 
0362+  06C5 00 00 00 00 
0362+  06C9 00 00 00 00 
0362+  06CD 00 00 00 00 
0362+  06D1 00 00 00 00 
0362+  06D5 00 00 00 00 
0362+  06D9 00 00 00 00 
0362+  06DD 00 00 00 00 
0362+  06E1 00 00 00 00 
0362+  06E5 00 00 00 00 
0362+  06E9 00 00 00 00 
0362+  06ED 00 00 00 00 
0362+  06F1 00 00 00 00 
0362+  06F5 00 00 00 00 
0362+  06F9 00 00 00 00 
0362+  06FD 00 00 00 00 
0362+  0701 00 00 00 00 
0362+  0705 00 00 00 00 
0362+  0709 00 00 00 00 
0362+  070D 00 00 00 00 
0362+  0711 00 00 00 00 
0362+  0715 00 00 00 00 
0362+  0719 00 00 00 00 
0362+  071D 00 00 00 00 
0362+  0721 00 00 00 00 
0362+  0725 00 00 00 00 
0362+  0729 00 00 00 00 
0362+  072D 00 00 00 00 
0362+  0731 00 00 00 00 
0362+  0735 00 00 00 00 
0362+  0739 00 00 00 00 
0362+  073D 00 00 00 00 
0362+  0741 00 00 00 00 
0362+  0745 00 00 00 00 
0362+  0749 00 00 00 00 
0362+  074D 00 00 00 00 
0362+  0751 00 00 00 00 
0362+  0755 00 00 00 00 
0029   0759             .include "stdio.asm"
0001+  0759             ;;;;;;;;;;;;;;;;;;;;;;;;;;;;;;;;;;;;;;;;;;;;;;;;;;;;;;;;;;;;;;;;;;;;;;;;;;;;;;;;;;;;;;;;;;;;;;;;;;;;;;;;;;;;;;;;;;
0002+  0759             ; stdio.s
0003+  0759             ;;;;;;;;;;;;;;;;;;;;;;;;;;;;;;;;;;;;;;;;;;;;;;;;;;;;;;;;;;;;;;;;;;;;;;;;;;;;;;;;;;;;;;;;;;;;;;;;;;;;;;;;;;;;;;;;;;
0004+  0759             .include "string.asm"
0001++ 0759             ;;;;;;;;;;;;;;;;;;;;;;;;;;;;;;;;;;;;;;;;;;;;;;;;;;;;;;;;;;;;;;;;;;;;;;;;;;;;;;;;;;;;;;;;;;;;;;;;;;;;;;;;;;;;;;;;;;
0002++ 0759             ; string.s
0003++ 0759             ;;;;;;;;;;;;;;;;;;;;;;;;;;;;;;;;;;;;;;;;;;;;;;;;;;;;;;;;;;;;;;;;;;;;;;;;;;;;;;;;;;;;;;;;;;;;;;;;;;;;;;;;;;;;;;;;;;
0004++ 0759             
0005++ 0759             
0006++ 0759             ;;;;;;;;;;;;;;;;;;;;;;;;;;;;;;;;;;;;;;;;;;;;;;;;;;;;;;;;;;;;;;;;;;;;;;;;;;;;;;;;;;;;;;;;;;;;;;;;;;;;;;;;;;;;;;;;;;
0007++ 0759             ; strrev
0008++ 0759             ; reverse a string
0009++ 0759             ; D = string address
0010++ 0759             ;;;;;;;;;;;;;;;;;;;;;;;;;;;;;;;;;;;;;;;;;;;;;;;;;;;;;;;;;;;;;;;;;;;;;;;;;;;;;;;;;;;;;;;;;;;;;;;;;;;;;;;;;;;;;;;;;;
0011++ 0759             ; 01234
0012++ 0759             strrev:
0013++ 0759 4B          	pusha
0014++ 075A 07 A0 07    	call strlen	; length in C
0015++ 075D 12          	mov a, c
0016++ 075E AF 01 00    	cmp a, 1
0017++ 0761 D0 7B 07    	jleu strrev_end	; check string length. string len must be > 1
0018++ 0764 7D          	dec a
0019++ 0765 FD 4E       	mov si, d	; beginning of string
0020++ 0767 FD 50       	mov di, d	; beginning of string (for destinations)
0021++ 0769 59          	add d, a	; end of string
0022++ 076A 12          	mov a, c
0023++ 076B FD 9B       	shr a		; divide by 2
0024++ 076D 39          	mov c, a	; C now counts the steps
0025++ 076E             strrev_L0:
0026++ 076E 32          	mov bl, [d]	; save load right-side char into BL
0027++ 076F F6          	lodsb		; load left-side char into AL; increase SI
0028++ 0770 3E          	mov [d], al	; store left char into right side
0029++ 0771 1B          	mov al, bl
0030++ 0772 F7          	stosb		; store right-side char into left-side; increase DI
0031++ 0773 7E          	dec c
0032++ 0774 7F          	dec d
0033++ 0775 C2 00 00    	cmp c, 0
0034++ 0778 C7 6E 07    	jne strrev_L0
0035++ 077B             strrev_end:
0036++ 077B 4C          	popa
0037++ 077C 09          	ret
0038++ 077D             	
0039++ 077D             ;;;;;;;;;;;;;;;;;;;;;;;;;;;;;;;;;;;;;;;;;;;;;;;;;;;;;;;;;;;;;;;;;;;;;;;;;;;;;;;;;;;;;;;;;;;;;;;;;;;;;;;;;;;;;;;;;;
0040++ 077D             ; strchr
0041++ 077D             ; search string in D for char in AL
0042++ 077D             ;;;;;;;;;;;;;;;;;;;;;;;;;;;;;;;;;;;;;;;;;;;;;;;;;;;;;;;;;;;;;;;;;;;;;;;;;;;;;;;;;;;;;;;;;;;;;;;;;;;;;;;;;;;;;;;;;;
0043++ 077D             strchr:
0044++ 077D             strchr_L0:
0045++ 077D 32          	mov bl, [d]
0046++ 077E C1 00       	cmp bl, 0
0047++ 0780 C6 8B 07    	je strchr_end
0048++ 0783 BA          	cmp al, bl
0049++ 0784 C6 8B 07    	je strchr_end
0050++ 0787 79          	inc d
0051++ 0788 0A 7D 07    	jmp strchr_L0
0052++ 078B             strchr_end:
0053++ 078B 1B          	mov al, bl
0054++ 078C 09          	ret
0055++ 078D             
0056++ 078D             ;;;;;;;;;;;;;;;;;;;;;;;;;;;;;;;;;;;;;;;;;;;;;;;;;;;;;;;;;;;;;;;;;;;;;;;;;;;;;;;;;;;;;;;;;;;;;;;;;;;;;;;;;;;;;;;;;;
0057++ 078D             ; strstr
0058++ 078D             ; find sub-string
0059++ 078D             ; str1 in SI
0060++ 078D             ; str2 in DI
0061++ 078D             ; SI points to end of source string
0062++ 078D             ;;;;;;;;;;;;;;;;;;;;;;;;;;;;;;;;;;;;;;;;;;;;;;;;;;;;;;;;;;;;;;;;;;;;;;;;;;;;;;;;;;;;;;;;;;;;;;;;;;;;;;;;;;;;;;;;;;
0063++ 078D             strstr:
0064++ 078D DB          	push al
0065++ 078E DA          	push d
0066++ 078F E3          	push di
0067++ 0790             strstr_loop:
0068++ 0790 F3          	cmpsb					; compare a byte of the strings
0069++ 0791 C7 9C 07    	jne strstr_ret
0070++ 0794 FC 00 00    	lea d, [di + 0]
0071++ 0797 BD 00       	cmp byte[d], 0				; check if at end of string (null)
0072++ 0799 C7 90 07    	jne strstr_loop				; equal chars but not at end
0073++ 079C             strstr_ret:
0074++ 079C F0          	pop di
0075++ 079D E7          	pop d
0076++ 079E E8          	pop al
0077++ 079F 09          	ret
0078++ 07A0             ;;;;;;;;;;;;;;;;;;;;;;;;;;;;;;;;;;;;;;;;;;;;;;;;;;;;;;;;;;;;;;;;;;;;;;;;;;;;;;;;;;;;;;;
0079++ 07A0             ; length of null terminated string
0080++ 07A0             ; result in C
0081++ 07A0             ; pointer in D
0082++ 07A0             ;;;;;;;;;;;;;;;;;;;;;;;;;;;;;;;;;;;;;;;;;;;;;;;;;;;;;;;;;;;;;;;;;;;;;;;;;;;;;;;;;;;;;;;
0083++ 07A0             strlen:
0084++ 07A0 DA          	push d
0085++ 07A1 38 00 00    	mov c, 0
0086++ 07A4             strlen_L1:
0087++ 07A4 BD 00       	cmp byte [d], 0
0088++ 07A6 C6 AE 07    	je strlen_ret
0089++ 07A9 79          	inc d
0090++ 07AA 78          	inc c
0091++ 07AB 0A A4 07    	jmp strlen_L1
0092++ 07AE             strlen_ret:
0093++ 07AE E7          	pop d
0094++ 07AF 09          	ret
0095++ 07B0             
0096++ 07B0             ;;;;;;;;;;;;;;;;;;;;;;;;;;;;;;;;;;;;;;;;;;;;;;;;;;;;;;;;;;;;;;;;;;;;;;;;;;;;;;;;;;;;;;;;;;;;;;;;;;;;;;;;;;;;;;;;;;
0097++ 07B0             ; STRCMP
0098++ 07B0             ; compare two strings
0099++ 07B0             ; str1 in SI
0100++ 07B0             ; str2 in DI
0101++ 07B0             ; CREATE A STRING COMPAIRON INSTRUCION ?????
0102++ 07B0             ;;;;;;;;;;;;;;;;;;;;;;;;;;;;;;;;;;;;;;;;;;;;;;;;;;;;;;;;;;;;;;;;;;;;;;;;;;;;;;;;;;;;;;;;;;;;;;;;;;;;;;;;;;;;;;;;;;
0103++ 07B0             strcmp:
0104++ 07B0 DB          	push al
0105++ 07B1 DA          	push d
0106++ 07B2 E3          	push di
0107++ 07B3 E2          	push si
0108++ 07B4             strcmp_loop:
0109++ 07B4 F3          	cmpsb					; compare a byte of the strings
0110++ 07B5 C7 C0 07    	jne strcmp_ret
0111++ 07B8 FB FF FF    	lea d, [si +- 1]
0112++ 07BB BD 00       	cmp byte[d], 0				; check if at end of string (null)
0113++ 07BD C7 B4 07    	jne strcmp_loop				; equal chars but not at end
0114++ 07C0             strcmp_ret:
0115++ 07C0 EF          	pop si
0116++ 07C1 F0          	pop di
0117++ 07C2 E7          	pop d
0118++ 07C3 E8          	pop al
0119++ 07C4 09          	ret
0120++ 07C5             
0121++ 07C5             
0122++ 07C5             ; STRCPY
0123++ 07C5             ; copy null terminated string from SI to DI
0124++ 07C5             ; source in SI
0125++ 07C5             ; destination in DI
0126++ 07C5             strcpy:
0127++ 07C5 E2          	push si
0128++ 07C6 E3          	push di
0129++ 07C7 DB          	push al
0130++ 07C8             strcpy_L1:
0131++ 07C8 F6          	lodsb
0132++ 07C9 F7          	stosb
0133++ 07CA B9 00       	cmp al, 0
0134++ 07CC C7 C8 07    	jne strcpy_L1
0135++ 07CF             strcpy_end:
0136++ 07CF E8          	pop al
0137++ 07D0 F0          	pop di
0138++ 07D1 EF          	pop si
0139++ 07D2 09          	ret
0140++ 07D3             
0141++ 07D3             ; STRCAT
0142++ 07D3             ; concatenate a NULL terminated string into string at DI, from string at SI
0143++ 07D3             ; source in SI
0144++ 07D3             ; destination in DI
0145++ 07D3             strcat:
0146++ 07D3 E2          	push si
0147++ 07D4 E3          	push di
0148++ 07D5 D7          	push a
0149++ 07D6 DA          	push d
0150++ 07D7 50          	mov a, di
0151++ 07D8 3C          	mov d, a
0152++ 07D9             strcat_goto_end_L1:
0153++ 07D9 BD 00       	cmp byte[d], 0
0154++ 07DB C6 E2 07    	je strcat_start
0155++ 07DE 79          	inc d
0156++ 07DF 0A D9 07    	jmp strcat_goto_end_L1
0157++ 07E2             strcat_start:
0158++ 07E2 FD 50       	mov di, d
0159++ 07E4             strcat_L1:
0160++ 07E4 F6          	lodsb
0161++ 07E5 F7          	stosb
0162++ 07E6 B9 00       	cmp al, 0
0163++ 07E8 C7 E4 07    	jne strcat_L1
0164++ 07EB             strcat_end:
0165++ 07EB E7          	pop d
0166++ 07EC E4          	pop a
0167++ 07ED F0          	pop di
0168++ 07EE EF          	pop si
0169++ 07EF 09          	ret
0005+  07F0             
0006+  07F0 30 31 32 33 s_hex_digits:	.db "0123456789ABCDEF"	
0006+  07F4 34 35 36 37 
0006+  07F8 38 39 41 42 
0006+  07FC 43 44 45 46 
0007+  0800             
0008+  0800 01 00       table_power:.dw 1
0009+  0802 0A 00       			.dw 10
0010+  0804 64 00       			.dw 100
0011+  0806 E8 03       			.dw 1000
0012+  0808 10 27       			.dw 10000
0013+  080A             
0014+  080A             ;;;;;;;;;;;;;;;;;;;;;;;;;;;;;;;;;;;;;;;;;;;;;;;;;;;;;;;;;;;;;;;;;;;;;;;;;;;;;;;;;;;;;;;;;;;;;;;;;;;;;;;;;;;;;;;;;;
0015+  080A             ; CONVERT ASCII 'O'..'F' TO INTEGER 0..15
0016+  080A             ; ASCII in BL
0017+  080A             ; result in AL
0018+  080A             ; ascii for F = 0100 0110
0019+  080A             ; ascii for 9 = 0011 1001
0020+  080A             ;;;;;;;;;;;;;;;;;;;;;;;;;;;;;;;;;;;;;;;;;;;;;;;;;;;;;;;;;;;;;;;;;;;;;;;;;;;;;;;;;;;;;;;;;;;;;;;;;;;;;;;;;;;;;;;;;;
0021+  080A             hex_ascii_encode:
0022+  080A 1B          	mov al, bl
0023+  080B 93 40       	test al, $40				; test if letter or number
0024+  080D C7 13 08    	jnz hex_letter
0025+  0810 87 0F       	and al, $0F				; get number
0026+  0812 09          	ret
0027+  0813             hex_letter:
0028+  0813 87 0F       	and al, $0F				; get letter
0029+  0815 6A 09       	add al, 9
0030+  0817 09          	ret
0031+  0818             
0032+  0818             ;;;;;;;;;;;;;;;;;;;;;;;;;;;;;;;;;;;;;;;;;;;;;;;;;;;;;;;;;;;;;;;;;;;;;;;;;;;;;;;;;;;;;;;;;;;;;;;;;;;;;;;;;;;;;;;;;;
0033+  0818             ; ATOI
0034+  0818             ; 2 letter hex string in B
0035+  0818             ; 8bit integer returned in AL
0036+  0818             ;;;;;;;;;;;;;;;;;;;;;;;;;;;;;;;;;;;;;;;;;;;;;;;;;;;;;;;;;;;;;;;;;;;;;;;;;;;;;;;;;;;;;;;;;;;;;;;;;;;;;;;;;;;;;;;;;;
0037+  0818             atoi:
0038+  0818 D8          	push b
0039+  0819 07 0A 08    	call hex_ascii_encode			; convert BL to 4bit code in AL
0040+  081C 30          	mov bl, bh
0041+  081D DB          	push al					; save a
0042+  081E 07 0A 08    	call hex_ascii_encode
0043+  0821 EA          	pop bl	
0044+  0822 FD 9E 04    	shl al, 4
0045+  0825 8C          	or al, bl
0046+  0826 E5          	pop b
0047+  0827 09          	ret	
0048+  0828             
0049+  0828             
0050+  0828             ;;;;;;;;;;;;;;;;;;;;;;;;;;;;;;;;;;;;;;;;;;;;;;;;;;;;;;;;;;;;;;;;;;;;;;;;;;;;;;;;;;;;;;;;;;;;;;;;;;;;;;;;;;;;;;;;;;
0051+  0828             ; printf
0052+  0828             ; no need for explanations!
0053+  0828             ;;;;;;;;;;;;;;;;;;;;;;;;;;;;;;;;;;;;;;;;;;;;;;;;;;;;;;;;;;;;;;;;;;;;;;;;;;;;;;;;;;;;;;;;;;;;;;;;;;;;;;;;;;;;;;;;;;
0054+  0828             printf:
0055+  0828 09          	ret
0056+  0829             
0057+  0829             
0058+  0829             ;;;;;;;;;;;;;;;;;;;;;;;;;;;;;;;;;;;;;;;;;;;;;;;;;;;;;;;;;;;;;;;;;;;;;;;;;;;;;;;;;;;;;;;;;;;;;;;;;;;;;;;;;;;;;;;;;;
0059+  0829             ; scanf
0060+  0829             ; no need for explanations!
0061+  0829             ;;;;;;;;;;;;;;;;;;;;;;;;;;;;;;;;;;;;;;;;;;;;;;;;;;;;;;;;;;;;;;;;;;;;;;;;;;;;;;;;;;;;;;;;;;;;;;;;;;;;;;;;;;;;;;;;;;
0062+  0829             scanf:
0063+  0829 09          	ret
0064+  082A             
0065+  082A             ;;;;;;;;;;;;;;;;;;;;;;;;;;;;;;;;;;;;;;;;;;;;;;;;;;;;;;;;;;;;;;;;;;;;;;;;;;;;;;;;;;;;;;;;;;;;;;;;;;;;;;;;;;;;;;;;;;
0066+  082A             ; ITOA
0067+  082A             ; 8bit value in BL
0068+  082A             ; 2 byte ASCII result in A
0069+  082A             ;;;;;;;;;;;;;;;;;;;;;;;;;;;;;;;;;;;;;;;;;;;;;;;;;;;;;;;;;;;;;;;;;;;;;;;;;;;;;;;;;;;;;;;;;;;;;;;;;;;;;;;;;;;;;;;;;;
0070+  082A             itoa:
0071+  082A DA          	push d
0072+  082B D8          	push b
0073+  082C A7 00       	mov bh, 0
0074+  082E FD A4 04    	shr bl, 4	
0075+  0831 74          	mov d, b
0076+  0832 1F F0 07    	mov al, [d + s_hex_digits]
0077+  0835 23          	mov ah, al
0078+  0836             	
0079+  0836 E5          	pop b
0080+  0837 D8          	push b
0081+  0838 A7 00       	mov bh, 0
0082+  083A FD 87 0F    	and bl, $0F
0083+  083D 74          	mov d, b
0084+  083E 1F F0 07    	mov al, [d + s_hex_digits]
0085+  0841 E5          	pop b
0086+  0842 E7          	pop d
0087+  0843 09          	ret
0088+  0844             
0089+  0844             ;;;;;;;;;;;;;;;;;;;;;;;;;;;;;;;;;;;;;;;;;;;;;;;;;;;;;;;;;;;;;;;;;;;;;;;;;;;;;;;;;;;;;;;;;;;;;;;;;;;;;;;;;;;;;;;;;;
0090+  0844             ; HEX STRING TO BINARY
0091+  0844             ; di = destination address
0092+  0844             ; si = source
0093+  0844             ;;;;;;;;;;;;;;;;;;;;;;;;;;;;;;;;;;;;;;;;;;;;;;;;;;;;;;;;;;;;;;;;;;;;;;;;;;;;;;;;;;;;;;;;;;;;;;;;;;;;;;;;;;;;;;;;;;
0094+  0844             hex_to_int:
0095+  0844             hex_to_int_L1:
0096+  0844 F6          	lodsb					; load from [SI] to AL
0097+  0845 B9 00       	cmp al, 0				; check if ASCII 0
0098+  0847 C6 54 08    	jz hex_to_int_ret
0099+  084A 36          	mov bh, al
0100+  084B F6          	lodsb
0101+  084C 2F          	mov bl, al
0102+  084D 07 18 08    	call atoi				; convert ASCII byte in B to int (to AL)
0103+  0850 F7          	stosb					; store AL to [DI]
0104+  0851 0A 44 08    	jmp hex_to_int_L1
0105+  0854             hex_to_int_ret:
0106+  0854 09          	ret		
0107+  0855             
0108+  0855             
0109+  0855             
0110+  0855             ;;;;;;;;;;;;;;;;;;;;;;;;;;;;;;;;;;;;;;;;;;;;;;;;;;;;;;;;;;;;;;;;;;;;;;;;;;;;;;;;;;;;;;;;;;;;;;;;;;;;;;;;;;;;;;;;;;
0111+  0855             ; GETCHAR
0112+  0855             ; char in ah
0113+  0855             ;;;;;;;;;;;;;;;;;;;;;;;;;;;;;;;;;;;;;;;;;;;;;;;;;;;;;;;;;;;;;;;;;;;;;;;;;;;;;;;;;;;;;;;;;;;;;;;;;;;;;;;;;;;;;;;;;;
0114+  0855             getchar:
0115+  0855 DB          	push al
0116+  0856             getchar_retry:
0117+  0856 FD 0C       	sti
0118+  0858 19 01       	mov al, 1
0119+  085A 05 03       	syscall sys_io			; receive in AH
0120+  085C B9 00       	cmp al, 0			; check if any char was receive
0121+  085E C6 56 08    	je getchar_retry
0122+  0861 E8          	pop al
0123+  0862 09          	ret
0124+  0863             
0125+  0863             ;;;;;;;;;;;;;;;;;;;;;;;;;;;;;;;;;;;;;;;;;;;;;;;;;;;;;;;;;;;;;;;;;;;;;;;;;;;;;;;;;;;;;;;;;;;;;;;;;;;;;;;;;;;;;;;;;;
0126+  0863             ; PUTCHAR
0127+  0863             ; char in ah
0128+  0863             ;;;;;;;;;;;;;;;;;;;;;;;;;;;;;;;;;;;;;;;;;;;;;;;;;;;;;;;;;;;;;;;;;;;;;;;;;;;;;;;;;;;;;;;;;;;;;;;;;;;;;;;;;;;;;;;;;;
0129+  0863             putchar:
0130+  0863 D7          	push a
0131+  0864 19 00       	mov al, 0
0132+  0866 05 03       	syscall sys_io			; char in AH
0133+  0868 E4          	pop a
0134+  0869 09          	ret
0135+  086A             
0136+  086A             ;;;;;;;;;;;;;;;;;;;;;;;;;;;;;;;;;;;;;;;;;;;;;;;;;;;;;;;;;;;;;;;;;;;;;;;;;;;;;;;;;;;;;;;;;;;;;;;;;;;;;;;;;;;;;;;;;;
0137+  086A             ;; INPUT A STRING
0138+  086A             ;; terminates with null
0139+  086A             ;; pointer in D
0140+  086A             ;;;;;;;;;;;;;;;;;;;;;;;;;;;;;;;;;;;;;;;;;;;;;;;;;;;;;;;;;;;;;;;;;;;;;;;;;;;;;;;;;;;;;;;;;;;;;;;;;;;;;;;;;;;;;;;;;;
0141+  086A             gets:
0142+  086A D7          	push a
0143+  086B DA          	push d
0144+  086C             gets_loop:
0145+  086C FD 0C       	sti
0146+  086E 19 01       	mov al, 1
0147+  0870 05 03       	syscall sys_io			; receive in AH
0148+  0872 B9 00       	cmp al, 0				; check error code (AL)
0149+  0874 C6 6C 08    	je gets_loop			; if no char received, retry
0150+  0877             
0151+  0877 76 1B       	cmp ah, 27
0152+  0879 C6 9A 08    	je gets_telnet_escape
0153+  087C 76 0A       	cmp ah, $0A				; LF
0154+  087E C6 F3 08    	je gets_end
0155+  0881 76 0D       	cmp ah, $0D				; CR
0156+  0883 C6 F3 08    	je gets_end
0157+  0886 76 5C       	cmp ah, $5C				; '\\'
0158+  0888 C6 CA 08    	je gets_escape
0159+  088B             	
0160+  088B 76 08       	cmp ah, $08			; check for backspace
0161+  088D C6 96 08    	je gets_backspace
0162+  0890             
0163+  0890 1A          	mov al, ah
0164+  0891 3E          	mov [d], al
0165+  0892 79          	inc d
0166+  0893 0A 6C 08    	jmp gets_loop
0167+  0896             gets_backspace:
0168+  0896 7F          	dec d
0169+  0897 0A 6C 08    	jmp gets_loop
0170+  089A             gets_telnet_escape:
0171+  089A FD 0C       	sti
0172+  089C 19 01       	mov al, 1
0173+  089E 05 03       	syscall sys_io				; receive in AH without echo
0174+  08A0 B9 00       	cmp al, 0					; check error code (AL)
0175+  08A2 C6 9A 08    	je gets_telnet_escape		; if no char received, retry
0176+  08A5 76 5B       	cmp ah, '['
0177+  08A7 C7 6C 08    	jne gets_loop
0178+  08AA             gets_telnet_escape_phase2:
0179+  08AA FD 0C       	sti
0180+  08AC 19 01       	mov al, 1
0181+  08AE 05 03       	syscall sys_io					; receive in AH without echo
0182+  08B0 B9 00       	cmp al, 0						; check error code (AL)
0183+  08B2 C6 AA 08    	je gets_telnet_escape_phase2	; if no char received, retry
0184+  08B5 76 44       	cmp ah, 'D'
0185+  08B7 C6 C2 08    	je gets_left_arrow
0186+  08BA 76 43       	cmp ah, 'C'
0187+  08BC C6 C6 08    	je gets_right_arrow
0188+  08BF 0A 6C 08    	jmp gets_loop
0189+  08C2             gets_left_arrow:
0190+  08C2 7F          	dec d
0191+  08C3 0A 6C 08    	jmp gets_loop
0192+  08C6             gets_right_arrow:
0193+  08C6 79          	inc d
0194+  08C7 0A 6C 08    	jmp gets_loop
0195+  08CA             gets_escape:
0196+  08CA FD 0C       	sti
0197+  08CC 19 01       	mov al, 1
0198+  08CE 05 03       	syscall sys_io			; receive in AH
0199+  08D0 B9 00       	cmp al, 0				; check error code (AL)
0200+  08D2 C6 CA 08    	je gets_escape			; if no char received, retry
0201+  08D5 76 6E       	cmp ah, 'n'
0202+  08D7 C6 E5 08    	je gets_LF
0203+  08DA 76 72       	cmp ah, 'r'
0204+  08DC C6 EC 08    	je gets_CR
0205+  08DF 1A          	mov al, ah				; if not a known escape, it is just a normal letter
0206+  08E0 3E          	mov [d], al
0207+  08E1 79          	inc d
0208+  08E2 0A 6C 08    	jmp gets_loop
0209+  08E5             gets_LF:
0210+  08E5 19 0A       	mov al, $0A
0211+  08E7 3E          	mov [d], al
0212+  08E8 79          	inc d
0213+  08E9 0A 6C 08    	jmp gets_loop
0214+  08EC             gets_CR:
0215+  08EC 19 0D       	mov al, $0D
0216+  08EE 3E          	mov [d], al
0217+  08EF 79          	inc d
0218+  08F0 0A 6C 08    	jmp gets_loop
0219+  08F3             gets_end:
0220+  08F3 19 00       	mov al, 0
0221+  08F5 3E          	mov [d], al				; terminate string
0222+  08F6 E7          	pop d
0223+  08F7 E4          	pop a
0224+  08F8 09          	ret
0225+  08F9             
0226+  08F9             
0227+  08F9             
0228+  08F9             
0229+  08F9             ;;;;;;;;;;;;;;;;;;;;;;;;;;;;;;;;;;;;;;;;;;;;;;;;;;;;;;;;;;;;;;;;;;;;;;;;;;;;;;;;;;;;;;;;;;;;;;;;;;;;;;;;;;;;;;;;;;
0230+  08F9             ;; INPUT TEXT
0231+  08F9             ;; terminated with CTRL+D
0232+  08F9             ;; pointer in D
0233+  08F9             ;;;;;;;;;;;;;;;;;;;;;;;;;;;;;;;;;;;;;;;;;;;;;;;;;;;;;;;;;;;;;;;;;;;;;;;;;;;;;;;;;;;;;;;;;;;;;;;;;;;;;;;;;;;;;;;;;;
0234+  08F9             gettxt:
0235+  08F9 D7          	push a
0236+  08FA DA          	push d
0237+  08FB             gettxt_loop:
0238+  08FB 19 01       	mov al, 1
0239+  08FD 05 03       	syscall sys_io			; receive in AH
0240+  08FF B9 00       	cmp al, 0				; check error code (AL)
0241+  0901 C6 FB 08    	je gettxt_loop		; if no char received, retry
0242+  0904 76 04       	cmp ah, 4			; EOT
0243+  0906 C6 44 09    	je gettxt_end
0244+  0909 76 08       	cmp ah, $08			; check for backspace
0245+  090B C6 40 09    	je gettxt_backspace
0246+  090E 76 5C       	cmp ah, $5C				; '\\'
0247+  0910 C6 19 09    	je gettxt_escape
0248+  0913 1A          	mov al, ah
0249+  0914 3E          	mov [d], al
0250+  0915 79          	inc d
0251+  0916 0A FB 08    	jmp gettxt_loop
0252+  0919             gettxt_escape:
0253+  0919 19 01       	mov al, 1
0254+  091B 05 03       	syscall sys_io			; receive in AH
0255+  091D B9 00       	cmp al, 0				; check error code (AL)
0256+  091F C6 19 09    	je gettxt_escape		; if no char received, retry
0257+  0922 76 6E       	cmp ah, 'n'
0258+  0924 C6 32 09    	je gettxt_LF
0259+  0927 76 72       	cmp ah, 'r'
0260+  0929 C6 39 09    	je gettxt_CR
0261+  092C 1A          	mov al, ah				; if not a known escape, it is just a normal letter
0262+  092D 3E          	mov [d], al
0263+  092E 79          	inc d
0264+  092F 0A FB 08    	jmp gettxt_loop
0265+  0932             gettxt_LF:
0266+  0932 19 0A       	mov al, $0A
0267+  0934 3E          	mov [d], al
0268+  0935 79          	inc d
0269+  0936 0A FB 08    	jmp gettxt_loop
0270+  0939             gettxt_CR:
0271+  0939 19 0D       	mov al, $0D
0272+  093B 3E          	mov [d], al
0273+  093C 79          	inc d
0274+  093D 0A FB 08    	jmp gettxt_loop
0275+  0940             gettxt_backspace:
0276+  0940 7F          	dec d
0277+  0941 0A FB 08    	jmp gettxt_loop
0278+  0944             gettxt_end:
0279+  0944 19 00       	mov al, 0
0280+  0946 3E          	mov [d], al				; terminate string
0281+  0947 E7          	pop d
0282+  0948 E4          	pop a
0283+  0949 09          	ret
0284+  094A             
0285+  094A             ;;;;;;;;;;;;;;;;;;;;;;;;;;;;;;;;;;;;;;;;;;;;;;;;;;;;;;;;;;;;;;;;;;;;;;;;;;;;;;;;;;;;;;;;;;;;;;;;;;;;;;;;;;;;;;;;;;
0286+  094A             ; PRINT NEW LINE
0287+  094A             ;;;;;;;;;;;;;;;;;;;;;;;;;;;;;;;;;;;;;;;;;;;;;;;;;;;;;;;;;;;;;;;;;;;;;;;;;;;;;;;;;;;;;;;;;;;;;;;;;;;;;;;;;;;;;;;;;;
0288+  094A             printnl:
0289+  094A D7          	push a
0290+  094B 10 00 0A    	mov a, $0A00
0291+  094E 05 03       	syscall sys_io
0292+  0950 10 00 0D    	mov a, $0D00
0293+  0953 05 03       	syscall sys_io
0294+  0955 E4          	pop a
0295+  0956 09          	ret
0296+  0957             
0297+  0957             ;;;;;;;;;;;;;;;;;;;;;;;;;;;;;;;;;;;;;;;;;;;;;;;;;;;;;;;;;;;;;;;;;;;;;;;;;;;;;;;;;;;;;;;;;;;;;;;;;;;;;;;;;;;;;;;;;;
0298+  0957             ; strtoint
0299+  0957             ; 4 digit hex string number in d
0300+  0957             ; integer returned in A
0301+  0957             ;;;;;;;;;;;;;;;;;;;;;;;;;;;;;;;;;;;;;;;;;;;;;;;;;;;;;;;;;;;;;;;;;;;;;;;;;;;;;;;;;;;;;;;;;;;;;;;;;;;;;;;;;;;;;;;;;;
0302+  0957             strtointx:
0303+  0957 D8          	push b
0304+  0958 32          	mov bl, [d]
0305+  0959 37          	mov bh, bl
0306+  095A 33 01 00    	mov bl, [d + 1]
0307+  095D 07 18 08    	call atoi				; convert to int in AL
0308+  0960 23          	mov ah, al				; move to AH
0309+  0961 33 02 00    	mov bl, [d + 2]
0310+  0964 37          	mov bh, bl
0311+  0965 33 03 00    	mov bl, [d + 3]
0312+  0968 07 18 08    	call atoi				; convert to int in AL
0313+  096B E5          	pop b
0314+  096C 09          	ret
0315+  096D             
0316+  096D             ;;;;;;;;;;;;;;;;;;;;;;;;;;;;;;;;;;;;;;;;;;;;;;;;;;;;;;;;;;;;;;;;;;;;;;;;;;;;;;;;;;;;;;;;;;;;;;;;;;;;;;;;;;;;;;;;;;
0317+  096D             ; strtoint
0318+  096D             ; 5 digit base10 string number in d
0319+  096D             ; integer returned in A
0320+  096D             ;;;;;;;;;;;;;;;;;;;;;;;;;;;;;;;;;;;;;;;;;;;;;;;;;;;;;;;;;;;;;;;;;;;;;;;;;;;;;;;;;;;;;;;;;;;;;;;;;;;;;;;;;;;;;;;;;;
0321+  096D             strtoint:
0322+  096D E2          	push si
0323+  096E D8          	push b
0324+  096F D9          	push c
0325+  0970 DA          	push d
0326+  0971 07 A0 07    	call strlen			; get string length in C
0327+  0974 7E          	dec c
0328+  0975 FD 4E       	mov si, d
0329+  0977 12          	mov a, c
0330+  0978 FD 99       	shl a
0331+  097A 3B 00 08    	mov d, table_power
0332+  097D 59          	add d, a
0333+  097E 38 00 00    	mov c, 0
0334+  0981             strtoint_L0:
0335+  0981 F6          	lodsb			; load ASCII to al
0336+  0982 B9 00       	cmp al, 0
0337+  0984 C6 97 09    	je strtoint_end
0338+  0987 6F 30       	sub al, $30		; make into integer
0339+  0989 22 00       	mov ah, 0
0340+  098B 2A          	mov b, [d]
0341+  098C AC          	mul a, b			; result in B since it fits in 16bits
0342+  098D 11          	mov a, b
0343+  098E 28          	mov b, c
0344+  098F 54          	add a, b
0345+  0990 39          	mov c, a
0346+  0991 63 02 00    	sub d, 2
0347+  0994 0A 81 09    	jmp strtoint_L0
0348+  0997             strtoint_end:
0349+  0997 12          	mov a, c
0350+  0998 E7          	pop d
0351+  0999 E6          	pop c
0352+  099A E5          	pop b
0353+  099B EF          	pop si
0354+  099C 09          	ret
0355+  099D             
0356+  099D             
0357+  099D             ;;;;;;;;;;;;;;;;;;;;;;;;;;;;;;;;;;;;;;;;;;;;;;;;;;;;;;;;;;;;;;;;;;;;;;;;;;;;;;;;;;;;;;;;;;;;;;;;;;;;;;;;;;;;;;;;;;
0358+  099D             ; PRINT NULL TERMINATED STRING
0359+  099D             ; pointer in D
0360+  099D             ;;;;;;;;;;;;;;;;;;;;;;;;;;;;;;;;;;;;;;;;;;;;;;;;;;;;;;;;;;;;;;;;;;;;;;;;;;;;;;;;;;;;;;;;;;;;;;;;;;;;;;;;;;;;;;;;;;
0361+  099D             puts:
0362+  099D D7          	push a
0363+  099E DA          	push d
0364+  099F             puts_L1:
0365+  099F 1E          	mov al, [d]
0366+  09A0 B9 00       	cmp al, 0
0367+  09A2 C6 AE 09    	jz puts_END
0368+  09A5 23          	mov ah, al
0369+  09A6 19 00       	mov al, 0
0370+  09A8 05 03       	syscall sys_io
0371+  09AA 79          	inc d
0372+  09AB 0A 9F 09    	jmp puts_L1
0373+  09AE             puts_END:
0374+  09AE E7          	pop d
0375+  09AF E4          	pop a
0376+  09B0 09          	ret
0377+  09B1             
0378+  09B1             ;;;;;;;;;;;;;;;;;;;;;;;;;;;;;;;;;;;;;;;;;;;;;;;;;;;;;;;;;;;;;;;;;;;;;;;;;;;;;;;;;;;;;;;;;;;;;;;;;;;;;;;;;;;;;;;;;;
0379+  09B1             ; PRINT N SIZE STRING
0380+  09B1             ; pointer in D
0381+  09B1             ; size in C
0382+  09B1             ;;;;;;;;;;;;;;;;;;;;;;;;;;;;;;;;;;;;;;;;;;;;;;;;;;;;;;;;;;;;;;;;;;;;;;;;;;;;;;;;;;;;;;;;;;;;;;;;;;;;;;;;;;;;;;;;;;
0383+  09B1             putsn:
0384+  09B1 DB          	push al
0385+  09B2 DA          	push d
0386+  09B3 D9          	push c
0387+  09B4             putsn_L0:
0388+  09B4 1E          	mov al, [d]
0389+  09B5 23          	mov ah, al
0390+  09B6 19 00       	mov al, 0
0391+  09B8 05 03       	syscall sys_io
0392+  09BA 79          	inc d
0393+  09BB 7E          	dec c	
0394+  09BC C2 00 00    	cmp c, 0
0395+  09BF C7 B4 09    	jne putsn_L0
0396+  09C2             putsn_end:
0397+  09C2 E6          	pop c
0398+  09C3 E7          	pop d
0399+  09C4 E8          	pop al
0400+  09C5 09          	ret
0401+  09C6             
0402+  09C6             ;;;;;;;;;;;;;;;;;;;;;;;;;;;;;;;;;;;;;;;;;;;;;;;;;;;;;;;;;;;;;;;;;;;;;;;;;;;;;;;;;;;;;;;
0403+  09C6             ; print 16bit decimal number
0404+  09C6             ; input number in A
0405+  09C6             ;;;;;;;;;;;;;;;;;;;;;;;;;;;;;;;;;;;;;;;;;;;;;;;;;;;;;;;;;;;;;;;;;;;;;;;;;;;;;;;;;;;;;;;
0406+  09C6             print_u16d:
0407+  09C6 D7          	push a
0408+  09C7 D8          	push b
0409+  09C8 26 10 27    	mov b, 10000
0410+  09CB AE          	div a, b			; get 10000 coeff.
0411+  09CC 07 F2 09    	call print_number
0412+  09CF 11          	mov a, b
0413+  09D0 26 E8 03    	mov b, 1000
0414+  09D3 AE          	div a, b			; get 10000 coeff.
0415+  09D4 07 F2 09    	call print_number
0416+  09D7 11          	mov a, b
0417+  09D8 26 64 00    	mov b, 100
0418+  09DB AE          	div a, b
0419+  09DC 07 F2 09    	call print_number
0420+  09DF 11          	mov a, b
0421+  09E0 26 0A 00    	mov b, 10
0422+  09E3 AE          	div a, b
0423+  09E4 07 F2 09    	call print_number
0424+  09E7 11          	mov a, b
0425+  09E8 6A 30       	add al, $30
0426+  09EA 23          	mov ah, al
0427+  09EB 19 00       	mov al, 0
0428+  09ED 05 03       	syscall sys_io	; print coeff
0429+  09EF E5          	pop b
0430+  09F0 E4          	pop a
0431+  09F1 09          	ret
0432+  09F2             
0433+  09F2             
0434+  09F2             ;;;;;;;;;;;;;;;;;;;;;;;;;;;;;;;;;;;;;;;;;;;;;;;;;;;;;;;;;;;;;;;;;;;;;;;;;;;;;;;;;;;;;;;
0435+  09F2             ; if A == 0, print space
0436+  09F2             ; else print A
0437+  09F2             ;;;;;;;;;;;;;;;;;;;;;;;;;;;;;;;;;;;;;;;;;;;;;;;;;;;;;;;;;;;;;;;;;;;;;;;;;;;;;;;;;;;;;;;
0438+  09F2             print_number:
0439+  09F2 6A 30       	add al, $30
0440+  09F4 23          	mov ah, al
0441+  09F5 07 63 08    	call putchar
0442+  09F8 09          	ret
0443+  09F9             
0444+  09F9             ;;;;;;;;;;;;;;;;;;;;;;;;;;;;;;;;;;;;;;;;;;;;;;;;;;;;;;;;;;;;;;;;;;;;;;;;;;;;;;;;;;;;;;;;;;;;;;;;;;;;;;;;;;;;;;;;;;
0445+  09F9             ; PRINT 16BIT HEX INTEGER
0446+  09F9             ; integer value in reg B
0447+  09F9             ;;;;;;;;;;;;;;;;;;;;;;;;;;;;;;;;;;;;;;;;;;;;;;;;;;;;;;;;;;;;;;;;;;;;;;;;;;;;;;;;;;;;;;;;;;;;;;;;;;;;;;;;;;;;;;;;;;
0448+  09F9             print_u16x:
0449+  09F9 D7          	push a
0450+  09FA D8          	push b
0451+  09FB DD          	push bl
0452+  09FC 30          	mov bl, bh
0453+  09FD 07 2A 08    	call itoa				; convert bh to char in A
0454+  0A00 2F          	mov bl, al				; save al
0455+  0A01 19 00       	mov al, 0
0456+  0A03 05 03       	syscall sys_io				; display AH
0457+  0A05 24          	mov ah, bl				; retrieve al
0458+  0A06 19 00       	mov al, 0
0459+  0A08 05 03       	syscall sys_io				; display AL
0460+  0A0A             
0461+  0A0A EA          	pop bl
0462+  0A0B 07 2A 08    	call itoa				; convert bh to char in A
0463+  0A0E 2F          	mov bl, al				; save al
0464+  0A0F 19 00       	mov al, 0
0465+  0A11 05 03       	syscall sys_io				; display AH
0466+  0A13 24          	mov ah, bl				; retrieve al
0467+  0A14 19 00       	mov al, 0
0468+  0A16 05 03       	syscall sys_io				; display AL
0469+  0A18             
0470+  0A18 E5          	pop b
0471+  0A19 E4          	pop a
0472+  0A1A 09          	ret
0473+  0A1B             
0474+  0A1B             ;;;;;;;;;;;;;;;;;;;;;;;;;;;;;;;;;;;;;;;;;;;;;;;;;;;;;;;;;;;;;;;;;;;;;;;;;;;;;;;;;;;;;;;;;;;;;;;;;;;;;;;;;;;;;;;;;;
0475+  0A1B             ; INPUT 16BIT HEX INTEGER
0476+  0A1B             ; read 16bit integer into A
0477+  0A1B             ;;;;;;;;;;;;;;;;;;;;;;;;;;;;;;;;;;;;;;;;;;;;;;;;;;;;;;;;;;;;;;;;;;;;;;;;;;;;;;;;;;;;;;;;;;;;;;;;;;;;;;;;;;;;;;;;;;
0478+  0A1B             scan_u16x:
0479+  0A1B F8 10 00    	enter 16
0480+  0A1E D8          	push b
0481+  0A1F DA          	push d
0482+  0A20             
0483+  0A20 FA F1 FF    	lea d, [bp + -15]
0484+  0A23 07 6A 08    	call gets				; get number
0485+  0A26             
0486+  0A26 32          	mov bl, [d]
0487+  0A27 37          	mov bh, bl
0488+  0A28 33 01 00    	mov bl, [d + 1]
0489+  0A2B 07 18 08    	call atoi				; convert to int in AL
0490+  0A2E 23          	mov ah, al				; move to AH
0491+  0A2F             
0492+  0A2F 33 02 00    	mov bl, [d + 2]
0493+  0A32 37          	mov bh, bl
0494+  0A33 33 03 00    	mov bl, [d + 3]
0495+  0A36 07 18 08    	call atoi				; convert to int in AL
0496+  0A39             
0497+  0A39 E7          	pop d
0498+  0A3A E5          	pop b
0499+  0A3B F9          	leave
0500+  0A3C 09          	ret
0501+  0A3D             
0502+  0A3D             ;;;;;;;;;;;;;;;;;;;;;;;;;;;;;;;;;;;;;;;;;;;;;;;;;;;;;;;;;;;;;;;;;;;;;;;;;;;;;;;;;;;;;;;;;;;;;;;;;;;;;;;;;;;;;;;;;;
0503+  0A3D             ; PRINT 8bit HEX INTEGER
0504+  0A3D             ; integer value in reg bl
0505+  0A3D             ;;;;;;;;;;;;;;;;;;;;;;;;;;;;;;;;;;;;;;;;;;;;;;;;;;;;;;;;;;;;;;;;;;;;;;;;;;;;;;;;;;;;;;;;;;;;;;;;;;;;;;;;;;;;;;;;;;
0506+  0A3D             print_u8x:
0507+  0A3D D7          	push a
0508+  0A3E DD          	push bl
0509+  0A3F             
0510+  0A3F 07 2A 08    	call itoa				; convert bl to char in A
0511+  0A42 2F          	mov bl, al				; save al
0512+  0A43 19 00       	mov al, 0
0513+  0A45 05 03       	syscall sys_io				; display AH
0514+  0A47 24          	mov ah, bl				; retrieve al
0515+  0A48 19 00       	mov al, 0
0516+  0A4A 05 03       	syscall sys_io				; display AL
0517+  0A4C             
0518+  0A4C EA          	pop bl
0519+  0A4D E4          	pop a
0520+  0A4E 09          	ret
0521+  0A4F             
0522+  0A4F             ;;;;;;;;;;;;;;;;;;;;;;;;;;;;;;;;;;;;;;;;;;;;;;;;;;;;;;;;;;;;;;;;;;;;;;;;;;;;;;;;;;;;;;;
0523+  0A4F             ; print 8bit decimal unsigned number
0524+  0A4F             ; input number in AL
0525+  0A4F             ;;;;;;;;;;;;;;;;;;;;;;;;;;;;;;;;;;;;;;;;;;;;;;;;;;;;;;;;;;;;;;;;;;;;;;;;;;;;;;;;;;;;;;;
0526+  0A4F             print_u8d:
0527+  0A4F D7          	push a
0528+  0A50 D8          	push b
0529+  0A51             
0530+  0A51 22 00       	mov ah, 0
0531+  0A53 26 64 00    	mov b, 100
0532+  0A56 AE          	div a, b
0533+  0A57 D8          	push b			; save remainder
0534+  0A58 B9 00       	cmp al, 0
0535+  0A5A C6 64 0A    	je skip100
0536+  0A5D 6A 30       	add al, $30
0537+  0A5F 23          	mov ah, al
0538+  0A60 19 00       	mov al, 0
0539+  0A62 05 03       	syscall sys_io	; print coeff
0540+  0A64             skip100:
0541+  0A64 E4          	pop a
0542+  0A65 22 00       	mov ah, 0
0543+  0A67 26 0A 00    	mov b, 10
0544+  0A6A AE          	div a, b
0545+  0A6B D8          	push b			; save remainder
0546+  0A6C B9 00       	cmp al, 0
0547+  0A6E C6 78 0A    	je skip10
0548+  0A71 6A 30       	add al, $30
0549+  0A73 23          	mov ah, al
0550+  0A74 19 00       	mov al, 0
0551+  0A76 05 03       	syscall sys_io	; print coeff
0552+  0A78             skip10:
0553+  0A78 E4          	pop a
0554+  0A79 1B          	mov al, bl
0555+  0A7A 6A 30       	add al, $30
0556+  0A7C 23          	mov ah, al
0557+  0A7D 19 00       	mov al, 0
0558+  0A7F 05 03       	syscall sys_io	; print coeff
0559+  0A81 E5          	pop b
0560+  0A82 E4          	pop a
0561+  0A83 09          	ret
0562+  0A84             
0563+  0A84             ;;;;;;;;;;;;;;;;;;;;;;;;;;;;;;;;;;;;;;;;;;;;;;;;;;;;;;;;;;;;;;;;;;;;;;;;;;;;;;;;;;;;;;;;;;;;;;;;;;;;;;;;;;;;;;;;;;
0564+  0A84             ; INPUT 8BIT HEX INTEGER
0565+  0A84             ; read 8bit integer into AL
0566+  0A84             ;;;;;;;;;;;;;;;;;;;;;;;;;;;;;;;;;;;;;;;;;;;;;;;;;;;;;;;;;;;;;;;;;;;;;;;;;;;;;;;;;;;;;;;;;;;;;;;;;;;;;;;;;;;;;;;;;;
0567+  0A84             scan_u8x:
0568+  0A84 F8 04 00    	enter 4
0569+  0A87 D8          	push b
0570+  0A88 DA          	push d
0571+  0A89             
0572+  0A89 FA FD FF    	lea d, [bp + -3]
0573+  0A8C 07 6A 08    	call gets				; get number
0574+  0A8F             
0575+  0A8F 32          	mov bl, [d]
0576+  0A90 37          	mov bh, bl
0577+  0A91 33 01 00    	mov bl, [d + 1]
0578+  0A94 07 18 08    	call atoi				; convert to int in AL
0579+  0A97             
0580+  0A97 E7          	pop d
0581+  0A98 E5          	pop b
0582+  0A99 F9          	leave
0583+  0A9A 09          	ret
0584+  0A9B             
0585+  0A9B             ;;;;;;;;;;;;;;;;;;;;;;;;;;;;;;;;;;;;;;;;;;;;;;;;;;;;;;;;;;;;;;;;;;;;;;;;;;;;;;;;;;;;;;;
0586+  0A9B             ; input decimal number
0587+  0A9B             ; result in A
0588+  0A9B             ; 655'\0'
0589+  0A9B             ; low--------high
0590+  0A9B             ;;;;;;;;;;;;;;;;;;;;;;;;;;;;;;;;;;;;;;;;;;;;;;;;;;;;;;;;;;;;;;;;;;;;;;;;;;;;;;;;;;;;;;;
0591+  0A9B             scan_u16d:
0592+  0A9B F8 08 00    	enter 8
0593+  0A9E E2          	push si
0594+  0A9F D8          	push b
0595+  0AA0 D9          	push c
0596+  0AA1 DA          	push d
0597+  0AA2 FA F9 FF    	lea d, [bp +- 7]
0598+  0AA5 07 6A 08    	call gets
0599+  0AA8 07 A0 07    	call strlen			; get string length in C
0600+  0AAB 7E          	dec c
0601+  0AAC FD 4E       	mov si, d
0602+  0AAE 12          	mov a, c
0603+  0AAF FD 99       	shl a
0604+  0AB1 3B 00 08    	mov d, table_power
0605+  0AB4 59          	add d, a
0606+  0AB5 38 00 00    	mov c, 0
0607+  0AB8             mul_loop:
0608+  0AB8 F6          	lodsb			; load ASCII to al
0609+  0AB9 B9 00       	cmp al, 0
0610+  0ABB C6 CE 0A    	je mul_exit
0611+  0ABE 6F 30       	sub al, $30		; make into integer
0612+  0AC0 22 00       	mov ah, 0
0613+  0AC2 2A          	mov b, [d]
0614+  0AC3 AC          	mul a, b			; result in B since it fits in 16bits
0615+  0AC4 11          	mov a, b
0616+  0AC5 28          	mov b, c
0617+  0AC6 54          	add a, b
0618+  0AC7 39          	mov c, a
0619+  0AC8 63 02 00    	sub d, 2
0620+  0ACB 0A B8 0A    	jmp mul_loop
0621+  0ACE             mul_exit:
0622+  0ACE 12          	mov a, c
0623+  0ACF E7          	pop d
0624+  0AD0 E6          	pop c
0625+  0AD1 E5          	pop b
0626+  0AD2 EF          	pop si
0627+  0AD3 F9          	leave
0628+  0AD4 09          	ret
0030   0AD5             .include "ctype.asm"
0001+  0AD5             ;;;;;;;;;;;;;;;;;;;;;;;;;;;;;;;;;;;;;;;;;;;;;;;;;;;;;;;;;;;;;;;;;;;;;;;;;;;;;;;;;;;;;;;;;;;;;;;;;;;;;;;;;;;;;;;;;;
0002+  0AD5             ; ctype.s
0003+  0AD5             ;;;;;;;;;;;;;;;;;;;;;;;;;;;;;;;;;;;;;;;;;;;;;;;;;;;;;;;;;;;;;;;;;;;;;;;;;;;;;;;;;;;;;;;;;;;;;;;;;;;;;;;;;;;;;;;;;;
0004+  0AD5             
0005+  0AD5             ;;;;;;;;;;;;;;;;;;;;;;;;;;;;;;;;;;;;;;;;;;;;;;;;;;;;;;;;;;;;;;;;;;;;;;;;;;;;;;;;;;;;;;;;;;;;;;;;;;;;;;;;;;;;;;;;;;
0006+  0AD5             ;; C character classification is an operation provided by a group of functions in the ANSI C Standard Library
0007+  0AD5             ;; for the C programming language. These functions are used to test characters for membership in a particular
0008+  0AD5             ;; class of characters, such as alphabetic characters, control characters, etc. Both single-byte, and wide
0009+  0AD5             ;; characters are supported.
0010+  0AD5             ;;;;;;;;;;;;;;;;;;;;;;;;;;;;;;;;;;;;;;;;;;;;;;;;;;;;;;;;;;;;;;;;;;;;;;;;;;;;;;;;;;;;;;;;;;;;;;;;;;;;;;;;;;;;;;;;;;
0011+  0AD5             ;; isalnum 
0012+  0AD5             ;; isalpha 
0013+  0AD5             ;; islower 
0014+  0AD5             ;; isupper 
0015+  0AD5             ;; isdigit 
0016+  0AD5             ;; isxdigit
0017+  0AD5             ;; iscntrl 
0018+  0AD5             ;; isgraph 
0019+  0AD5             ;; isspace 
0020+  0AD5             ;; isblank 
0021+  0AD5             ;; isprint 
0022+  0AD5             ;; ispunct 
0023+  0AD5             ;; tolower 
0024+  0AD5             ;; toupper
0025+  0AD5             
0026+  0AD5             
0027+  0AD5             ;;;;;;;;;;;;;;;;;;;;;;;;;;;;;;;;;;;;;;;;;;;;;;;;;;;;;;;;;;;;;;;;;;;;;;;;;;;;;;;;;;
0028+  0AD5             ;; IS ALPHANUMERIC
0029+  0AD5             ;; sets ZF according with result
0030+  0AD5             ;;;;;;;;;;;;;;;;;;;;;;;;;;;;;;;;;;;;;;;;;;;;;;;;;;;;;;;;;;;;;;;;;;;;;;;;;;;;;;;;;;
0031+  0AD5             isalnum:
0032+  0AD5 07 F2 0A    	call isalpha
0033+  0AD8 C6 DE 0A    	je isalnum_exit
0034+  0ADB 07 DF 0A    	call isdigit
0035+  0ADE             isalnum_exit:
0036+  0ADE 09          	ret	
0037+  0ADF             ;;;;;;;;;;;;;;;;;;;;;;;;;;;;;;;;;;;;;;;;;;;;;;;;;;;;;;;;;;;;;;;;;;;;;;;;;;;;;;;;;;
0038+  0ADF             ;; IS DIGIT
0039+  0ADF             ;; sets ZF according with result
0040+  0ADF             ;;;;;;;;;;;;;;;;;;;;;;;;;;;;;;;;;;;;;;;;;;;;;;;;;;;;;;;;;;;;;;;;;;;;;;;;;;;;;;;;;;
0041+  0ADF             isdigit:
0042+  0ADF DB          	push al
0043+  0AE0 B9 30       	cmp al, '0'
0044+  0AE2 C8 EE 0A    	jlu isdigit_false
0045+  0AE5 B9 39       	cmp al, '9'
0046+  0AE7 D1 EE 0A    	jgu isdigit_false
0047+  0AEA 87 00       	and al, 0	; set ZF
0048+  0AEC E8          	pop al
0049+  0AED 09          	ret
0050+  0AEE             isdigit_false:
0051+  0AEE 8B 01       	or al, 1	; clear ZF
0052+  0AF0 E8          	pop al
0053+  0AF1 09          	ret	
0054+  0AF2             	
0055+  0AF2             ;;;;;;;;;;;;;;;;;;;;;;;;;;;;;;;;;;;;;;;;;;;;;;;;;;;;;;;;;;;;;;;;;;;;;;;;;;;;;;;;;;
0056+  0AF2             ;; IS ALPHA
0057+  0AF2             ;; sets ZF according with result
0058+  0AF2             ;;;;;;;;;;;;;;;;;;;;;;;;;;;;;;;;;;;;;;;;;;;;;;;;;;;;;;;;;;;;;;;;;;;;;;;;;;;;;;;;;;
0059+  0AF2             isalpha:
0060+  0AF2 DB          	push al
0061+  0AF3 B9 5F       	cmp al, '_'
0062+  0AF5 C6 15 0B    	je isalpha_true
0063+  0AF8 B9 2E       	cmp al, '.'
0064+  0AFA C6 15 0B    	je isalpha_true
0065+  0AFD B9 41       	cmp al, 'A'
0066+  0AFF C8 11 0B    	jlu isalpha_false
0067+  0B02 B9 7A       	cmp al, 'z'
0068+  0B04 D1 11 0B    	jgu isalpha_false
0069+  0B07 B9 5A       	cmp al, 'Z'
0070+  0B09 D0 15 0B    	jleu isalpha_true
0071+  0B0C B9 61       	cmp al, 'a'
0072+  0B0E C9 15 0B    	jgeu isalpha_true
0073+  0B11             isalpha_false:
0074+  0B11 8B 01       	or al, 1	; clear ZF
0075+  0B13 E8          	pop al
0076+  0B14 09          	ret
0077+  0B15             isalpha_true:
0078+  0B15 87 00       	and al, 0	; set ZF
0079+  0B17 E8          	pop al
0080+  0B18 09          	ret
0081+  0B19             
0082+  0B19             ;;;;;;;;;;;;;;;;;;;;;;;;;;;;;;;;;;;;;;;;;;;;;;;;;;;;;;;;;;;;;;;;;;;;;;;;;;;;;;;;;;
0083+  0B19             ;; IS PATH-ALPHA
0084+  0B19             ;; sets ZF according with result
0085+  0B19             ;;;;;;;;;;;;;;;;;;;;;;;;;;;;;;;;;;;;;;;;;;;;;;;;;;;;;;;;;;;;;;;;;;;;;;;;;;;;;;;;;;
0086+  0B19             ispath:
0087+  0B19 DB          	push al
0088+  0B1A 07 DF 0A    	call isdigit
0089+  0B1D C6 47 0B    	je ispath_true
0090+  0B20 B9 5F       	cmp al, '_'
0091+  0B22 C6 47 0B    	je ispath_true
0092+  0B25 B9 2F       	cmp al, '/'
0093+  0B27 C6 47 0B    	je ispath_true
0094+  0B2A B9 2E       	cmp al, '.'
0095+  0B2C C6 47 0B    	je ispath_true
0096+  0B2F B9 41       	cmp al, 'A'
0097+  0B31 C8 43 0B    	jlu ispath_false
0098+  0B34 B9 7A       	cmp al, 'z'
0099+  0B36 D1 43 0B    	jgu ispath_false
0100+  0B39 B9 5A       	cmp al, 'Z'
0101+  0B3B D0 47 0B    	jleu ispath_true
0102+  0B3E B9 61       	cmp al, 'a'
0103+  0B40 C9 47 0B    	jgeu ispath_true
0104+  0B43             ispath_false:
0105+  0B43 8B 01       	or al, 1	; clear ZF
0106+  0B45 E8          	pop al
0107+  0B46 09          	ret
0108+  0B47             ispath_true:
0109+  0B47 87 00       	and al, 0	; set ZF
0110+  0B49 E8          	pop al
0111+  0B4A 09          	ret
0112+  0B4B             ;;;;;;;;;;;;;;;;;;;;;;;;;;;;;;;;;;;;;;;;;;;;;;;;;;;;;;;;;;;;;;;;;;;;;;;;;;;;;;;;;;
0113+  0B4B             ;; IS SPACE
0114+  0B4B             ;; sets ZF according with result
0115+  0B4B             ;;;;;;;;;;;;;;;;;;;;;;;;;;;;;;;;;;;;;;;;;;;;;;;;;;;;;;;;;;;;;;;;;;;;;;;;;;;;;;;;;;
0116+  0B4B             isspace:
0117+  0B4B B9 20       	cmp al, $20		; ' '
0118+  0B4D C6 61 0B    	je isspace_exit
0119+  0B50 B9 09       	cmp al, $09		; '\t'
0120+  0B52 C6 61 0B    	je isspace_exit
0121+  0B55 B9 0A       	cmp al, $0A		; '\n'
0122+  0B57 C6 61 0B    	je isspace_exit
0123+  0B5A B9 0D       	cmp al, $0D		; '\r'
0124+  0B5C C6 61 0B    	je isspace_exit
0125+  0B5F B9 0B       	cmp al, $0B		; '\v'
0126+  0B61             isspace_exit:
0127+  0B61 09          	ret	
0128+  0B62             
0129+  0B62             ;;;;;;;;;;;;;;;;;;;;;;;;;;;;;;;;;;;;;;;;;;;;;;;;;;;;;;;;;;;;;;;;;;;;;;;;;;;;;;;;;;;;;;;;;;;;;;;;;;;;;;;;;;;;;;;;;;
0130+  0B62             ; TO LOWER
0131+  0B62             ; input in AL
0132+  0B62             ; output in AL
0133+  0B62             ;;;;;;;;;;;;;;;;;;;;;;;;;;;;;;;;;;;;;;;;;;;;;;;;;;;;;;;;;;;;;;;;;;;;;;;;;;;;;;;;;;;;;;;;;;;;;;;;;;;;;;;;;;;;;;;;;;
0134+  0B62             to_lower:
0135+  0B62 B9 5A       	cmp al, 'Z'
0136+  0B64 D1 69 0B    	jgu to_lower_ret
0137+  0B67 6A 20       	add al, $20				; convert to lower case
0138+  0B69             to_lower_ret:
0139+  0B69 09          	ret
0140+  0B6A             ;;;;;;;;;;;;;;;;;;;;;;;;;;;;;;;;;;;;;;;;;;;;;;;;;;;;;;;;;;;;;;;;;;;;;;;;;;;;;;;;;;;;;;;;;;;;;;;;;;;;;;;;;;;;;;;;;;
0141+  0B6A             ; TO UPPER
0142+  0B6A             ; input in AL
0143+  0B6A             ; output in AL
0144+  0B6A             ;;;;;;;;;;;;;;;;;;;;;;;;;;;;;;;;;;;;;;;;;;;;;;;;;;;;;;;;;;;;;;;;;;;;;;;;;;;;;;;;;;;;;;;;;;;;;;;;;;;;;;;;;;;;;;;;;;
0145+  0B6A             to_upper:
0146+  0B6A B9 61       	cmp al, 'a'
0147+  0B6C C8 71 0B    	jlu to_upper_ret
0148+  0B6F 6F 20       	sub al, $20			; convert to upper case
0149+  0B71             to_upper_ret:
0150+  0B71 09          	ret
0151+  0B72             
0031   0B72             
0032   0B72             
0033   0B72 00 00       transient_data: .dw 0
0034   0B74             
0035   0B74             .end
0036   0B74             
0037   0B74             
tasm: Number of errors = 0
