0001   0000             .include "kernel.exp"
0001+  0000             PROC_TEXT_ORG    .EQU  $0400
0002+  0000             sys_bkpt         .EQU  $0000
0003+  0000             sys_rtc          .EQU  $0001
0004+  0000             sys_IDE          .EQU  $0002
0005+  0000             sys_io           .EQU  $0003
0006+  0000             sys_fileio       .EQU  $0004
0007+  0000             sys_fork         .EQU  $0005
0008+  0000             sys_list         .EQU  $0006
0009+  0000             sys_datetime     .EQU  $0007
0010+  0000             sys_reboot       .EQU  $0008
0011+  0000             sys_pauseproc    .EQU  $0009
0012+  0000             sys_resumeproc   .EQU  $000a
0013+  0000             sys_terminate_proc .EQU  $000b
0014+  0000             sys_system       .EQU  $000c
0015+  0000             sys_boot_install .EQU  $000d
0002   0000             
0003   0400             .org PROC_TEXT_ORG			; origin at 1024
0004   0400             
0005   0400             cmd_ps:
0006   0400 05 06       	syscall sys_list
0007   0402             
0008   0402 05 0B       	syscall sys_terminate_proc
0009   0404             
0010   0404             
0011   0404             .include "token.asm"
0001+  0404             TOKTYP_IDENTIFIER	.equ 0
0002+  0404             TOKTYP_KEYWORD		.equ 1
0003+  0404             TOKTYP_DELIMITER	.equ 2
0004+  0404             TOKTYP_STRING		.equ 3
0005+  0404             TOKTYP_CHAR			.equ 4
0006+  0404             TOKTYP_NUMERIC		.equ 5
0007+  0404             TOKTYP_END			.equ 6
0008+  0404             
0009+  0404             TOK_NULL			.equ 0
0010+  0404             TOK_FSLASH			.equ 1
0011+  0404             TOK_TIMES 			.equ 2
0012+  0404             TOK_PLUS 			.equ 3
0013+  0404             TOK_MINUS 			.equ 4
0014+  0404             TOK_DOT				.equ 5
0015+  0404             TOK_SEMI			.equ 6
0016+  0404             TOK_ANGLE			.equ 7
0017+  0404             TOK_TILDE			.equ 8
0018+  0404             TOK_EQUAL			.equ 9
0019+  0404             TOK_COLON			.equ 10
0020+  0404             TOK_COMMA			.equ 11
0021+  0404             
0022+  0404             TOK_END				.equ 20
0023+  0404             
0024+  0404             
0025+  0404             ;;;;;;;;;;;;;;;;;;;;;;;;;;;;;;;;;;;;;;;;;;;;;;;;;;;;;;;;;;;;;;;;;;;;;;;;;;;;;;;;;;
0026+  0404             ;; read a full command argment from shell input buffer
0027+  0404             ;; argument is written into tokstr
0028+  0404             ;;;;;;;;;;;;;;;;;;;;;;;;;;;;;;;;;;;;;;;;;;;;;;;;;;;;;;;;;;;;;;;;;;;;;;;;;;;;;;;;;;
0029+  0404             get_arg:
0030+  0404 D7          	push a
0031+  0405 E2          	push si
0032+  0406 E3          	push di
0033+  0407 19 00       	mov al, 0
0034+  0409 3D 32 06    	mov [tokstr], al			; nullify tokstr string
0035+  040C 14 2E 06    	mov a, [prog]
0036+  040F 4D          	mov si, a
0037+  0410 FD 4F 32 06 	mov di, tokstr
0038+  0414             get_arg_skip_spaces:
0039+  0414 F6          	lodsb
0040+  0415 07 1F 0B    	call isspace
0041+  0418 C6 14 04    	je get_arg_skip_spaces
0042+  041B             get_arg_L0:
0043+  041B B9 3B       	cmp al, $3B				; check if is ';'
0044+  041D C6 2A 04    	je get_arg_end
0045+  0420 B9 00       	cmp al, 0
0046+  0422 C6 2A 04    	je get_arg_end			; check if end of input
0047+  0425 F7          	stosb
0048+  0426 F6          	lodsb
0049+  0427 0A 1B 04    	jmp get_arg_L0
0050+  042A             get_arg_end:
0051+  042A 19 00       	mov al, 0
0052+  042C F7          	stosb
0053+  042D D5 01 00    	sub si, 1
0054+  0430 4E          	mov a, si
0055+  0431 42 2E 06    	mov [prog], a		; update pointer
0056+  0434 F0          	pop di
0057+  0435 EF          	pop si
0058+  0436 E4          	pop a
0059+  0437 09          	ret
0060+  0438             
0061+  0438             ;;;;;;;;;;;;;;;;;;;;;;;;;;;;;;;;;;;;;;;;;;;;;;;;;;;;;;;;;;;;;;;;;;;;;;;;;;;;;;;;;;
0062+  0438             ;; read a path formation from shell input buffer
0063+  0438             ;; path is written into tokstr
0064+  0438             ;; /usr/bin
0065+  0438             ;;;;;;;;;;;;;;;;;;;;;;;;;;;;;;;;;;;;;;;;;;;;;;;;;;;;;;;;;;;;;;;;;;;;;;;;;;;;;;;;;;
0066+  0438             get_path:
0067+  0438 D7          	push a
0068+  0439 E2          	push si
0069+  043A E3          	push di
0070+  043B 19 00       	mov al, 0
0071+  043D 3D 32 06    	mov [tokstr], al			; nullify tokstr string
0072+  0440 14 2E 06    	mov a, [prog]
0073+  0443 4D          	mov si, a
0074+  0444 FD 4F 32 06 	mov di, tokstr
0075+  0448             get_path_skip_spaces:
0076+  0448 F6          	lodsb
0077+  0449 07 1F 0B    	call isspace
0078+  044C C6 48 04    	je get_path_skip_spaces
0079+  044F             get_path_is_pathchar:
0080+  044F F7          	stosb
0081+  0450 F6          	lodsb
0082+  0451 07 A9 0A    	call isalnum			;check if is alphanumeric
0083+  0454 C6 4F 04    	je get_path_is_pathchar
0084+  0457 B9 2F       	cmp al, '/'				; check if is '/'
0085+  0459 C6 4F 04    	je get_path_is_pathchar
0086+  045C 19 00       	mov al, 0
0087+  045E F7          	stosb
0088+  045F D5 01 00    	sub si, 1
0089+  0462 4E          	mov a, si
0090+  0463 42 2E 06    	mov [prog], a		; update pointer
0091+  0466             get_path_end:
0092+  0466 F0          	pop di
0093+  0467 EF          	pop si
0094+  0468 E4          	pop a
0095+  0469 09          	ret
0096+  046A             
0097+  046A             ;;;;;;;;;;;;;;;;;;;;;;;;;;;;;;;;;;;;;;;;;;;;;;;;;;;;;;;;;;;;;;;;;;;;;;;;;;;;;;;;;;
0098+  046A             ;; read a line
0099+  046A             ;; line is written into tokstr
0100+  046A             ;;;;;;;;;;;;;;;;;;;;;;;;;;;;;;;;;;;;;;;;;;;;;;;;;;;;;;;;;;;;;;;;;;;;;;;;;;;;;;;;;;
0101+  046A             get_line:
0102+  046A D7          	push a
0103+  046B E2          	push si
0104+  046C E3          	push di
0105+  046D 19 00       	mov al, 0
0106+  046F 3D 32 06    	mov [tokstr], al			; nullify tokstr string
0107+  0472 14 2E 06    	mov a, [prog]
0108+  0475 4D          	mov si, a
0109+  0476 FD 4F 32 06 	mov di, tokstr
0110+  047A             get_line_L0:
0111+  047A F6          	lodsb
0112+  047B B9 0A       	cmp al, $0A		; check for new line
0113+  047D C6 84 04    	je get_line_exit
0114+  0480 F7          	stosb
0115+  0481 0A 7A 04    	jmp get_line_L0
0116+  0484             get_line_exit:
0117+  0484 19 00       	mov al, 0
0118+  0486 F7          	stosb
0119+  0487 4E          	mov a, si
0120+  0488 42 2E 06    	mov [prog], a		; update pointer
0121+  048B F0          	pop di
0122+  048C EF          	pop si
0123+  048D E4          	pop a
0124+  048E 09          	ret
0125+  048F             
0126+  048F             ;;;;;;;;;;;;;;;;;;;;;;;;;;;;;;;;;;;;;;;;;;;;;;;;;;;;;;;;;;;;;;;;;;;;;;;;;;;;;;;;;;
0127+  048F             ;; token parser
0128+  048F             ;;;;;;;;;;;;;;;;;;;;;;;;;;;;;;;;;;;;;;;;;;;;;;;;;;;;;;;;;;;;;;;;;;;;;;;;;;;;;;;;;;
0129+  048F             get_token:
0130+  048F D7          	push a
0131+  0490 DA          	push d
0132+  0491 E2          	push si
0133+  0492 E3          	push di
0134+  0493 19 00       	mov al, 0
0135+  0495 3D 32 06    	mov [tokstr], al			; nullify tokstr string
0136+  0498 19 00       	mov al, TOK_NULL
0137+  049A 3D 31 06    	mov [tok], al				; nullify token
0138+  049D 14 2E 06    	mov a, [prog]
0139+  04A0 4D          	mov si, a
0140+  04A1 FD 4F 32 06 	mov di, tokstr
0141+  04A5             get_tok_skip_spaces:
0142+  04A5 F6          	lodsb
0143+  04A6 07 1F 0B    	call isspace
0144+  04A9 C6 A5 04    	je get_tok_skip_spaces
0145+  04AC B9 00       	cmp al, 0			; check for end of input (NULL)
0146+  04AE C6 93 05    	je get_token_end
0147+  04B1 B9 23       	cmp al, '#'			; comments!
0148+  04B3 C6 C1 05    	je get_tok_comment
0149+  04B6 07 A9 0A    	call isalnum
0150+  04B9 C6 A0 05    	jz is_alphanumeric
0151+  04BC             ; other token types
0152+  04BC             get_token_slash:
0153+  04BC B9 2F       	cmp al, '/'				; check if '/'
0154+  04BE C7 D6 04    	jne get_token_minus
0155+  04C1 F7          	stosb					; store '/' into token string
0156+  04C2 19 00       	mov al, 0
0157+  04C4 F7          	stosb					; terminate token string
0158+  04C5 19 01       	mov al, TOK_FSLASH
0159+  04C7 3D 31 06    	mov [tok], al			
0160+  04CA 19 02       	mov al, TOKTYP_DELIMITER
0161+  04CC 3D 30 06    	mov [toktyp], al
0162+  04CF 4E          	mov a, si
0163+  04D0 42 2E 06    	mov [prog], a		; update pointer
0164+  04D3 0A BC 05    	jmp get_token_return
0165+  04D6             get_token_minus:
0166+  04D6 B9 2D       	cmp al, '-'				; check if '-'
0167+  04D8 C7 F0 04    	jne get_token_comma
0168+  04DB F7          	stosb					; store '-' into token string
0169+  04DC 19 00       	mov al, 0
0170+  04DE F7          	stosb					; terminate token string
0171+  04DF 19 04       	mov al, TOK_MINUS
0172+  04E1 3D 31 06    	mov [tok], al			
0173+  04E4 19 02       	mov al, TOKTYP_DELIMITER
0174+  04E6 3D 30 06    	mov [toktyp], al
0175+  04E9 4E          	mov a, si
0176+  04EA 42 2E 06    	mov [prog], a		; update pointer
0177+  04ED 0A BC 05    	jmp get_token_return
0178+  04F0             get_token_comma:
0179+  04F0 B9 2C       	cmp al, ','				; check if ','
0180+  04F2 C7 0A 05    	jne get_token_semi
0181+  04F5 F7          	stosb					; store ',' into token string
0182+  04F6 19 00       	mov al, 0
0183+  04F8 F7          	stosb					; terminate token string
0184+  04F9 19 0B       	mov al, TOK_COMMA
0185+  04FB 3D 31 06    	mov [tok], al			
0186+  04FE 19 02       	mov al, TOKTYP_DELIMITER
0187+  0500 3D 30 06    	mov [toktyp], al
0188+  0503 4E          	mov a, si
0189+  0504 42 2E 06    	mov [prog], a		; update pointer
0190+  0507 0A BC 05    	jmp get_token_return
0191+  050A             get_token_semi:
0192+  050A B9 3B       	cmp al, $3B				; check if ';'
0193+  050C C7 24 05    	jne get_token_colon
0194+  050F F7          	stosb					; store ';' into token string
0195+  0510 19 00       	mov al, 0
0196+  0512 F7          	stosb					; terminate token string
0197+  0513 19 06       	mov al, TOK_SEMI
0198+  0515 3D 31 06    	mov [tok], al			
0199+  0518 19 02       	mov al, TOKTYP_DELIMITER
0200+  051A 3D 30 06    	mov [toktyp], al
0201+  051D 4E          	mov a, si
0202+  051E 42 2E 06    	mov [prog], a		; update pointer
0203+  0521 0A BC 05    	jmp get_token_return
0204+  0524             get_token_colon:
0205+  0524 B9 3A       	cmp al, $3A				; check if ':'
0206+  0526 C7 3E 05    	jne get_token_angle
0207+  0529 F7          	stosb					; store ':' into token string
0208+  052A 19 00       	mov al, 0
0209+  052C F7          	stosb					; terminate token string
0210+  052D 19 0A       	mov al, TOK_COLON
0211+  052F 3D 31 06    	mov [tok], al			
0212+  0532 19 02       	mov al, TOKTYP_DELIMITER
0213+  0534 3D 30 06    	mov [toktyp], al
0214+  0537 4E          	mov a, si
0215+  0538 42 2E 06    	mov [prog], a		; update pointer
0216+  053B 0A BC 05    	jmp get_token_return
0217+  053E             get_token_angle:
0218+  053E B9 3E       	cmp al, $3E				; check if '>'
0219+  0540 C7 58 05    	jne get_token_tilde
0220+  0543 F7          	stosb					; store '>' into token string
0221+  0544 19 00       	mov al, 0
0222+  0546 F7          	stosb					; terminate token string
0223+  0547 19 07       	mov al, TOK_ANGLE
0224+  0549 3D 31 06    	mov [tok], al			
0225+  054C 19 02       	mov al, TOKTYP_DELIMITER
0226+  054E 3D 30 06    	mov [toktyp], al
0227+  0551 4E          	mov a, si
0228+  0552 42 2E 06    	mov [prog], a		; update pointer
0229+  0555 0A BC 05    	jmp get_token_return
0230+  0558             get_token_tilde:
0231+  0558 B9 7E       	cmp al, '~'				; check if '~'
0232+  055A C7 72 05    	jne get_token_equal
0233+  055D F7          	stosb					; store '~' into token string
0234+  055E 19 00       	mov al, 0
0235+  0560 F7          	stosb					; terminate token string
0236+  0561 19 08       	mov al, TOK_TILDE
0237+  0563 3D 31 06    	mov [tok], al			
0238+  0566 19 02       	mov al, TOKTYP_DELIMITER
0239+  0568 3D 30 06    	mov [toktyp], al
0240+  056B 4E          	mov a, si
0241+  056C 42 2E 06    	mov [prog], a		; update pointer
0242+  056F 0A BC 05    	jmp get_token_return
0243+  0572             get_token_equal:
0244+  0572 B9 3D       	cmp al, '='				; check if '='
0245+  0574 C7 8C 05    	jne get_token_skip
0246+  0577 F7          	stosb					; store '=' into token string
0247+  0578 19 00       	mov al, 0
0248+  057A F7          	stosb					; terminate token string
0249+  057B 19 09       	mov al, TOK_EQUAL
0250+  057D 3D 31 06    	mov [tok], al			
0251+  0580 19 02       	mov al, TOKTYP_DELIMITER
0252+  0582 3D 30 06    	mov [toktyp], al
0253+  0585 4E          	mov a, si
0254+  0586 42 2E 06    	mov [prog], a		; update pointer
0255+  0589 0A BC 05    	jmp get_token_return
0256+  058C             get_token_skip:
0257+  058C 4E          	mov a, si
0258+  058D 42 2E 06    	mov [prog], a		; update pointer
0259+  0590 0A BC 05    	jmp get_token_return
0260+  0593             get_token_end:				; end of file token
0261+  0593 19 14       	mov al, TOK_END
0262+  0595 3D 31 06    	mov [tok], al
0263+  0598 19 06       	mov al, TOKTYP_END
0264+  059A 3D 30 06    	mov [toktyp], al
0265+  059D 0A BC 05    	jmp get_token_return
0266+  05A0             is_alphanumeric:
0267+  05A0 F7          	stosb
0268+  05A1 F6          	lodsb
0269+  05A2 07 A9 0A    	call isalnum			;check if is alphanumeric
0270+  05A5 C6 A0 05    	jz is_alphanumeric
0271+  05A8 B9 2E       	cmp al, $2E				; check if is '.'
0272+  05AA C6 A0 05    	je is_alphanumeric
0273+  05AD 19 00       	mov al, 0
0274+  05AF F7          	stosb
0275+  05B0 19 00       	mov al, TOKTYP_IDENTIFIER
0276+  05B2 3D 30 06    	mov [toktyp], al
0277+  05B5 D5 01 00    	sub si, 1
0278+  05B8 4E          	mov a, si
0279+  05B9 42 2E 06    	mov [prog], a		; update pointer
0280+  05BC             get_token_return:
0281+  05BC F0          	pop di
0282+  05BD EF          	pop si
0283+  05BE E7          	pop d
0284+  05BF E4          	pop a
0285+  05C0 09          	ret
0286+  05C1             get_tok_comment:
0287+  05C1 F6          	lodsb
0288+  05C2 B9 0A       	cmp al, $0A			; new line
0289+  05C4 C7 C1 05    	jne get_tok_comment
0290+  05C7 0A A5 04    	jmp get_tok_skip_spaces
0291+  05CA             
0292+  05CA             
0293+  05CA             get_number:
0294+  05CA D7          	push a
0295+  05CB DA          	push d
0296+  05CC E2          	push si
0297+  05CD E3          	push di
0298+  05CE 19 00       	mov al, 0
0299+  05D0 3D 32 06    	mov [tokstr], al			; nullify tokstr string
0300+  05D3 19 00       	mov al, TOK_NULL
0301+  05D5 3D 31 06    	mov [tok], al				; nullify token
0302+  05D8 14 2E 06    	mov a, [prog]
0303+  05DB 4D          	mov si, a
0304+  05DC FD 4F 32 06 	mov di, tokstr
0305+  05E0             get_number_skip_spaces:
0306+  05E0 F6          	lodsb
0307+  05E1 07 1F 0B    	call isspace
0308+  05E4 C6 E0 05    	je get_number_skip_spaces
0309+  05E7 B9 00       	cmp al, 0			; check for end of input (NULL)
0310+  05E9 C7 F9 05    	jne get_number_L0
0311+  05EC 19 14       	mov al, TOK_END
0312+  05EE 3D 31 06    	mov [tok], al
0313+  05F1 19 06       	mov al, TOKTYP_END
0314+  05F3 3D 30 06    	mov [toktyp], al
0315+  05F6 0A 10 06    	jmp get_number_return
0316+  05F9             get_number_L0:
0317+  05F9 F7          	stosb
0318+  05FA F6          	lodsb
0319+  05FB 07 B3 0A    	call isdigit			;check if is numeric
0320+  05FE C6 F9 05    	jz get_number_L0
0321+  0601 19 00       	mov al, 0
0322+  0603 F7          	stosb
0323+  0604 19 05       	mov al, TOKTYP_NUMERIC
0324+  0606 3D 30 06    	mov [toktyp], al
0325+  0609 D5 01 00    	sub si, 1
0326+  060C 4E          	mov a, si
0327+  060D 42 2E 06    	mov [prog], a		; update pointer
0328+  0610             get_number_return:
0329+  0610 F0          	pop di
0330+  0611 EF          	pop si
0331+  0612 E7          	pop d
0332+  0613 E4          	pop a
0333+  0614 09          	ret
0334+  0615             
0335+  0615             ;;;;;;;;;;;;;;;;;;;;;;;;;;;;;;;;;;;;;;;;;;;;;;;;;;;;;;;;;;;;;;;;;;;;;;;;;;;;;;;;;;
0336+  0615             ;; PUT BACK TOKEN
0337+  0615             ;;;;;;;;;;;;;;;;;;;;;;;;;;;;;;;;;;;;;;;;;;;;;;;;;;;;;;;;;;;;;;;;;;;;;;;;;;;;;;;;;;	
0338+  0615             putback:
0339+  0615 D7          	push a
0340+  0616 E2          	push si
0341+  0617 FD 4D 32 06 	mov si, tokstr	
0342+  061B             putback_loop:
0343+  061B F6          	lodsb
0344+  061C B9 00       	cmp al, 0
0345+  061E C6 2B 06    	je putback_end
0346+  0621 14 2E 06    	mov a, [prog]
0347+  0624 7D          	dec a
0348+  0625 42 2E 06    	mov [prog], a			; update pointer
0349+  0628 0A 1B 06    	jmp putback_loop
0350+  062B             putback_end:
0351+  062B EF          	pop si
0352+  062C E4          	pop a
0353+  062D 09          	ret
0354+  062E             
0355+  062E             
0356+  062E             
0357+  062E             
0358+  062E 00 00       prog:		.dw 0			; pointer to current position in buffer
0359+  0630             
0360+  0630 00          toktyp: 	.db 0			; token type symbol
0361+  0631 00          tok:		.db 0			; current token symbol
0362+  0632 00 00 00 00 tokstr:		.fill 256, 0	; token as a string
0362+  0636 00 00 00 00 
0362+  063A 00 00 00 00 
0362+  063E 00 00 00 00 
0362+  0642 00 00 00 00 
0362+  0646 00 00 00 00 
0362+  064A 00 00 00 00 
0362+  064E 00 00 00 00 
0362+  0652 00 00 00 00 
0362+  0656 00 00 00 00 
0362+  065A 00 00 00 00 
0362+  065E 00 00 00 00 
0362+  0662 00 00 00 00 
0362+  0666 00 00 00 00 
0362+  066A 00 00 00 00 
0362+  066E 00 00 00 00 
0362+  0672 00 00 00 00 
0362+  0676 00 00 00 00 
0362+  067A 00 00 00 00 
0362+  067E 00 00 00 00 
0362+  0682 00 00 00 00 
0362+  0686 00 00 00 00 
0362+  068A 00 00 00 00 
0362+  068E 00 00 00 00 
0362+  0692 00 00 00 00 
0362+  0696 00 00 00 00 
0362+  069A 00 00 00 00 
0362+  069E 00 00 00 00 
0362+  06A2 00 00 00 00 
0362+  06A6 00 00 00 00 
0362+  06AA 00 00 00 00 
0362+  06AE 00 00 00 00 
0362+  06B2 00 00 00 00 
0362+  06B6 00 00 00 00 
0362+  06BA 00 00 00 00 
0362+  06BE 00 00 00 00 
0362+  06C2 00 00 00 00 
0362+  06C6 00 00 00 00 
0362+  06CA 00 00 00 00 
0362+  06CE 00 00 00 00 
0362+  06D2 00 00 00 00 
0362+  06D6 00 00 00 00 
0362+  06DA 00 00 00 00 
0362+  06DE 00 00 00 00 
0362+  06E2 00 00 00 00 
0362+  06E6 00 00 00 00 
0362+  06EA 00 00 00 00 
0362+  06EE 00 00 00 00 
0362+  06F2 00 00 00 00 
0362+  06F6 00 00 00 00 
0362+  06FA 00 00 00 00 
0362+  06FE 00 00 00 00 
0362+  0702 00 00 00 00 
0362+  0706 00 00 00 00 
0362+  070A 00 00 00 00 
0362+  070E 00 00 00 00 
0362+  0712 00 00 00 00 
0362+  0716 00 00 00 00 
0362+  071A 00 00 00 00 
0362+  071E 00 00 00 00 
0362+  0722 00 00 00 00 
0362+  0726 00 00 00 00 
0362+  072A 00 00 00 00 
0362+  072E 00 00 00 00 
0012   0732             .include "stdio.asm"
0001+  0732             ;;;;;;;;;;;;;;;;;;;;;;;;;;;;;;;;;;;;;;;;;;;;;;;;;;;;;;;;;;;;;;;;;;;;;;;;;;;;;;;;;;;;;;;;;;;;;;;;;;;;;;;;;;;;;;;;;;
0002+  0732             ; stdio.s
0003+  0732             ;;;;;;;;;;;;;;;;;;;;;;;;;;;;;;;;;;;;;;;;;;;;;;;;;;;;;;;;;;;;;;;;;;;;;;;;;;;;;;;;;;;;;;;;;;;;;;;;;;;;;;;;;;;;;;;;;;
0004+  0732             .include "string.asm"
0001++ 0732             ;;;;;;;;;;;;;;;;;;;;;;;;;;;;;;;;;;;;;;;;;;;;;;;;;;;;;;;;;;;;;;;;;;;;;;;;;;;;;;;;;;;;;;;;;;;;;;;;;;;;;;;;;;;;;;;;;;
0002++ 0732             ; string.s
0003++ 0732             ;;;;;;;;;;;;;;;;;;;;;;;;;;;;;;;;;;;;;;;;;;;;;;;;;;;;;;;;;;;;;;;;;;;;;;;;;;;;;;;;;;;;;;;;;;;;;;;;;;;;;;;;;;;;;;;;;;
0004++ 0732             
0005++ 0732             
0006++ 0732             ;;;;;;;;;;;;;;;;;;;;;;;;;;;;;;;;;;;;;;;;;;;;;;;;;;;;;;;;;;;;;;;;;;;;;;;;;;;;;;;;;;;;;;;;;;;;;;;;;;;;;;;;;;;;;;;;;;
0007++ 0732             ; strrev
0008++ 0732             ; reverse a string
0009++ 0732             ; D = string address
0010++ 0732             ;;;;;;;;;;;;;;;;;;;;;;;;;;;;;;;;;;;;;;;;;;;;;;;;;;;;;;;;;;;;;;;;;;;;;;;;;;;;;;;;;;;;;;;;;;;;;;;;;;;;;;;;;;;;;;;;;;
0011++ 0732             ; 01234
0012++ 0732             strrev:
0013++ 0732 4B          	pusha
0014++ 0733 07 79 07    	call strlen	; length in C
0015++ 0736 12          	mov a, c
0016++ 0737 AF 01 00    	cmp a, 1
0017++ 073A D0 54 07    	jleu strrev_end	; check string length. string len must be > 1
0018++ 073D 7D          	dec a
0019++ 073E FD 4E       	mov si, d	; beginning of string
0020++ 0740 FD 50       	mov di, d	; beginning of string (for destinations)
0021++ 0742 59          	add d, a	; end of string
0022++ 0743 12          	mov a, c
0023++ 0744 FD 9B       	shr a		; divide by 2
0024++ 0746 39          	mov c, a	; C now counts the steps
0025++ 0747             strrev_L0:
0026++ 0747 32          	mov bl, [d]	; save load right-side char into BL
0027++ 0748 F6          	lodsb		; load left-side char into AL; increase SI
0028++ 0749 3E          	mov [d], al	; store left char into right side
0029++ 074A 1B          	mov al, bl
0030++ 074B F7          	stosb		; store right-side char into left-side; increase DI
0031++ 074C 7E          	dec c
0032++ 074D 7F          	dec d
0033++ 074E C2 00 00    	cmp c, 0
0034++ 0751 C7 47 07    	jne strrev_L0
0035++ 0754             strrev_end:
0036++ 0754 4C          	popa
0037++ 0755 09          	ret
0038++ 0756             	
0039++ 0756             ;;;;;;;;;;;;;;;;;;;;;;;;;;;;;;;;;;;;;;;;;;;;;;;;;;;;;;;;;;;;;;;;;;;;;;;;;;;;;;;;;;;;;;;;;;;;;;;;;;;;;;;;;;;;;;;;;;
0040++ 0756             ; strchr
0041++ 0756             ; search string in D for char in AL
0042++ 0756             ;;;;;;;;;;;;;;;;;;;;;;;;;;;;;;;;;;;;;;;;;;;;;;;;;;;;;;;;;;;;;;;;;;;;;;;;;;;;;;;;;;;;;;;;;;;;;;;;;;;;;;;;;;;;;;;;;;
0043++ 0756             strchr:
0044++ 0756             strchr_L0:
0045++ 0756 32          	mov bl, [d]
0046++ 0757 C1 00       	cmp bl, 0
0047++ 0759 C6 64 07    	je strchr_end
0048++ 075C BA          	cmp al, bl
0049++ 075D C6 64 07    	je strchr_end
0050++ 0760 79          	inc d
0051++ 0761 0A 56 07    	jmp strchr_L0
0052++ 0764             strchr_end:
0053++ 0764 1B          	mov al, bl
0054++ 0765 09          	ret
0055++ 0766             
0056++ 0766             ;;;;;;;;;;;;;;;;;;;;;;;;;;;;;;;;;;;;;;;;;;;;;;;;;;;;;;;;;;;;;;;;;;;;;;;;;;;;;;;;;;;;;;;;;;;;;;;;;;;;;;;;;;;;;;;;;;
0057++ 0766             ; strstr
0058++ 0766             ; find sub-string
0059++ 0766             ; str1 in SI
0060++ 0766             ; str2 in DI
0061++ 0766             ; SI points to end of source string
0062++ 0766             ;;;;;;;;;;;;;;;;;;;;;;;;;;;;;;;;;;;;;;;;;;;;;;;;;;;;;;;;;;;;;;;;;;;;;;;;;;;;;;;;;;;;;;;;;;;;;;;;;;;;;;;;;;;;;;;;;;
0063++ 0766             strstr:
0064++ 0766 DB          	push al
0065++ 0767 DA          	push d
0066++ 0768 E3          	push di
0067++ 0769             strstr_loop:
0068++ 0769 F3          	cmpsb					; compare a byte of the strings
0069++ 076A C7 75 07    	jne strstr_ret
0070++ 076D FC 00 00    	lea d, [di + 0]
0071++ 0770 BD 00       	cmp byte[d], 0				; check if at end of string (null)
0072++ 0772 C7 69 07    	jne strstr_loop				; equal chars but not at end
0073++ 0775             strstr_ret:
0074++ 0775 F0          	pop di
0075++ 0776 E7          	pop d
0076++ 0777 E8          	pop al
0077++ 0778 09          	ret
0078++ 0779             ;;;;;;;;;;;;;;;;;;;;;;;;;;;;;;;;;;;;;;;;;;;;;;;;;;;;;;;;;;;;;;;;;;;;;;;;;;;;;;;;;;;;;;;
0079++ 0779             ; length of null terminated string
0080++ 0779             ; result in C
0081++ 0779             ; pointer in D
0082++ 0779             ;;;;;;;;;;;;;;;;;;;;;;;;;;;;;;;;;;;;;;;;;;;;;;;;;;;;;;;;;;;;;;;;;;;;;;;;;;;;;;;;;;;;;;;
0083++ 0779             strlen:
0084++ 0779 DA          	push d
0085++ 077A 38 00 00    	mov c, 0
0086++ 077D             strlen_L1:
0087++ 077D BD 00       	cmp byte [d], 0
0088++ 077F C6 87 07    	je strlen_ret
0089++ 0782 79          	inc d
0090++ 0783 78          	inc c
0091++ 0784 0A 7D 07    	jmp strlen_L1
0092++ 0787             strlen_ret:
0093++ 0787 E7          	pop d
0094++ 0788 09          	ret
0095++ 0789             
0096++ 0789             ;;;;;;;;;;;;;;;;;;;;;;;;;;;;;;;;;;;;;;;;;;;;;;;;;;;;;;;;;;;;;;;;;;;;;;;;;;;;;;;;;;;;;;;;;;;;;;;;;;;;;;;;;;;;;;;;;;
0097++ 0789             ; STRCMP
0098++ 0789             ; compare two strings
0099++ 0789             ; str1 in SI
0100++ 0789             ; str2 in DI
0101++ 0789             ; CREATE A STRING COMPAIRON INSTRUCION ?????
0102++ 0789             ;;;;;;;;;;;;;;;;;;;;;;;;;;;;;;;;;;;;;;;;;;;;;;;;;;;;;;;;;;;;;;;;;;;;;;;;;;;;;;;;;;;;;;;;;;;;;;;;;;;;;;;;;;;;;;;;;;
0103++ 0789             strcmp:
0104++ 0789 DB          	push al
0105++ 078A DA          	push d
0106++ 078B E3          	push di
0107++ 078C E2          	push si
0108++ 078D             strcmp_loop:
0109++ 078D F3          	cmpsb					; compare a byte of the strings
0110++ 078E C7 99 07    	jne strcmp_ret
0111++ 0791 FB FF FF    	lea d, [si +- 1]
0112++ 0794 BD 00       	cmp byte[d], 0				; check if at end of string (null)
0113++ 0796 C7 8D 07    	jne strcmp_loop				; equal chars but not at end
0114++ 0799             strcmp_ret:
0115++ 0799 EF          	pop si
0116++ 079A F0          	pop di
0117++ 079B E7          	pop d
0118++ 079C E8          	pop al
0119++ 079D 09          	ret
0120++ 079E             
0121++ 079E             
0122++ 079E             ; STRCPY
0123++ 079E             ; copy null terminated string from SI to DI
0124++ 079E             ; source in SI
0125++ 079E             ; destination in DI
0126++ 079E             strcpy:
0127++ 079E E2          	push si
0128++ 079F E3          	push di
0129++ 07A0 DB          	push al
0130++ 07A1             strcpy_L1:
0131++ 07A1 F6          	lodsb
0132++ 07A2 F7          	stosb
0133++ 07A3 B9 00       	cmp al, 0
0134++ 07A5 C7 A1 07    	jne strcpy_L1
0135++ 07A8             strcpy_end:
0136++ 07A8 E8          	pop al
0137++ 07A9 F0          	pop di
0138++ 07AA EF          	pop si
0139++ 07AB 09          	ret
0140++ 07AC             
0141++ 07AC             ; STRCAT
0142++ 07AC             ; concatenate a NULL terminated string into string at DI, from string at SI
0143++ 07AC             ; source in SI
0144++ 07AC             ; destination in DI
0145++ 07AC             strcat:
0146++ 07AC E2          	push si
0147++ 07AD E3          	push di
0148++ 07AE D7          	push a
0149++ 07AF DA          	push d
0150++ 07B0 50          	mov a, di
0151++ 07B1 3C          	mov d, a
0152++ 07B2             strcat_goto_end_L1:
0153++ 07B2 BD 00       	cmp byte[d], 0
0154++ 07B4 C6 BB 07    	je strcat_start
0155++ 07B7 79          	inc d
0156++ 07B8 0A B2 07    	jmp strcat_goto_end_L1
0157++ 07BB             strcat_start:
0158++ 07BB FD 50       	mov di, d
0159++ 07BD             strcat_L1:
0160++ 07BD F6          	lodsb
0161++ 07BE F7          	stosb
0162++ 07BF B9 00       	cmp al, 0
0163++ 07C1 C7 BD 07    	jne strcat_L1
0164++ 07C4             strcat_end:
0165++ 07C4 E7          	pop d
0166++ 07C5 E4          	pop a
0167++ 07C6 F0          	pop di
0168++ 07C7 EF          	pop si
0169++ 07C8 09          	ret
0005+  07C9             
0006+  07C9 30 31 32 33 s_hex_digits:	.db "0123456789ABCDEF"	
0006+  07CD 34 35 36 37 
0006+  07D1 38 39 41 42 
0006+  07D5 43 44 45 46 
0007+  07D9             
0008+  07D9 01 00       table_power:.dw 1
0009+  07DB 0A 00       			.dw 10
0010+  07DD 64 00       			.dw 100
0011+  07DF E8 03       			.dw 1000
0012+  07E1 10 27       			.dw 10000
0013+  07E3             
0014+  07E3             ;;;;;;;;;;;;;;;;;;;;;;;;;;;;;;;;;;;;;;;;;;;;;;;;;;;;;;;;;;;;;;;;;;;;;;;;;;;;;;;;;;;;;;;;;;;;;;;;;;;;;;;;;;;;;;;;;;
0015+  07E3             ; CONVERT ASCII 'O'..'F' TO INTEGER 0..15
0016+  07E3             ; ASCII in BL
0017+  07E3             ; result in AL
0018+  07E3             ; ascii for F = 0100 0110
0019+  07E3             ; ascii for 9 = 0011 1001
0020+  07E3             ;;;;;;;;;;;;;;;;;;;;;;;;;;;;;;;;;;;;;;;;;;;;;;;;;;;;;;;;;;;;;;;;;;;;;;;;;;;;;;;;;;;;;;;;;;;;;;;;;;;;;;;;;;;;;;;;;;
0021+  07E3             hex_ascii_encode:
0022+  07E3 1B          	mov al, bl
0023+  07E4 93 40       	test al, $40				; test if letter or number
0024+  07E6 C7 EC 07    	jnz hex_letter
0025+  07E9 87 0F       	and al, $0F				; get number
0026+  07EB 09          	ret
0027+  07EC             hex_letter:
0028+  07EC 87 0F       	and al, $0F				; get letter
0029+  07EE 6A 09       	add al, 9
0030+  07F0 09          	ret
0031+  07F1             
0032+  07F1             ;;;;;;;;;;;;;;;;;;;;;;;;;;;;;;;;;;;;;;;;;;;;;;;;;;;;;;;;;;;;;;;;;;;;;;;;;;;;;;;;;;;;;;;;;;;;;;;;;;;;;;;;;;;;;;;;;;
0033+  07F1             ; ATOI
0034+  07F1             ; 2 letter hex string in B
0035+  07F1             ; 8bit integer returned in AL
0036+  07F1             ;;;;;;;;;;;;;;;;;;;;;;;;;;;;;;;;;;;;;;;;;;;;;;;;;;;;;;;;;;;;;;;;;;;;;;;;;;;;;;;;;;;;;;;;;;;;;;;;;;;;;;;;;;;;;;;;;;
0037+  07F1             atoi:
0038+  07F1 D8          	push b
0039+  07F2 07 E3 07    	call hex_ascii_encode			; convert BL to 4bit code in AL
0040+  07F5 30          	mov bl, bh
0041+  07F6 DB          	push al					; save a
0042+  07F7 07 E3 07    	call hex_ascii_encode
0043+  07FA EA          	pop bl	
0044+  07FB FD 9E 04    	shl al, 4
0045+  07FE 8C          	or al, bl
0046+  07FF E5          	pop b
0047+  0800 09          	ret	
0048+  0801             
0049+  0801             
0050+  0801             ;;;;;;;;;;;;;;;;;;;;;;;;;;;;;;;;;;;;;;;;;;;;;;;;;;;;;;;;;;;;;;;;;;;;;;;;;;;;;;;;;;;;;;;;;;;;;;;;;;;;;;;;;;;;;;;;;;
0051+  0801             ; printf
0052+  0801             ; no need for explanations!
0053+  0801             ;;;;;;;;;;;;;;;;;;;;;;;;;;;;;;;;;;;;;;;;;;;;;;;;;;;;;;;;;;;;;;;;;;;;;;;;;;;;;;;;;;;;;;;;;;;;;;;;;;;;;;;;;;;;;;;;;;
0054+  0801             printf:
0055+  0801 09          	ret
0056+  0802             
0057+  0802             
0058+  0802             ;;;;;;;;;;;;;;;;;;;;;;;;;;;;;;;;;;;;;;;;;;;;;;;;;;;;;;;;;;;;;;;;;;;;;;;;;;;;;;;;;;;;;;;;;;;;;;;;;;;;;;;;;;;;;;;;;;
0059+  0802             ; scanf
0060+  0802             ; no need for explanations!
0061+  0802             ;;;;;;;;;;;;;;;;;;;;;;;;;;;;;;;;;;;;;;;;;;;;;;;;;;;;;;;;;;;;;;;;;;;;;;;;;;;;;;;;;;;;;;;;;;;;;;;;;;;;;;;;;;;;;;;;;;
0062+  0802             scanf:
0063+  0802 09          	ret
0064+  0803             
0065+  0803             ;;;;;;;;;;;;;;;;;;;;;;;;;;;;;;;;;;;;;;;;;;;;;;;;;;;;;;;;;;;;;;;;;;;;;;;;;;;;;;;;;;;;;;;;;;;;;;;;;;;;;;;;;;;;;;;;;;
0066+  0803             ; ITOA
0067+  0803             ; 8bit value in BL
0068+  0803             ; 2 byte ASCII result in A
0069+  0803             ;;;;;;;;;;;;;;;;;;;;;;;;;;;;;;;;;;;;;;;;;;;;;;;;;;;;;;;;;;;;;;;;;;;;;;;;;;;;;;;;;;;;;;;;;;;;;;;;;;;;;;;;;;;;;;;;;;
0070+  0803             itoa:
0071+  0803 DA          	push d
0072+  0804 D8          	push b
0073+  0805 A7 00       	mov bh, 0
0074+  0807 FD A4 04    	shr bl, 4	
0075+  080A 74          	mov d, b
0076+  080B 1F C9 07    	mov al, [d + s_hex_digits]
0077+  080E 23          	mov ah, al
0078+  080F             	
0079+  080F E5          	pop b
0080+  0810 D8          	push b
0081+  0811 A7 00       	mov bh, 0
0082+  0813 FD 87 0F    	and bl, $0F
0083+  0816 74          	mov d, b
0084+  0817 1F C9 07    	mov al, [d + s_hex_digits]
0085+  081A E5          	pop b
0086+  081B E7          	pop d
0087+  081C 09          	ret
0088+  081D             
0089+  081D             ;;;;;;;;;;;;;;;;;;;;;;;;;;;;;;;;;;;;;;;;;;;;;;;;;;;;;;;;;;;;;;;;;;;;;;;;;;;;;;;;;;;;;;;;;;;;;;;;;;;;;;;;;;;;;;;;;;
0090+  081D             ; HEX STRING TO BINARY
0091+  081D             ; di = destination address
0092+  081D             ; si = source
0093+  081D             ;;;;;;;;;;;;;;;;;;;;;;;;;;;;;;;;;;;;;;;;;;;;;;;;;;;;;;;;;;;;;;;;;;;;;;;;;;;;;;;;;;;;;;;;;;;;;;;;;;;;;;;;;;;;;;;;;;
0094+  081D             hex_to_int:
0095+  081D             hex_to_int_L1:
0096+  081D F6          	lodsb					; load from [SI] to AL
0097+  081E B9 00       	cmp al, 0				; check if ASCII 0
0098+  0820 C6 2D 08    	jz hex_to_int_ret
0099+  0823 36          	mov bh, al
0100+  0824 F6          	lodsb
0101+  0825 2F          	mov bl, al
0102+  0826 07 F1 07    	call atoi				; convert ASCII byte in B to int (to AL)
0103+  0829 F7          	stosb					; store AL to [DI]
0104+  082A 0A 1D 08    	jmp hex_to_int_L1
0105+  082D             hex_to_int_ret:
0106+  082D 09          	ret		
0107+  082E             
0108+  082E             
0109+  082E             
0110+  082E             ;;;;;;;;;;;;;;;;;;;;;;;;;;;;;;;;;;;;;;;;;;;;;;;;;;;;;;;;;;;;;;;;;;;;;;;;;;;;;;;;;;;;;;;;;;;;;;;;;;;;;;;;;;;;;;;;;;
0111+  082E             ; GETCHAR
0112+  082E             ; char in ah
0113+  082E             ;;;;;;;;;;;;;;;;;;;;;;;;;;;;;;;;;;;;;;;;;;;;;;;;;;;;;;;;;;;;;;;;;;;;;;;;;;;;;;;;;;;;;;;;;;;;;;;;;;;;;;;;;;;;;;;;;;
0114+  082E             getchar:
0115+  082E DB          	push al
0116+  082F             getchar_retry:
0117+  082F FD 0C       	sti
0118+  0831 19 01       	mov al, 1
0119+  0833 05 03       	syscall sys_io			; receive in AH
0120+  0835 B9 00       	cmp al, 0			; check if any char was receive
0121+  0837 C6 2F 08    	je getchar_retry
0122+  083A E8          	pop al
0123+  083B 09          	ret
0124+  083C             
0125+  083C             ;;;;;;;;;;;;;;;;;;;;;;;;;;;;;;;;;;;;;;;;;;;;;;;;;;;;;;;;;;;;;;;;;;;;;;;;;;;;;;;;;;;;;;;;;;;;;;;;;;;;;;;;;;;;;;;;;;
0126+  083C             ; PUTCHAR
0127+  083C             ; char in ah
0128+  083C             ;;;;;;;;;;;;;;;;;;;;;;;;;;;;;;;;;;;;;;;;;;;;;;;;;;;;;;;;;;;;;;;;;;;;;;;;;;;;;;;;;;;;;;;;;;;;;;;;;;;;;;;;;;;;;;;;;;
0129+  083C             putchar:
0130+  083C D7          	push a
0131+  083D 19 00       	mov al, 0
0132+  083F 05 03       	syscall sys_io			; char in AH
0133+  0841 E4          	pop a
0134+  0842 09          	ret
0135+  0843             
0136+  0843             ;;;;;;;;;;;;;;;;;;;;;;;;;;;;;;;;;;;;;;;;;;;;;;;;;;;;;;;;;;;;;;;;;;;;;;;;;;;;;;;;;;;;;;;;;;;;;;;;;;;;;;;;;;;;;;;;;;
0137+  0843             ;; INPUT A STRING
0138+  0843             ;; terminates with null
0139+  0843             ;; pointer in D
0140+  0843             ;;;;;;;;;;;;;;;;;;;;;;;;;;;;;;;;;;;;;;;;;;;;;;;;;;;;;;;;;;;;;;;;;;;;;;;;;;;;;;;;;;;;;;;;;;;;;;;;;;;;;;;;;;;;;;;;;;
0141+  0843             gets:
0142+  0843 D7          	push a
0143+  0844 DA          	push d
0144+  0845             gets_loop:
0145+  0845 FD 0C       	sti
0146+  0847 19 01       	mov al, 1
0147+  0849 05 03       	syscall sys_io			; receive in AH
0148+  084B B9 00       	cmp al, 0				; check error code (AL)
0149+  084D C6 45 08    	je gets_loop			; if no char received, retry
0150+  0850             
0151+  0850 76 1B       	cmp ah, 27
0152+  0852 C6 6E 08    	je gets_telnet_escape
0153+  0855 76 0A       	cmp ah, $0A				; LF
0154+  0857 C6 C7 08    	je gets_end
0155+  085A 76 5C       	cmp ah, $5C				; '\\'
0156+  085C C6 9E 08    	je gets_escape
0157+  085F             	
0158+  085F 76 08       	cmp ah, $08			; check for backspace
0159+  0861 C6 6A 08    	je gets_backspace
0160+  0864             
0161+  0864 1A          	mov al, ah
0162+  0865 3E          	mov [d], al
0163+  0866 79          	inc d
0164+  0867 0A 45 08    	jmp gets_loop
0165+  086A             gets_backspace:
0166+  086A 7F          	dec d
0167+  086B 0A 45 08    	jmp gets_loop
0168+  086E             gets_telnet_escape:
0169+  086E FD 0C       	sti
0170+  0870 19 01       	mov al, 1
0171+  0872 05 03       	syscall sys_io				; receive in AH without echo
0172+  0874 B9 00       	cmp al, 0					; check error code (AL)
0173+  0876 C6 6E 08    	je gets_telnet_escape		; if no char received, retry
0174+  0879 76 5B       	cmp ah, '['
0175+  087B C7 45 08    	jne gets_loop
0176+  087E             gets_telnet_escape_phase2:
0177+  087E FD 0C       	sti
0178+  0880 19 01       	mov al, 1
0179+  0882 05 03       	syscall sys_io					; receive in AH without echo
0180+  0884 B9 00       	cmp al, 0						; check error code (AL)
0181+  0886 C6 7E 08    	je gets_telnet_escape_phase2	; if no char received, retry
0182+  0889 76 44       	cmp ah, 'D'
0183+  088B C6 96 08    	je gets_left_arrow
0184+  088E 76 43       	cmp ah, 'C'
0185+  0890 C6 9A 08    	je gets_right_arrow
0186+  0893 0A 45 08    	jmp gets_loop
0187+  0896             gets_left_arrow:
0188+  0896 7F          	dec d
0189+  0897 0A 45 08    	jmp gets_loop
0190+  089A             gets_right_arrow:
0191+  089A 79          	inc d
0192+  089B 0A 45 08    	jmp gets_loop
0193+  089E             gets_escape:
0194+  089E FD 0C       	sti
0195+  08A0 19 01       	mov al, 1
0196+  08A2 05 03       	syscall sys_io			; receive in AH
0197+  08A4 B9 00       	cmp al, 0				; check error code (AL)
0198+  08A6 C6 9E 08    	je gets_escape			; if no char received, retry
0199+  08A9 76 6E       	cmp ah, 'n'
0200+  08AB C6 B9 08    	je gets_LF
0201+  08AE 76 72       	cmp ah, 'r'
0202+  08B0 C6 C0 08    	je gets_CR
0203+  08B3 1A          	mov al, ah				; if not a known escape, it is just a normal letter
0204+  08B4 3E          	mov [d], al
0205+  08B5 79          	inc d
0206+  08B6 0A 45 08    	jmp gets_loop
0207+  08B9             gets_LF:
0208+  08B9 19 0A       	mov al, $0A
0209+  08BB 3E          	mov [d], al
0210+  08BC 79          	inc d
0211+  08BD 0A 45 08    	jmp gets_loop
0212+  08C0             gets_CR:
0213+  08C0 19 0D       	mov al, $0D
0214+  08C2 3E          	mov [d], al
0215+  08C3 79          	inc d
0216+  08C4 0A 45 08    	jmp gets_loop
0217+  08C7             gets_end:
0218+  08C7 19 00       	mov al, 0
0219+  08C9 3E          	mov [d], al				; terminate string
0220+  08CA E7          	pop d
0221+  08CB E4          	pop a
0222+  08CC 09          	ret
0223+  08CD             
0224+  08CD             
0225+  08CD             
0226+  08CD             
0227+  08CD             ;;;;;;;;;;;;;;;;;;;;;;;;;;;;;;;;;;;;;;;;;;;;;;;;;;;;;;;;;;;;;;;;;;;;;;;;;;;;;;;;;;;;;;;;;;;;;;;;;;;;;;;;;;;;;;;;;;
0228+  08CD             ;; INPUT TEXT
0229+  08CD             ;; terminated with CTRL+D
0230+  08CD             ;; pointer in D
0231+  08CD             ;;;;;;;;;;;;;;;;;;;;;;;;;;;;;;;;;;;;;;;;;;;;;;;;;;;;;;;;;;;;;;;;;;;;;;;;;;;;;;;;;;;;;;;;;;;;;;;;;;;;;;;;;;;;;;;;;;
0232+  08CD             gettxt:
0233+  08CD D7          	push a
0234+  08CE DA          	push d
0235+  08CF             gettxt_loop:
0236+  08CF 19 01       	mov al, 1
0237+  08D1 05 03       	syscall sys_io			; receive in AH
0238+  08D3 B9 00       	cmp al, 0				; check error code (AL)
0239+  08D5 C6 CF 08    	je gettxt_loop		; if no char received, retry
0240+  08D8 76 04       	cmp ah, 4			; EOT
0241+  08DA C6 18 09    	je gettxt_end
0242+  08DD 76 08       	cmp ah, $08			; check for backspace
0243+  08DF C6 14 09    	je gettxt_backspace
0244+  08E2 76 5C       	cmp ah, $5C				; '\\'
0245+  08E4 C6 ED 08    	je gettxt_escape
0246+  08E7 1A          	mov al, ah
0247+  08E8 3E          	mov [d], al
0248+  08E9 79          	inc d
0249+  08EA 0A CF 08    	jmp gettxt_loop
0250+  08ED             gettxt_escape:
0251+  08ED 19 01       	mov al, 1
0252+  08EF 05 03       	syscall sys_io			; receive in AH
0253+  08F1 B9 00       	cmp al, 0				; check error code (AL)
0254+  08F3 C6 ED 08    	je gettxt_escape		; if no char received, retry
0255+  08F6 76 6E       	cmp ah, 'n'
0256+  08F8 C6 06 09    	je gettxt_LF
0257+  08FB 76 72       	cmp ah, 'r'
0258+  08FD C6 0D 09    	je gettxt_CR
0259+  0900 1A          	mov al, ah				; if not a known escape, it is just a normal letter
0260+  0901 3E          	mov [d], al
0261+  0902 79          	inc d
0262+  0903 0A CF 08    	jmp gettxt_loop
0263+  0906             gettxt_LF:
0264+  0906 19 0A       	mov al, $0A
0265+  0908 3E          	mov [d], al
0266+  0909 79          	inc d
0267+  090A 0A CF 08    	jmp gettxt_loop
0268+  090D             gettxt_CR:
0269+  090D 19 0D       	mov al, $0D
0270+  090F 3E          	mov [d], al
0271+  0910 79          	inc d
0272+  0911 0A CF 08    	jmp gettxt_loop
0273+  0914             gettxt_backspace:
0274+  0914 7F          	dec d
0275+  0915 0A CF 08    	jmp gettxt_loop
0276+  0918             gettxt_end:
0277+  0918 19 00       	mov al, 0
0278+  091A 3E          	mov [d], al				; terminate string
0279+  091B E7          	pop d
0280+  091C E4          	pop a
0281+  091D 09          	ret
0282+  091E             
0283+  091E             ;;;;;;;;;;;;;;;;;;;;;;;;;;;;;;;;;;;;;;;;;;;;;;;;;;;;;;;;;;;;;;;;;;;;;;;;;;;;;;;;;;;;;;;;;;;;;;;;;;;;;;;;;;;;;;;;;;
0284+  091E             ; PRINT NEW LINE
0285+  091E             ;;;;;;;;;;;;;;;;;;;;;;;;;;;;;;;;;;;;;;;;;;;;;;;;;;;;;;;;;;;;;;;;;;;;;;;;;;;;;;;;;;;;;;;;;;;;;;;;;;;;;;;;;;;;;;;;;;
0286+  091E             printnl:
0287+  091E D7          	push a
0288+  091F 10 00 0A    	mov a, $0A00
0289+  0922 05 03       	syscall sys_io
0290+  0924 10 00 0D    	mov a, $0D00
0291+  0927 05 03       	syscall sys_io
0292+  0929 E4          	pop a
0293+  092A 09          	ret
0294+  092B             
0295+  092B             ;;;;;;;;;;;;;;;;;;;;;;;;;;;;;;;;;;;;;;;;;;;;;;;;;;;;;;;;;;;;;;;;;;;;;;;;;;;;;;;;;;;;;;;;;;;;;;;;;;;;;;;;;;;;;;;;;;
0296+  092B             ; strtoint
0297+  092B             ; 4 digit hex string number in d
0298+  092B             ; integer returned in A
0299+  092B             ;;;;;;;;;;;;;;;;;;;;;;;;;;;;;;;;;;;;;;;;;;;;;;;;;;;;;;;;;;;;;;;;;;;;;;;;;;;;;;;;;;;;;;;;;;;;;;;;;;;;;;;;;;;;;;;;;;
0300+  092B             strtointx:
0301+  092B D8          	push b
0302+  092C 32          	mov bl, [d]
0303+  092D 37          	mov bh, bl
0304+  092E 33 01 00    	mov bl, [d + 1]
0305+  0931 07 F1 07    	call atoi				; convert to int in AL
0306+  0934 23          	mov ah, al				; move to AH
0307+  0935 33 02 00    	mov bl, [d + 2]
0308+  0938 37          	mov bh, bl
0309+  0939 33 03 00    	mov bl, [d + 3]
0310+  093C 07 F1 07    	call atoi				; convert to int in AL
0311+  093F E5          	pop b
0312+  0940 09          	ret
0313+  0941             
0314+  0941             ;;;;;;;;;;;;;;;;;;;;;;;;;;;;;;;;;;;;;;;;;;;;;;;;;;;;;;;;;;;;;;;;;;;;;;;;;;;;;;;;;;;;;;;;;;;;;;;;;;;;;;;;;;;;;;;;;;
0315+  0941             ; strtoint
0316+  0941             ; 5 digit base10 string number in d
0317+  0941             ; integer returned in A
0318+  0941             ;;;;;;;;;;;;;;;;;;;;;;;;;;;;;;;;;;;;;;;;;;;;;;;;;;;;;;;;;;;;;;;;;;;;;;;;;;;;;;;;;;;;;;;;;;;;;;;;;;;;;;;;;;;;;;;;;;
0319+  0941             strtoint:
0320+  0941 E2          	push si
0321+  0942 D8          	push b
0322+  0943 D9          	push c
0323+  0944 DA          	push d
0324+  0945 07 79 07    	call strlen			; get string length in C
0325+  0948 7E          	dec c
0326+  0949 FD 4E       	mov si, d
0327+  094B 12          	mov a, c
0328+  094C FD 99       	shl a
0329+  094E 3B D9 07    	mov d, table_power
0330+  0951 59          	add d, a
0331+  0952 38 00 00    	mov c, 0
0332+  0955             strtoint_L0:
0333+  0955 F6          	lodsb			; load ASCII to al
0334+  0956 B9 00       	cmp al, 0
0335+  0958 C6 6B 09    	je strtoint_end
0336+  095B 6F 30       	sub al, $30		; make into integer
0337+  095D 22 00       	mov ah, 0
0338+  095F 2A          	mov b, [d]
0339+  0960 AC          	mul a, b			; result in B since it fits in 16bits
0340+  0961 11          	mov a, b
0341+  0962 28          	mov b, c
0342+  0963 54          	add a, b
0343+  0964 39          	mov c, a
0344+  0965 63 02 00    	sub d, 2
0345+  0968 0A 55 09    	jmp strtoint_L0
0346+  096B             strtoint_end:
0347+  096B 12          	mov a, c
0348+  096C E7          	pop d
0349+  096D E6          	pop c
0350+  096E E5          	pop b
0351+  096F EF          	pop si
0352+  0970 09          	ret
0353+  0971             
0354+  0971             
0355+  0971             ;;;;;;;;;;;;;;;;;;;;;;;;;;;;;;;;;;;;;;;;;;;;;;;;;;;;;;;;;;;;;;;;;;;;;;;;;;;;;;;;;;;;;;;;;;;;;;;;;;;;;;;;;;;;;;;;;;
0356+  0971             ; PRINT NULL TERMINATED STRING
0357+  0971             ; pointer in D
0358+  0971             ;;;;;;;;;;;;;;;;;;;;;;;;;;;;;;;;;;;;;;;;;;;;;;;;;;;;;;;;;;;;;;;;;;;;;;;;;;;;;;;;;;;;;;;;;;;;;;;;;;;;;;;;;;;;;;;;;;
0359+  0971             puts:
0360+  0971 D7          	push a
0361+  0972 DA          	push d
0362+  0973             puts_L1:
0363+  0973 1E          	mov al, [d]
0364+  0974 B9 00       	cmp al, 0
0365+  0976 C6 82 09    	jz puts_END
0366+  0979 23          	mov ah, al
0367+  097A 19 00       	mov al, 0
0368+  097C 05 03       	syscall sys_io
0369+  097E 79          	inc d
0370+  097F 0A 73 09    	jmp puts_L1
0371+  0982             puts_END:
0372+  0982 E7          	pop d
0373+  0983 E4          	pop a
0374+  0984 09          	ret
0375+  0985             
0376+  0985             ;;;;;;;;;;;;;;;;;;;;;;;;;;;;;;;;;;;;;;;;;;;;;;;;;;;;;;;;;;;;;;;;;;;;;;;;;;;;;;;;;;;;;;;;;;;;;;;;;;;;;;;;;;;;;;;;;;
0377+  0985             ; PRINT N SIZE STRING
0378+  0985             ; pointer in D
0379+  0985             ; size in C
0380+  0985             ;;;;;;;;;;;;;;;;;;;;;;;;;;;;;;;;;;;;;;;;;;;;;;;;;;;;;;;;;;;;;;;;;;;;;;;;;;;;;;;;;;;;;;;;;;;;;;;;;;;;;;;;;;;;;;;;;;
0381+  0985             putsn:
0382+  0985 DB          	push al
0383+  0986 DA          	push d
0384+  0987 D9          	push c
0385+  0988             putsn_L0:
0386+  0988 1E          	mov al, [d]
0387+  0989 23          	mov ah, al
0388+  098A 19 00       	mov al, 0
0389+  098C 05 03       	syscall sys_io
0390+  098E 79          	inc d
0391+  098F 7E          	dec c	
0392+  0990 C2 00 00    	cmp c, 0
0393+  0993 C7 88 09    	jne putsn_L0
0394+  0996             putsn_end:
0395+  0996 E6          	pop c
0396+  0997 E7          	pop d
0397+  0998 E8          	pop al
0398+  0999 09          	ret
0399+  099A             
0400+  099A             ;;;;;;;;;;;;;;;;;;;;;;;;;;;;;;;;;;;;;;;;;;;;;;;;;;;;;;;;;;;;;;;;;;;;;;;;;;;;;;;;;;;;;;;
0401+  099A             ; print 16bit decimal number
0402+  099A             ; input number in A
0403+  099A             ;;;;;;;;;;;;;;;;;;;;;;;;;;;;;;;;;;;;;;;;;;;;;;;;;;;;;;;;;;;;;;;;;;;;;;;;;;;;;;;;;;;;;;;
0404+  099A             print_u16d:
0405+  099A D7          	push a
0406+  099B D8          	push b
0407+  099C 26 10 27    	mov b, 10000
0408+  099F AE          	div a, b			; get 10000 coeff.
0409+  09A0 07 C6 09    	call print_zero_or_space
0410+  09A3 11          	mov a, b
0411+  09A4 26 E8 03    	mov b, 1000
0412+  09A7 AE          	div a, b			; get 10000 coeff.
0413+  09A8 07 C6 09    	call print_zero_or_space
0414+  09AB 11          	mov a, b
0415+  09AC 26 64 00    	mov b, 100
0416+  09AF AE          	div a, b
0417+  09B0 07 C6 09    	call print_zero_or_space
0418+  09B3 11          	mov a, b
0419+  09B4 26 0A 00    	mov b, 10
0420+  09B7 AE          	div a, b
0421+  09B8 07 C6 09    	call print_zero_or_space
0422+  09BB 11          	mov a, b
0423+  09BC 6A 30       	add al, $30
0424+  09BE 23          	mov ah, al
0425+  09BF 19 00       	mov al, 0
0426+  09C1 05 03       	syscall sys_io	; print coeff
0427+  09C3 E5          	pop b
0428+  09C4 E4          	pop a
0429+  09C5 09          	ret
0430+  09C6             
0431+  09C6             
0432+  09C6             ;;;;;;;;;;;;;;;;;;;;;;;;;;;;;;;;;;;;;;;;;;;;;;;;;;;;;;;;;;;;;;;;;;;;;;;;;;;;;;;;;;;;;;;
0433+  09C6             ; if A == 0, print space
0434+  09C6             ; else print A
0435+  09C6             ;;;;;;;;;;;;;;;;;;;;;;;;;;;;;;;;;;;;;;;;;;;;;;;;;;;;;;;;;;;;;;;;;;;;;;;;;;;;;;;;;;;;;;;
0436+  09C6             print_zero_or_space:
0437+  09C6             	; cmp a, 0
0438+  09C6             	; jne print_number
0439+  09C6             	; mov ah, $20
0440+  09C6             	; call putchar
0441+  09C6             	; ret
0442+  09C6             print_number:
0443+  09C6 6A 30       	add al, $30
0444+  09C8 23          	mov ah, al
0445+  09C9 07 3C 08    	call putchar
0446+  09CC 09          	ret
0447+  09CD             
0448+  09CD             ;;;;;;;;;;;;;;;;;;;;;;;;;;;;;;;;;;;;;;;;;;;;;;;;;;;;;;;;;;;;;;;;;;;;;;;;;;;;;;;;;;;;;;;;;;;;;;;;;;;;;;;;;;;;;;;;;;
0449+  09CD             ; PRINT 16BIT HEX INTEGER
0450+  09CD             ; integer value in reg B
0451+  09CD             ;;;;;;;;;;;;;;;;;;;;;;;;;;;;;;;;;;;;;;;;;;;;;;;;;;;;;;;;;;;;;;;;;;;;;;;;;;;;;;;;;;;;;;;;;;;;;;;;;;;;;;;;;;;;;;;;;;
0452+  09CD             print_u16x:
0453+  09CD D7          	push a
0454+  09CE D8          	push b
0455+  09CF DD          	push bl
0456+  09D0 30          	mov bl, bh
0457+  09D1 07 03 08    	call itoa				; convert bh to char in A
0458+  09D4 2F          	mov bl, al				; save al
0459+  09D5 19 00       	mov al, 0
0460+  09D7 05 03       	syscall sys_io				; display AH
0461+  09D9 24          	mov ah, bl				; retrieve al
0462+  09DA 19 00       	mov al, 0
0463+  09DC 05 03       	syscall sys_io				; display AL
0464+  09DE             
0465+  09DE EA          	pop bl
0466+  09DF 07 03 08    	call itoa				; convert bh to char in A
0467+  09E2 2F          	mov bl, al				; save al
0468+  09E3 19 00       	mov al, 0
0469+  09E5 05 03       	syscall sys_io				; display AH
0470+  09E7 24          	mov ah, bl				; retrieve al
0471+  09E8 19 00       	mov al, 0
0472+  09EA 05 03       	syscall sys_io				; display AL
0473+  09EC             
0474+  09EC E5          	pop b
0475+  09ED E4          	pop a
0476+  09EE 09          	ret
0477+  09EF             
0478+  09EF             ;;;;;;;;;;;;;;;;;;;;;;;;;;;;;;;;;;;;;;;;;;;;;;;;;;;;;;;;;;;;;;;;;;;;;;;;;;;;;;;;;;;;;;;;;;;;;;;;;;;;;;;;;;;;;;;;;;
0479+  09EF             ; INPUT 16BIT HEX INTEGER
0480+  09EF             ; read 16bit integer into A
0481+  09EF             ;;;;;;;;;;;;;;;;;;;;;;;;;;;;;;;;;;;;;;;;;;;;;;;;;;;;;;;;;;;;;;;;;;;;;;;;;;;;;;;;;;;;;;;;;;;;;;;;;;;;;;;;;;;;;;;;;;
0482+  09EF             scan_u16x:
0483+  09EF F8 10 00    	enter 16
0484+  09F2 D8          	push b
0485+  09F3 DA          	push d
0486+  09F4             
0487+  09F4 FA F1 FF    	lea d, [bp + -15]
0488+  09F7 07 43 08    	call gets				; get number
0489+  09FA             
0490+  09FA 32          	mov bl, [d]
0491+  09FB 37          	mov bh, bl
0492+  09FC 33 01 00    	mov bl, [d + 1]
0493+  09FF 07 F1 07    	call atoi				; convert to int in AL
0494+  0A02 23          	mov ah, al				; move to AH
0495+  0A03             
0496+  0A03 33 02 00    	mov bl, [d + 2]
0497+  0A06 37          	mov bh, bl
0498+  0A07 33 03 00    	mov bl, [d + 3]
0499+  0A0A 07 F1 07    	call atoi				; convert to int in AL
0500+  0A0D             
0501+  0A0D E7          	pop d
0502+  0A0E E5          	pop b
0503+  0A0F F9          	leave
0504+  0A10 09          	ret
0505+  0A11             
0506+  0A11             ;;;;;;;;;;;;;;;;;;;;;;;;;;;;;;;;;;;;;;;;;;;;;;;;;;;;;;;;;;;;;;;;;;;;;;;;;;;;;;;;;;;;;;;;;;;;;;;;;;;;;;;;;;;;;;;;;;
0507+  0A11             ; PRINT 8bit HEX INTEGER
0508+  0A11             ; integer value in reg bl
0509+  0A11             ;;;;;;;;;;;;;;;;;;;;;;;;;;;;;;;;;;;;;;;;;;;;;;;;;;;;;;;;;;;;;;;;;;;;;;;;;;;;;;;;;;;;;;;;;;;;;;;;;;;;;;;;;;;;;;;;;;
0510+  0A11             print_u8x:
0511+  0A11 D7          	push a
0512+  0A12 DD          	push bl
0513+  0A13             
0514+  0A13 07 03 08    	call itoa				; convert bl to char in A
0515+  0A16 2F          	mov bl, al				; save al
0516+  0A17 19 00       	mov al, 0
0517+  0A19 05 03       	syscall sys_io				; display AH
0518+  0A1B 24          	mov ah, bl				; retrieve al
0519+  0A1C 19 00       	mov al, 0
0520+  0A1E 05 03       	syscall sys_io				; display AL
0521+  0A20             
0522+  0A20 EA          	pop bl
0523+  0A21 E4          	pop a
0524+  0A22 09          	ret
0525+  0A23             
0526+  0A23             ;;;;;;;;;;;;;;;;;;;;;;;;;;;;;;;;;;;;;;;;;;;;;;;;;;;;;;;;;;;;;;;;;;;;;;;;;;;;;;;;;;;;;;;
0527+  0A23             ; print 8bit decimal unsigned number
0528+  0A23             ; input number in AL
0529+  0A23             ;;;;;;;;;;;;;;;;;;;;;;;;;;;;;;;;;;;;;;;;;;;;;;;;;;;;;;;;;;;;;;;;;;;;;;;;;;;;;;;;;;;;;;;
0530+  0A23             print_u8d:
0531+  0A23 D7          	push a
0532+  0A24 D8          	push b
0533+  0A25             
0534+  0A25 22 00       	mov ah, 0
0535+  0A27 26 64 00    	mov b, 100
0536+  0A2A AE          	div a, b
0537+  0A2B D8          	push b			; save remainder
0538+  0A2C B9 00       	cmp al, 0
0539+  0A2E C6 38 0A    	je skip100
0540+  0A31 6A 30       	add al, $30
0541+  0A33 23          	mov ah, al
0542+  0A34 19 00       	mov al, 0
0543+  0A36 05 03       	syscall sys_io	; print coeff
0544+  0A38             skip100:
0545+  0A38 E4          	pop a
0546+  0A39 22 00       	mov ah, 0
0547+  0A3B 26 0A 00    	mov b, 10
0548+  0A3E AE          	div a, b
0549+  0A3F D8          	push b			; save remainder
0550+  0A40 B9 00       	cmp al, 0
0551+  0A42 C6 4C 0A    	je skip10
0552+  0A45 6A 30       	add al, $30
0553+  0A47 23          	mov ah, al
0554+  0A48 19 00       	mov al, 0
0555+  0A4A 05 03       	syscall sys_io	; print coeff
0556+  0A4C             skip10:
0557+  0A4C E4          	pop a
0558+  0A4D 1B          	mov al, bl
0559+  0A4E 6A 30       	add al, $30
0560+  0A50 23          	mov ah, al
0561+  0A51 19 00       	mov al, 0
0562+  0A53 05 03       	syscall sys_io	; print coeff
0563+  0A55 E5          	pop b
0564+  0A56 E4          	pop a
0565+  0A57 09          	ret
0566+  0A58             
0567+  0A58             ;;;;;;;;;;;;;;;;;;;;;;;;;;;;;;;;;;;;;;;;;;;;;;;;;;;;;;;;;;;;;;;;;;;;;;;;;;;;;;;;;;;;;;;;;;;;;;;;;;;;;;;;;;;;;;;;;;
0568+  0A58             ; INPUT 8BIT HEX INTEGER
0569+  0A58             ; read 8bit integer into AL
0570+  0A58             ;;;;;;;;;;;;;;;;;;;;;;;;;;;;;;;;;;;;;;;;;;;;;;;;;;;;;;;;;;;;;;;;;;;;;;;;;;;;;;;;;;;;;;;;;;;;;;;;;;;;;;;;;;;;;;;;;;
0571+  0A58             scan_u8x:
0572+  0A58 F8 04 00    	enter 4
0573+  0A5B D8          	push b
0574+  0A5C DA          	push d
0575+  0A5D             
0576+  0A5D FA FD FF    	lea d, [bp + -3]
0577+  0A60 07 43 08    	call gets				; get number
0578+  0A63             
0579+  0A63 32          	mov bl, [d]
0580+  0A64 37          	mov bh, bl
0581+  0A65 33 01 00    	mov bl, [d + 1]
0582+  0A68 07 F1 07    	call atoi				; convert to int in AL
0583+  0A6B             
0584+  0A6B E7          	pop d
0585+  0A6C E5          	pop b
0586+  0A6D F9          	leave
0587+  0A6E 09          	ret
0588+  0A6F             
0589+  0A6F             ;;;;;;;;;;;;;;;;;;;;;;;;;;;;;;;;;;;;;;;;;;;;;;;;;;;;;;;;;;;;;;;;;;;;;;;;;;;;;;;;;;;;;;;
0590+  0A6F             ; input decimal number
0591+  0A6F             ; result in A
0592+  0A6F             ; 655'\0'
0593+  0A6F             ; low--------high
0594+  0A6F             ;;;;;;;;;;;;;;;;;;;;;;;;;;;;;;;;;;;;;;;;;;;;;;;;;;;;;;;;;;;;;;;;;;;;;;;;;;;;;;;;;;;;;;;
0595+  0A6F             scan_u16d:
0596+  0A6F F8 08 00    	enter 8
0597+  0A72 E2          	push si
0598+  0A73 D8          	push b
0599+  0A74 D9          	push c
0600+  0A75 DA          	push d
0601+  0A76 FA F9 FF    	lea d, [bp +- 7]
0602+  0A79 07 43 08    	call gets
0603+  0A7C 07 79 07    	call strlen			; get string length in C
0604+  0A7F 7E          	dec c
0605+  0A80 FD 4E       	mov si, d
0606+  0A82 12          	mov a, c
0607+  0A83 FD 99       	shl a
0608+  0A85 3B D9 07    	mov d, table_power
0609+  0A88 59          	add d, a
0610+  0A89 38 00 00    	mov c, 0
0611+  0A8C             mul_loop:
0612+  0A8C F6          	lodsb			; load ASCII to al
0613+  0A8D B9 00       	cmp al, 0
0614+  0A8F C6 A2 0A    	je mul_exit
0615+  0A92 6F 30       	sub al, $30		; make into integer
0616+  0A94 22 00       	mov ah, 0
0617+  0A96 2A          	mov b, [d]
0618+  0A97 AC          	mul a, b			; result in B since it fits in 16bits
0619+  0A98 11          	mov a, b
0620+  0A99 28          	mov b, c
0621+  0A9A 54          	add a, b
0622+  0A9B 39          	mov c, a
0623+  0A9C 63 02 00    	sub d, 2
0624+  0A9F 0A 8C 0A    	jmp mul_loop
0625+  0AA2             mul_exit:
0626+  0AA2 12          	mov a, c
0627+  0AA3 E7          	pop d
0628+  0AA4 E6          	pop c
0629+  0AA5 E5          	pop b
0630+  0AA6 EF          	pop si
0631+  0AA7 F9          	leave
0632+  0AA8 09          	ret
0013   0AA9             .include "ctype.asm"
0001+  0AA9             ;;;;;;;;;;;;;;;;;;;;;;;;;;;;;;;;;;;;;;;;;;;;;;;;;;;;;;;;;;;;;;;;;;;;;;;;;;;;;;;;;;;;;;;;;;;;;;;;;;;;;;;;;;;;;;;;;;
0002+  0AA9             ; ctype.s
0003+  0AA9             ;;;;;;;;;;;;;;;;;;;;;;;;;;;;;;;;;;;;;;;;;;;;;;;;;;;;;;;;;;;;;;;;;;;;;;;;;;;;;;;;;;;;;;;;;;;;;;;;;;;;;;;;;;;;;;;;;;
0004+  0AA9             
0005+  0AA9             ;;;;;;;;;;;;;;;;;;;;;;;;;;;;;;;;;;;;;;;;;;;;;;;;;;;;;;;;;;;;;;;;;;;;;;;;;;;;;;;;;;;;;;;;;;;;;;;;;;;;;;;;;;;;;;;;;;
0006+  0AA9             ;; C character classification is an operation provided by a group of functions in the ANSI C Standard Library
0007+  0AA9             ;; for the C programming language. These functions are used to test characters for membership in a particular
0008+  0AA9             ;; class of characters, such as alphabetic characters, control characters, etc. Both single-byte, and wide
0009+  0AA9             ;; characters are supported.
0010+  0AA9             ;;;;;;;;;;;;;;;;;;;;;;;;;;;;;;;;;;;;;;;;;;;;;;;;;;;;;;;;;;;;;;;;;;;;;;;;;;;;;;;;;;;;;;;;;;;;;;;;;;;;;;;;;;;;;;;;;;
0011+  0AA9             ;; isalnum 
0012+  0AA9             ;; isalpha 
0013+  0AA9             ;; islower 
0014+  0AA9             ;; isupper 
0015+  0AA9             ;; isdigit 
0016+  0AA9             ;; isxdigit
0017+  0AA9             ;; iscntrl 
0018+  0AA9             ;; isgraph 
0019+  0AA9             ;; isspace 
0020+  0AA9             ;; isblank 
0021+  0AA9             ;; isprint 
0022+  0AA9             ;; ispunct 
0023+  0AA9             ;; tolower 
0024+  0AA9             ;; toupper
0025+  0AA9             
0026+  0AA9             
0027+  0AA9             ;;;;;;;;;;;;;;;;;;;;;;;;;;;;;;;;;;;;;;;;;;;;;;;;;;;;;;;;;;;;;;;;;;;;;;;;;;;;;;;;;;
0028+  0AA9             ;; IS ALPHANUMERIC
0029+  0AA9             ;; sets ZF according with result
0030+  0AA9             ;;;;;;;;;;;;;;;;;;;;;;;;;;;;;;;;;;;;;;;;;;;;;;;;;;;;;;;;;;;;;;;;;;;;;;;;;;;;;;;;;;
0031+  0AA9             isalnum:
0032+  0AA9 07 C6 0A    	call isalpha
0033+  0AAC C6 B2 0A    	je isalnum_exit
0034+  0AAF 07 B3 0A    	call isdigit
0035+  0AB2             isalnum_exit:
0036+  0AB2 09          	ret	
0037+  0AB3             ;;;;;;;;;;;;;;;;;;;;;;;;;;;;;;;;;;;;;;;;;;;;;;;;;;;;;;;;;;;;;;;;;;;;;;;;;;;;;;;;;;
0038+  0AB3             ;; IS DIGIT
0039+  0AB3             ;; sets ZF according with result
0040+  0AB3             ;;;;;;;;;;;;;;;;;;;;;;;;;;;;;;;;;;;;;;;;;;;;;;;;;;;;;;;;;;;;;;;;;;;;;;;;;;;;;;;;;;
0041+  0AB3             isdigit:
0042+  0AB3 DB          	push al
0043+  0AB4 B9 30       	cmp al, '0'
0044+  0AB6 C8 C2 0A    	jlu isdigit_false
0045+  0AB9 B9 39       	cmp al, '9'
0046+  0ABB D1 C2 0A    	jgu isdigit_false
0047+  0ABE 87 00       	and al, 0	; set ZF
0048+  0AC0 E8          	pop al
0049+  0AC1 09          	ret
0050+  0AC2             isdigit_false:
0051+  0AC2 8B 01       	or al, 1	; clear ZF
0052+  0AC4 E8          	pop al
0053+  0AC5 09          	ret	
0054+  0AC6             	
0055+  0AC6             ;;;;;;;;;;;;;;;;;;;;;;;;;;;;;;;;;;;;;;;;;;;;;;;;;;;;;;;;;;;;;;;;;;;;;;;;;;;;;;;;;;
0056+  0AC6             ;; IS ALPHA
0057+  0AC6             ;; sets ZF according with result
0058+  0AC6             ;;;;;;;;;;;;;;;;;;;;;;;;;;;;;;;;;;;;;;;;;;;;;;;;;;;;;;;;;;;;;;;;;;;;;;;;;;;;;;;;;;
0059+  0AC6             isalpha:
0060+  0AC6 DB          	push al
0061+  0AC7 B9 5F       	cmp al, '_'
0062+  0AC9 C6 E9 0A    	je isalpha_true
0063+  0ACC B9 2E       	cmp al, '.'
0064+  0ACE C6 E9 0A    	je isalpha_true
0065+  0AD1 B9 41       	cmp al, 'A'
0066+  0AD3 C8 E5 0A    	jlu isalpha_false
0067+  0AD6 B9 7A       	cmp al, 'z'
0068+  0AD8 D1 E5 0A    	jgu isalpha_false
0069+  0ADB B9 5A       	cmp al, 'Z'
0070+  0ADD D0 E9 0A    	jleu isalpha_true
0071+  0AE0 B9 61       	cmp al, 'a'
0072+  0AE2 C9 E9 0A    	jgeu isalpha_true
0073+  0AE5             isalpha_false:
0074+  0AE5 8B 01       	or al, 1	; clear ZF
0075+  0AE7 E8          	pop al
0076+  0AE8 09          	ret
0077+  0AE9             isalpha_true:
0078+  0AE9 87 00       	and al, 0	; set ZF
0079+  0AEB E8          	pop al
0080+  0AEC 09          	ret
0081+  0AED             
0082+  0AED             ;;;;;;;;;;;;;;;;;;;;;;;;;;;;;;;;;;;;;;;;;;;;;;;;;;;;;;;;;;;;;;;;;;;;;;;;;;;;;;;;;;
0083+  0AED             ;; IS PATH-ALPHA
0084+  0AED             ;; sets ZF according with result
0085+  0AED             ;;;;;;;;;;;;;;;;;;;;;;;;;;;;;;;;;;;;;;;;;;;;;;;;;;;;;;;;;;;;;;;;;;;;;;;;;;;;;;;;;;
0086+  0AED             ispath:
0087+  0AED DB          	push al
0088+  0AEE 07 B3 0A    	call isdigit
0089+  0AF1 C6 1B 0B    	je ispath_true
0090+  0AF4 B9 5F       	cmp al, '_'
0091+  0AF6 C6 1B 0B    	je ispath_true
0092+  0AF9 B9 2F       	cmp al, '/'
0093+  0AFB C6 1B 0B    	je ispath_true
0094+  0AFE B9 2E       	cmp al, '.'
0095+  0B00 C6 1B 0B    	je ispath_true
0096+  0B03 B9 41       	cmp al, 'A'
0097+  0B05 C8 17 0B    	jlu ispath_false
0098+  0B08 B9 7A       	cmp al, 'z'
0099+  0B0A D1 17 0B    	jgu ispath_false
0100+  0B0D B9 5A       	cmp al, 'Z'
0101+  0B0F D0 1B 0B    	jleu ispath_true
0102+  0B12 B9 61       	cmp al, 'a'
0103+  0B14 C9 1B 0B    	jgeu ispath_true
0104+  0B17             ispath_false:
0105+  0B17 8B 01       	or al, 1	; clear ZF
0106+  0B19 E8          	pop al
0107+  0B1A 09          	ret
0108+  0B1B             ispath_true:
0109+  0B1B 87 00       	and al, 0	; set ZF
0110+  0B1D E8          	pop al
0111+  0B1E 09          	ret
0112+  0B1F             ;;;;;;;;;;;;;;;;;;;;;;;;;;;;;;;;;;;;;;;;;;;;;;;;;;;;;;;;;;;;;;;;;;;;;;;;;;;;;;;;;;
0113+  0B1F             ;; IS SPACE
0114+  0B1F             ;; sets ZF according with result
0115+  0B1F             ;;;;;;;;;;;;;;;;;;;;;;;;;;;;;;;;;;;;;;;;;;;;;;;;;;;;;;;;;;;;;;;;;;;;;;;;;;;;;;;;;;
0116+  0B1F             isspace:
0117+  0B1F B9 20       	cmp al, $20		; ' '
0118+  0B21 C6 35 0B    	je isspace_exit
0119+  0B24 B9 09       	cmp al, $09		; '\t'
0120+  0B26 C6 35 0B    	je isspace_exit
0121+  0B29 B9 0A       	cmp al, $0A		; '\n'
0122+  0B2B C6 35 0B    	je isspace_exit
0123+  0B2E B9 0D       	cmp al, $0D		; '\r'
0124+  0B30 C6 35 0B    	je isspace_exit
0125+  0B33 B9 0B       	cmp al, $0B		; '\v'
0126+  0B35             isspace_exit:
0127+  0B35 09          	ret	
0128+  0B36             
0129+  0B36             ;;;;;;;;;;;;;;;;;;;;;;;;;;;;;;;;;;;;;;;;;;;;;;;;;;;;;;;;;;;;;;;;;;;;;;;;;;;;;;;;;;;;;;;;;;;;;;;;;;;;;;;;;;;;;;;;;;
0130+  0B36             ; TO LOWER
0131+  0B36             ; input in AL
0132+  0B36             ; output in AL
0133+  0B36             ;;;;;;;;;;;;;;;;;;;;;;;;;;;;;;;;;;;;;;;;;;;;;;;;;;;;;;;;;;;;;;;;;;;;;;;;;;;;;;;;;;;;;;;;;;;;;;;;;;;;;;;;;;;;;;;;;;
0134+  0B36             to_lower:
0135+  0B36 B9 5A       	cmp al, 'Z'
0136+  0B38 D1 3D 0B    	jgu to_lower_ret
0137+  0B3B 6A 20       	add al, $20				; convert to lower case
0138+  0B3D             to_lower_ret:
0139+  0B3D 09          	ret
0140+  0B3E             ;;;;;;;;;;;;;;;;;;;;;;;;;;;;;;;;;;;;;;;;;;;;;;;;;;;;;;;;;;;;;;;;;;;;;;;;;;;;;;;;;;;;;;;;;;;;;;;;;;;;;;;;;;;;;;;;;;
0141+  0B3E             ; TO UPPER
0142+  0B3E             ; input in AL
0143+  0B3E             ; output in AL
0144+  0B3E             ;;;;;;;;;;;;;;;;;;;;;;;;;;;;;;;;;;;;;;;;;;;;;;;;;;;;;;;;;;;;;;;;;;;;;;;;;;;;;;;;;;;;;;;;;;;;;;;;;;;;;;;;;;;;;;;;;;
0145+  0B3E             to_upper:
0146+  0B3E B9 61       	cmp al, 'a'
0147+  0B40 C8 45 0B    	jlu to_upper_ret
0148+  0B43 6F 20       	sub al, $20			; convert to upper case
0149+  0B45             to_upper_ret:
0150+  0B45 09          	ret
0151+  0B46             
0014   0B46             
0015   0B46             .end
0016   0B46             
0017   0B46             
tasm: Number of errors = 0
